#
# A fatal error has been detected by the Java Runtime Environment:
#
#  SIGSEGV (0xb) at pc=0x000000013329244b, pid=6697, tid=259
#
# JRE version: Java(TM) SE Runtime Environment (17.0.1+12) (build 17.0.1+12-LTS-39)
# Java VM: Java HotSpot(TM) 64-Bit Server VM (17.0.1+12-LTS-39, mixed mode, sharing, tiered, compressed oops, compressed class ptrs, g1 gc, bsd-amd64)
# Problematic frame:
# C  [libhalsim_gui.dylib+0x1e44b]  _ZNSt3__110__function6__funcIZN9halsimgui19NetworkTablesSimGui10InitializeEvE3$_0NS_9allocatorIS4_EEFvvEEclEv+0xb
#
# No core dump will be written. Core dumps have been disabled. To enable core dumping, try "ulimit -c unlimited" before starting Java again
#
# If you would like to submit a bug report, please visit:
#   https://bugreport.java.com/bugreport/crash.jsp
# The crash happened outside the Java Virtual Machine in native code.
# See problematic frame for where to report the bug.
#

---------------  S U M M A R Y ------------

Command Line: -Djava.library.path=/Users/matth/Documents/GitHub/ChargedUp-2023/build/jni/release -Dfile.encoding=UTF-8 -Duser.country=US -Duser.language=en -Duser.variant /Users/matth/Documents/GitHub/ChargedUp-2023/build/libs/ChargedUp-2023.jar

Host: "MacBookAir10,1" x86_64 (EMULATED) 2400 MHz, 8 cores, 16G, Darwin 21.6.0, macOS 12.5 (21G72)
Time: Sun Jan 29 23:23:07 2023 EST elapsed time: 100.399480 seconds (0d 0h 1m 40s)

---------------  T H R E A D  ---------------

Current thread (0x00007fca3a00b800):  JavaThread "main" [_thread_in_native, id=259, stack(0x0000000307b8a000,0x000000030838a000)]

Stack: [0x0000000307b8a000,0x000000030838a000],  sp=0x0000000308386960,  free space=8178k
Native frames: (J=compiled Java code, j=interpreted, Vv=VM code, C=native code)
C  [libhalsim_gui.dylib+0x1e44b]  _ZNSt3__110__function6__funcIZN9halsimgui19NetworkTablesSimGui10InitializeEvE3$_0NS_9allocatorIS4_EEFvvEEclEv+0xb
C  [libhalsim_gui.dylib+0x87d35]  _ZN3wpi3gui17CommonRenderFrameEv+0x75
C  [libhalsim_gui.dylib+0x9b516]  _ZN3wpi3gui19PlatformRenderFrameEv+0x326
C  [libhalsim_gui.dylib+0x87c37]  _ZN3wpi3gui4MainEv+0x107
C  [libhalsim_gui.dylib+0x1dbf9]  _ZZ20HALSIM_InitExtensionEN3$_28__invokeEPv+0x9
j  edu.wpi.first.hal.HAL.runMain()V+0
j  edu.wpi.first.wpilibj.RobotBase.startRobot(Ljava/util/function/Supplier;)V+83
j  com.team4099.robot2023.Main$Companion.main([Ljava/lang/String;)V+11
j  com.team4099.robot2023.Main.main([Ljava/lang/String;)V+4
v  ~StubRoutines::call_stub
V  [libjvm.dylib+0x502a21]  _ZN9JavaCalls11call_helperEP9JavaValueRK12methodHandleP17JavaCallArgumentsP10JavaThread+0x2a1
V  [libjvm.dylib+0x564412]  _ZL17jni_invoke_staticP7JNIEnv_P9JavaValueP8_jobject11JNICallTypeP10_jmethodIDP18JNI_ArgumentPusherP10JavaThread+0x152
V  [libjvm.dylib+0x5677d3]  jni_CallStaticVoidMethod+0x183
C  [libjli.dylib+0x50bf]  JavaMain+0x9bf
C  [libjli.dylib+0x7a5c]  __JVMInit_block_invoke+0x4c
C  [Foundation+0x41ae1]  __NSBLOCKOPERATION_IS_CALLING_OUT_TO_A_BLOCK__+0x7
C  [Foundation+0x419d9]  -[NSBlockOperation main]+0x62
C  [Foundation+0x4196f]  __NSOPERATION_IS_INVOKING_MAIN__+0x11
C  [Foundation+0x40bdb]  -[NSOperation start]+0x311
C  [Foundation+0x814f7]  __NSThreadPerformPerform+0xb3
C  [CoreFoundation+0x7f37a]  __CFRUNLOOP_IS_CALLING_OUT_TO_A_SOURCE0_PERFORM_FUNCTION__+0x11
C  [CoreFoundation+0x7f2e2]  __CFRunLoopDoSource0+0xb4
C  [CoreFoundation+0x7f060]  __CFRunLoopDoSources0+0xf2
C  [CoreFoundation+0x7da70]  __CFRunLoopRun+0x37c
C  [CoreFoundation+0x7d034]  CFRunLoopRunSpecific+0x232
C  [libjli.dylib+0x70b2]  CreateExecutionEnvironment+0x182
C  [libjli.dylib+0x2c15]  JLI_Launch+0x585
C  [java+0x3c09]  main+0x189
C  0x000000020218152e

Java frames: (J=compiled Java code, j=interpreted, Vv=VM code)
j  edu.wpi.first.hal.HAL.runMain()V+0
j  edu.wpi.first.wpilibj.RobotBase.startRobot(Ljava/util/function/Supplier;)V+83
j  com.team4099.robot2023.Main$Companion.main([Ljava/lang/String;)V+11
j  com.team4099.robot2023.Main.main([Ljava/lang/String;)V+4
v  ~StubRoutines::call_stub

siginfo: si_signo: 11 (SIGSEGV), si_code: 1 (SEGV_MAPERR), si_addr: 0x0000000000000000

Register to memory mapping:

RAX=0x0000000133666608: _ZTVNSt3__110__function6__funcIZN9halsimgui19NetworkTablesSimGui10InitializeEvE3$_0NS_9allocatorIS4_EEFvvEEE+0x10 in /Users/matth/Documents/GitHub/ChargedUp-2023/build/jni/release/libhalsim_gui.dylib at 0x0000000133274000
RBX=0x0000000000000004 is an unknown value
RCX=0x00007fca29f15c30 points into unknown readable memory: 0x00000001336648e8 | e8 48 66 33 01 00 00 00
RDX=0x0000000000000005 is an unknown value
RSP=0x0000000308386960 is pointing into the stack for thread: 0x00007fca3a00b800
RBP=0x0000000308386960 is pointing into the stack for thread: 0x00007fca3a00b800
RSI=0x0 is NULL
RDI=0x0 is NULL
R8 =0x0000000000000588 is an unknown value
R9 =0xffffffff00000000 is an unknown value
R10=0x0000000131f56fd0: _ZZN3hal4init23InitializeDriverStationEvE2ds+0x18 in /Users/matth/Documents/GitHub/ChargedUp-2023/build/jni/release/libwpiHal.dylib at 0x0000000131ec9000
R11=0x0 is NULL
R12=0x00007ff80987f300: objc_release+0 in /usr/lib/libobjc.A.dylib at 0x00007ff809876000
R13=0x00006000036df780 points into unknown readable memory: 0x021dfff84b440265 | 65 02 44 4b f8 ff 1d 02
R14=0xaaaaaaaaaaaaaaab is an unknown value
R15=0x00000000000000e0 is an unknown value


Registers:
RAX=0x0000000133666608, RBX=0x0000000000000004, RCX=0x00007fca29f15c30, RDX=0x0000000000000005
RSP=0x0000000308386960, RBP=0x0000000308386960, RSI=0x0000000000000000, RDI=0x0000000000000000
R8 =0x0000000000000588, R9 =0xffffffff00000000, R10=0x0000000131f56fd0, R11=0x0000000000000000
R12=0x00007ff80987f300, R13=0x00006000036df780, R14=0xaaaaaaaaaaaaaaab, R15=0x00000000000000e0
RIP=0x000000013329244b, EFLAGS=0x0000000000000206, ERR=0x0000000000000004
  TRAPNO=0x000000000000000e

Top of Stack: (sp=0x0000000308386960)
0x0000000308386960:   0000000308386990 00000001332fbd35
0x0000000308386970:   031dfff84b72d321 00007fca39f727d0
0x0000000308386980:   00006000027c01e0 0000600002a77180
0x0000000308386990:   0000000308386a50 000000013330f516
0x00000003083869a0:   3fdcccccc0000000 3fe19999a0000000
0x00000003083869b0:   3fe3333340000000 3ff0000000000000
0x00000003083869c0:   3fdcccccc0000000 3fe19999a0000000
0x00000003083869d0:   3fe3333340000000 3ff0000000000000
0x00000003083869e0:   3fdcccccc0000000 3fe19999a0000000
0x00000003083869f0:   3fe3333340000000 3ff0000000000000
0x0000000308386a00:   0000000000000000 00007fca3b0091e8
0x0000000308386a10:   00006000036df780 0000069e0000079a
0x0000000308386a20:   00007fca39f727d0 00007fca3b015008
0x0000000308386a30:   0000000000000000 000000012fc0df88
0x0000000308386a40:   0000000308386a66 0000000000000000
0x0000000308386a50:   0000000308386a80 00000001332fbc37
0x0000000308386a60:   000000010b6be7e0 000000012fc0df88
0x0000000308386a70:   0000000308386b08 00007fca3a00b800
0x0000000308386a80:   0000000308386a90 0000000133291bf9
0x0000000308386a90:   0000000308386af0 0000000115729365
0x0000000308386aa0:   00000001157290b6 0000000308386aa8
0x0000000308386ab0:   000000012fc0df88 0000000308386b08
0x0000000308386ac0:   000000012fc0f260 0000000000000000
0x0000000308386ad0:   0000000706600000 000000012fc0df88
0x0000000308386ae0:   0000000000000000 0000000308386b10
0x0000000308386af0:   0000000308386b58 000000011572542b
0x0000000308386b00:   0000000706600000 0000000115726f18
0x0000000308386b10:   0000000308386b10 000000012fc07de3
0x0000000308386b20:   0000000308386b80 000000012fc0cb78
0x0000000308386b30:   0000000000000000 0000000706600078
0x0000000308386b40:   000000012fc0bf20 0000000308386b10
0x0000000308386b50:   0000000308386b80 0000000308386bd0 

Instructions: (pc=0x000000013329244b)
0x000000013329234b:   fb 75 0e 48 8b 07 ff 50 20 4c 89 f7 e8 fc 45 31
0x000000013329235b:   00 48 85 ff 74 06 48 8b 07 ff 50 28 4c 89 f7 e8
0x000000013329236b:   e9 45 31 00 49 89 c6 48 89 df e8 da 49 31 00 4c
0x000000013329237b:   89 f7 e8 d6 45 31 00 66 2e 0f 1f 84 00 00 00 00
0x000000013329238b:   00 0f 1f 40 00 55 48 89 e5 48 8b 3d fd 24 3e 00
0x000000013329239b:   48 85 ff 74 0c 48 8d 35 a9 6d 3a 00 e8 44 ce 04
0x00000001332923ab:   00 48 8b 3d ed 24 3e 00 48 85 ff 74 0d 48 8d 35
0x00000001332923bb:   a4 6d 3a 00 5d e9 2b ce 04 00 5d c3 66 0f 