#
# A fatal error has been detected by the Java Runtime Environment:
#
#  SIGSEGV (0xb) at pc=0x000000013569244b, pid=67961, tid=259
#
# JRE version: Java(TM) SE Runtime Environment (17.0.1+12) (build 17.0.1+12-LTS-39)
# Java VM: Java HotSpot(TM) 64-Bit Server VM (17.0.1+12-LTS-39, mixed mode, sharing, tiered, compressed oops, compressed class ptrs, g1 gc, bsd-amd64)
# Problematic frame:
# C  [libhalsim_gui.dylib+0x1e44b]  _ZNSt3__110__function6__funcIZN9halsimgui19NetworkTablesSimGui10InitializeEvE3$_0NS_9allocatorIS4_EEFvvEEclEv+0xb
#
# No core dump will be written. Core dumps have been disabled. To enable core dumping, try "ulimit -c unlimited" before starting Java again
#
# If you would like to submit a bug report, please visit:
#   https://bugreport.java.com/bugreport/crash.jsp
# The crash happened outside the Java Virtual Machine in native code.
# See problematic frame for where to report the bug.
#

---------------  S U M M A R Y ------------

Command Line: -Djava.library.path=/Users/matth/Documents/GitHub/ChargedUp-2023/build/jni/release -Dfile.encoding=UTF-8 -Duser.country=US -Duser.language=en -Duser.variant /Users/matth/Documents/GitHub/ChargedUp-2023/build/libs/ChargedUp-2023.jar

Host: "MacBookAir10,1" x86_64 (EMULATED) 2400 MHz, 8 cores, 16G, Darwin 21.6.0, macOS 12.5 (21G72)
Time: Fri Jan 27 19:27:39 2023 EST elapsed time: 50623.584261 seconds (0d 14h 3m 43s)

---------------  T H R E A D  ---------------

Current thread (0x00007fdc56014600):  JavaThread "main" [_thread_in_native, id=259, stack(0x000000030c5f8000,0x000000030cdf8000)]

Stack: [0x000000030c5f8000,0x000000030cdf8000],  sp=0x000000030cdf4960,  free space=8178k
Native frames: (J=compiled Java code, j=interpreted, Vv=VM code, C=native code)
C  [libhalsim_gui.dylib+0x1e44b]  _ZNSt3__110__function6__funcIZN9halsimgui19NetworkTablesSimGui10InitializeEvE3$_0NS_9allocatorIS4_EEFvvEEclEv+0xb
C  [libhalsim_gui.dylib+0x87d35]  _ZN3wpi3gui17CommonRenderFrameEv+0x75
C  [libhalsim_gui.dylib+0x9b516]  _ZN3wpi3gui19PlatformRenderFrameEv+0x326
C  [libhalsim_gui.dylib+0x87c37]  _ZN3wpi3gui4MainEv+0x107
C  [libhalsim_gui.dylib+0x1dbf9]  _ZZ20HALSIM_InitExtensionEN3$_28__invokeEPv+0x9
j  edu.wpi.first.hal.HAL.runMain()V+0
j  edu.wpi.first.wpilibj.RobotBase.startRobot(Ljava/util/function/Supplier;)V+83
j  com.team4099.robot2023.Main$Companion.main([Ljava/lang/String;)V+11
j  com.team4099.robot2023.Main.main([Ljava/lang/String;)V+4
v  ~StubRoutines::call_stub
V  [libjvm.dylib+0x502a21]  _ZN9JavaCalls11call_helperEP9JavaValueRK12methodHandleP17JavaCallArgumentsP10JavaThread+0x2a1
V  [libjvm.dylib+0x564412]  _ZL17jni_invoke_staticP7JNIEnv_P9JavaValueP8_jobject11JNICallTypeP10_jmethodIDP18JNI_ArgumentPusherP10JavaThread+0x152
V  [libjvm.dylib+0x5677d3]  jni_CallStaticVoidMethod+0x183
C  [libjli.dylib+0x50bf]  JavaMain+0x9bf
C  [libjli.dylib+0x7a5c]  __JVMInit_block_invoke+0x4c
C  [Foundation+0x41ae1]  __NSBLOCKOPERATION_IS_CALLING_OUT_TO_A_BLOCK__+0x7
C  [Foundation+0x419d9]  -[NSBlockOperation main]+0x62
C  [Foundation+0x4196f]  __NSOPERATION_IS_INVOKING_MAIN__+0x11
C  [Foundation+0x40bdb]  -[NSOperation start]+0x311
C  [Foundation+0x814f7]  __NSThreadPerformPerform+0xb3
C  [CoreFoundation+0x7f37a]  __CFRUNLOOP_IS_CALLING_OUT_TO_A_SOURCE0_PERFORM_FUNCTION__+0x11
C  [CoreFoundation+0x7f2e2]  __CFRunLoopDoSource0+0xb4
C  [CoreFoundation+0x7f060]  __CFRunLoopDoSources0+0xf2
C  [CoreFoundation+0x7da70]  __CFRunLoopRun+0x37c
C  [CoreFoundation+0x7d034]  CFRunLoopRunSpecific+0x232
C  [libjli.dylib+0x70b2]  CreateExecutionEnvironment+0x182
C  [libjli.dylib+0x2c15]  JLI_Launch+0x585
C  [java+0x3c09]  main+0x189
C  0x00000002047b752e

Java frames: (J=compiled Java code, j=interpreted, Vv=VM code)
j  edu.wpi.first.hal.HAL.runMain()V+0
j  edu.wpi.first.wpilibj.RobotBase.startRobot(Ljava/util/function/Supplier;)V+83
j  com.team4099.robot2023.Main$Companion.main([Ljava/lang/String;)V+11
j  com.team4099.robot2023.Main.main([Ljava/lang/String;)V+4
v  ~StubRoutines::call_stub

siginfo: si_signo: 11 (SIGSEGV), si_code: 1 (SEGV_MAPERR), si_addr: 0x0000000000000000

Register to memory mapping:

RAX=0x0000000135a66608: _ZTVNSt3__110__function6__funcIZN9halsimgui19NetworkTablesSimGui10InitializeEvE3$_0NS_9allocatorIS4_EEFvvEEE+0x10 in /Users/matth/Documents/GitHub/ChargedUp-2023/build/jni/release/libhalsim_gui.dylib at 0x0000000135674000
RBX=0x0000000000000004 is an unknown value
RCX=0x00007fdc4680d6b0 points into unknown readable memory: 0x0000000135a648e8 | e8 48 a6 35 01 00 00 00
RDX=0x0000000000000005 is an unknown value
RSP=0x000000030cdf4960 is pointing into the stack for thread: 0x00007fdc56014600
RBP=0x000000030cdf4960 is pointing into the stack for thread: 0x00007fdc56014600
RSI=0x0 is NULL
RDI=0x0 is NULL
R8 =0x0000000000000523 is an unknown value
R9 =0xffffffff00000000 is an unknown value
R10=0x0000000134356fd0: _ZZN3hal4init23InitializeDriverStationEvE2ds+0x18 in /Users/matth/Documents/GitHub/ChargedUp-2023/build/jni/release/libwpiHal.dylib at 0x00000001342c9000
R11=0x0 is NULL
R12=0x00007ff80987f300: objc_release+0 in /usr/lib/libobjc.A.dylib at 0x00007ff809876000
R13=0x0000600000de6780 points into unknown readable memory: 0x021dfff84b440265 | 65 02 44 4b f8 ff 1d 02
R14=0xaaaaaaaaaaaaaaab is an unknown value
R15=0x00000000000000e0 is an unknown value


Registers:
RAX=0x0000000135a66608, RBX=0x0000000000000004, RCX=0x00007fdc4680d6b0, RDX=0x0000000000000005
RSP=0x000000030cdf4960, RBP=0x000000030cdf4960, RSI=0x0000000000000000, RDI=0x0000000000000000
R8 =0x0000000000000523, R9 =0xffffffff00000000, R10=0x0000000134356fd0, R11=0x0000000000000000
R12=0x00007ff80987f300, R13=0x0000600000de6780, R14=0xaaaaaaaaaaaaaaab, R15=0x00000000000000e0
RIP=0x000000013569244b, EFLAGS=0x0000000000000202, ERR=0x0000000000000004
  TRAPNO=0x000000000000000e

Top of Stack: (sp=0x000000030cdf4960)
0x000000030cdf4960:   000000030cdf4990 00000001356fbd35
0x000000030cdf4970:   031dfff84b72d321 00007fdbf5fe4a40
0x000000030cdf4980:   0000600001cb9b30 000060000112e130
0x000000030cdf4990:   000000030cdf4a50 000000013570f516
0x000000030cdf49a0:   3fdcccccc0000000 3fe19999a0000000
0x000000030cdf49b0:   3fe3333340000000 3ff0000000000000
0x000000030cdf49c0:   3fdcccccc0000000 3fe19999a0000000
0x000000030cdf49d0:   3fe3333340000000 3ff0000000000000
0x000000030cdf49e0:   3fdcccccc0000000 3fe19999a0000000
0x000000030cdf49f0:   3fe3333340000000 3ff0000000000000
0x000000030cdf4a00:   0000000000000000 00007fdc570091e8
0x000000030cdf4a10:   0000600000de6780 0000069e000004fe
0x000000030cdf4a20:   00007fdbf5fe4a40 00007fdc4606e208
0x000000030cdf4a30:   0000000000000000 000000013200db68
0x000000030cdf4a40:   000000030cdf4a66 0000000000000000
0x000000030cdf4a50:   000000030cdf4a80 00000001356fbc37
0x000000030cdf4a60:   000000010dae37e0 000000013200db68
0x000000030cdf4a70:   000000030cdf4b08 00007fdc56014600
0x000000030cdf4a80:   000000030cdf4a90 0000000135691bf9
0x000000030cdf4a90:   000000030cdf4af0 0000000117b61365
0x000000030cdf4aa0:   0000000117b610b6 000000030cdf4aa8
0x000000030cdf4ab0:   000000013200db68 000000030cdf4b08
0x000000030cdf4ac0:   000000013200ef98 0000000000000000
0x000000030cdf4ad0:   0000000700000170 000000013200db68
0x000000030cdf4ae0:   0000000000000000 000000030cdf4b10
0x000000030cdf4af0:   000000030cdf4b58 0000000117b5d42b
0x000000030cdf4b00:   0000000700000170 0000000117b5ef18
0x000000030cdf4b10:   000000030cdf4b10 000000013200ba63
0x000000030cdf4b20:   000000030cdf4b80 000000013200c758
0x000000030cdf4b30:   0000000000000000 00000007000001e8
0x000000030cdf4b40:   000000013200bb00 000000030cdf4b10
0x000000030cdf4b50:   000000030cdf4b80 000000030cdf4bd0 

Instructions: (pc=0x000000013569244b)
0x000000013569234b:   fb 75 0e 48 8b 07 ff 50 20 4c 89 f7 e8 fc 45 31
0x000000013569235b:   00 48 85 ff 74 06 48 8b 07 ff 50 28 4c 89 f7 e8
0x000000013569236b:   e9 45 31 00 49 89 c6 48 89 df e8 da 49 31 00 4c
0x000000013569237b:   89 f7 e8 d6 45 31 00 66 2e 0f 1f 84 00 00 00 00
0x000000013569238b:   00 0f 1f 40 00 55 48 89 e5 48 8b 3d fd 24 3e 00
0x000000013569239b:   48 85 ff 74 0c 48 8d 35 a9 6d 3a 00 e8 44 ce 04
0x00000001356923ab:   00 48 8b 3d ed 24 3e 00 48 85 ff 74 0d 48 8d 35
0x00000001356923bb:   a4 6d 3a 00 5d e9 2b ce 04 00 5d c3 66 0f 1f 84
0x00000001356923cb:   00 00 00 00 00 55 48 89 e5 5d c3 66 2e 0f 1f 84
0x00000001356923db:   00 00 00 00 00 55 48 89 e5 5d e9 6a 49 31 00 66
0x00000001356923eb:   0f 1f 44 00 00 55 48 89 e5 bf 10 00 00 00 e8 5c
0x00000001356923fb:   49 31 00 48 8d 0d 03 42 3d 00 48 89 08 5d c3 66
0x000000013569240b:   0f 1f 44 00 00 55 48 89 e5 48 8d 05 ed 41 3d 00
0x000000013569241b:   48 89 06 5d c3 55 48 89 e5 5d c3 66 2e 0f 1f 84
0x000000013569242b:   00 00 00 00 00 55 48 89 e5 5d e9 1a 49 31 00 66
0x000000013569243b:   0f 1f 44 00 00 55 48 89 e5 48 8b 3d 45 24 3e 00
0x000000013569244b:   48 8b 07 5d ff 60 10 66 2e 0f 1f 84 00 00 00 00
0x000000013569245b:   00 0f 1f 40 00 55 48 89 e5 48 8d 0d 4e f8 31 00
0x000000013569246b:   48 83 c7 08 31 c0 48 39 4e 08 48 0f 44 c7 5d c3
0x000000013569247b:   0f 1f 44 00 00 55 48 89 e5 48 8d 05 dd 41 3d 00
0x000000013569248b:   5d c3 0f 1f 00 55 48 89 e5 5d c3 66 2e 0f 1f 84
0x000000013569249b:   00 00 00 00 00 55 48 89 e5 5d e9 aa 48 31 00 66
0x00000001356924ab:   0f 1f 44 00 00 55 48 89 e5 bf 10 00 00 00 e8 9c
0x00000001356924bb:   48 31 00 48 8d 0d c3 41 3d 00 48 89 08 5d c3 66
0x00000001356924cb:   0f 1f 44 00 00 55 48 89 e5 48 8d 05 ad 41 3d 00
0x00000001356924db:   48 89 06 5d c3 55 48 89 e5 5d c3 66 2e 0f 1f 84
0x00000001356924eb:   00 00 00 00 00 55 48 89 e5 5d e9 5a 48 31 00 66
0x00000001356924fb:   0f 1f 44 00 00 55 48 89 e5 48 8b 3d 8d 23 3e 00
0x000000013569250b:   5d e9 4f c9 04 00 66 2e 0f 1f 84 00 00 00 00 00
0x000000013569251b:   0f 1f 44 00 00 55 48 89 e5 48 8d 0d 2c f8 31 00
0x000000013569252b:   48 83 c7 08 31 c0 48 39 4e 08 48 0f 44 c7 5d c3
0x000000013569253b:   0f 1f 44 00 00 55 48 89 e5 48 8d 05 9d 41 3d 00 


Stack slot to memory mapping:
stack at sp + 0 slots: 0x000000030cdf4990 is pointing into the stack for thread: 0x00007fdc56014600
stack at sp + 1 slots: 