#
# A fatal error has been detected by the Java Runtime Environment:
#
#  SIGSEGV (0xb) at pc=0x0000000131e9244b, pid=84007, tid=259
#
# JRE version: Java(TM) SE Runtime Environment (17.0.1+12) (build 17.0.1+12-LTS-39)
# Java VM: Java HotSpot(TM) 64-Bit Server VM (17.0.1+12-LTS-39, mixed mode, sharing, tiered, compressed oops, compressed class ptrs, g1 gc, bsd-amd64)
# Problematic frame:
# C  [libhalsim_gui.dylib+0x1e44b]  _ZNSt3__110__function6__funcIZN9halsimgui19NetworkTablesSimGui10InitializeEvE3$_0NS_9allocatorIS4_EEFvvEEclEv+0xb
#
# No core dump will be written. Core dumps have been disabled. To enable core dumping, try "ulimit -c unlimited" before starting Java again
#
# If you would like to submit a bug report, please visit:
#   https://bugreport.java.com/bugreport/crash.jsp
# The crash happened outside the Java Virtual Machine in native code.
# See problematic frame for where to report the bug.
#

---------------  S U M M A R Y ------------

Command Line: -Djava.library.path=/Users/matth/Documents/GitHub/ChargedUp-2023/build/jni/release -Dfile.encoding=UTF-8 -Duser.country=US -Duser.language=en -Duser.variant /Users/matth/Documents/GitHub/ChargedUp-2023/build/libs/ChargedUp-2023.jar

Host: "MacBookAir10,1" x86_64 (EMULATED) 2400 MHz, 8 cores, 16G, Darwin 21.6.0, macOS 12.5 (21G72)
Time: Sat Jan 28 02:06:19 2023 EST elapsed time: 114.477104 seconds (0d 0h 1m 54s)

---------------  T H R E A D  ---------------

Current thread (0x00007fc576811800):  JavaThread "main" [_thread_in_native, id=259, stack(0x00000003053df000,0x0000000305bdf000)]

Stack: [0x00000003053df000,0x0000000305bdf000],  sp=0x0000000305bdb960,  free space=8178k
Native frames: (J=compiled Java code, j=interpreted, Vv=VM code, C=native code)
C  [libhalsim_gui.dylib+0x1e44b]  _ZNSt3__110__function6__funcIZN9halsimgui19NetworkTablesSimGui10InitializeEvE3$_0NS_9allocatorIS4_EEFvvEEclEv+0xb
C  [libhalsim_gui.dylib+0x87d35]  _ZN3wpi3gui17CommonRenderFrameEv+0x75
C  [libhalsim_gui.dylib+0x9b516]  _ZN3wpi3gui19PlatformRenderFrameEv+0x326
C  [libhalsim_gui.dylib+0x87c37]  _ZN3wpi3gui4MainEv+0x107
C  [libhalsim_gui.dylib+0x1dbf9]  _ZZ20HALSIM_InitExtensionEN3$_28__invokeEPv+0x9
j  edu.wpi.first.hal.HAL.runMain()V+0
j  edu.wpi.first.wpilibj.RobotBase.startRobot(Ljava/util/function/Supplier;)V+83
j  com.team4099.robot2023.Main$Companion.main([Ljava/lang/String;)V+11
j  com.team4099.robot2023.Main.main([Ljava/lang/String;)V+4
v  ~StubRoutines::call_stub
V  [libjvm.dylib+0x502a21]  _ZN9JavaCalls11call_helperEP9JavaValueRK12methodHandleP17JavaCallArgumentsP10JavaThread+0x2a1
V  [libjvm.dylib+0x564412]  _ZL17jni_invoke_staticP7JNIEnv_P9JavaValueP8_jobject11JNICallTypeP10_jmethodIDP18JNI_ArgumentPusherP10JavaThread+0x152
V  [libjvm.dylib+0x5677d3]  jni_CallStaticVoidMethod+0x183
C  [libjli.dylib+0x50bf]  JavaMain+0x9bf
C  [libjli.dylib+0x7a5c]  __JVMInit_block_invoke+0x4c
C  [Foundation+0x41ae1]  __NSBLOCKOPERATION_IS_CALLING_OUT_TO_A_BLOCK__+0x7
C  [Foundation+0x419d9]  -[NSBlockOperation main]+0x62
C  [Foundation+0x4196f]  __NSOPERATION_IS_INVOKING_MAIN__+0x11
C  [Foundation+0x40bdb]  -[NSOperation start]+0x311
C  [Foundation+0x814f7]  __NSThreadPerformPerform+0xb3
C  [CoreFoundation+0x7f37a]  __CFRUNLOOP_IS_CALLING_OUT_TO_A_SOURCE0_PERFORM_FUNCTION__+0x11
C  [CoreFoundation+0x7f2e2]  __CFRunLoopDoSource0+0xb4
C  [CoreFoundation+0x7f060]  __CFRunLoopDoSources0+0xf2
C  [CoreFoundation+0x7da70]  __CFRunLoopRun+0x37c
C  [CoreFoundation+0x7d034]  CFRunLoopRunSpecific+0x232
C  [libjli.dylib+0x70b2]  CreateExecutionEnvironment+0x182
C  [libjli.dylib+0x2c15]  JLI_Launch+0x585
C  [java+0x3c09]  main+0x189
C  0x0000000200e7352e

Java frames: (J=compiled Java code, j=interpreted, Vv=VM code)
j  edu.wpi.first.hal.HAL.runMain()V+0
j  edu.wpi.first.wpilibj.RobotBase.startRobot(Ljava/util/function/Supplier;)V+83
j  com.team4099.robot2023.Main$Companion.main([Ljava/lang/String;)V+11
j  com.team4099.robot2023.Main.main([Ljava/lang/String;)V+4
v  ~StubRoutines::call_stub

siginfo: si_signo: 11 (SIGSEGV), si_code: 1 (SEGV_MAPERR), si_addr: 0x0000000000000000

Register to memory mapping:

RAX=0x0000000132266608: _ZTVNSt3__110__function6__funcIZN9halsimgui19NetworkTablesSimGui10InitializeEvE3$_0NS_9allocatorIS4_EEFvvEEE+0x10 in /Users/matth/Documents/GitHub/ChargedUp-2023/build/jni/release/libhalsim_gui.dylib at 0x0000000131e74000
RBX=0x0000000000000004 is an unknown value
RCX=0x00007fc56570a9a0 points into unknown readable memory: 0x00000001322648e8 | e8 48 26 32 01 00 00 00
RDX=0x0000000000000005 is an unknown value
RSP=0x0000000305bdb960 is pointing into the stack for thread: 0x00007fc576811800
RBP=0x0000000305bdb960 is pointing into the stack for thread: 0x00007fc576811800
RSI=0x0 is NULL
RDI=0x0 is NULL
R8 =0x0000000000000523 is an unknown value
R9 =0x0 is NULL
R10=0x0 is NULL
R11=0x0 is NULL
R12=0x00007ff80987f300: objc_release+0 in /usr/lib/libobjc.A.dylib at 0x00007ff809876000
R13=0x00006000027bfb80 points into unknown readable memory: 0x021dfff84b440265 | 65 02 44 4b f8 ff 1d 02
R14=0xaaaaaaaaaaaaaaab is an unknown value
R15=0x00000000000000e0 is an unknown value


Registers:
RAX=0x0000000132266608, RBX=0x0000000000000004, RCX=0x00007fc56570a9a0, RDX=0x0000000000000005
RSP=0x0000000305bdb960, RBP=0x0000000305bdb960, RSI=0x0000000000000000, RDI=0x0000000000000000
R8 =0x0000000000000523, R9 =0x0000000000000000, R10=0x0000000000000000, R11=0x0000000000000000
R12=0x00007ff80987f300, R13=0x00006000027bfb80, R14=0xaaaaaaaaaaaaaaab, R15=0x00000000000000e0
RIP=0x0000000131e9244b, EFLAGS=0x0000000000000206, ERR=0x0000000000000004
  TRAPNO=0x000000000000000e

Top of Stack: (sp=0x0000000305bdb960)
0x0000000305bdb960:   0000000305bdb990 0000000131efbd35
0x0000000305bdb970:   031dfff84b72d321 00007fc555806f20
0x0000000305bdb980:   0000600003639860 0000600003bb6640
0x0000000305bdb990:   0000000305bdba50 0000000131f0f516
0x0000000305bdb9a0:   3fdcccccc0000000 3fe19999a0000000
0x0000000305bdb9b0:   3fe3333340000000 3ff0000000000000
0x0000000305bdb9c0:   3fdcccccc0000000 3fe19999a0000000
0x0000000305bdb9d0:   3fe3333340000000 3ff0000000000000
0x0000000305bdb9e0:   3fdcccccc0000000 3fe19999a0000000
0x0000000305bdb9f0:   3fe3333340000000 3ff0000000000000
0x0000000305bdba00:   0000000000000000 00007fc57680c1e8
0x0000000305bdba10:   00006000027bfb80 0000069e000005a0
0x0000000305bdba20:   00007fc555806f20 00007fc5658bc408
0x0000000305bdba30:   0000000000000000 000000012e80db78
0x0000000305bdba40:   0000000305bdba66 0000000000000000
0x0000000305bdba50:   0000000305bdba80 0000000131efbc37
0x0000000305bdba60:   000000010a20d7e0 000000012e80db78
0x0000000305bdba70:   0000000305bdbb08 00007fc576811800
0x0000000305bdba80:   0000000305bdba90 0000000131e91bf9
0x0000000305bdba90:   0000000305bdbaf0 000000011428c365
0x0000000305bdbaa0:   000000011428c0b6 0000000305bdbaa8
0x0000000305bdbab0:   000000012e80db78 0000000305bdbb08
0x0000000305bdbac0:   000000012e80efa8 0000000000000000
0x0000000305bdbad0:   0000000706a00000 000000012e80db78
0x0000000305bdbae0:   0000000000000000 0000000305bdbb10
0x0000000305bdbaf0:   0000000305bdbb58 000000011428842b
0x0000000305bdbb00:   0000000706a00000 0000000114289f18
0x0000000305bdbb10:   0000000305bdbb10 000000012e80ba73
0x0000000305bdbb20:   0000000305bdbb80 000000012e80c768
0x0000000305bdbb30:   0000000000000000 0000000706a00078
0x0000000305bdbb40:   000000012e80bb10 0000000305bdbb10
0x0000000305bdbb50:   0000000305bdbb80 0000000305bdbbd0 

Instructions: (pc=0x0000000131e9244b)
0x0000000131e9234b:   fb 75 0e 48 8b 07 ff 50 20 4c 89 f7 e8 fc 45 31
0x0000000131e9235b:   00 48 85 ff 74 06 48 8b 07 ff 50 28 4c 89 f7 e8
0x0000000131e9236b:   e9 45 31 00 49 89 c6 48 89 df e8 da 49 31 00 4c
0x0000000131e9237b:   89 f7 e8 d6 45 31 00 66 2e 0f 1f 84 00 00 00 00
0x0000000131e9238b:   00 0f 1f 40 00 55 48 89 e5 48 8b 3d fd 24 3e 00
0x0000000131e9239b:   48 85 ff 74 0c 48 8d 35 a9 6d 3a 00 e8 44 ce 04
0x0000000131e923ab:   00 48 8b 3d ed 24 3e 00 48 85 ff 74 0d 48 8d 35
0x0000000131e923bb:   a4 6d 3a 00 5d e9 2b ce 04 00 5d c3 66 0f 1f 84
0x0000000131e923cb:   00 00 00 00 00 55 48 89 e5 5d c3 66 2e 0f 1f 84
0x0000000131e923db:   00 00 00 00 00 55 48 89 e5 5d e9 6a 49 31 00 66
0x0000000131e923eb:   0f 1f 44 00 00 55 48 89 e5 bf 10 00 00 00 e8 5c
0x0000000131e923fb:   49 31 00 48 8d 0d 03 42 3d 00 48 89 08 5d c3 66
0x0000000131e9240b:   0f 1f 44 00 00 55 48 89 e5 48 8d 05 ed 41 3d 00
0x0000000131e9241b:   48 89 06 5d c3 55 48 89 e5 5d c3 66 2e 0f 1f 84
0x0000000131e9242b:   00 00 00 00 00 55 48 89 e5 5d e9 1a 49 31 00 66
0x0000000131e9243b:   0f 1f 44 00 00 55 48 89 e5 48 8b 3d 45 24 3e 00
0x0000000131e9244b:   48 8b 07 5d ff 60 10 66 2e 0f 1f 84 00 00 00 00
0x0000000131e9245b:   00 0f 1f 40 00 55 48 89 e5 48 8d 0d 4e f8 31 00
0x0000000131e9246b:   48 83 c7 08 31 c0 48 39 4e 08 48 0f 44 c7 5d c3
0x0000000131e9247b:   0f 1f 44 00 00 55 48 89 e5 48 8d 05 dd 41 3d 00
0x0000000131e9248b:   5d c3 0f 1f 00 55 48 89 e5 5d c3 66 2e 0f 1f 84
0x0000000131e9249b:   00 00 00 00 00 55 48 89 e5 5d e9 aa 48 31 00 66
0x0000000131e924ab:   0f 1f 44 00 00 55 48 89 e5 bf 10 00 00 00 e8 9c
0x0000000131e924bb:   48 31 00 48 8d 0d c3 41 3d 00 48 89 08 5d c3 66
0x0000000131e924cb:   0f 1f 44 00 00 55 48 89 e5 48 8d 05 ad 41 3d 00
0x0000000131e924db:   48 89 06 5d c3 55 48 89 e5 5d c3 66 2e 0f 1f 84
0x0000000131e924eb:   00 00 00 00 00 55 48 89 e5 5d e9 5a 48 31 00 66
0x0000000131e924fb:   0f 1f 44 00 00 55 48 89 e5 48 8b 3d 8d 23 3e 00
0x0000000131e9250b:   5d e9 4f c9 04 00 66 2e 0f 1f 84 00 00 00 00 00
0x0000000131e9251b:   0f 1f 44 00 00 55 48 89 e5 48 8d 0d 2c f8 31 00
0x0000000131e9252b:   48 83 c7 08 31 c0 48 39 4e 08 48 0f 44 c7 5d c3
0x0000000131e9253b:   0f 1f 44 00 00 55 48 89 e5 48 8d 05 9d 41 3d 00 


Stack slot to memory mapping:
stack at sp + 0 slots: 0x0000000305bdb990 is pointing into the stack for thread: 0x00007fc576811800
stack at sp + 1 slots: 0x0000000131efbd35: _ZN3wpi3gui17CommonRenderFrameEv+0x75 in /Users/matth/Documents/GitHub/ChargedUp-2023/build/jni/release/libhalsim_gui.dylib at 0x0000000131e74000
stack at sp + 2 slots: 0x031dfff84b72d321 is an unknown value
stack at sp + 3 slots: 0x00007fc555806f20 points into unknown readable memory: 0x021dfffa4cfd0a6d | 6d 0a fd 4c fa ff 1d 02
stack at sp + 4 slots: 0x0000600003639860 points into unknown readable memory: 0x021dfff84b72d321 | 21 d3 72 4b f8 ff 1d 02
stack at sp + 5 slots: 0x0000600003bb6640 points into unknown readable memory: 0x011dfffa4cfd1289 | 89 12 fd 4c fa ff 1d 01
stack at sp + 6 slots: 0x0000000305bdba50 is pointing into the stack for thread: 0x00007fc576811800
stack at sp + 7 slots: 0x0000000131f0f516: _ZN3wpi3gui19PlatformRenderFrameEv+0x326 in /Users/matth/Documents/GitHub/ChargedUp-2023/build/jni/release/libhalsim_gui.dylib at 0x0000000131e74000


---------------  P R O C E S S  ---------------

Threads class SMR info:
_java_thread_list=0x000060000098eba0, length=15, elements={
0x00007fc576811800, 0x00007fc576915800, 0x00007fc56580a400, 0x00007fc576919400,
0x00007fc57691ea00, 0x00007fc57691f000, 0x00007fc576921c00, 0x00007fc576922200,
0x00007fc577008800, 0x00007fc577008e00, 0x00007fc56580aa00, 0x00007fc577032a00,
0x00007fc566899a00, 0x00007fc577056000, 0x00007fc576ce9600
}

Java Threads: ( => current thread )
=>0x00007fc576811800 JavaThread "main" [_thread_in_native, id=259, stack(0x00000003053df000,0x0000000305bdf000)]
  0x00007fc576915800 JavaThread "Reference Handler" daemon [_thread_blocked, id=43335, stack(0x0000000306275000,0x0000000306375000)]
  0x00007fc56580a400 JavaThread "Finalizer" daemon [_thread_blocked, id=22019, stack(0x0000000306378000,0x0000000306478000)]
  0x00007fc576919400 JavaThread "Signal Dispatcher" daemon [_thread_blocked, id=40195, stack(0x000000030658b000,0x000000030668b000)]
  0x00007fc57691ea00 JavaThread "Service Thread" daemon [_thread_blocked, id=24067, stack(0x000000030668e000,0x000000030678e000)]
  0x00007fc57691f000 JavaThread "Monitor Deflation Thread" daemon [_thread_blocked, id=24579, stack(0x0000000306791000,0x0000000306891000)]
  0x00007fc576921c00 JavaThread "C2 CompilerThread0" daemon [_thread_blocked, id=25091, stack(0x0000000306894000,0x0000000306994000)]
  0x00007fc576922200 JavaThread "C1 CompilerThread0" daemon [_thread_blocked, id=39683, stack(0x0000000306997000,0x0000000306a97000)]
  0x00007fc577008800 JavaThread "Sweeper thread" daemon [_thread_blocked, id=39427, stack(0x0000000306a9a000,0x0000000306b9a000)]
  0x00007fc577008e00 JavaThread "Notification Thread" daemon [_thread_blocked, id=25875, stack(0x0000000306b9d000,0x0000000306c9d000)]
  0x00007fc56580aa00 JavaThread "Common-Cleaner" daemon [_thread_blocked, id=26891, stack(0x0000000306da3000,0x0000000306ea3000)]
  0x00007fc577032a00 JavaThread "robot main" daemon [_thread_blocked, id=51575, stack(0x0000000307035000,0x0000000307135000)]
  0x00007fc566899a00 JavaThread "Thread-0" daemon [_thread_in_native, id=68375, stack(0x00000003091b7000,0x00000003092b7000)]
  0x00007fc577056000 JavaThread "LogReceiver" daemon [_thread_blocked, id=62811, stack(0x00000003092ba000,0x00000003093ba000)]
  0x00007fc576ce9600 JavaThread "SIGTERM handler" daemon [_thread_blocked, id=172923, stack(0x00000003099d6000,0x0000000309ad6000)]

Other Threads:
  0x00007fc57610fbd0 VMThread "VM Thread" [stack: 0x0000000306172000,0x0000000306272000] [id=15363]
  0x00007fc576107e70 GCTaskThread "GC Thread#0" [stack: 0x0000000305c63000,0x0000000305d63000] [id=19203]
  0x00007fc55570d290 GCTaskThread "GC Thread#1" [stack: 0x00000003094c7000,0x00000003095c7000] [id=65539]
  0x00007fc55570d530 GCTaskThread "GC Thread#2" [stack: 0x00000003095ca000,0x00000003096ca000] [id=64259]
  0x00007fc55570daa0 GCTaskThread "GC Thread#3" [stack: 0x00000003096cd000,0x00000003097cd000] [id=64515]
  0x00007fc55570df10 GCTaskThread "GC Thread#4" [stack: 0x00000003097d0000,0x00000003098d0000] [id=87299]
  0x00007fc575728630 GCTaskThread "GC Thread#5" [stack: 0x00000003098d3000,0x00000003099d3000] [id=174083]
  0x00007fc576108510 ConcurrentGCThread "G1 Main Marker" terminated
  0x00007fc576108d90 ConcurrentGCThread "G1 Conc#0" [stack: 0x0000000305e69000,0x0000000305f69000] [id=13571]
  0x00007fc57610b5f0 ConcurrentGCThread "G1 Refine#0" terminated
  0x00007fc57610be80 ConcurrentGCThread "G1 Service" terminated

Threads with active compile tasks:

VM state: at safepoint (shutting down)

VM Mutex/Monitor currently owned by a thread:  ([mutex/lock_event])
[0x0000600002733080] Threads_lock - owner thread: 0x00007fc57610fbd0
[0x0000600002733600] Heap_lock - owner thread: 0x00007fc576ce9600

Heap address: 0x0000000700000000, size: 4096 MB, Compressed Oops mode: Zero based, Oop shift amount: 3

CDS archive(s) mapped at: [0x0000000800000000-0x0000000800bd4000-0x0000000800bd4000), size 12402688, SharedBaseAddress: 0x0000000800000000, ArchiveRelocationMode: 0.
Compressed class space mapped at: 0x0000000800c00000-0x0000000840c00000, reserved size: 1073741824
Narrow klass base: 0x0000000800000000, Narrow klass shift: 0, Narrow klass range: 0x100000000

GC Precious Log:
 CPUs: 8 total, 8 available
 Memory: 16384M
 Large Page Support: Disabled
 NUMA Support: Disabled
 Compressed Oops: Enabled (Zero based)
 Heap Region Size: 2M
 Heap Min Capacity: 8M
 Heap Initial Capacity: 256M
 Heap Max Capacity: 4G
 Pre-touch: Disabled
 Parallel Workers: 8
 Concurrent Workers: 2
 Concurrent Refinement Workers: 8
 Periodic GC: Disabled

Heap:
 garbage-first heap   total 266240K, used 77810K [0x0000000700000000, 0x0000000800000000)
  region size 2048K, 39 young (79872K), 2 survivors (4096K)
 Metaspace       used 5358K, committed 5568K, reserved 1056768K
  class space    used 471K, committed 576K, reserved 1048576K

Heap Regions: E=young(eden), S=young(survivor), O=old, HS=humongous(starts), HC=humongous(continues), CS=collection set, F=free, OA=open archive, CA=closed archive, TAMS=top-at-mark-start (previous, next)
|   0|0x0000000700000000, 0x0000000700000000, 0x0000000700200000|  0%| F|  |TAMS 0x0000000700000000, 0x0000000700000000| Untracked 
|   1|0x0000000700200000, 0x0000000700200000, 0x0000000700400000|  0%| F|  |TAMS 0x0000000700200000, 0x0000000700200000| Untracked 
|   2|0x0000000700400000, 0x0000000700400000, 0x0000000700600000|  0%| F|  |TAMS 0x0000000700400000, 0x0000000700400000| Untracked 
|   3|0x0000000700600000, 0x0000000700600000, 0x0000000700800000|  0%| F|  |TAMS 0x0000000700600000, 0x0000000700600000| Untracked 
|   4|0x0000000700800000, 0x0000000700800000, 0x0000000700a00000|  0%| F|  |TAMS 0x0000000700800000, 0x0000000700800000| Untracked 
|   5|0x0000000700a00000, 0x0000000700a00000, 0x0000000700c00000|  0%| F|  |TAMS 0x0000000700a00000, 0x0000000700a00000| Untracked 
|   6|0x0000000700c00000, 0x0000000700c00000, 0x0000000700e00000|  0%| F|  |TAMS 0x0000000700c00000, 0x0000000700c00000| Untracked 
|   7|0x0000000700e00000, 0x0000000700e00000, 0x0000000701000000|  0%| F|  |TAMS 0x0000000700e00000, 0x0000000700e00000| Untracked 
|   8|0x0000000701000000, 0x0000000701000000, 0x0000000701200000|  0%| F|  |TAMS 0x0000000701000000, 0x0000000701000000| Untracked 
|   9|0x0000000701200000, 0x0000000701200000, 0x0000000701400000|  0%| F|  |TAMS 0x0000000701200000, 0x0000000701200000| Untracked 
|  10|0x0000000701400000, 0x0000000701400000, 0x0000000701600000|  0%| F|  |TAMS 0x0000000701400000, 0x0000000701400000| Untracked 
|  11|0x0000000701600000, 0x0000000701600000, 0x0000000701800000|  0%| F|  |TAMS 0x0000000701600000, 0x0000000701600000| Untracked 
|  12|0x0000000701800000, 0x0000000701800000, 0x0000000701a00000|  0%| F|  |TAMS 0x0000000701800000, 0x0000000701800000| Untracked 
|  13|0x0000000701a00000, 0x0000000701a00000, 0x0000000701c00000|  0%| F|  |TAMS 0x0000000701a00000, 0x0000000701a00000| Untracked 
|  14|0x0000000701c00000, 0x0000000701c00000, 0x0000000701e00000|  0%| F|  |TAMS 0x0000000701c00000, 0x0000000701c00000| Untracked 
|  15|0x0000000701e00000, 0x0000000701e00000, 0x0000000702000000|  0%| F|  |TAMS 0x0000000701e00000, 0x0000000701e00000| Untracked 
|  16|0x0000000702000000, 0x0000000702000000, 0x0000000702200000|  0%| F|  |TAMS 0x0000000702000000, 0x0000000702000000| Untracked 
|  17|0x0000000702200000, 0x0000000702200000, 0x0000000702400000|  0%| F|  |TAMS 0x0000000702200000, 0x0000000702200000| Untracked 
|  18|0x0000000702400000, 0x0000000702400000, 0x0000000702600000|  0%| F|  |TAMS 0x0000000702400000, 0x0000000702400000| Untracked 
|  19|0x0000000702600000, 0x0000000702600000, 0x0000000702800000|  0%| F|  |TAMS 0x0000000702600000, 0x0000000702600000| Untracked 
|  20|0x0000000702800000, 0x0000000702800000, 0x0000000702a00000|  0%| F|  |TAMS 0x0000000702800000, 0x0000000702800000| Untracked 
|  21|0x0000000702a00000, 0x0000000702a00000, 0x0000000702c00000|  0%| F|  |TAMS 0x0000000702a00000, 0x0000000702a00000| Untracked 
|  22|0x0000000702c00000, 0x0000000702c00000, 0x0000000702e00000|  0%| F|  |TAMS 0x0000000702c00000, 0x0000000702c00000| Untracked 
|  23|0x0000000702e00000, 0x0000000702e00000, 0x0000000703000000|  0%| F|  |TAMS 0x0000000702e00000, 0x0000000702e00000| Untracked 
|  24|0x0000000703000000, 0x0000000703000000, 0x0000000703200000|  0%| F|  |TAMS 0x0000000703000000, 0x0000000703000000| Untracked 
|  25|0x0000000703200000, 0x0000000703200000, 0x0000000703400000|  0%| F|  |TAMS 0x0000000703200000, 0x0000000703200000| Untracked 
|  26|0x0000000703400000, 0x0000000703400000, 0x0000000703600000|  0%| F|  |TAMS 0x0000000703400000, 0x0000000703400000| Untracked 
|  27|0x0000000703600000, 0x0000000703600000, 0x0000000703800000|  0%| F|  |TAMS 0x0000000703600000, 0x0000000703600000| Untracked 
|  28|0x0000000703800000, 0x0000000703800000, 0x0000000703a00000|  0%| F|  |TAMS 0x0000000703800000, 0x0000000703800000| Untracked 
|  29|0x0000000703a00000, 0x0000000703a00000, 0x0000000703c00000|  0%| F|  |TAMS 0x0000000703a00000, 0x0000000703a00000| Untracked 
|  30|0x0000000703c00000, 0x0000000703c00000, 0x0000000703e00000|  0%| F|  |TAMS 0x0000000703c00000, 0x0000000703c00000| Untracked 
|  31|0x0000000703e00000, 0x0000000703e00000, 0x0000000704000000|  0%| F|  |TAMS 0x0000000703e00000, 0x0000000703e00000| Untracked 
|  32|0x0000000704000000, 0x0000000704000000, 0x0000000704200000|  0%| F|  |TAMS 0x0000000704000000, 0x0000000704000000| Untracked 
|  33|0x0000000704200000, 0x0000000704200000, 0x0000000704400000|  0%| F|  |TAMS 0x0000000704200000, 0x0000000704200000| Untracked 
|  34|0x0000000704400000, 0x0000000704400000, 0x0000000704600000|  0%| F|  |TAMS 0x0000000704400000, 0x0000000704400000| Untracked 
|  35|0x0000000704600000, 0x0000000704600000, 0x0000000704800000|  0%| F|  |TAMS 0x0000000704600000, 0x0000000704600000| Untracked 
|  36|0x0000000704800000, 0x0000000704800000, 0x0000000704a00000|  0%| F|  |TAMS 0x0000000704800000, 0x0000000704800000| Untracked 
|  37|0x0000000704a00000, 0x0000000704a00000, 0x0000000704c00000|  0%| F|  |TAMS 0x0000000704a00000, 0x0000000704a00000| Untracked 
|  38|0x0000000704c00000, 0x0000000704c00000, 0x0000000704e00000|  0%| F|  |TAMS 0x0000000704c00000, 0x0000000704c00000| Untracked 
|  39|0x0000000704e00000, 0x0000000704e00000, 0x0000000705000000|  0%| F|  |TAMS 0x0000000704e00000, 0x0000000704e00000| Untracked 
|  40|0x0000000705000000, 0x0000000705000000, 0x0000000705200000|  0%| F|  |TAMS 0x0000000705000000, 0x0000000705000000| Untracked 
|  41|0x0000000705200000, 0x0000000705200000, 0x0000000705400000|  0%| F|  |TAMS 0x0000000705200000, 0x0000000705200000| Untracked 
|  42|0x0000000705400000, 0x0000000705400000, 0x0000000705600000|  0%| F|  |TAMS 0x0000000705400000, 0x0000000705400000| Untracked 
|  43|0x0000000705600000, 0x0000000705600000, 0x0000000705800000|  0%| F|  |TAMS 0x0000000705600000, 0x0000000705600000| Untracked 
|  44|0x0000000705800000, 0x0000000705800000, 0x0000000705a00000|  0%| F|  |TAMS 0x0000000705800000, 0x0000000705800000| Untracked 
|  45|0x0000000705a00000, 0x0000000705a00000, 0x0000000705c00000|  0%| F|  |TAMS 0x0000000705a00000, 0x0000000705a00000| Untracked 
|  46|0x0000000705c00000, 0x0000000705c00000, 0x0000000705e00000|  0%| F|  |TAMS 0x0000000705c00000, 0x0000000705c00000| Untracked 
|  47|0x0000000705e00000, 0x0000000705e00000, 0x0000000706000000|  0%| F|  |TAMS 0x0000000705e00000, 0x0000000705e00000| Untracked 
|  48|0x0000000706000000, 0x0000000706000000, 0x0000000706200000|  0%| F|  |TAMS 0x0000000706000000, 0x0000000706000000| Untracked 
|  49|0x0000000706200000, 0x0000000706200000, 0x0000000706400000|  0%| F|  |TAMS 0x0000000706200000, 0x0000000706200000| Untracked 
|  50|0x0000000706400000, 0x0000000706400000, 0x0000000706600000|  0%| F|  |TAMS 0x0000000706400000, 0x0000000706400000| Untracked 
|  51|0x0000000706600000, 0x0000000706600000, 0x0000000706800000|  0%| F|  |TAMS 0x0000000706600000, 0x0000000706600000| Untracked 
|  52|0x0000000706800000, 0x0000000706807a98, 0x0000000706a00000|  1%| S|CS|TAMS 0x0000000706800000, 0x0000000706800000| Complete 
|  53|0x0000000706a00000, 0x0000000706c00000, 0x0000000706c00000|100%| S|CS|TAMS 0x0000000706a00000, 0x0000000706a00000| Complete 
|  54|0x0000000706c00000, 0x0000000706c00000, 0x0000000706e00000|  0%| F|  |TAMS 0x0000000706c00000, 0x0000000706c00000| Untracked 
|  55|0x0000000706e00000, 0x0000000706e00000, 0x0000000707000000|  0%| F|  |TAMS 0x0000000706e00000, 0x0000000706e00000| Untracked 
|  56|0x0000000707000000, 0x0000000707000000, 0x0000000707200000|  0%| F|  |TAMS 0x0000000707000000, 0x0000000707000000| Untracked 
|  57|0x0000000707200000, 0x0000000707200000, 0x0000000707400000|  0%| F|  |TAMS 0x0000000707200000, 0x0000000707200000| Untracked 
|  58|0x0000000707400000, 0x0000000707400000, 0x0000000707600000|  0%| F|  |TAMS 0x0000000707400000, 0x0000000707400000| Untracked 
|  59|0x0000000707600000, 0x0000000707600000, 0x0000000707800000|  0%| F|  |TAMS 0x0000000707600000, 0x0000000707600000| Untracked 
|  60|0x0000000707800000, 0x0000000707800000, 0x0000000707a00000|  0%| F|  |TAMS 0x0000000707800000, 0x0000000707800000| Untracked 
|  61|0x0000000707a00000, 0x0000000707a00000, 0x0000000707c00000|  0%| F|  |TAMS 0x0000000707a00000, 0x0000000707a00000| Untracked 
|  62|0x0000000707c00000, 0x0000000707c00000, 0x0000000707e00000|  0%| F|  |TAMS 0x0000000707c00000, 0x0000000707c00000| Untracked 
|  63|0x0000000707e00000, 0x0000000707e00000, 0x0000000708000000|  0%| F|  |TAMS 0x0000000707e00000, 0x0000000707e00000| Untracked 
|  64|0x0000000708000000, 0x0000000708000000, 0x0000000708200000|  0%| F|  |TAMS 0x0000000708000000, 0x0000000708000000| Untracked 
|  65|0x0000000708200000, 0x0000000708200000, 0x0000000708400000|  0%| F|  |TAMS 0x0000000708200000, 0x0000000708200000| Untracked 
|  66|0x0000000708400000, 0x0000000708400000, 0x0000000708600000|  0%| F|  |TAMS 0x0000000708400000, 0x0000000708400000| Untracked 
|  67|0x0000000708600000, 0x0000000708600000, 0x0000000708800000|  0%| F|  |TAMS 0x0000000708600000, 0x0000000708600000| Untracked 
|  68|0x0000000708800000, 0x0000000708800000, 0x0000000708a00000|  0%| F|  |TAMS 0x0000000708800000, 0x0000000708800000| Untracked 
|  69|0x0000000708a00000, 0x0000000708a00000, 0x0000000708c00000|  0%| F|  |TAMS 0x0000000708a00000, 0x0000000708a00000| Untracked 
|  70|0x0000000708c00000, 0x0000000708c00000, 0x0000000708e00000|  0%| F|  |TAMS 0x0000000708c00000, 0x0000000708c00000| Untracked 
|  71|0x0000000708e00000, 0x0000000708e00000, 0x0000000709000000|  0%| F|  |TAMS 0x0000000708e00000, 0x0000000708e00000| Untracked 
|  72|0x0000000709000000, 0x0000000709000000, 0x0000000709200000|  0%| F|  |TAMS 0x0000000709000000, 0x0000000709000000| Untracked 
|  73|0x0000000709200000, 0x0000000709200000, 0x0000000709400000|  0%| F|  |TAMS 0x0000000709200000, 0x0000000709200000| Untracked 
|  74|0x0000000709400000, 0x0000000709400000, 0x0000000709600000|  0%| F|  |TAMS 0x0000000709400000, 0x0000000709400000| Untracked 
|  75|0x0000000709600000, 0x0000000709600000, 0x0000000709800000|  0%| F|  |TAMS 0x0000000709600000, 0x0000000709600000| Untracked 
|  76|0x0000000709800000, 0x0000000709800000, 0x0000000709a00000|  0%| F|  |TAMS 0x0000000709800000, 0x0000000709800000| Untracked 
|  77|0x0000000709a00000, 0x0000000709a00000, 0x0000000709c00000|  0%| F|  |TAMS 0x0000000709a00000, 0x0000000709a00000| Untracked 
|  78|0x0000000709c00000, 0x0000000709c00000, 0x0000000709e00000|  0%| F|  |TAMS 0x0000000709c00000, 0x0000000709c00000| Untracked 
|  79|0x0000000709e00000, 0x0000000709e00000, 0x000000070a000000|  0%| F|  |TAMS 0x0000000709e00000, 0x0000000709e00000| Untracked 
|  80|0x000000070a000000, 0x000000070a000000, 0x000000070a200000|  0%| F|  |TAMS 0x000000070a000000, 0x000000070a000000| Untracked 
|  81|0x000000070a200000, 0x000000070a200000, 0x000000070a400000|  0%| F|  |TAMS 0x000000070a200000, 0x000000070a200000| Untracked 
|  82|0x000000070a400000, 0x000000070a400000, 0x000000070a600000|  0%| F|  |TAMS 0x000000070a400000, 0x000000070a400000| Untracked 
|  83|0x000000070a600000, 0x000000070a600000, 0x000000070a800000|  0%| F|  |TAMS 0x000000070a600000, 0x000000070a600000| Untracked 
|  84|0x000000070a800000, 0x000000070a800000, 0x000000070aa00000|  0%| F|  |TAMS 0x000000070a800000, 0x000000070a800000| Untracked 
|  85|0x000000070aa00000, 0x000000070aa00000, 0x000000070ac00000|  0%| F|  |TAMS 0x000000070aa00000, 0x000000070aa00000| Untracked 
|  86|0x000000070ac00000, 0x000000070ac00000, 0x000000070ae00000|  0%| F|  |TAMS 0x000000070ac00000, 0x000000070ac00000| Untracked 
|  87|0x000000070ae00000, 0x000000070ae00000, 0x000000070b000000|  0%| F|  |TAMS 0x000000070ae00000, 0x000000070ae00000| Untracked 
|  88|0x000000070b000000, 0x000000070b000000, 0x000000070b200000|  0%| F|  |TAMS 0x000000070b000000, 0x000000070b000000| Untracked 
|  89|0x000000070b200000, 0x000000070b200000, 0x000000070b400000|  0%| F|  |TAMS 0x000000070b200000, 0x000000070b200000| Untracked 
|  90|0x000000070b400000, 0x000000070b400000, 0x000000070b600000|  0%| F|  |TAMS 0x000000070b400000, 0x000000070b400000| Untracked 
|  91|0x000000070b600000, 0x000000070b6fd170, 0x000000070b800000| 49%| E|  |TAMS 0x000000070b600000, 0x000000070b600000| Complete 
|  92|0x000000070b800000, 0x000000070ba00000, 0x000000070ba00000|100%| E|CS|TAMS 0x000000070b800000, 0x000000070b800000| Complete 
|  93|0x000000070ba00000, 0x000000070bc00000, 0x000000070bc00000|100%| E|CS|TAMS 0x000000070ba00000, 0x000000070ba00000| Complete 
|  94|0x000000070bc00000, 0x000000070be00000, 0x000000070be00000|100%| E|CS|TAMS 0x000000070bc00000, 0x000000070bc00000| Complete 
|  95|0x000000070be00000, 0x000000070c000000, 0x000000070c000000|100%| E|CS|TAMS 0x000000070be00000, 0x000000070be00000| Complete 
|  96|0x000000070c000000, 0x000000070c200000, 0x000000070c200000|100%| E|CS|TAMS 0x000000070c000000, 0x000000070c000000| Complete 
|  97|0x000000070c200000, 0x000000070c400000, 0x000000070c400000|100%| E|CS|TAMS 0x000000070c200000, 0x000000070c200000| Complete 
|  98|0x000000070c400000, 0x000000070c600000, 0x000000070c600000|100%| E|CS|TAMS 0x000000070c400000, 0x000000070c400000| Complete 
|  99|0x000000070c600000, 0x000000070c800000, 0x000000070c800000|100%| E|CS|TAMS 0x000000070c600000, 0x000000070c600000| Complete 
| 100|0x000000070c800000, 0x000000070ca00000, 0x000000070ca00000|100%| E|CS|TAMS 0x000000070c800000, 0x000000070c800000| Complete 
| 101|0x000000070ca00000, 0x000000070cc00000, 0x000000070cc00000|100%| E|CS|TAMS 0x000000070ca00000, 0x000000070ca00000| Complete 
| 102|0x000000070cc00000, 0x000000070ce00000, 0x000000070ce00000|100%| E|CS|TAMS 0x000000070cc00000, 0x000000070cc00000| Complete 
| 103|0x000000070ce00000, 0x000000070d000000, 0x000000070d000000|100%| E|CS|TAMS 0x000000070ce00000, 0x000000070ce00000| Complete 
| 104|0x000000070d000000, 0x000000070d200000, 0x000000070d200000|100%| E|CS|TAMS 0x000000070d000000, 0x000000070d000000| Complete 
| 105|0x000000070d200000, 0x000000070d400000, 0x000000070d400000|100%| E|CS|TAMS 0x000000070d200000, 0x000000070d200000| Complete 
| 106|0x000000070d400000, 0x000000070d600000, 0x000000070d600000|100%| E|CS|TAMS 0x000000070d400000, 0x000000070d400000| Complete 
| 107|0x000000070d600000, 0x000000070d800000, 0x000000070d800000|100%| E|CS|TAMS 0x000000070d600000, 0x000000070d600000| Complete 
| 108|0x000000070d800000, 0x000000070da00000, 0x000000070da00000|100%| E|CS|TAMS 0x000000070d800000, 0x000000070d800000| Complete 
| 109|0x000000070da00000, 0x000000070dc00000, 0x000000070dc00000|100%| E|CS|TAMS 0x000000070da00000, 0x000000070da00000| Complete 
| 110|0x000000070dc00000, 0x000000070de00000, 0x000000070de00000|100%| E|CS|TAMS 0x000000070dc00000, 0x000000070dc00000| Complete 
| 111|0x000000070de00000, 0x000000070e000000, 0x000000070e000000|100%| E|CS|TAMS 0x000000070de00000, 0x000000070de00000| Complete 
| 112|0x000000070e000000, 0x000000070e200000, 0x000000070e200000|100%| E|CS|TAMS 0x000000070e000000, 0x000000070e000000| Complete 
| 113|0x000000070e200000, 0x000000070e400000, 0x000000070e400000|100%| E|CS|TAMS 0x000000070e200000, 0x000000070e200000| Complete 
| 114|0x000000070e400000, 0x000000070e600000, 0x000000070e600000|100%| E|CS|TAMS 0x000000070e400000, 0x000000070e400000| Complete 
| 115|0x000000070e600000, 0x000000070e800000, 0x000000070e800000|100%| E|CS|TAMS 0x000000070e600000, 0x000000070e600000| Complete 
| 116|0x000000070e800000, 0x000000070ea00000, 0x000000070ea00000|100%| E|CS|TAMS 0x000000070e800000, 0x000000070e800000| Complete 
| 117|0x000000070ea00000, 0x000000070ec00000, 0x000000070ec00000|100%| E|CS|TAMS 0x000000070ea00000, 0x000000070ea00000| Complete 
| 118|0x000000070ec00000, 0x000000070ee00000, 0x000000070ee00000|100%| E|CS|TAMS 0x000000070ec00000, 0x000000070ec00000| Complete 
| 119|0x000000070ee00000, 0x000000070f000000, 0x000000070f000000|100%| E|CS|TAMS 0x000000070ee00000, 0x000000070ee00000| Complete 
| 120|0x000000070f000000, 0x000000070f200000, 0x000000070f200000|100%| E|CS|TAMS 0x000000070f000000, 0x000000070f000000| Complete 
| 121|0x000000070f200000, 0x000000070f400000, 0x000000070f400000|100%| E|CS|TAMS 0x000000070f200000, 0x000000070f200000| Complete 
| 122|0x000000070f400000, 0x000000070f600000, 0x000000070f600000|100%| E|CS|TAMS 0x000000070f400000, 0x000000070f400000| Complete 
| 123|0x000000070f600000, 0x000000070f800000, 0x000000070f800000|100%| E|CS|TAMS 0x000000070f600000, 0x000000070f600000| Complete 
| 124|0x000000070f800000, 0x000000070fa00000, 0x000000070fa00000|100%| E|CS|TAMS 0x000000070f800000, 0x000000070f800000| Complete 
| 125|0x000000070fa00000, 0x000000070fc00000, 0x000000070fc00000|100%| E|CS|TAMS 0x000000070fa00000, 0x000000070fa00000| Complete 
| 126|0x000000070fc00000, 0x000000070fe00000, 0x000000070fe00000|100%| E|CS|TAMS 0x000000070fc00000, 0x000000070fc00000| Complete 
| 127|0x000000070fe00000, 0x0000000710000000, 0x0000000710000000|100%| E|CS|TAMS 0x000000070fe00000, 0x000000070fe00000| Complete 
|2046|0x00000007ffc00000, 0x00000007ffd76000, 0x00000007ffe00000| 73%|OA|  |TAMS 0x00000007ffc00000, 0x00000007ffc00000| Untracked 
|2047|0x00000007ffe00000, 0x00000007ffe7f000, 0x0000000800000000| 24%|CA|  |TAMS 0x00000007ffe00000, 0x00000007ffe00000| Untracked 

Card table byte_map: [0x000000012327f000,0x0000000123a7f000] _byte_map_base: 0x000000011fa7f000

Marking Bits (Prev, Next): (CMBitMap*) 0x00007fc576847410, (CMBitMap*) 0x00007fc576847450
 Prev Bits: [0x000000012427f000, 0x000000012827f000)
 Next Bits: [0x000000012827f000, 0x000000012c27f000)

Polling page: 0x0000000109304000

Metaspace:

Usage:
  Non-class:      4.77 MB used.
      Class:    471.00 KB used.
       Both:      5.23 MB used.

Virtual space:
  Non-class space:        8.00 MB reserved,       4.88 MB ( 61%) committed,  1 nodes.
      Class space:        1.00 GB reserved,     576.00 KB ( <1%) committed,  1 nodes.
             Both:        1.01 GB reserved,       5.44 MB ( <1%) committed. 

Chunk freelists:
   Non-Class:  272.00 KB
       Class:  3.31 MB
        Both:  3.58 MB

MaxMetaspaceSize: unlimited
CompressedClassSpaceSize: 1.00 GB
Initial GC threshold: 21.00 MB
Current GC threshold: 21.00 MB
CDS: on
MetaspaceReclaimPolicy: balanced
 - commit_granule_bytes: 65536.
 - commit_granule_words: 8192.
 - virtual_space_node_default_size: 1048576.
 - enlarge_chunks_in_place: 1.
 - new_chunks_are_fully_committed: 0.
 - uncommit_free_chunks: 1.
 - use_allocation_guard: 0.
 - handle_deallocations: 1.


Internal statistics:

num_allocs_failed_limit: 0.
num_arena_births: 124.
num_arena_deaths: 0.
num_vsnodes_births: 2.
num_vsnodes_deaths: 0.
num_space_committed: 87.
num_space_uncommitted: 0.
num_chunks_returned_to_freelist: 0.
num_chunks_taken_from_freelist: 329.
num_chunk_merges: 0.
num_chunk_splits: 215.
num_chunks_enlarged: 166.
num_purges: 0.
num_inconsistent_stats: 0.

CodeHeap 'non-profiled nmethods': size=120028Kb used=1272Kb max_used=1272Kb free=118755Kb
 bounds [0x000000011bd48000, 0x000000011bfb8000, 0x000000012327f000]
CodeHeap 'profiled nmethods': size=120028Kb used=3121Kb max_used=3121Kb free=116906Kb
 bounds [0x0000000114811000, 0x0000000114b21000, 0x000000011bd48000]
CodeHeap 'non-nmethods': size=5704Kb used=1218Kb max_used=1249Kb free=4486Kb
 bounds [0x000000011427f000, 0x00000001144ef000, 0x0000000114811000]
 total_blobs=2317 nmethods=1785 adapters=447
 compilation: enabled
              stopped_count=0, restarted_count=0
 full_count=0

Compilation events (20 events):
Event: 111.134 Thread 0x00007fc576922200 nmethod 1777 0x0000000114b1c390 code [0x0000000114b1c540, 0x0000000114b1c680]
Event: 111.134 Thread 0x00007fc576922200 1778       2       edu.wpi.first.networktables.NetworkTableInstance::flushLocal (8 bytes)
Event: 111.134 Thread 0x00007fc576922200 nmethod 1778 0x0000000114b1c790 code [0x0000000114b1c940, 0x0000000114b1ca60]
Event: 111.135 Thread 0x00007fc576921c00 nmethod 1775 0x000000011be7d890 code [0x000000011be7dac0, 0x000000011be7ddd8]
Event: 111.135 Thread 0x00007fc576921c00 1776   !   4       java.util.concurrent.ArrayBlockingQueue::size (27 bytes)
Event: 111.142 Thread 0x00007fc576921c00 nmethod 1776 0x000000011be7e110 code [0x000000011be7e2e0, 0x000000011be7e718]
Event: 111.160 Thread 0x00007fc576921c00 1779   !   4       java.util.concurrent.locks.AbstractQueuedSynchronizer::acquire (407 bytes)
Event: 111.175 Thread 0x00007fc576921c00 nmethod 1779 0x000000011be7ea10 code [0x000000011be7ec00, 0x000000011be7f900]
Event: 112.209 Thread 0x00007fc576922200 1780       3       java.util.regex.CharPredicates$$Lambda$20/0x800000029::is (5 bytes)
Event: 112.211 Thread 0x00007fc576922200 nmethod 1780 0x0000000114b1cb10 code [0x0000000114b1ccc0, 0x0000000114b1cf90]
Event: 112.211 Thread 0x00007fc576922200 1781       3       java.util.regex.CharPredicates::lambda$ASCII_DIGIT$18 (20 bytes)
Event: 112.211 Thread 0x00007fc576922200 nmethod 1781 0x0000000114b1d090 code [0x0000000114b1d240, 0x0000000114b1d490]
Event: 112.852 Thread 0x00007fc576921c00 1782       4       java.lang.String::<init> (29 bytes)
Event: 112.863 Thread 0x00007fc576921c00 nmethod 1782 0x000000011be80010 code [0x000000011be801a0, 0x000000011be802f8]
Event: 113.734 Thread 0x00007fc576921c00 1783       4       org.littletonrobotics.junction.inputs.LoggedSystemStats$SystemStatsInputs::toLog (243 bytes)
Event: 113.739 Thread 0x00007fc576921c00 nmethod 1783 0x000000011be80390 code [0x000000011be80660, 0x000000011be80b80]
Event: 113.739 Thread 0x00007fc576921c00 1784   !   4       org.littletonrobotics.junction.Logger::periodicAfterUser (98 bytes)
Event: 113.818 Thread 0x00007fc576921c00 nmethod 1784 0x000000011be81110 code [0x000000011be814a0, 0x000000011be84510]
Event: 113.818 Thread 0x00007fc576921c00 1785       4       edu.wpi.first.math.interpolation.TimeInterpolatableBuffer::clear (10 bytes)
Event: 113.820 Thread 0x00007fc576921c00 nmethod 1785 0x000000011be85e90 code [0x000000011be86020, 0x000000011be86118]

GC Heap History (8 events):
Event: 2.637 GC heap before
{Heap before GC invocations=0 (full 0):
 garbage-first heap   total 266240K, used 22484K [0x0000000700000000, 0x0000000800000000)
  region size 2048K, 11 young (22528K), 0 survivors (0K)
 Metaspace       used 4833K, committed 4992K, reserved 1056768K
  class space    used 438K, committed 512K, reserved 1048576K
}
Event: 2.666 GC heap after
{Heap after GC invocations=1 (full 0):
 garbage-first heap   total 266240K, used 4137K [0x0000000700000000, 0x0000000800000000)
  region size 2048K, 2 young (4096K), 2 survivors (4096K)
 Metaspace       used 4833K, committed 4992K, reserved 1056768K
  class space    used 438K, committed 512K, reserved 1048576K
}
Event: 17.462 GC heap before
{Heap before GC invocations=1 (full 0):
 garbage-first heap   total 266240K, used 63529K [0x0000000700000000, 0x0000000800000000)
  region size 2048K, 31 young (63488K), 2 survivors (4096K)
 Metaspace       used 5336K, committed 5568K, reserved 1056768K
  class space    used 470K, committed 576K, reserved 1048576K
}
Event: 17.478 GC heap after
{Heap after GC invocations=2 (full 0):
 garbage-first heap   total 266240K, used 4114K [0x0000000700000000, 0x0000000800000000)
  region size 2048K, 2 young (4096K), 2 survivors (4096K)
 Metaspace       used 5336K, committed 5568K, reserved 1056768K
  class space    used 470K, committed 576K, reserved 1048576K
}
Event: 56.078 GC heap before
{Heap before GC invocations=2 (full 0):
 garbage-first heap   total 266240K, used 155666K [0x0000000700000000, 0x0000000800000000)
  region size 2048K, 76 young (155648K), 2 survivors (4096K)
 Metaspace       used 5352K, committed 5568K, reserved 1056768K
  class space    used 470K, committed 576K, reserved 1048576K
}
Event: 56.093 GC heap after
{Heap after GC invocations=3 (full 0):
 garbage-first heap   total 266240K, used 4142K [0x0000000700000000, 0x0000000800000000)
  region size 2048K, 2 young (4096K), 2 survivors (4096K)
 Metaspace       used 5352K, committed 5568K, reserved 1056768K
  class space    used 470K, committed 576K, reserved 1048576K
}
Event: 95.153 GC heap before
{Heap before GC invocations=3 (full 0):
 garbage-first heap   total 266240K, used 155694K [0x0000000700000000, 0x0000000800000000)
  region size 2048K, 76 young (155648K), 2 survivors (4096K)
 Metaspace       used 5354K, committed 5568K, reserved 1056768K
  class space    used 470K, committed 576K, reserved 1048576K
}
Event: 95.163 GC heap after
{Heap after GC invocations=4 (full 0):
 garbage-first heap   total 266240K, used 4082K [0x0000000700000000, 0x0000000800000000)
  region size 2048K, 2 young (4096K), 2 survivors (4096K)
 Metaspace       used 5354K, committed 5568K, reserved 1056768K
  class space    used 470K, committed 576K, reserved 1048576K
}

Deoptimization events (20 events):
Event: 10.989 Thread 0x00007fc577056000 Uncommon trap: trap_request=0xfffffff4 fr.pc=0x000000011bdc5024 relative=0x0000000000001e44
Event: 10.989 Thread 0x00007fc577056000 Uncommon trap: reason=null_check action=make_not_entrant pc=0x000000011bdc5024 method=org.littletonrobotics.junction.networktables.NT4Publisher.putTable(Lorg/littletonrobotics/junction/LogTable;)V @ 130 c2
Event: 10.989 Thread 0x00007fc577056000 DEOPT PACKING pc=0x000000011bdc5024 sp=0x00000003093b9a40
Event: 10.989 Thread 0x00007fc577056000 DEOPT UNPACKING pc=0x00000001142d1093 sp=0x00000003093b9a48 mode 2
Event: 10.991 Thread 0x00007fc577056000 Uncommon trap: trap_request=0xffffff45 fr.pc=0x000000011bdb8c10 relative=0x0000000000000070
Event: 10.991 Thread 0x00007fc577056000 Uncommon trap: reason=unstable_if action=reinterpret pc=0x000000011bdb8c10 method=java.lang.Boolean.equals(Ljava/lang/Object;)Z @ 18 c2
Event: 10.991 Thread 0x00007fc577056000 DEOPT PACKING pc=0x000000011bdb8c10 sp=0x00000003093b99d0
Event: 10.991 Thread 0x00007fc577056000 DEOPT UNPACKING pc=0x00000001142d1093 sp=0x00000003093b9978 mode 2
Event: 13.744 Thread 0x00007fc577032a00 Uncommon trap: trap_request=0xffffffdc fr.pc=0x000000011bdf2bcc relative=0x000000000000022c
Event: 13.744 Thread 0x00007fc577032a00 Uncommon trap: reason=class_check action=make_not_entrant pc=0x000000011bdf2bcc method=java.util.ArrayList.toArray([Ljava/lang/Object;)[Ljava/lang/Object; @ 21 c2
Event: 13.744 Thread 0x00007fc577032a00 DEOPT PACKING pc=0x000000011bdf2bcc sp=0x0000000307134150
Event: 13.744 Thread 0x00007fc577032a00 DEOPT UNPACKING pc=0x00000001142d1093 sp=0x0000000307134100 mode 2
Event: 14.065 Thread 0x00007fc577032a00 Uncommon trap: trap_request=0xffffffcc fr.pc=0x000000011bdf339c relative=0x00000000000002fc
Event: 14.065 Thread 0x00007fc577032a00 Uncommon trap: reason=intrinsic_or_type_checked_inlining action=make_not_entrant pc=0x000000011bdf339c method=java.util.ArrayList.toArray([Ljava/lang/Object;)[Ljava/lang/Object; @ 36 c2
Event: 14.065 Thread 0x00007fc577032a00 DEOPT PACKING pc=0x000000011bdf339c sp=0x0000000307134390
Event: 14.065 Thread 0x00007fc577032a00 DEOPT UNPACKING pc=0x00000001142d1093 sp=0x0000000307134350 mode 2
Event: 89.057 Thread 0x00007fc577032a00 Uncommon trap: trap_request=0xffffff45 fr.pc=0x000000011bdccae0 relative=0x0000000000000140
Event: 89.066 Thread 0x00007fc577032a00 Uncommon trap: reason=unstable_if action=reinterpret pc=0x000000011bdccae0 method=java.util.concurrent.locks.ReentrantLock$NonfairSync.initialTryLock()Z @ 10 c2
Event: 89.066 Thread 0x00007fc577032a00 DEOPT PACKING pc=0x000000011bdccae0 sp=0x0000000307134790
Event: 89.066 Thread 0x00007fc577032a00 DEOPT UNPACKING pc=0x00000001142d1093 sp=0x0000000307134738 mode 2

Classes unloaded (0 events):
No events

Classes redefined (0 events):
No events

Internal exceptions (20 events):
Event: 0.358 Thread 0x00007fc576811800 Exception <a 'java/lang/NoSuchMethodError'{0x000000070fcc1878}: 'void java.lang.invoke.DirectMethodHandle$Holder.invokeStatic(java.lang.Object, java.lang.Object)'> (0x000000070fcc1878) 
thrown [open/src/hotspot/share/interpreter/linkResolver.cpp, line 766]
Event: 0.447 Thread 0x00007fc577032a00 Exception <a 'java/lang/NoSuchMethodError'{0x000000070fa32a88}: 'java.lang.Object java.lang.invoke.DirectMethodHandle$Holder.invokeStaticInit(java.lang.Object)'> (0x000000070fa32a88) 
thrown [open/src/hotspot/share/interpreter/linkResolver.cpp, line 766]
Event: 0.498 Thread 0x00007fc577032a00 Exception <a 'java/lang/NoSuchMethodError'{0x000000070fad48b0}: 'void java.lang.invoke.DirectMethodHandle$Holder.invokeStaticInit(java.lang.Object)'> (0x000000070fad48b0) 
thrown [open/src/hotspot/share/interpreter/linkResolver.cpp, line 766]
Event: 0.622 Thread 0x00007fc577032a00 Exception <a 'java/lang/NoSuchMethodError'{0x000000070f54de58}: 'java.lang.Object java.lang.invoke.DirectMethodHandle$Holder.invokeInterface(java.lang.Object, java.lang.Object, java.lang.Object, double)'> (0x000000070f54de58) 
thrown [open/src/hotspot/share/interpreter/linkResolver.cpp, line 766]
Event: 0.668 Thread 0x00007fc577032a00 Exception <a 'java/lang/NoSuchMethodError'{0x000000070f2958d0}: 'void java.lang.invoke.DirectMethodHandle$Holder.invokeStaticInit(java.lang.Object, java.lang.Object)'> (0x000000070f2958d0) 
thrown [open/src/hotspot/share/interpreter/linkResolver.cpp, line 766]
Event: 0.680 Thread 0x00007fc577032a00 Exception <a 'java/lang/NoSuchMethodError'{0x000000070f2cf3c0}: 'void java.lang.invoke.DirectMethodHandle$Holder.invokeSpecial(java.lang.Object, java.lang.Object, java.lang.Object)'> (0x000000070f2cf3c0) 
thrown [open/src/hotspot/share/interpreter/linkResolver.cpp, line 766]
Event: 0.681 Thread 0x00007fc577032a00 Exception <a 'java/lang/NoSuchMethodError'{0x000000070f2d5948}: 'void java.lang.invoke.DirectMethodHandle$Holder.invokeStatic(java.lang.Object, java.lang.Object, java.lang.Object)'> (0x000000070f2d5948) 
thrown [open/src/hotspot/share/interpreter/linkResolver.cpp, line 766]
Event: 0.717 Thread 0x00007fc577032a00 Exception <a 'java/lang/NoSuchMethodError'{0x000000070f3fe798}: 'double java.lang.invoke.DirectMethodHandle$Holder.invokeStatic(java.lang.Object, java.lang.Object)'> (0x000000070f3fe798) 
thrown [open/src/hotspot/share/interpreter/linkResolver.cpp, line 766]
Event: 0.721 Thread 0x00007fc577032a00 Exception <a 'java/lang/NoSuchMethodError'{0x000000070f009538}: 'java.lang.Object java.lang.invoke.Invokers$Holder.invokeExact_MT(java.lang.Object, java.lang.Object, java.lang.Object, java.lang.Object, java.lang.Object, java.lang.Object)'> (0x000000070f009538) 
thrown [open/src/hotspot/share/interpreter/linkResolver.cpp, line 766]
Event: 0.742 Thread 0x00007fc577032a00 Exception <a 'java/lang/NoSuchMethodError'{0x000000070f066368}: 'int java.lang.invoke.DirectMethodHandle$Holder.invokeStatic(java.lang.Object)'> (0x000000070f066368) 
thrown [open/src/hotspot/share/interpreter/linkResolver.cpp, line 766]
Event: 0.746 Thread 0x00007fc577032a00 Exception <a 'java/lang/NoSuchMethodError'{0x000000070f06c7a8}: 'void java.lang.invoke.DirectMethodHandle$Holder.invokeStatic(java.lang.Object, int)'> (0x000000070f06c7a8) 
thrown [open/src/hotspot/share/interpreter/linkResolver.cpp, line 766]
Event: 0.787 Thread 0x00007fc577032a00 Exception <a 'java/lang/NoSuchMethodError'{0x000000070f0f74f8}: 'void java.lang.invoke.DirectMethodHandle$Holder.invokeInterface(java.lang.Object, java.lang.Object)'> (0x000000070f0f74f8) 
thrown [open/src/hotspot/share/interpreter/linkResolver.cpp, line 766]
Event: 2.683 Thread 0x00007fc577032a00 Exception <a 'java/lang/NoSuchMethodError'{0x000000070fe965b8}: 'void java.lang.invoke.DirectMethodHandle$Holder.invokeStatic(java.lang.Object, java.lang.Object, java.lang.Object, java.lang.Object)'> (0x000000070fe965b8) 
thrown [open/src/hotspot/share/interpreter/linkResolver.cpp, line 766]
Event: 10.932 Thread 0x00007fc577032a00 Exception <a 'java/lang/NoSuchMethodError'{0x000000070dc4c310}: 'int java.lang.invoke.DirectMethodHandle$Holder.invokeStaticInit(java.lang.Object)'> (0x000000070dc4c310) 
thrown [open/src/hotspot/share/interpreter/linkResolver.cpp, line 766]
Event: 10.974 Thread 0x00007fc577032a00 Exception <a 'java/lang/NoSuchMethodError'{0x000000070dc8d0d8}: 'java.lang.Object java.lang.invoke.DirectMethodHandle$Holder.newInvokeSpecial(java.lang.Object, java.lang.Object, java.lang.Object, java.lang.Object, double)'> (0x000000070dc8d0d8) 
thrown [open/src/hotspot/share/interpreter/linkResolver.cpp, line 766]
Event: 10.974 Thread 0x00007fc577032a00 Exception <a 'java/lang/NoSuchMethodError'{0x000000070dc91358}: 'java.lang.Object java.lang.invoke.DirectMethodHandle$Holder.invokeSpecial(java.lang.Object, java.lang.Object, java.lang.Object, java.lang.Object, java.lang.Object, double)'> (0x000000070dc91358) 
thrown [open/src/hotspot/share/interpreter/linkResolver.cpp, line 766]
Event: 10.974 Thread 0x00007fc577032a00 Exception <a 'java/lang/NoSuchMethodError'{0x000000070dc94d98}: 'java.lang.Object java.lang.invoke.Invokers$Holder.linkToTargetMethod(java.lang.Object, java.lang.Object, java.lang.Object, double, java.lang.Object)'> (0x000000070dc94d98) 
thrown [open/src/hotspot/share/interpreter/linkResolver.cpp, line 766]
Event: 10.977 Thread 0x00007fc577032a00 Exception <a 'java/lang/NoSuchMethodError'{0x000000070dca6378}: 'void java.lang.invoke.DirectMethodHandle$Holder.invokeStatic(java.lang.Object, java.lang.Object, double)'> (0x000000070dca6378) 
thrown [open/src/hotspot/share/interpreter/linkResolver.cpp, line 766]
Event: 10.979 Thread 0x00007fc577032a00 Exception <a 'java/lang/NoSuchMethodError'{0x000000070dcac460}: 'java.lang.Object java.lang.invoke.DirectMethodHandle$Holder.newInvokeSpecial(java.lang.Object, java.lang.Object, double)'> (0x000000070dcac460) 
thrown [open/src/hotspot/share/interpreter/linkResolver.cpp, line 766]
Event: 10.980 Thread 0x00007fc577032a00 Exception <a 'java/lang/NoSuchMethodError'{0x000000070dcb0100}: 'java.lang.Object java.lang.invoke.DirectMethodHandle$Holder.invokeSpecial(java.lang.Object, java.lang.Object, java.lang.Object, double)'> (0x000000070dcb0100) 
thrown [open/src/hotspot/share/interpreter/linkResolver.cpp, line 766]

VM Operations (20 events):
Event: 55.614 Executing VM operation: Cleanup done
Event: 56.078 Executing VM operation: G1CollectForAllocation
Event: 56.093 Executing VM operation: G1CollectForAllocation done
Event: 59.105 Executing VM operation: Cleanup
Event: 59.105 Executing VM operation: Cleanup done
Event: 65.123 Executing VM operation: Cleanup
Event: 65.123 Executing VM operation: Cleanup done
Event: 89.201 Executing VM operation: Cleanup
Event: 89.211 Executing VM operation: Cleanup done
Event: 90.213 Executing VM operation: Cleanup
Event: 90.213 Executing VM operation: Cleanup done
Event: 95.153 Executing VM operation: G1CollectForAllocation
Event: 95.163 Executing VM operation: G1CollectForAllocation done
Event: 104.193 Executing VM operation: Cleanup
Event: 104.193 Executing VM operation: Cleanup done
Event: 109.215 Executing VM operation: Cleanup
Event: 109.215 Executing VM operation: Cleanup done
Event: 112.228 Executing VM operation: Cleanup
Event: 112.228 Executing VM operation: Cleanup done
Event: 114.062 Executing VM operation: Exit

Events (20 events):
Event: 0.747 loading class java/util/concurrent/locks/AbstractQueuedSynchronizer$ExclusiveNode done
Event: 0.755 loading class java/util/LinkedHashMap$LinkedKeyIterator
Event: 0.755 loading class java/util/LinkedHashMap$LinkedKeyIterator done
Event: 0.760 Loaded shared library /Users/matth/Documents/GitHub/ChargedUp-2023/build/jni/release/libwpimathjni.dylib
Event: 0.765 loading class java/util/concurrent/ExecutionException
Event: 0.765 loading class java/util/concurrent/ExecutionException done
Event: 1.676 loading class jdk/internal/misc/ScopedMemoryAccess$Scope
Event: 1.676 loading class jdk/internal/misc/ScopedMemoryAccess$Scope done
Event: 2.688 loading class jdk/internal/math/FormattedFloatingDecimal$Form
Event: 2.688 loading class jdk/internal/math/FormattedFloatingDecimal$Form done
Event: 2.688 loading class jdk/internal/math/FormattedFloatingDecimal
Event: 2.688 loading class jdk/internal/math/FormattedFloatingDecimal done
Event: 2.688 loading class jdk/internal/math/FormattedFloatingDecimal$1
Event: 2.688 loading class jdk/internal/math/FormattedFloatingDecimal$1 done
Event: 2.688 loading class jdk/internal/math/FormattedFloatingDecimal$2
Event: 2.688 loading class jdk/internal/math/FormattedFloatingDecimal$2 done
Event: 114.060 loading class jdk/internal/misc/Signal$1
Event: 114.060 loading class jdk/internal/misc/Signal$1 done
Event: 114.060 Thread 0x00007fc576ce9600 Thread added: 0x00007fc576ce9600
Event: 114.060 Protecting memory [0x00000003099d6000,0x00000003099da000] with protection modes 0


Dynamic libraries:
0x0000000109306000 	/Library/Java/JavaVirtualMachines/jdk-17.0.1.jdk/Contents/Home/lib/libjli.dylib
0x00007ff814af1000 	/usr/lib/libz.1.dylib
0x00007ff814bd7000 	/usr/lib/libSystem.B.dylib
0x00007ff814bd2000 	/usr/lib/system/libcache.dylib
0x00007ff814b8e000 	/usr/lib/system/libcommonCrypto.dylib
0x00007ff814bb7000 	/usr/lib/system/libcompiler_rt.dylib
0x00007ff814bad000 	/usr/lib/system/libcopyfile.dylib
0x00007ff809771000 	/usr/lib/system/libcorecrypto.dylib
0x00007ff80982f000 	/usr/lib/system/libdispatch.dylib
0x00007ff8099ef000 	/usr/lib/system/libdyld.dylib
0x00007ff814bc9000 	/usr/lib/system/libkeymgr.dylib
0x00007ff814b6c000 	/usr/lib/system/libmacho.dylib
0x00007ff8141e7000 	/usr/lib/system/libquarantine.dylib
0x00007ff814bc7000 	/usr/lib/system/libremovefile.dylib
0x00007ff80e8ba000 	/usr/lib/system/libsystem_asl.dylib
0x00007ff80971a000 	/usr/lib/system/libsystem_blocks.dylib
0x00007ff8098b3000 	/usr/lib/system/libsystem_c.dylib
0x00007ff814bbf000 	/usr/lib/system/libsystem_collections.dylib
0x00007ff813519000 	/usr/lib/system/libsystem_configuration.dylib
0x00007ff8127c2000 	/usr/lib/system/libsystem_containermanager.dylib
0x00007ff81489e000 	/usr/lib/system/libsystem_coreservices.dylib
0x00007ff80bf5b000 	/usr/lib/system/libsystem_darwin.dylib
