#
# A fatal error has been detected by the Java Runtime Environment:
#
#  SIGSEGV (0xb) at pc=0x0000000131a2f44b, pid=5849, tid=259
#
# JRE version: Java(TM) SE Runtime Environment (17.0.1+12) (build 17.0.1+12-LTS-39)
# Java VM: Java HotSpot(TM) 64-Bit Server VM (17.0.1+12-LTS-39, mixed mode, sharing, tiered, compressed oops, compressed class ptrs, g1 gc, bsd-amd64)
# Problematic frame:
# C  [libhalsim_gui.dylib+0x1e44b]  _ZNSt3__110__function6__funcIZN9halsimgui19NetworkTablesSimGui10InitializeEvE3$_0NS_9allocatorIS4_EEFvvEEclEv+0xb
#
# No core dump will be written. Core dumps have been disabled. To enable core dumping, try "ulimit -c unlimited" before starting Java again
#
# If you would like to submit a bug report, please visit:
#   https://bugreport.java.com/bugreport/crash.jsp
# The crash happened outside the Java Virtual Machine in native code.
# See problematic frame for where to report the bug.
#

---------------  S U M M A R Y ------------

Command Line: -Djava.library.path=/Users/matth/Documents/GitHub/ChargedUp-2023/build/jni/release -Dfile.encoding=UTF-8 -Duser.country=US -Duser.language=en -Duser.variant /Users/matth/Documents/GitHub/ChargedUp-2023/build/libs/ChargedUp-2023.jar

Host: "MacBookAir10,1" x86_64 (EMULATED) 2400 MHz, 8 cores, 16G, Darwin 21.6.0, macOS 12.5 (21G72)
Time: Sun Jan 29 22:24:05 2023 EST elapsed time: 134.496213 seconds (0d 0h 2m 14s)

---------------  T H R E A D  ---------------

Current thread (0x00007fa216009800):  JavaThread "main" [_thread_in_native, id=259, stack(0x000000030504b000,0x000000030584b000)]

Stack: [0x000000030504b000,0x000000030584b000],  sp=0x0000000305847960,  free space=8178k
Native frames: (J=compiled Java code, j=interpreted, Vv=VM code, C=native code)
C  [libhalsim_gui.dylib+0x1e44b]  _ZNSt3__110__function6__funcIZN9halsimgui19NetworkTablesSimGui10InitializeEvE3$_0NS_9allocatorIS4_EEFvvEEclEv+0xb
C  [libhalsim_gui.dylib+0x87d35]  _ZN3wpi3gui17CommonRenderFrameEv+0x75
C  [libhalsim_gui.dylib+0x9b516]  _ZN3wpi3gui19PlatformRenderFrameEv+0x326
C  [libhalsim_gui.dylib+0x87c37]  _ZN3wpi3gui4MainEv+0x107
C  [libhalsim_gui.dylib+0x1dbf9]  _ZZ20HALSIM_InitExtensionEN3$_28__invokeEPv+0x9
j  edu.wpi.first.hal.HAL.runMain()V+0
j  edu.wpi.first.wpilibj.RobotBase.startRobot(Ljava/util/function/Supplier;)V+83
j  com.team4099.robot2023.Main$Companion.main([Ljava/lang/String;)V+11
j  com.team4099.robot2023.Main.main([Ljava/lang/String;)V+4
v  ~StubRoutines::call_stub
V  [libjvm.dylib+0x502a21]  _ZN9JavaCalls11call_helperEP9JavaValueRK12methodHandleP17JavaCallArgumentsP10JavaThread+0x2a1
V  [libjvm.dylib+0x564412]  _ZL17jni_invoke_staticP7JNIEnv_P9JavaValueP8_jobject11JNICallTypeP10_jmethodIDP18JNI_ArgumentPusherP10JavaThread+0x152
V  [libjvm.dylib+0x5677d3]  jni_CallStaticVoidMethod+0x183
C  [libjli.dylib+0x50bf]  JavaMain+0x9bf
C  [libjli.dylib+0x7a5c]  __JVMInit_block_invoke+0x4c
C  [Foundation+0x41ae1]  __NSBLOCKOPERATION_IS_CALLING_OUT_TO_A_BLOCK__+0x7
C  [Foundation+0x419d9]  -[NSBlockOperation main]+0x62
C  [Foundation+0x4196f]  __NSOPERATION_IS_INVOKING_MAIN__+0x11
C  [Foundation+0x40bdb]  -[NSOperation start]+0x311
C  [Foundation+0x814f7]  __NSThreadPerformPerform+0xb3
C  [CoreFoundation+0x7f37a]  __CFRUNLOOP_IS_CALLING_OUT_TO_A_SOURCE0_PERFORM_FUNCTION__+0x11
C  [CoreFoundation+0x7f2e2]  __CFRunLoopDoSource0+0xb4
C  [CoreFoundation+0x7f060]  __CFRunLoopDoSources0+0xf2
C  [CoreFoundation+0x7da70]  __CFRunLoopRun+0x37c
C  [CoreFoundation+0x7d034]  CFRunLoopRunSpecific+0x232
C  [libjli.dylib+0x70b2]  CreateExecutionEnvironment+0x182
C  [libjli.dylib+0x2c15]  JLI_Launch+0x585
C  [java+0x3c09]  main+0x189
C  0x0000000200d2752e

Java frames: (J=compiled Java code, j=interpreted, Vv=VM code)
j  edu.wpi.first.hal.HAL.runMain()V+0
j  edu.wpi.first.wpilibj.RobotBase.startRobot(Ljava/util/function/Supplier;)V+83
j  com.team4099.robot2023.Main$Companion.main([Ljava/lang/String;)V+11
j  com.team4099.robot2023.Main.main([Ljava/lang/String;)V+4
v  ~StubRoutines::call_stub

siginfo: si_signo: 11 (SIGSEGV), si_code: 1 (SEGV_MAPERR), si_addr: 0x0000000000000000

Register to memory mapping:

RAX=0x0000000131e03608: _ZTVNSt3__110__function6__funcIZN9halsimgui19NetworkTablesSimGui10InitializeEvE3$_0NS_9allocatorIS4_EEFvvEEE+0x10 in /Users/matth/Documents/GitHub/ChargedUp-2023/build/jni/release/libhalsim_gui.dylib at 0x0000000131a11000
RBX=0x0000000000000004 is an unknown value
RCX=0x00007fa225f09d30 points into unknown readable memory: 0x0000000131e018e8 | e8 18 e0 31 01 00 00 00
RDX=0x0000000000000005 is an unknown value
RSP=0x0000000305847960 is pointing into the stack for thread: 0x00007fa216009800
RBP=0x0000000305847960 is pointing into the stack for thread: 0x00007fa216009800
RSI=0x0 is NULL
RDI=0x0 is NULL
R8 =0x0000000000000588 is an unknown value
R9 =0x0 is NULL
R10=0x0 is NULL
R11=0x0 is NULL
R12=0x00007ff80987f300: objc_release+0 in /usr/lib/libobjc.A.dylib at 0x00007ff809876000
R13=0x00006000026bf880 points into unknown readable memory: 0x021dfff84b440265 | 65 02 44 4b f8 ff 1d 02
R14=0xaaaaaaaaaaaaaaab is an unknown value
R15=0x00000000000000e0 is an unknown value


Registers:
RAX=0x0000000131e03608, RBX=0x0000000000000004, RCX=0x00007fa225f09d30, RDX=0x0000000000000005
RSP=0x0000000305847960, RBP=0x0000000305847960, RSI=0x0000000000000000, RDI=0x0000000000000000
R8 =0x0000000000000588, R9 =0x0000000000000000, R10=0x0000000000000000, R11=0x0000000000000000
R12=0x00007ff80987f300, R13=0x00006000026bf880, R14=0xaaaaaaaaaaaaaaab, R15=0x00000000000000e0
RIP=0x0000000131a2f44b, EFLAGS=0x0000000000000206, ERR=0x0000000000000004
  TRAPNO=0x000000000000000e

Top of Stack: (sp=0x0000000305847960)
0x0000000305847960:   0000000305847990 0000000131a98d35
0x0000000305847970:   031dfff84b72d321 00007fa1d5f551b0
0x0000000305847980:   00006000037dd0e0 0000600003a16a30
0x0000000305847990:   0000000305847a50 0000000131aac516
0x00000003058479a0:   3fdcccccc0000000 3fe19999a0000000
0x00000003058479b0:   3fe3333340000000 3ff0000000000000
0x00000003058479c0:   3fdcccccc0000000 3fe19999a0000000
0x00000003058479d0:   3fe3333340000000 3ff0000000000000
0x00000003058479e0:   3fdcccccc0000000 3fe19999a0000000
0x00000003058479f0:   3fe3333340000000 3ff0000000000000
0x0000000305847a00:   0000000000000000 00007fa2270091e8
0x0000000305847a10:   00006000026bf880 0000069e0000079a
0x0000000305847a20:   00007fa1d5f551b0 00007fa226063008
0x0000000305847a30:   0000000000000000 000000012e80df88
0x0000000305847a40:   0000000305847a66 0000000000000000
0x0000000305847a50:   0000000305847a80 0000000131a98c37
0x0000000305847a60:   0000000109fc37e0 000000012e80df88
0x0000000305847a70:   0000000305847b08 00007fa216009800
0x0000000305847a80:   0000000305847a90 0000000131a2ebf9
0x0000000305847a90:   0000000305847af0 0000000114044365
0x0000000305847aa0:   00000001140440b6 0000000305847aa8
0x0000000305847ab0:   000000012e80df88 0000000305847b08
0x0000000305847ac0:   000000012e80f260 0000000000000000
0x0000000305847ad0:   0000000706a00000 000000012e80df88
0x0000000305847ae0:   0000000000000000 0000000305847b10
0x0000000305847af0:   0000000305847b58 000000011404042b
0x0000000305847b00:   0000000706a00000 0000000114041f18
0x0000000305847b10:   0000000305847b10 000000012e807de3
0x0000000305847b20:   0000000305847b80 000000012e80cb78
0x0000000305847b30:   0000000000000000 0000000706a00078
0x0000000305847b40:   000000012e80bf20 0000000305847b10
0x0000000305847b50:   0000000305847b80 0000000305847bd0 

Instructions: (pc=0x0000000131a2f44b)
0x0000000131a2f34b:   fb 75 0e 48 8b 07 ff 50 20 4c 89 f7 e8 fc 45 31
0x0000000131a2f35b:   00 48 85 ff 74 06 48 8b 07 ff 50 28 4c 89 f7 e8
0x0000000131a2f36b:   e9 45 31 00 49 89 c6 48 89 df e8 da 49 31 00 4c
0x0000000131a2f37b:   89 f7 e8 d6 45 31 00 66 2e 0f 1f 84 00 00 00 00
0x0000000131a2f38b:   00 0f 1f 40 00 55 48 89 e5 48 8b 3d fd 24 3e 00
0x0000000131a2f39b:   48 85 ff 74 0c 48 8d 35 a9 6d 3a 00 e8 44 ce 04
0x0000000131a2f3ab:   00 48 8b 3d ed 24 3e 00 48 85 ff 74 0d 48 8d 35
0x0000000131a2f3bb:   a4 6d 3a 00 5d e9 2b ce 04 00 5d c3 66 0f 1f 84
0x0000000131a2f3cb:   00 00 00 00 00 55 48 89 e5 5d c3 66 2e 0f 1f 84
0x0000000131a2f3db:   00 00 00 00 00 55 48 89 e5 5d e9 6a 49 31 00 66
0x0000000131a2f3eb:   0f 1f 44 00 00 55 48 89 e5 bf 10 00 00 00 e8 5c
0x0000000131a2f3fb:   49 31 00 48 8d 0d 03 42 3d 00 48 89 08 5d c3 66
0x0000000131a2f40b:   0f 1f 44 00 00 55 48 89 e5 48 8d 05 ed 41 3d 00
0x0000000131a2f41b:   48 89 06 5d c3 55 48 89 e5 5d c3 66 2e 0f 1f 84
0x0000000131a2f42b:   00 00 00 00 00 55 48 89 e5 5d e9 1a 49 31 00 66
0x0000000131a2f43b:   0f 1f 44 00 00 55 48 89 e5 48 8b 3d 45 24 3e 00
0x0000000131a2f44b:   48 8b 07 5d ff 60 10 66 2e 0f 1f 84 00 00 00 00
0x0000000131a2f45b:   00 0f 1f 40 00 55 48 89 e5 48 8d 0d 4e f8 31 00
0x0000000131a2f46b:   48 83 c7 08 31 c0 48 39 4e 08 48 0f 44 c7 5d c3
0x0000000131a2f47b:   0f 1f 44 00 00 55 48 89 e5 48 8d 05 dd 41 3d 00
0x0000000131a2f48b:   5d c3 0f 1f 00 55 48 89 e5 5d c3 66 2e 0f 1f 84
0x0000000131a2f49b:   00 00 00 00 00 55 48 89 e5 5d e9 aa 48 31 00 66
0x0000000131a2f4ab:   0f 1f 44 00 00 55 48 89 e5 bf 10 00 00 00 e8 9c
0x0000000131a2f4bb:   48 31 00 48 8d 0d c3 41 3d 00 48 89 08 5d c3 66
0x0000000131a2f4cb:   0f 1f 44 00 00 55 48 89 e5 48 8d 05 ad 41 3d 00
0x0000000131a2f4db:   48 89 06 5d c3 55 48 89 e5 5d c3 66 2e 0f 1f 84
0x0000000131a2f4eb:   00 00 00 00 00 55 48 89 e5 5d e9 5a 48 31 00 66
0x0000000131a2f4fb:   0f 1f 44 00 00 55 48 89 e5 48 8b 3d 8d 23 3e 00
0x0000000131a2f50b:   5d e9 4f c9 04 00 66 2e 0f 1f 84 00 00 00 00 00
0x0000000131a2f51b:   0f 1f 44 00 00 55 48 89 e5 48 8d 0d 2c f8 31 00
0x0000000131a2f52b:   48 83 c7 08 31 c0 48 39 4e 08 48 0f 44 c7 5d c3
0x0000000131a2f53b:   0f 1f 44 00 00 55 48 89 e5 48 8d 05 9d 41 3d 00 


Stack slot to memory mapping:
stack at sp + 0 slots: 0x0000000305847990 is pointing into the stack for thread: 0x00007fa216009800
stack at sp + 1 slots: 0x0000000131a98d35: _ZN3wpi3gui17CommonRenderFrameEv+0x75 in /Users/matth/Documents/GitHub/ChargedUp-2023/build/jni/release/libhalsim_gui.dylib at 0x0000000131a11000
stack at sp + 2 slots: 0x031dfff84b72d321 is an unknown value
stack at sp + 3 slots: 0x00007fa1d5f551b0 points into unknown readable memory: 0x021dfffa4cfd0a6d | 6d 0a fd 4c fa ff 1d 02
stack at sp + 4 slots: 0x00006000037dd0e0 points into unknown readable memory: 0x021dfff84b72d321 | 21 d3 72 4b f8 ff 1d 02
stack at sp + 5 slots: 0x0000600003a16a30 points into unknown readable memory: 0x011dfffa4cfd1289 | 89 12 fd 4c fa ff 1d 01
stack at sp + 6 slots: 0x0000000305847a50 is pointing into the stack for thread: 0x00007fa216009800
stack at sp + 7 slots: 0x0000000131aac516: _ZN3wpi3gui19PlatformRenderFrameEv+0x326 in /Users/matth/Documents/GitHub/ChargedUp-2023/build/jni/release/libhalsim_gui.dylib at 0x0000000131a11000


---------------  P R O C E S S  ---------------

Threads class SMR info:
_java_thread_list=0x00006000008ccea0, length=15, elements={
0x00007fa216009800, 0x00007fa216010c00, 0x00007fa2270d5c00, 0x00007fa2270d4000,
0x00007fa216011200, 0x00007fa226008c00, 0x00007fa20602e000, 0x00007fa226009200,
0x00007fa2270d4600, 0x00007fa216011800, 0x00007fa2270d4c00, 0x00007fa227174a00,
0x00007fa216160800, 0x00007fa226010c00, 0x00007fa1e6046800
}

Java Threads: ( => current thread )
=>0x00007fa216009800 JavaThread "main" [_thread_in_native, id=259, stack(0x000000030504b000,0x000000030584b000)]
  0x00007fa216010c00 JavaThread "Reference Handler" daemon [_thread_blocked, id=43275, stack(0x0000000305ee1000,0x0000000305fe1000)]
  0x00007fa2270d5c00 JavaThread "Finalizer" daemon [_thread_blocked, id=42755, stack(0x0000000305fe4000,0x00000003060e4000)]
  0x00007fa2270d4000 JavaThread "Signal Dispatcher" daemon [_thread_blocked, id=40195, stack(0x00000003061f7000,0x00000003062f7000)]
  0x00007fa216011200 JavaThread "Service Thread" daemon [_thread_blocked, id=24067, stack(0x00000003062fa000,0x00000003063fa000)]
  0x00007fa226008c00 JavaThread "Monitor Deflation Thread" daemon [_thread_blocked, id=39939, stack(0x00000003063fd000,0x00000003064fd000)]
  0x00007fa20602e000 JavaThread "C2 CompilerThread0" daemon [_thread_blocked, id=39427, stack(0x0000000306500000,0x0000000306600000)]
  0x00007fa226009200 JavaThread "C1 CompilerThread0" daemon [_thread_blocked, id=24579, stack(0x0000000306603000,0x0000000306703000)]
  0x00007fa2270d4600 JavaThread "Sweeper thread" daemon [_thread_blocked, id=25091, stack(0x0000000306706000,0x0000000306806000)]
  0x00007fa216011800 JavaThread "Notification Thread" daemon [_thread_blocked, id=38415, stack(0x0000000306809000,0x0000000306909000)]
  0x00007fa2270d4c00 JavaThread "Common-Cleaner" daemon [_thread_blocked, id=37647, stack(0x0000000306a0f000,0x0000000306b0f000)]
  0x00007fa227174a00 JavaThread "robot main" daemon [_thread_blocked, id=51311, stack(0x0000000306ca1000,0x0000000306da1000)]
  0x00007fa216160800 JavaThread "Thread-0" daemon [_thread_in_vm, id=68523, stack(0x0000000308e23000,0x0000000308f23000)]
  0x00007fa226010c00 JavaThread "LogReceiver" daemon [_thread_blocked, id=67347, stack(0x0000000308f26000,0x0000000309026000)]
  0x00007fa1e6046800 JavaThread "SIGTERM handler" daemon [_thread_blocked, id=61251, stack(0x00000003096cb000,0x00000003097cb000)]

Other Threads:
  0x00007fa22680af10 VMThread "VM Thread" [stack: 0x0000000305dde000,0x0000000305ede000] [id=16387]
  0x00007fa205f05fb0 GCTaskThread "GC Thread#0" [stack: 0x00000003058cf000,0x00000003059cf000] [id=13571]
  0x00007fa2268b3e00 GCTaskThread "GC Thread#1" [stack: 0x0000000309133000,0x0000000309233000] [id=60467]
  0x00007fa2268b5d10 GCTaskThread "GC Thread#2" [stack: 0x0000000309236000,0x0000000309336000] [id=87299]
  0x00007fa225f1d330 GCTaskThread "GC Thread#3" [stack: 0x0000000309339000,0x0000000309439000] [id=174083]
  0x00007fa215fa94f0 GCTaskThread "GC Thread#4" [stack: 0x000000030943c000,0x000000030953c000] [id=87555]
  0x00007fa215fa9b80 GCTaskThread "GC Thread#5" [stack: 0x000000030953f000,0x000000030963f000] [id=173315]
  0x00007fa225f05260 ConcurrentGCThread "G1 Main Marker" terminated
  0x00007fa225f05ae0 ConcurrentGCThread "G1 Conc#0" [stack: 0x0000000305ad5000,0x0000000305bd5000] [id=14339]
  0x00007fa226806930 ConcurrentGCThread "G1 Refine#0" terminated
  0x00007fa2268071c0 ConcurrentGCThread "G1 Service" terminated

Threads with active compile tasks:

VM state: at safepoint (shutting down)

VM Mutex/Monitor currently owned by a thread:  ([mutex/lock_event])
[0x00006000026d6500] Threads_lock - owner thread: 0x00007fa22680af10
[0x00006000026d6a80] Heap_lock - owner thread: 0x00007fa1e6046800

Heap address: 0x0000000700000000, size: 4096 MB, Compressed Oops mode: Zero based, Oop shift amount: 3

CDS archive(s) mapped at: [0x0000000800000000-0x0000000800bd4000-0x0000000800bd4000), size 12402688, SharedBaseAddress: 0x0000000800000000, ArchiveRelocationMode: 0.
Compressed class space mapped at: 0x0000000800c00000-0x0000000840c00000, reserved size: 1073741824
Narrow klass base: 0x0000000800000000, Narrow klass shift: 0, Narrow klass range: 0x100000000

GC Precious Log:
 CPUs: 8 total, 8 available
 Memory: 16384M
 Large Page Support: Disabled
 NUMA Support: Disabled
 Compressed Oops: Enabled (Zero based)
 Heap Region Size: 2M
 Heap Min Capacity: 8M
 Heap Initial Capacity: 256M
 Heap Max Capacity: 4G
 Pre-touch: Disabled
 Parallel Workers: 8
 Concurrent Workers: 2
 Concurrent Refinement Workers: 8
 Periodic GC: Disabled

Heap:
 garbage-first heap   total 266240K, used 81966K [0x0000000700000000, 0x0000000800000000)
  region size 2048K, 41 young (83968K), 2 survivors (4096K)
 Metaspace       used 5156K, committed 5376K, reserved 1056768K
  class space    used 456K, committed 576K, reserved 1048576K

Heap Regions: E=young(eden), S=young(survivor), O=old, HS=humongous(starts), HC=humongous(continues), CS=collection set, F=free, OA=open archive, CA=closed archive, TAMS=top-at-mark-start (previous, next)
|   0|0x0000000700000000, 0x0000000700000000, 0x0000000700200000|  0%| F|  |TAMS 0x0000000700000000, 0x0000000700000000| Untracked 
|   1|0x0000000700200000, 0x0000000700200000, 0x0000000700400000|  0%| F|  |TAMS 0x0000000700200000, 0x0000000700200000| Untracked 
|   2|0x0000000700400000, 0x0000000700400000, 0x0000000700600000|  0%| F|  |TAMS 0x0000000700400000, 0x0000000700400000| Untracked 
|   3|0x0000000700600000, 0x0000000700600000, 0x0000000700800000|  0%| F|  |TAMS 0x0000000700600000, 0x0000000700600000| Untracked 
|   4|0x0000000700800000, 0x0000000700800000, 0x0000000700a00000|  0%| F|  |TAMS 0x0000000700800000, 0x0000000700800000| Untracked 
|   5|0x0000000700a00000, 0x0000000700a00000, 0x0000000700c00000|  0%| F|  |TAMS 0x0000000700a00000, 0x0000000700a00000| Untracked 
|   6|0x0000000700c00000, 0x0000000700c00000, 0x0000000700e00000|  0%| F|  |TAMS 0x0000000700c00000, 0x0000000700c00000| Untracked 
|   7|0x0000000700e00000, 0x0000000700e00000, 0x0000000701000000|  0%| F|  |TAMS 0x0000000700e00000, 0x0000000700e00000| Untracked 
|   8|0x0000000701000000, 0x0000000701000000, 0x0000000701200000|  0%| F|  |TAMS 0x0000000701000000, 0x0000000701000000| Untracked 
|   9|0x0000000701200000, 0x0000000701200000, 0x0000000701400000|  0%| F|  |TAMS 0x0000000701200000, 0x0000000701200000| Untracked 
|  10|0x0000000701400000, 0x0000000701400000, 0x0000000701600000|  0%| F|  |TAMS 0x0000000701400000, 0x0000000701400000| Untracked 
|  11|0x0000000701600000, 0x0000000701600000, 0x0000000701800000|  0%| F|  |TAMS 0x0000000701600000, 0x0000000701600000| Untracked 