#
# A fatal error has been detected by the Java Runtime Environment:
#
#  SIGSEGV (0xb) at pc=0x00000001354c744b, pid=2744, tid=259
#
# JRE version: Java(TM) SE Runtime Environment (17.0.1+12) (build 17.0.1+12-LTS-39)
# Java VM: Java HotSpot(TM) 64-Bit Server VM (17.0.1+12-LTS-39, mixed mode, sharing, tiered, compressed oops, compressed class ptrs, g1 gc, bsd-amd64)
# Problematic frame:
# C  [libhalsim_gui.dylib+0x1e44b]  _ZNSt3__110__function6__funcIZN9halsimgui19NetworkTablesSimGui10InitializeEvE3$_0NS_9allocatorIS4_EEFvvEEclEv+0xb
#
# No core dump will be written. Core dumps have been disabled. To enable core dumping, try "ulimit -c unlimited" before starting Java again
#
# If you would like to submit a bug report, please visit:
#   https://bugreport.java.com/bugreport/crash.jsp
# The crash happened outside the Java Virtual Machine in native code.
# See problematic frame for where to report the bug.
#

---------------  S U M M A R Y ------------

Command Line: -Djava.library.path=/Users/matth/Documents/GitHub/ChargedUp-2023/build/jni/release -Dfile.encoding=UTF-8 -Duser.country=US -Duser.language=en -Duser.variant /Users/matth/Documents/GitHub/ChargedUp-2023/build/libs/ChargedUp-2023.jar

Host: "MacBookAir10,1" x86_64 (EMULATED) 2400 MHz, 8 cores, 16G, Darwin 21.6.0, macOS 12.5 (21G72)
Time: Sun Jan 29 19:17:17 2023 EST elapsed time: 2359.612627 seconds (0d 0h 39m 19s)

---------------  T H R E A D  ---------------

Current thread (0x00007fc849008a00):  JavaThread "main" [_thread_in_native, id=259, stack(0x000000030c49f000,0x000000030cc9f000)]

Stack: [0x000000030c49f000,0x000000030cc9f000],  sp=0x000000030cc9b960,  free space=8178k
Native frames: (J=compiled Java code, j=interpreted, Vv=VM code, C=native code)
C  [libhalsim_gui.dylib+0x1e44b]  _ZNSt3__110__function6__funcIZN9halsimgui19NetworkTablesSimGui10InitializeEvE3$_0NS_9allocatorIS4_EEFvvEEclEv+0xb
C  [libhalsim_gui.dylib+0x87d35]  _ZN3wpi3gui17CommonRenderFrameEv+0x75
C  [libhalsim_gui.dylib+0x9b516]  _ZN3wpi3gui19PlatformRenderFrameEv+0x326
C  [libhalsim_gui.dylib+0x87c37]  _ZN3wpi3gui4MainEv+0x107
C  [libhalsim_gui.dylib+0x1dbf9]  _ZZ20HALSIM_InitExtensionEN3$_28__invokeEPv+0x9
j  edu.wpi.first.hal.HAL.runMain()V+0
j  edu.wpi.first.wpilibj.RobotBase.startRobot(Ljava/util/function/Supplier;)V+83
j  com.team4099.robot2023.Main$Companion.main([Ljava/lang/String;)V+11
j  com.team4099.robot2023.Main.main([Ljava/lang/String;)V+4
v  ~StubRoutines::call_stub
V  [libjvm.dylib+0x502a21]  _ZN9JavaCalls11call_helperEP9JavaValueRK12methodHandleP17JavaCallArgumentsP10JavaThread+0x2a1
V  [libjvm.dylib+0x564412]  _ZL17jni_invoke_staticP7JNIEnv_P9JavaValueP8_jobject11JNICallTypeP10_jmethodIDP18JNI_ArgumentPusherP10JavaThread+0x152
V  [libjvm.dylib+0x5677d3]  jni_CallStaticVoidMethod+0x183
C  [libjli.dylib+0x50bf]  JavaMain+0x9bf
C  [libjli.dylib+0x7a5c]  __JVMInit_block_invoke+0x4c
C  [Foundation+0x41ae1]  __NSBLOCKOPERATION_IS_CALLING_OUT_TO_A_BLOCK__+0x7
C  [Foundation+0x419d9]  -[NSBlockOperation main]+0x62
C  [Foundation+0x4196f]  __NSOPERATION_IS_INVOKING_MAIN__+0x11
C  [Foundation+0x40bdb]  -[NSOperation start]+0x311
C  [Foundation+0x814f7]  __NSThreadPerformPerform+0xb3
C  [CoreFoundation+0x7f37a]  __CFRUNLOOP_IS_CALLING_OUT_TO_A_SOURCE0_PERFORM_FUNCTION__+0x11
C  [CoreFoundation+0x7f2e2]  __CFRunLoopDoSource0+0xb4
C  [CoreFoundation+0x7f060]  __CFRunLoopDoSources0+0xf2
C  [CoreFoundation+0x7da70]  __CFRunLoopRun+0x37c
C  [CoreFoundation+0x7d034]  CFRunLoopRunSpecific+0x232
C  [libjli.dylib+0x70b2]  CreateExecutionEnvironment+0x182
C  [libjli.dylib+0x2c15]  JLI_Launch+0x585
C  [java+0x3c09]  main+0x189
C  0x00000002047ca52e

Java frames: (J=compiled Java code, j=interpreted, Vv=VM code)
j  edu.wpi.first.hal.HAL.runMain()V+0
j  edu.wpi.first.wpilibj.RobotBase.startRobot(Ljava/util/function/Supplier;)V+83
j  com.team4099.robot2023.Main$Companion.main([Ljava/lang/String;)V+11
j  com.team4099.robot2023.Main.main([Ljava/lang/String;)V+4
v  ~StubRoutines::call_stub

siginfo: si_signo: 11 (SIGSEGV), si_code: 1 (SEGV_MAPERR), si_addr: 0x0000000000000000

Register to memory mapping:

RAX=0x000000013589b608: _ZTVNSt3__110__function6__funcIZN9halsimgui19NetworkTablesSimGui10InitializeEvE3$_0NS_9allocatorIS4_EEFvvEEE+0x10 in /Users/matth/Documents/GitHub/ChargedUp-2023/build/jni/release/libhalsim_gui.dylib at 0x00000001354a9000
RBX=0x0000000000000004 is an unknown value
RCX=0x00007fc859809c10 points into unknown readable memory: 0x00000001358998e8 | e8 98 89 35 01 00 00 00
RDX=0x0000000000000005 is an unknown value
RSP=0x000000030cc9b960 is pointing into the stack for thread: 0x00007fc849008a00
RBP=0x000000030cc9b960 is pointing into the stack for thread: 0x00007fc849008a00
RSI=0x0 is NULL
RDI=0x0 is NULL
R8 =0x0000000000000588 is an unknown value
R9 =0x0 is NULL
R10=0x0 is NULL
R11=0x0 is NULL
R12=0x00007ff80987f300: objc_release+0 in /usr/lib/libobjc.A.dylib at 0x00007ff809876000
R13=0x0000600003cfa080 points into unknown readable memory: 0x021dfff84b440265 | 65 02 44 4b f8 ff 1d 02
R14=0xaaaaaaaaaaaaaaab is an unknown value
R15=0x00000000000000e0 is an unknown value


Registers:
RAX=0x000000013589b608, RBX=0x0000000000000004, RCX=0x00007fc859809c10, RDX=0x0000000000000005
RSP=0x000000030cc9b960, RBP=0x000000030cc9b960, RSI=0x0000000000000000, RDI=0x0000000000000000
R8 =0x0000000000000588, R9 =0x0000000000000000, R10=0x0000000000000000, R11=0x0000000000000000
R12=0x00007ff80987f300, R13=0x0000600003cfa080, R14=0xaaaaaaaaaaaaaaab, R15=0x00000000000000e0
RIP=0x00000001354c744b, EFLAGS=0x0000000000000202, ERR=0x0000000000000004
  TRAPNO=0x000000000000000e

Top of Stack: (sp=0x000000030cc9b960)
0x000000030cc9b960:   000000030cc9b990 0000000135530d35
0x000000030cc9b970:   031dfff84b72d321 00007fc8599e0290
0x000000030cc9b980:   0000600002dae3a0 0000600002060120
0x000000030cc9b990:   000000030cc9ba50 0000000135544516
0x000000030cc9b9a0:   3fdcccccc0000000 3fe19999a0000000
0x000000030cc9b9b0:   3fe3333340000000 3ff0000000000000
0x000000030cc9b9c0:   3fdcccccc0000000 3fe19999a0000000
0x000000030cc9b9d0:   3fe3333340000000 3ff0000000000000
0x000000030cc9b9e0:   3fdcccccc0000000 3fe19999a0000000
0x000000030cc9b9f0:   3fe3333340000000 3ff0000000000000
0x000000030cc9ba00:   0000000000000000 00007fc85a80a1e8
0x000000030cc9ba10:   0000600003cfa080 00000ad60000079a
0x000000030cc9ba20:   00007fc8599e0290 00007fc81a80fa08
0x000000030cc9ba30:   0000000000000000 000000013200df88
0x000000030cc9ba40:   000000030cc9ba66 0000000000000000
0x000000030cc9ba50:   000000030cc9ba80 0000000135530c37
0x000000030cc9ba60:   000000010d9747e0 000000013200df88
0x000000030cc9ba70:   000000030cc9bb08 00007fc849008a00
0x000000030cc9ba80:   000000030cc9ba90 00000001354c6bf9
0x000000030cc9ba90:   000000030cc9baf0 00000001179f5365
0x000000030cc9baa0:   00000001179f50b6 000000030cc9baa8
0x000000030cc9bab0:   000000013200df88 000000030cc9bb08
0x000000030cc9bac0:   000000013200f260 0000000000000000
0x000000030cc9bad0:   0000000700000170 000000013200df88
0x000000030cc9bae0:   0000000000000000 000000030cc9bb10
0x000000030cc9baf0:   000000030cc9bb58 00000001179f142b
0x000000030cc9bb00:   0000000700000170 00000001179f2f18
0x000000030cc9bb10:   000000030cc9bb10 0000000132007ddb
0x000000030cc9bb20:   000000030cc9bb80 000000013200cb78
0x000000030cc9bb30:   0000000000000000 00000007000001e8
0x000000030cc9bb40:   000000013200bf20 000000030cc9bb10
0x000000030cc9bb50:   000000030cc9bb80 000000030cc9bbd0 

Instructions: (pc=0x00000001354c744b)
0x00000001354c734b:   fb 75 0e 48 8b 07 ff 50 20 4c 89 f7 e8 fc 45 31
0x00000001354c735b:   00 48 85 ff 74 06 48 8b 07 ff 50 28 4c 89 f7 e8
0x00000001354c736b:   e9 45 31 00 49 89 c6 48 89 df e8 da 49 31 00 4c
0x00000001354c737b:   89 f7 e8 d6 45 31 00 66 2e 0f 1f 84 00 00 00 00
0x00000001354c738b:   00 0f 1f 40 00 55 48 89 e5 48 8b 3d fd 24 3e 00
0x00000001354c739b:   48 85 ff 74 0c 48 8d 35 a9 6d 3a 00 e8 44 ce 04
0x00000001354c73ab:   00 48 8b 3d ed 24 3e 00 48 85 ff 74 0d 48 8d 35
0x00000001354c73bb:   a4 6d 3a 00 5d e9 2b ce 04 00 5d c3 66 0f 1f 84
0x00000001354c73cb:   00 00 00 00 00 55 48 89 e5 5d c3 66 2e 0f 1f 84
0x00000001354c73db:   00 00 00 00 00 55 48 89 e5 5d e9 6a 49 31 00 66
0x00000001354c73eb:   0f 1f 44 00 00 55 48 89 e5 bf 10 00 00 00 e8 5c
0x00000001354c73fb:   49 31 00 48 8d 0d 03 42 3d 00 48 89 08 5d c3 66
0x00000001354c740b:   0f 1f 44 00 00 55 48 89 e5 48 8d 05 ed 41 3d 00
0x00000001354c741b:   48 89 06 5d c3 55 48 89 e5 5d c3 66 2e 0f 1f 84
0x00000001354c742b:   00 00 00 00 00 55 48 89 e5 5d e9 1a 49 31 00 66
0x00000001354c743b:   0f 1f 44 00 00 55 48 89 e5 48 8b 3d 45 24 3e 00
0x00000001354c744b:   48 8b 07 5d ff 60 10 66 2e 0f 1f 84 00 00 00 00
0x00000001354c745b:   00 0f 1f 40 00 55 48 89 e5 48 8d 0d 4e f8 31 00
0x00000001354c746b:   48 83 c7 08 31 c0 48 39 4e 08 48 0f 44 c7 5d c3
0x00000001354c747b:   0f 1f 44 00 00 55 48 89 e5 48 8d 05 dd 41 3d 00
0x00000001354c748b:   5d c3 0f 1f 00 55 48 89 e5 5d c3 66 2e 0f 1f 84
0x00000001354c749b:   00 00 00 00 00 55 48 89 e5 5d e9 aa 48 31 00 66
0x00000001354c74ab:   0f 1f 44 00 00 55 48 89 e5 bf 10 00 00 00 e8 9c
0x00000001354c74bb:   48 31 00 48 8d 0d c3 41 3d 00 48 89 08 5d c3 66
0x00000001354c74cb:   0f 1f 44 00 00 55 48 89 e5 48 8d 05 ad 41 3d 00
0x00000001354c74db:   48 89 06 5d c3 55 48 89 e5 5d c3 66 2e 0f 1f 84
0x00000001354c74eb:   00 00 00 00 00 55 48 89 e5 5d e9 5a 48 31 00 66
0x00000001354c74fb:   0f 1f 44 00 00 55 48 89 e5 48 8b 3d 8d 23 3e 00
0x00000001354c750b:   5d e9 4f c9 04 00 66 2e 0f 1f 84 00 00 00 00 00
0x00000001354c751b:   0f 1f 44 00 00 55 48 89 e5 48 8d 0d 2c f8 31 00
0x00000001354c752b:   48 83 c7 08 31 c0 48 39 4e 08 48 0f 44 c7 5d c3
0x00000001354c753b:   0f 1f 44 00 00 55 48 89 e5 48 8d 05 9d 41 3d 00 


Stack slot to memory mapping:
stack at sp + 0 slots: 0x000000030cc9b990 is pointing into the stack for thread: 0x00007fc849008a00
stack at sp + 1 slots: 0x0000000135530d35: _ZN3wpi3gui17CommonRenderFrameEv+0x75 in /Users/matth/Documents/GitHub/ChargedUp-2023/build/jni/release/libhalsim_gui.dylib at 0x00000001354a9000
stack at sp + 2 slots: 0x031dfff84b72d321 is an unknown value
stack at sp + 3 slots: 0x00007fc8599e0290 points into unknown readable memory: 0x021dfffa4cfd0a6d | 6d 0a fd 4c fa ff 1d 02
stack at sp + 4 slots: 0x0000600002dae3a0 points into unknown readable memory: 0x021dfff84b72d321 | 21 d3 72 4b f8 ff 1d 02
stack at sp + 5 slots: 0x0000600002060120 points into unknown readable memory: 0x011dfffa4cfd1289 | 89 12 fd 4c fa ff 1d 01
stack at sp + 6 slots: 0x000000030cc9ba50 is pointing into the stack for thread: 0x00007fc849008a00
stack at sp + 7 slots: 0x0000000135544516: _ZN3wpi3gui19PlatformRenderFrameEv+0x326 in /Users/matth/Documents/GitHub/ChargedUp-2023/build/jni/release/libhalsim_gui.dylib at 0x00000001354a9000


---------------  P R O C E S S  ---------------

Threads class SMR info:
_java_thread_list=0x0000600001208940, length=15, elements={
0x00007fc849008a00, 0x00007fc85a00aa00, 0x00007fc859019c00, 0x00007fc8490f0000,
0x00007fc85900f800, 0x00007fc85901b400, 0x00007fc859012800, 0x00007fc859012e00,
0x00007fc859013400, 0x00007fc859013a00, 0x00007fc85a829a00, 0x00007fc849176400,
0x00007fc849171e00, 0x00007fc849187400, 0x00007fc859098c00
}

Java Threads: ( => current thread )
=>0x00007fc849008a00 JavaThread "main" [_thread_in_native, id=259, stack(0x000000030c49f000,0x000000030cc9f000)]
  0x00007fc85a00aa00 JavaThread "Reference Handler" daemon [_thread_blocked, id=43335, stack(0x000000030d335000,0x000000030d435000)]
  0x00007fc859019c00 JavaThread "Finalizer" daemon [_thread_blocked, id=42755, stack(0x000000030d438000,0x000000030d538000)]
  0x00007fc8490f0000 JavaThread "Signal Dispatcher" daemon [_thread_blocked, id=40451, stack(0x000000030d64b000,0x000000030d74b000)]
  0x00007fc85900f800 JavaThread "Service Thread" daemon [_thread_blocked, id=24323, stack(0x000000030d74e000,0x000000030d84e000)]
  0x00007fc85901b400 JavaThread "Monitor Deflation Thread" daemon [_thread_blocked, id=24835, stack(0x000000030d851000,0x000000030d951000)]
  0x00007fc859012800 JavaThread "C2 CompilerThread0" daemon [_thread_blocked, id=25091, stack(0x000000030d954000,0x000000030da54000)]
  0x00007fc859012e00 JavaThread "C1 CompilerThread0" daemon [_thread_blocked, id=39683, stack(0x000000030da57000,0x000000030db57000)]
  0x00007fc859013400 JavaThread "Sweeper thread" daemon [_thread_blocked, id=39171, stack(0x000000030db5a000,0x000000030dc5a000)]
  0x00007fc859013a00 JavaThread "Notification Thread" daemon [_thread_blocked, id=25871, stack(0x000000030dc5d000,0x000000030dd5d000)]
  0x00007fc85a829a00 JavaThread "Common-Cleaner" daemon [_thread_blocked, id=26383, stack(0x000000030de63000,0x000000030df63000)]
  0x00007fc849176400 JavaThread "robot main" daemon [_thread_blocked, id=78347, stack(0x000000030e06c000,0x000000030e16c000)]
  0x00007fc849171e00 JavaThread "Thread-0" daemon [_thread_in_native, id=67351, stack(0x0000000310276000,0x0000000310376000)]
  0x00007fc849187400 JavaThread "LogReceiver" daemon [_thread_blocked, id=63287, stack(0x0000000310379000,0x0000000310479000)]
  0x00007fc859098c00 JavaThread "SIGTERM handler" daemon [_thread_blocked, id=59799, stack(0x0000000310b1f000,0x0000000310c1f000)]

Other Threads:
  0x00007fc859906a00 VMThread "VM Thread" [stack: 0x000000030d232000,0x000000030d332000] [id=16131]
  0x00007fc848f07340 GCTaskThread "GC Thread#0" [stack: 0x000000030cd23000,0x000000030ce23000] [id=18947]
  0x00007fc8598a59b0 GCTaskThread "GC Thread#1" [stack: 0x0000000310587000,0x0000000310687000] [id=65115]
  0x00007fc848f928d0 GCTaskThread "GC Thread#2" [stack: 0x000000031068a000,0x000000031078a000] [id=65283]
  0x00007fc848f92f20 GCTaskThread "GC Thread#3" [stack: 0x000000031078d000,0x000000031088d000] [id=66051]
  0x00007fc8598a5c50 GCTaskThread "GC Thread#4" [stack: 0x0000000310890000,0x0000000310990000] [id=87299]
  0x00007fc8598a64b0 GCTaskThread "GC Thread#5" [stack: 0x0000000310993000,0x0000000310a93000] [id=87811]
  0x00007fc848f079e0 ConcurrentGCThread "G1 Main Marker" terminated
  0x00007fc848f08260 ConcurrentGCThread "G1 Conc#0" [stack: 0x000000030cf29000,0x000000030d029000] [id=14083]
  0x00007fc848f0aac0 ConcurrentGCThread "G1 Refine#0" terminated
  0x00007fc848f0b350 ConcurrentGCThread "G1 Service" terminated

Threads with active compile tasks:

VM state: at safepoint (shutting down)

VM Mutex/Monitor currently owned by a thread:  ([mutex/lock_event])
[0x0000600003cae680] Threads_lock - owner thread: 0x00007fc859906a00
[0x0000600003caec00] Heap_lock - owner thread: 0x00007fc859098c00

Heap address: 0x0000000700000000, size: 4096 MB, Compressed Oops mode: Zero based, Oop shift amount: 3

CDS archive(s) mapped at: [0x0000000800000000-0x0000000800bd4000-0x0000000800bd4000), size 12402688, SharedBaseAddress: 0x0000000800000000, ArchiveRelocationMode: 0.
Compressed class space mapped at: 0x0000000800c00000-0x0000000840c00000, reserved size: 1073741824
Narrow klass base: 0x0000000800000000, Narrow klass shift: 0, Narrow klass range: 0x100000000

GC Precious Log:
 CPUs: 8 total, 8 available
 Memory: 16384M
 Large Page Support: Disabled
 NUMA Support: Disabled
 Compressed Oops: Enabled (Zero based)
 Heap Region Size: 2M
 Heap Min Capacity: 8M
 Heap Initial Capacity: 256M
 Heap Max Capacity: 4G
 Pre-touch: Disabled
 Parallel Workers: 8
 Concurrent Workers: 2
 Concurrent Refinement Workers: 8
 Periodic GC: Disabled

Heap:
 garbage-first heap   total 266240K, used 148052K [0x0000000700000000, 0x0000000800000000)
  region size 2048K, 71 young (145408K), 1 survivors (2048K)
 Metaspace       used 5165K, committed 5376K, reserved 1056768K
  class space    used 455K, committed 576K, reserved 1048576K

Heap Regions: E=young(eden), S=young(survivor), O=old, HS=humongous(starts), HC=humongous(continues), CS=collection set, F=free, OA=open archive, CA=closed archive, TAMS=top-at-mark-start (previous, next)
|   0|0x0000000700000000, 0x0000000700200000, 0x0000000700200000|100%| O|  |TAMS 0x0000000700000000, 0x0000000700000000| Untracked 
|   1|0x0000000700200000, 0x000000070035b800, 0x0000000700400000| 67%| O|  |TAMS 0x0000000700200000, 0x0000000700200000| Untracked 
|   2|0x0000000700400000, 0x0000000700400000, 0x0000000700600000|  0%| F|  |TAMS 0x0000000700400000, 0x0000000700400000| Untracked 
|   3|0x0000000700600000, 0x0000000700600000, 0x0000000700800000|  0%| F|  |TAMS 0x0000000700600000, 0x0000000700600000| Untracked 
|   4|0x0000000700800000, 0x0000000700800000, 0x0000000700a00000|  0%| F|  |TAMS 0x0000000700800000, 0x0000000700800000| Untracked 
|   5|0x0000000700a00000, 0x0000000700a00000, 0x0000000700c00000|  0%| F|  |TAMS 0x0000000700a00000, 0x0000000700a00000| Untracked 
|   6|0x0000000700c00000, 0x0000000700c00000, 0x0000000700e00000|  0%| F|  |TAMS 0x0000000700c00000, 0x0000000700c00000| Untracked 
|   7|0x0000000700e00000, 0x0000000700e00000, 0x0000000701000000|  0%| F|  |TAMS 0x0000000700e00000, 0x0000000700e00000| Untracked 
|   8|0x0000000701000000, 0x0000000701000000, 0x0000000701200000|  0%| F|  |TAMS 0x0000000701000000, 0x0000000701000000| Untracked 
|   9|0x0000000701200000, 0x0000000701200000, 0x0000000701400000|  0%| F|  |TAMS 0x0000000701200000, 0x0000000701200000| Untracked 
|  10|0x0000000701400000, 0x0000000701400000, 0x0000000701600000|  0%| F|  |TAMS 0x0000000701400000, 0x0000000701400000| Untracked 
|  11|0x0000000701600000, 0x0000000701600000, 0x0000000701800000|  0%| F|  |TAMS 0x0000000701600000, 0x0000000701600000| Untracked 
|  12|0x0000000701800000, 0x0000000701800000, 0x0000000701a00000|  0%| F|  |TAMS 0x0000000701800000, 0x0000000701800000| Untracked 
|  13|0x0000000701a00000, 0x0000000701a00000, 0x0000000701c00000|  0%| F|  |TAMS 0x0000000701a00000, 0x0000000701a00000| Untracked 
|  14|0x0000000701c00000, 0x0000000701c00000, 0x0000000701e00000|  0%| F|  |TAMS 0x0000000701c00000, 0x0000000701c00000| Untracked 
|  15|0x0000000701e00000, 0x0000000701e00000, 0x0000000702000000|  0%| F|  |TAMS 0x0000000701e00000, 0x0000000701e00000| Untracked 
|  16|0x0000000702000000, 0x0000000702000000, 0x0000000702200000|  0%| F|  |TAMS 0x0000000702000000, 0x0000000702000000| Untracked 
|  17|0x0000000702200000, 0x0000000702200000, 0x0000000702400000|  0%| F|  |TAMS 0x0000000702200000, 0x0000000702200000| Untracked 
|  18|0x0000000702400000, 0x0000000702400000, 0x0000000702600000|  0%| F|  |TAMS 0x0000000702400000, 0x0000000702400000| Untracked 
|  19|0x0000000702600000, 0x0000000702600000, 0x0000000702800000|  0%| F|  |TAMS 0x0000000702600000, 0x0000000702600000| Untracked 
|  20|0x0000000702800000, 0x0000000702800000, 0x0000000702a00000|  0%| F|  |TAMS 0x0000000702800000, 0x0000000702800000| Untracked 
|  21|0x0000000702a00000, 0x0000000702a00000, 0x0000000702c00000|  0%| F|  |TAMS 0x0000000702a00000, 0x0000000702a00000| Untracked 
|  22|0x0000000702c00000, 0x0000000702c00000, 0x0000000702e00000|  0%| F|  |TAMS 0x0000000702c00000, 0x0000000702c00000| Untracked 
|  23|0x0000000702e00000, 0x0000000702e00000, 0x0000000703000000|  0%| F|  |TAMS 0x0000000702e00000, 0x0000000702e00000| Untracked 
|  24|0x0000000703000000, 0x0000000703000000, 0x0000000703200000|  0%| F|  |TAMS 0x0000000703000000, 0x0000000703000000| Untracked 
|  25|0x0000000703200000, 0x0000000703200000, 0x0000000703400000|  0%| F|  |TAMS 0x0000000703200000, 0x0000000703200000| Untracked 
|  26|0x0000000703400000, 0x0000000703400000, 0x0000000703600000|  0%| F|  |TAMS 0x0000000703400000, 0x0000000703400000| Untracked 
|  27|0x0000000703600000, 0x0000000703600000, 0x0000000703800000|  0%| F|  |TAMS 0x0000000703600000, 0x0000000703600000| Untracked 
|  28|0x0000000703800000, 0x0000000703800000, 0x0000000703a00000|  0%| F|  |TAMS 0x0000000703800000, 0x0000000703800000| Untracked 
|  29|0x0000000703a00000, 0x0000000703a00000, 0x0000000703c00000|  0%| F|  |TAMS 0x0000000703a00000, 0x0000000703a00000| Untracked 
|  30|0x0000000703c00000, 0x0000000703c00000, 0x0000000703e00000|  0%| F|  |TAMS 0x0000000703c00000, 0x0000000703c00000| Untracked 
|  31|0x0000000703e00000, 0x0000000703e00000, 0x0000000704000000|  0%| F|  |TAMS 0x0000000703e00000, 0x0000000703e00000| Untracked 
|  32|0x0000000704000000, 0x0000000704000000, 0x0000000704200000|  0%| F|  |TAMS 0x0000000704000000, 0x0000000704000000| Untracked 
|  33|0x0000000704200000, 0x0000000704200000, 0x0000000704400000|  0%| F|  |TAMS 0x0000000704200000, 0x0000000704200000| Untracked 
|  34|0x0000000704400000, 0x0000000704400000, 0x0000000704600000|  0%| F|  |TAMS 0x0000000704400000, 0x0000000704400000| Untracked 
|  35|0x0000000704600000, 0x0000000704600000, 0x0000000704800000|  0%| F|  |TAMS 0x0000000704600000, 0x0000000704600000| Untracked 
|  36|0x0000000704800000, 0x0000000704800000, 0x0000000704a00000|  0%| F|  |TAMS 0x0000000704800000, 0x0000000704800000| Untracked 
|  37|0x0000000704a00000, 0x0000000704a00000, 0x0000000704c00000|  0%| F|  |TAMS 0x0000000704a00000, 0x0000000704a00000| Untracked 
|  38|0x0000000704c00000, 0x0000000704c00000, 0x0000000704e00000|  0%| F|  |TAMS 0x0000000704c00000, 0x0000000704c00000| Untracked 
|  39|0x0000000704e00000, 0x0000000704e00000, 0x0000000705000000|  0%| F|  |TAMS 0x0000000704e00000, 0x0000000704e00000| Untracked 
|  40|0x0000000705000000, 0x0000000705000000, 0x0000000705200000|  0%| F|  |TAMS 0x0000000705000000, 0x0000000705000000| Untracked 
|  41|0x0000000705200000, 0x0000000705200000, 0x0000000705400000|  0%| F|  |TAMS 0x0000000705200000, 0x0000000705200000| Untracked 
|  42|0x0000000705400000, 0x0000000705400000, 0x0000000705600000|  0%| F|  |TAMS 0x0000000705400000, 0x0000000705400000| Untracked 
|  43|0x0000000705600000, 0x0000000705600000, 0x0000000705800000|  0%| F|  |TAMS 0x0000000705600000, 0x0000000705600000| Untracked 
|  44|0x0000000705800000, 0x0000000705800000, 0x0000000705a00000|  0%| F|  |TAMS 0x0000000705800000, 0x0000000705800000| Untracked 
|  45|0x0000000705a00000, 0x0000000705a00000, 0x0000000705c00000|  0%| F|  |TAMS 0x0000000705a00000, 0x0000000705a00000| Untracked 
|  46|0x0000000705c00000, 0x0000000705c00000, 0x0000000705e00000|  0%| F|  |TAMS 0x0000000705c00000, 0x0000000705c00000| Untracked 
|  47|0x0000000705e00000, 0x0000000705e00000, 0x0000000706000000|  0%| F|  |TAMS 0x0000000705e00000, 0x0000000705e00000| Untracked 
|  48|0x0000000706000000, 0x0000000706000000, 0x0000000706200000|  0%| F|  |TAMS 0x0000000706000000, 0x0000000706000000| Untracked 
|  49|0x0000000706200000, 0x0000000706200000, 0x0000000706400000|  0%| F|  |TAMS 0x0000000706200000, 0x0000000706200000| Untracked 
|  50|0x0000000706400000, 0x0000000706400000, 0x0000000706600000|  0%| F|  |TAMS 0x0000000706400000, 0x0000000706400000| Untracked 
|  51|0x0000000706600000, 0x0000000706600000, 0x0000000706800000|  0%| F|  |TAMS 0x0000000706600000, 0x0000000706600000| Untracked 
|  52|0x0000000706800000, 0x0000000706944bb0, 0x0000000706a00000| 63%| S|CS|TAMS 0x0000000706800000, 0x0000000706800000| Complete 
|  53|0x0000000706a00000, 0x0000000706a00000, 0x0000000706c00000|  0%| F|  |TAMS 0x0000000706a00000, 0x0000000706a00000| Untracked 
|  54|0x0000000706c00000, 0x0000000706c00000, 0x0000000706e00000|  0%| F|  |TAMS 0x0000000706c00000, 0x0000000706c00000| Untracked 
|  55|0x0000000706e00000, 0x0000000706e00000, 0x0000000707000000|  0%| F|  |TAMS 0x0000000706e00000, 0x0000000706e00000| Untracked 
|  56|0x0000000707000000, 0x0000000707000000, 0x0000000707200000|  0%| F|  |TAMS 0x0000000707000000, 0x0000000707000000| Untracked 
|  57|0x0000000707200000, 0x0000000707200000, 0x0000000707400000|  0%| F|  |TAMS 0x0000000707200000, 0x0000000707200000| Untracked 
|  58|0x0000000707400000, 0x0000000707400800, 0x0000000707600000|  0%| E|  |TAMS 0x0000000707400000, 0x0000000707400000| Complete 
|  59|0x0000000707600000, 0x0000000707800000, 0x0000000707800000|100%| E|CS|TAMS 0x0000000707600000, 0x0000000707600000| Complete 
|  60|0x0000000707800000, 0x0000000707a00000, 0x0000000707a00000|100%| E|CS|TAMS 0x0000000707800000, 0x0000000707800000| Complete 
|  61|0x0000000707a00000, 0x0000000707c00000, 0x0000000707c00000|100%| E|CS|TAMS 0x0000000707a00000, 0x0000000707a00000| Complete 
|  62|0x0000000707c00000, 0x0000000707e00000, 0x0000000707e00000|100%| E|CS|TAMS 0x0000000707c00000, 0x0000000707c00000| Complete 
|  63|0x0000000707e00000, 0x0000000708000000, 0x0000000708000000|100%| E|CS|TAMS 0x0000000707e00000, 0x0000000707e00000| Complete 
|  64|0x0000000708000000, 0x0000000708200000, 0x0000000708200000|100%| E|CS|TAMS 0x0000000708000000, 0x0000000708000000| Complete 
|  65|0x0000000708200000, 0x0000000708400000, 0x0000000708400000|100%| E|CS|TAMS 0x0000000708200000, 0x0000000708200000| Complete 
|  66|0x0000000708400000, 0x0000000708600000, 0x0000000708600000|100%| E|CS|TAMS 0x0000000708400000, 0x0000000708400000| Complete 
|  67|0x0000000708600000, 0x0000000708800000, 0x0000000708800000|100%| E|CS|TAMS 0x0000000708600000, 0x0000000708600000| Complete 
|  68|0x0000000708800000, 0x0000000708a00000, 0x0000000708a00000|100%| E|CS|TAMS 0x0000000708800000, 0x0000000708800000| Complete 
|  69|0x0000000708a00000, 0x0000000708c00000, 0x0000000708c00000|100%| E|CS|TAMS 0x0000000708a00000, 0x0000000708a00000| Complete 
|  70|0x0000000708c00000, 0x0000000708e00000, 0x0000000708e00000|100%| E|CS|TAMS 0x0000000708c00000, 0x0000000708c00000| Complete 
|  71|0x0000000708e00000, 0x0000000709000000, 0x0000000709000000|100%| E|CS|TAMS 0x0000000708e00000, 0x0000000708e00000| Complete 
|  72|0x0000000709000000, 0x0000000709200000, 0x0000000709200000|100%| E|CS|TAMS 0x0000000709000000, 0x0000000709000000| Complete 
|  73|0x0000000709200000, 0x0000000709400000, 0x0000000709400000|100%| E|CS|TAMS 0x0000000709200000, 0x0000000709200000| Complete 
|  74|0x0000000709400000, 0x0000000709600000, 0x0000000709600000|100%| E|CS|TAMS 0x0000000709400000, 0x0000000709400000| Complete 
|  75|0x0000000709600000, 0x0000000709800000, 0x0000000709800000|100%| E|CS|TAMS 0x0000000709600000, 0x0000000709600000| Complete 
|  76|0x0000000709800000, 0x0000000709a00000, 0x0000000709a00000|100%| E|CS|TAMS 0x0000000709800000, 0x0000000709800000| Complete 
|  77|0x0000000709a00000, 0x0000000709c00000, 0x0000000709c00000|100%| E|CS|TAMS 0x0000000709a00000, 0x0000000709a00000| Complete 
|  78|0x0000000709c00000, 0x0000000709e00000, 0x0000000709e00000|100%| E|CS|TAMS 0x0000000709c00000, 0x0000000709c00000| Complete 
|  79|0x0000000709e00000, 0x000000070a000000, 0x000000070a000000|100%| E|CS|TAMS 0x0000000709e00000, 0x0000000709e00000| Complete 
|  80|0x000000070a000000, 0x000000070a200000, 0x000000070a200000|100%| E|CS|TAMS 0x000000070a000000, 0x000000070a000000| Complete 
|  81|0x000000070a200000, 0x000000070a400000, 0x000000070a400000|100%| E|CS|TAMS 0x000000070a200000, 0x000000070a200000| Complete 
|  82|0x000000070a400000, 0x000000070a600000, 0x000000070a600000|100%| E|CS|TAMS 0x000000070a400000, 0x000000070a400000| Complete 
|  83|0x000000070a600000, 0x000000070a800000, 0x000000070a800000|100%| E|CS|TAMS 0x000000070a600000, 0x000000070a600000| Complete 
|  84|0x000000070a800000, 0x000000070aa00000, 0x000000070aa00000|100%| E|CS|TAMS 0x000000070a800000, 0x000000070a800000| Complete 
|  85|0x000000070aa00000, 0x000000070ac00000, 0x000000070ac00000|100%| E|CS|TAMS 0x000000070aa00000, 0x000000070aa00000| Complete 
|  86|0x000000070ac00000, 0x000000070ae00000, 0x000000070ae00000|100%| E|CS|TAMS 0x000000070ac00000, 0x000000070ac00000| Complete 
|  87|0x000000070ae00000, 0x000000070b000000, 0x000000070b000000|100%| E|CS|TAMS 0x000000070ae00000, 0x000000070ae00000| Complete 
|  88|0x000000070b000000, 0x000000070b200000, 0x000000070b200000|100%| E|CS|TAMS 0x000000070b000000, 0x000000070b000000| Complete 
|  89|0x000000070b200000, 0x000000070b400000, 0x000000070b400000|100%| E|CS|TAMS 0x000000070b200000, 0x000000070b200000| Complete 
|  90|0x000000070b400000, 0x000000070b600000, 0x000000070b600000|100%| E|CS|TAMS 0x000000070b400000, 0x000000070b400000| Complete 
|  91|0x000000070b600000, 0x000000070b800000, 0x000000070b800000|100%| E|CS|TAMS 0x000000070b600000, 0x000000070b600000| Complete 
|  92|0x000000070b800000, 0x000000070ba00000, 0x000000070ba00000|100%| E|CS|TAMS 0x000000070b800000, 0x000000070b800000| Complete 
|  93|0x000000070ba00000, 0x000000070bc00000, 0x000000070bc00000|100%| E|CS|TAMS 0x000000070ba00000, 0x000000070ba00000| Complete 
|  94|0x000000070bc00000, 0x000000070be00000, 0x000000070be00000|100%| E|CS|TAMS 0x000000070bc00000, 0x000000070bc00000| Complete 
|  95|0x000000070be00000, 0x000000070c000000, 0x000000070c000000|100%| E|CS|TAMS 0x000000070be00000, 0x000000070be00000| Complete 
|  96|0x000000070c000000, 0x000000070c200000, 0x000000070c200000|100%| E|CS|TAMS 0x000000070c000000, 0x000000070c000000| Complete 
|  97|0x000000070c200000, 0x000000070c400000, 0x000000070c400000|100%| E|CS|TAMS 0x000000070c200000, 0x000000070c200000| Complete 
|  98|0x000000070c400000, 0x000000070c600000, 0x000000070c600000|100%| E|CS|TAMS 0x000000070c400000, 0x000000070c400000| Complete 
|  99|0x000000070c600000, 0x000000070c800000, 0x000000070c800000|100%| E|CS|TAMS 0x000000070c600000, 0x000000070c600000| Complete 
| 100|0x000000070c800000, 0x000000070ca00000, 0x000000070ca00000|100%| E|CS|TAMS 0x000000070c800000, 0x000000070c800000| Complete 
| 101|0x000000070ca00000, 0x000000070cc00000, 0x000000070cc00000|100%| E|CS|TAMS 0x000000070ca00000, 0x000000070ca00000| Complete 
| 102|0x000000070cc00000, 0x000000070ce00000, 0x000000070ce00000|100%| E|CS|TAMS 0x000000070cc00000, 0x000000070cc00000| Complete 
| 103|0x000000070ce00000, 0x000000070d000000, 0x000000070d000000|100%| E|CS|TAMS 0x000000070ce00000, 0x000000070ce00000| Complete 
| 104|0x000000070d000000, 0x000000070d200000, 0x000000070d200000|100%| E|CS|TAMS 0x000000070d000000, 0x000000070d000000| Complete 
| 105|0x000000070d200000, 0x000000070d400000, 0x000000070d400000|100%| E|CS|TAMS 0x000000070d200000, 0x000000070d200000| Complete 
| 106|0x000000070d400000, 0x000000070d600000, 0x000000070d600000|100%| E|CS|TAMS 0x000000070d400000, 0x000000070d400000| Complete 
| 107|0x000000070d600000, 0x000000070d800000, 0x000000070d800000|100%| E|CS|TAMS 0x000000070d600000, 0x000000070d600000| Complete 
| 108|0x000000070d800000, 0x000000070da00000, 0x000000070da00000|100%| E|CS|TAMS 0x000000070d800000, 0x000000070d800000| Complete 
| 109|0x000000070da00000, 0x000000070dc00000, 0x000000070dc00000|100%| E|CS|TAMS 0x000000070da00000, 0x000000070da00000| Complete 
| 110|0x000000070dc00000, 0x000000070de00000, 0x000000070de00000|100%| E|CS|TAMS 0x000000070dc00000, 0x000000070dc00000| Complete 
| 111|0x000000070de00000, 0x000000070e000000, 0x000000070e000000|100%| E|CS|TAMS 0x000000070de00000, 0x000000070de00000| Complete 
| 112|0x000000070e000000, 0x000000070e200000, 0x000000070e200000|100%| E|CS|TAMS 0x000000070e000000, 0x000000070e000000| Complete 
| 113|0x000000070e200000, 0x000000070e400000, 0x000000070e400000|100%| E|CS|TAMS 0x000000070e200000, 0x000000070e200000| Complete 
| 114|0x000000070e400000, 0x000000070e600000, 0x000000070e600000|100%| E|CS|TAMS 0x000000070e400000, 0x000000070e400000| Complete 
| 115|0x000000070e600000, 0x000000070e800000, 0x000000070e800000|100%| E|CS|TAMS 0x000000070e600000, 0x000000070e600000| Complete 
| 116|0x000000070e800000, 0x000000070ea00000, 0x000000070ea00000|100%| E|CS|TAMS 0x000000070e800000, 0x000000070e800000| Complete 
| 117|0x000000070ea00000, 0x000000070ec00000, 0x000000070ec00000|100%| E|CS|TAMS 0x000000070ea00000, 0x000000070ea00000| Complete 
| 118|0x000000070ec00000, 0x000000070ee00000, 0x000000070ee00000|100%| E|CS|TAMS 0x000000070ec00000, 0x000000070ec00000| Complete 
| 119|0x000000070ee00000, 0x000000070f000000, 0x000000070f000000|100%| E|CS|TAMS 0x000000070ee00000, 0x000000070ee00000| Complete 
| 120|0x000000070f000000, 0x000000070f200000, 0x000000070f200000|100%| E|CS|TAMS 0x000000070f000000, 0x000000070f000000| Complete 
| 121|0x000000070f200000, 0x000000070f400000, 0x000000070f400000|100%| E|CS|TAMS 0x000000070f200000, 0x000000070f200000| Complete 
| 122|0x000000070f400000, 0x000000070f600000, 0x000000070f600000|100%| E|CS|TAMS 0x000000070f400000, 0x000000070f400000| Complete 
| 123|0x000000070f600000, 0x000000070f800000, 0x000000070f800000|100%| E|CS|TAMS 0x000000070f600000, 0x000000070f600000| Complete 
| 124|0x000000070f800000, 0x000000070fa00000, 0x000000070fa00000|100%| E|CS|TAMS 0x000000070f800000, 0x000000070f800000| Complete 
| 125|0x000000070fa00000, 0x000000070fc00000, 0x000000070fc00000|100%| E|CS|TAMS 0x000000070fa00000, 0x000000070fa00000| Complete 
| 126|0x000000070fc00000, 0x000000070fe00000, 0x000000070fe00000|100%| E|CS|TAMS 0x000000070fc00000, 0x000000070fc00000| Complete 
| 127|0x000000070fe00000, 0x0000000710000000, 0x0000000710000000|100%| E|CS|TAMS 0x000000070fe00000, 0x000000070fe00000| Complete 
|2046|0x00000007ffc00000, 0x00000007ffd76000, 0x00000007ffe00000| 73%|OA|  |TAMS 0x00000007ffc00000, 0x00000007ffc00000| Untracked 
|2047|0x00000007ffe00000, 0x00000007ffe7f000, 0x0000000800000000| 24%|CA|  |TAMS 0x00000007ffe00000, 0x00000007ffe00000| Untracked 

Card table byte_map: [0x00000001269e8000,0x00000001271e8000] _byte_map_base: 0x00000001231e8000

Marking Bits (Prev, Next): (CMBitMap*) 0x00007fc84902b010, (CMBitMap*) 0x00007fc84902b050
 Prev Bits: [0x00000001279e8000, 0x000000012b9e8000)
 Next Bits: [0x000000012b9e8000, 0x000000012f9e8000)

Polling page: 0x000000010ca6d000

Metaspace:

Usage:
  Non-class:      4.60 MB used.
      Class:    455.57 KB used.
       Both:      5.04 MB used.

Virtual space:
  Non-class space:        8.00 MB reserved,       4.69 MB ( 59%) committed,  1 nodes.
      Class space:        1.00 GB reserved,     576.00 KB ( <1%) committed,  1 nodes.
             Both:        1.01 GB reserved,       5.25 MB ( <1%) committed. 

Chunk freelists:
   Non-Class:  448.00 KB
       Class:  3.33 MB
        Both:  3.77 MB

MaxMetaspaceSize: unlimited
CompressedClassSpaceSize: 1.00 GB
Initial GC threshold: 21.00 MB
Current GC threshold: 21.00 MB
CDS: on
MetaspaceReclaimPolicy: balanced
 - commit_granule_bytes: 65536.
 - commit_granule_words: 8192.
 - virtual_space_node_default_size: 1048576.
 - enlarge_chunks_in_place: 1.
 - new_chunks_are_fully_committed: 0.
 - uncommit_free_chunks: 1.
 - use_allocation_guard: 0.
 - handle_deallocations: 1.


Internal statistics:

num_allocs_failed_limit: 0.
num_arena_births: 110.
num_arena_deaths: 0.
num_vsnodes_births: 2.
num_vsnodes_deaths: 0.
num_space_committed: 84.
num_space_uncommitted: 0.
num_chunks_returned_to_freelist: 0.
num_chunks_taken_from_freelist: 316.
num_chunk_merges: 0.
num_chunk_splits: 199.
num_chunks_enlarged: 153.
num_purges: 0.
num_inconsistent_stats: 0.

CodeHeap 'non-profiled nmethods': size=120028Kb used=1454Kb max_used=1454Kb free=118573Kb
 bounds [0x000000011f4b1000, 0x000000011f721000, 0x00000001269e8000]
CodeHeap 'profiled nmethods': size=120028Kb used=3217Kb max_used=3217Kb free=116810Kb
 bounds [0x0000000117f7a000, 0x00000001182aa000, 0x000000011f4b1000]
CodeHeap 'non-nmethods': size=5704Kb used=1214Kb max_used=1245Kb free=4489Kb
 bounds [0x00000001179e8000, 0x0000000117c58000, 0x0000000117f7a000]
 total_blobs=2372 nmethods=1846 adapters=441
 compilation: enabled
              stopped_count=0, restarted_count=0
 full_count=0

Compilation events (20 events):
Event: 2293.255 Thread 0x00007fc859012e00 1836       3       jdk.internal.math.FDBigInteger::valueOfPow52 (101 bytes)
Event: 2293.257 Thread 0x00007fc859012e00 nmethod 1836 0x000000011829b690 code [0x000000011829b8e0, 0x000000011829c170]
Event: 2293.258 Thread 0x00007fc859012e00 1837       3       java.util.regex.Pattern$$Lambda$19/0x800000025::is (9 bytes)
Event: 2293.261 Thread 0x00007fc859012e00 nmethod 1837 0x000000011829c410 code [0x000000011829c5c0, 0x000000011829c790]
Event: 2293.262 Thread 0x00007fc859012e00 1841       1       jdk.internal.math.FloatingDecimal$BinaryToASCIIBuffer::isExceptional (2 bytes)
Event: 2293.263 Thread 0x00007fc859012e00 nmethod 1841 0x000000011f61a110 code [0x000000011f61a2a0, 0x000000011f61a370]
Event: 2293.263 Thread 0x00007fc859012e00 1842       1       jdk.internal.math.FloatingDecimal$BinaryToASCIIBuffer::getDecimalExponent (5 bytes)
Event: 2293.264 Thread 0x00007fc859012e00 nmethod 1842 0x000000011f61a410 code [0x000000011f61a5a0, 0x000000011f61a670]
Event: 2293.264 Thread 0x00007fc859012e00 1843       1       jdk.internal.math.FloatingDecimal$BinaryToASCIIBuffer::isNegative (5 bytes)
Event: 2293.264 Thread 0x00007fc859012e00 nmethod 1843 0x000000011f61a710 code [0x000000011f61a8a0, 0x000000011f61a970]
Event: 2293.264 Thread 0x00007fc859012e00 1844       1       jdk.internal.math.FormattedFloatingDecimal::getMantissa (5 bytes)
Event: 2293.264 Thread 0x00007fc859012e00 nmethod 1844 0x000000011f61aa10 code [0x000000011f61aba0, 0x000000011f61ac70]
Event: 2331.352 Thread 0x00007fc859012e00 1845       3       java.lang.AbstractStringBuilder::appendChars (207 bytes)
Event: 2331.405 Thread 0x00007fc859012e00 nmethod 1845 0x000000011829c890 code [0x000000011829cb40, 0x000000011829dac0]
Event: 2331.405 Thread 0x00007fc859012e00 1846       3       java.lang.Double::isInfinite (22 bytes)
Event: 2331.415 Thread 0x00007fc859012e00 nmethod 1846 0x000000011829e090 code [0x000000011829e260, 0x000000011829e430]
Event: 2333.598 Thread 0x00007fc859012800 1847       4       java.util.concurrent.locks.ReentrantLock$NonfairSync::tryAcquire (27 bytes)
Event: 2333.605 Thread 0x00007fc859012800 nmethod 1847 0x000000011f61ad10 code [0x000000011f61aea0, 0x000000011f61b018]
Event: 2333.937 Thread 0x00007fc859012800 1848   !   4       java.util.concurrent.locks.AbstractQueuedSynchronizer::acquire (407 bytes)
Event: 2333.957 Thread 0x00007fc859012800 nmethod 1848 0x000000011f61b090 code [0x000000011f61b280, 0x000000011f61c480]

GC Heap History (20 events):
Event: 2088.466 GC heap before
{Heap before GC invocations=78 (full 0):
 garbage-first heap   total 266240K, used 159082K [0x0000000700000000, 0x0000000800000000)
  region size 2048K, 76 young (155648K), 1 survivors (2048K)
 Metaspace       used 5153K, committed 5312K, reserved 1056768K
  class space    used 455K, committed 576K, reserved 1048576K
}
Event: 2088.468 GC heap after
{Heap after GC invocations=79 (full 0):
 garbage-first heap   total 266240K, used 5474K [0x0000000700000000, 0x0000000800000000)
  region size 2048K, 1 young (2048K), 1 survivors (2048K)
 Metaspace       used 5153K, committed 5312K, reserved 1056768K
  class space    used 455K, committed 576K, reserved 1048576K
}
Event: 2115.491 GC heap before
{Heap before GC invocations=79 (full 0):
 garbage-first heap   total 266240K, used 159074K [0x0000000700000000, 0x0000000800000000)
  region size 2048K, 76 young (155648K), 1 survivors (2048K)
 Metaspace       used 5153K, committed 5312K, reserved 1056768K
  class space    used 455K, committed 576K, reserved 1048576K
}
Event: 2115.492 GC heap after
{Heap after GC invocations=80 (full 0):
 garbage-first heap   total 266240K, used 5480K [0x0000000700000000, 0x0000000800000000)
  region size 2048K, 1 young (2048K), 1 survivors (2048K)
 Metaspace       used 5153K, committed 5312K, reserved 1056768K
  class space    used 455K, committed 576K, reserved 1048576K
}
Event: 2142.291 GC heap before
{Heap before GC invocations=80 (full 0):
 garbage-first heap   total 266240K, used 159080K [0x0000000700000000, 0x0000000800000000)
  region size 2048K, 76 young (155648K), 1 survivors (2048K)
 Metaspace       used 5153K, committed 5312K, reserved 1056768K
  class space    used 455K, committed 576K, reserved 1048576K
}
Event: 2142.293 GC heap after
{Heap after GC invocations=81 (full 0):
 garbage-first heap   total 266240K, used 6734K [0x0000000700000000, 0x0000000800000000)
  region size 2048K, 1 young (2048K), 1 survivors (2048K)
 Metaspace       used 5153K, committed 5312K, reserved 1056768K
  class space    used 455K, committed 576K, reserved 1048576K
}
Event: 2169.333 GC heap before
{Heap before GC invocations=81 (full 0):
 garbage-first heap   total 266240K, used 160334K [0x0000000700000000, 0x0000000800000000)
  region size 2048K, 76 young (155648K), 1 survivors (2048K)
 Metaspace       used 5153K, committed 5312K, reserved 1056768K
  class space    used 455K, committed 576K, reserved 1048576K
}
Event: 2169.334 GC heap after
{Heap after GC invocations=82 (full 0):
 garbage-first heap   total 266240K, used 6722K [0x0000000700000000, 0x0000000800000000)
  region size 2048K, 1 young (2048K), 1 survivors (2048K)
 Metaspace       used 5153K, committed 5312K, reserved 1056768K
  class space    used 455K, committed 576K, reserved 1048576K
}
Event: 2196.349 GC heap before
{Heap before GC invocations=82 (full 0):
 garbage-first heap   total 266240K, used 160322K [0x0000000700000000, 0x0000000800000000)
  region size 2048K, 76 young (155648K), 1 survivors (2048K)
 Metaspace       used 5153K, committed 5312K, reserved 1056768K
  class space    used 455K, committed 576K, reserved 1048576K
}
Event: 2196.350 GC heap after
{Heap after GC invocations=83 (full 0):
 garbage-first heap   total 266240K, used 6732K [0x0000000700000000, 0x0000000800000000)
  region size 2048K, 1 young (2048K), 1 survivors (2048K)
 Metaspace       used 5153K, committed 5312K, reserved 1056768K
  class space    used 455K, committed 576K, reserved 1048576K
}
Event: 2223.385 GC heap before
{Heap before GC invocations=83 (full 0):
 garbage-first heap   total 266240K, used 160332K [0x0000000700000000, 0x0000000800000000)
  region size 2048K, 76 young (155648K), 1 survivors (2048K)
 Metaspace       used 5153K, committed 5312K, reserved 1056768K
  class space    used 455K, committed 576K, reserved 1048576K
}
Event: 2223.388 GC heap after
{Heap after GC invocations=84 (full 0):
 garbage-first heap   total 266240K, used 6732K [0x0000000700000000, 0x0000000800000000)
  region size 2048K, 1 young (2048K), 1 survivors (2048K)
 Metaspace       used 5153K, committed 5312K, reserved 1056768K
  class space    used 455K, committed 576K, reserved 1048576K
}
Event: 2250.405 GC heap before
{Heap before GC invocations=84 (full 0):
 garbage-first heap   total 266240K, used 160332K [0x0000000700000000, 0x0000000800000000)
  region size 2048K, 76 young (155648K), 1 survivors (2048K)
 Metaspace       used 5153K, committed 5312K, reserved 1056768K
  class space    used 455K, committed 576K, reserved 1048576K
}
Event: 2250.406 GC heap after
{Heap after GC invocations=85 (full 0):
 garbage-first heap   total 266240K, used 6739K [0x0000000700000000, 0x0000000800000000)
  region size 2048K, 1 young (2048K), 1 survivors (2048K)
 Metaspace       used 5153K, committed 5312K, reserved 1056768K
  class space    used 455K, committed 576K, reserved 1048576K
}
Event: 2277.291 GC heap before
{Heap before GC invocations=85 (full 0):
 garbage-first heap   total 266240K, used 160339K [0x0000000700000000, 0x0000000800000000)
  region size 2048K, 76 young (155648K), 1 survivors (2048K)
 Metaspace       used 5153K, committed 5312K, reserved 1056768K
  class space    used 455K, committed 576K, reserved 1048576K
}
Event: 2277.292 GC heap after
{Heap after GC invocations=86 (full 0):
 garbage-first heap   total 266240K, used 6742K [0x0000000700000000, 0x0000000800000000)
  region size 2048K, 1 young (2048K), 1 survivors (2048K)
 Metaspace       used 5153K, committed 5312K, reserved 1056768K
  class space    used 455K, committed 576K, reserved 1048576K
}
Event: 2307.289 GC heap before
{Heap before GC invocations=86 (full 0):
 garbage-first heap   total 266240K, used 160342K [0x0000000700000000, 0x0000000800000000)
  region size 2048K, 76 young (155648K), 1 survivors (2048K)
 Metaspace       used 5161K, committed 5376K, reserved 1056768K
  class space    used 455K, committed 576K, reserved 1048576K
}
Event: 2307.292 GC heap after
{Heap after GC invocations=87 (full 0):
 garbage-first heap   total 266240K, used 6733K [0x0000000700000000, 0x0000000800000000)
  region size 2048K, 1 young (2048K), 1 survivors (2048K)
 Metaspace       used 5161K, committed 5376K, reserved 1056768K
  class space    used 455K, committed 576K, reserved 1048576K
}
Event: 2334.618 GC heap before
{Heap before GC invocations=87 (full 0):
 garbage-first heap   total 266240K, used 160333K [0x0000000700000000, 0x0000000800000000)
  region size 2048K, 76 young (155648K), 1 survivors (2048K)
 Metaspace       used 5162K, committed 5376K, reserved 1056768K
  class space    used 455K, committed 576K, reserved 1048576K
}
Event: 2334.625 GC heap after
{Heap after GC invocations=88 (full 0):
 garbage-first heap   total 266240K, used 6740K [0x0000000700000000, 0x0000000800000000)
  region size 2048K, 1 young (2048K), 1 survivors (2048K)
 Metaspace       used 5162K, committed 5376K, reserved 1056768K
  class space    used 455K, committed 576K, reserved 1048576K
}

Deoptimization events (20 events):
Event: 8.788 Thread 0x00007fc849176400 DEOPT PACKING pc=0x000000011f54903c sp=0x000000030e16b360
Event: 8.788 Thread 0x00007fc849176400 DEOPT UNPACKING pc=0x0000000117a3a093 sp=0x000000030e16b2f0 mode 2
Event: 14.459 Thread 0x00007fc849176400 Uncommon trap: trap_request=0xffffffdc fr.pc=0x000000011f564dcc relative=0x000000000000022c
Event: 14.459 Thread 0x00007fc849176400 Uncommon trap: reason=class_check action=make_not_entrant pc=0x000000011f564dcc method=java.util.ArrayList.toArray([Ljava/lang/Object;)[Ljava/lang/Object; @ 21 c2
Event: 14.459 Thread 0x00007fc849176400 DEOPT PACKING pc=0x000000011f564dcc sp=0x000000030e16af70
Event: 14.460 Thread 0x00007fc849176400 DEOPT UNPACKING pc=0x0000000117a3a093 sp=0x000000030e16af20 mode 2
Event: 14.784 Thread 0x00007fc849176400 Uncommon trap: trap_request=0xffffffcc fr.pc=0x000000011f565d9c relative=0x00000000000002fc
Event: 14.784 Thread 0x00007fc849176400 Uncommon trap: reason=intrinsic_or_type_checked_inlining action=make_not_entrant pc=0x000000011f565d9c method=java.util.ArrayList.toArray([Ljava/lang/Object;)[Ljava/lang/Object; @ 36 c2
Event: 14.784 Thread 0x00007fc849176400 DEOPT PACKING pc=0x000000011f565d9c sp=0x000000030e16b390
Event: 14.784 Thread 0x00007fc849176400 DEOPT UNPACKING pc=0x0000000117a3a093 sp=0x000000030e16b350 mode 2
Event: 1099.253 Thread 0x00007fc849187400 DEOPT PACKING pc=0x000000011828c4af sp=0x0000000310478b00
Event: 1099.253 Thread 0x00007fc849187400 DEOPT UNPACKING pc=0x0000000117a3a810 sp=0x0000000310477fe8 mode 0
Event: 1181.171 Thread 0x00007fc849187400 DEOPT PACKING pc=0x000000011828aa2d sp=0x0000000310478af0
Event: 1181.171 Thread 0x00007fc849187400 DEOPT UNPACKING pc=0x0000000117a3a810 sp=0x0000000310477fe8 mode 0
Event: 2194.946 Thread 0x00007fc849176400 DEOPT PACKING pc=0x0000000118294054 sp=0x000000030e16b8a0
Event: 2194.946 Thread 0x00007fc849176400 DEOPT UNPACKING pc=0x0000000117a3a810 sp=0x000000030e16ae18 mode 0
Event: 2331.082 Thread 0x00007fc849176400 Uncommon trap: trap_request=0xffffff5c fr.pc=0x000000011f60cca8 relative=0x0000000000000f48
Event: 2331.083 Thread 0x00007fc849176400 Uncommon trap: reason=speculate_null_check action=make_not_entrant pc=0x000000011f60cca8 method=java.util.concurrent.locks.AbstractQueuedSynchronizer.acquire(Ljava/util/concurrent/locks/AbstractQueuedSynchronizer$Node;IZZZJ)I @ 254 c2
Event: 2331.210 Thread 0x00007fc849176400 DEOPT PACKING pc=0x000000011f60cca8 sp=0x000000030e16b690
Event: 2331.221 Thread 0x00007fc849176400 DEOPT UNPACKING pc=0x0000000117a3a093 sp=0x000000030e16b660 mode 2

Classes unloaded (0 events):
No events

Classes redefined (0 events):
No events

Internal exceptions (17 events):
Event: 0.572 Thread 0x00007fc849008a00 Exception <a 'java/lang/NoSuchMethodError'{0x000000070fcc2888}: 'void java.lang.invoke.DirectMethodHandle$Holder.invokeStatic(java.lang.Object, java.lang.Object)'> (0x000000070fcc2888) 
thrown [open/src/hotspot/share/interpreter/linkResolver.cpp, line 766]
Event: 0.714 Thread 0x00007fc849176400 Exception <a 'java/lang/NoSuchMethodError'{0x000000070fa32ab0}: 'java.lang.Object java.lang.invoke.DirectMethodHandle$Holder.invokeStaticInit(java.lang.Object)'> (0x000000070fa32ab0) 
thrown [open/src/hotspot/share/interpreter/linkResolver.cpp, line 766]
Event: 0.890 Thread 0x00007fc849176400 Exception <a 'java/lang/NoSuchMethodError'{0x000000070fad4910}: 'void java.lang.invoke.DirectMethodHandle$Holder.invokeStaticInit(java.lang.Object)'> (0x000000070fad4910) 
thrown [open/src/hotspot/share/interpreter/linkResolver.cpp, line 766]
Event: 1.141 Thread 0x00007fc849176400 Exception <a 'java/lang/NoSuchMethodError'{0x000000070f56a218}: 'java.lang.Object java.lang.invoke.DirectMethodHandle$Holder.invokeInterface(java.lang.Object, java.lang.Object, java.lang.Object, double)'> (0x000000070f56a218) 
thrown [open/src/hotspot/share/interpreter/linkResolver.cpp, line 766]
Event: 1.183 Thread 0x00007fc849176400 Exception <a 'java/lang/NoSuchMethodError'{0x000000070f202c30}: 'void java.lang.invoke.DirectMethodHandle$Holder.invokeStaticInit(java.lang.Object, java.lang.Object)'> (0x000000070f202c30) 
thrown [open/src/hotspot/share/interpreter/linkResolver.cpp, line 766]
Event: 1.243 Thread 0x00007fc849176400 Exception <a 'java/lang/NoSuchMethodError'{0x000000070f23eb58}: 'void java.lang.invoke.DirectMethodHandle$Holder.invokeSpecial(java.lang.Object, java.lang.Object, java.lang.Object)'> (0x000000070f23eb58) 
thrown [open/src/hotspot/share/interpreter/linkResolver.cpp, line 766]
Event: 1.245 Thread 0x00007fc849176400 Exception <a 'java/lang/NoSuchMethodError'{0x000000070f2450e0}: 'void java.lang.invoke.DirectMethodHandle$Holder.invokeStatic(java.lang.Object, java.lang.Object, java.lang.Object)'> (0x000000070f2450e0) 
thrown [open/src/hotspot/share/interpreter/linkResolver.cpp, line 766]
Event: 1.304 Thread 0x00007fc849176400 Exception <a 'java/lang/NoSuchMethodError'{0x000000070f382058}: 'double java.lang.invoke.DirectMethodHandle$Holder.invokeStatic(java.lang.Object, java.lang.Object)'> (0x000000070f382058) 
thrown [open/src/hotspot/share/interpreter/linkResolver.cpp, line 766]
Event: 1.311 Thread 0x00007fc849176400 Exception <a 'java/lang/NoSuchMethodError'{0x000000070f38c940}: 'java.lang.Object java.lang.invoke.Invokers$Holder.invokeExact_MT(java.lang.Object, java.lang.Object, java.lang.Object, java.lang.Object, java.lang.Object, java.lang.Object)'> (0x000000070f38c940) 
thrown [open/src/hotspot/share/interpreter/linkResolver.cpp, line 766]
Event: 1.327 Thread 0x00007fc849176400 Exception <a 'java/lang/NoSuchMethodError'{0x000000070f3e8e50}: 'int java.lang.invoke.DirectMethodHandle$Holder.invokeStatic(java.lang.Object)'> (0x000000070f3e8e50) 
thrown [open/src/hotspot/share/interpreter/linkResolver.cpp, line 766]
Event: 1.395 Thread 0x00007fc849176400 Exception <a 'java/lang/NoSuchMethodError'{0x000000070f07fc70}: 'void java.lang.invoke.DirectMethodHandle$Holder.invokeInterface(java.lang.Object, java.lang.Object)'> (0x000000070f07fc70) 
thrown [open/src/hotspot/share/interpreter/linkResolver.cpp, line 766]
Event: 1.400 Thread 0x00007fc849176400 Exception <a 'java/lang/NoSuchMethodError'{0x000000070f0892f8}: 'void java.lang.invoke.DirectMethodHandle$Holder.invokeStatic(java.lang.Object, java.lang.Object, java.lang.Object, java.lang.Object)'> (0x000000070f0892f8) 
thrown [open/src/hotspot/share/interpreter/linkResolver.cpp, line 766]
Event: 3.471 Thread 0x00007fc849176400 Exception <a 'java/lang/NoSuchMethodError'{0x000000070fad3e18}: 'int java.lang.invoke.DirectMethodHandle$Holder.invokeStaticInit(java.lang.Object)'> (0x000000070fad3e18) 
thrown [open/src/hotspot/share/interpreter/linkResolver.cpp, line 766]
Event: 3.499 Thread 0x00007fc849176400 Exception <a 'java/lang/NoSuchMethodError'{0x000000070fb15e08}: 'java.lang.Object java.lang.invoke.DirectMethodHandle$Holder.newInvokeSpecial(java.lang.Object, java.lang.Object, java.lang.Object, java.lang.Object, double)'> (0x000000070fb15e08) 
thrown [open/src/hotspot/share/interpreter/linkResolver.cpp, line 766]
Event: 3.500 Thread 0x00007fc849176400 Exception <a 'java/lang/NoSuchMethodError'{0x000000070fb1a088}: 'java.lang.Object java.lang.invoke.DirectMethodHandle$Holder.invokeSpecial(java.lang.Object, java.lang.Object, java.lang.Object, java.lang.Object, java.lang.Object, double)'> (0x000000070fb1a088) 
thrown [open/src/hotspot/share/interpreter/linkResolver.cpp, line 766]
Event: 3.504 Thread 0x00007fc849176400 Exception <a 'java/lang/NoSuchMethodError'{0x000000070fb1dac8}: 'java.lang.Object java.lang.invoke.Invokers$Holder.linkToTargetMethod(java.lang.Object, java.lang.Object, java.lang.Object, double, java.lang.Object)'> (0x000000070fb1dac8) 
thrown [open/src/hotspot/share/interpreter/linkResolver.cpp, line 766]
Event: 3.516 Thread 0x00007fc849187400 Implicit null exception at 0x000000011f4f2b72 to 0x000000011f4f316c

VM Operations (20 events):
Event: 2169.334 Executing VM operation: G1CollectForAllocation done
Event: 2196.349 Executing VM operation: G1CollectForAllocation
Event: 2196.350 Executing VM operation: G1CollectForAllocation done
Event: 2223.385 Executing VM operation: G1CollectForAllocation
Event: 2223.388 Executing VM operation: G1CollectForAllocation done
Event: 2250.405 Executing VM operation: G1CollectForAllocation
Event: 2250.406 Executing VM operation: G1CollectForAllocation done
Event: 2277.291 Executing VM operation: G1CollectForAllocation
Event: 2277.292 Executing VM operation: G1CollectForAllocation done
Event: 2289.371 Executing VM operation: Cleanup
Event: 2289.434 Executing VM operation: Cleanup done
Event: 2290.439 Executing VM operation: Cleanup
Event: 2290.440 Executing VM operation: Cleanup done
Event: 2307.289 Executing VM operation: G1CollectForAllocation
Event: 2307.292 Executing VM operation: G1CollectForAllocation done
Event: 2331.369 Executing VM operation: Cleanup
Event: 2331.389 Executing VM operation: Cleanup done
Event: 2334.616 Executing VM operation: G1CollectForAllocation
Event: 2334.625 Executing VM operation: G1CollectForAllocation done
Event: 2359.143 Executing VM operation: Exit

Events (20 events):
Event: 1.366 loading class java/util/concurrent/ExecutionException done
Event: 1.417 loading class java/util/Formatter$FixedString
Event: 1.418 loading class java/util/Formatter$FixedString done
Event: 1.418 loading class jdk/internal/math/FormattedFloatingDecimal$Form
Event: 1.418 loading class jdk/internal/math/FormattedFloatingDecimal$Form done
Event: 1.418 loading class jdk/internal/math/FormattedFloatingDecimal
Event: 1.421 loading class jdk/internal/math/FormattedFloatingDecimal done
Event: 1.421 loading class jdk/internal/math/FormattedFloatingDecimal$1
Event: 1.421 loading class jdk/internal/math/FormattedFloatingDecimal$1 done
Event: 1.421 loading class jdk/internal/math/FormattedFloatingDecimal$2
Event: 1.421 loading class jdk/internal/math/FormattedFloatingDecimal$2 done
Event: 2.344 loading class jdk/internal/misc/ScopedMemoryAccess$Scope
Event: 2.344 loading class jdk/internal/misc/ScopedMemoryAccess$Scope done
Event: 3.507 loading class java/util/WeakHashMap$KeyIterator
Event: 3.507 loading class java/util/WeakHashMap$KeyIterator done
Event: 2359.133 loading class jdk/internal/misc/Signal$1
Event: 2359.135 loading class jdk/internal/misc/Signal$1 done
Event: 2359.140 Thread 0x00007fc859098c00 Thread added: 0x00007fc859098c00
Event: 2359.140 Protecting memory [0x0000000310b1f000,0x0000000310b23000] with protection modes 0
Event: 2359.144 Protecting memory [0x000000030d64b000,0x000000030d64f000] with protection modes 3


Dynamic libraries:
0x000000010ca6f000 	/Library/Java/JavaVirtualMachines/jdk-17.0.1.jdk/Contents/Home/lib/libjli.dylib
0x00007ff814af1000 	/usr/lib/libz.1.dylib
0x00007ff814bd7000 	/usr/lib/libSystem.B.dylib
0x00007ff814bd2000 	/usr/lib/system/libcache.dylib
0x00007ff814b8e000 	/usr/lib/system/libcommonCrypto.dylib
0x00007ff814bb7000 	/usr/lib/system/libcompiler_rt.dylib
0x00007ff814bad000 	/usr/lib/system/libcopyfile.dylib
0x00007ff809771000 	/usr/lib/system/libcorecrypto.dylib
0x00007ff80982f000 	/usr/lib/system/libdispatch.dylib
0x00007ff8099ef000 	/usr/lib/system/libdyld.dylib
0x00007ff814bc9000 	/usr/lib/system/libkeymgr.dylib
0x00007ff814b6c000 	/usr/lib/system/libmacho.dylib
0x00007ff8141e7000 	/usr/lib/system/libquarantine.dylib
0x00007ff814bc7000 	/usr/lib/system/libremovefile.dylib
0x00007ff80e8ba000 	/usr/lib/system/libsystem_asl.dylib
0x00007ff80971a000 	/usr/lib/system/libsystem_blocks.dylib
0x00007ff8098b3000 	/usr/lib/system/libsystem_c.dylib
0x00007ff814bbf000 	/usr/lib/system/libsystem_collections.dylib
0x00007ff813519000 	/usr/lib/system/libsystem_configuration.dylib
0x00007ff8127c2000 	/usr/lib/system/libsystem_containermanager.dylib
0x00007ff81489e000 	/usr/lib/system/libsystem_coreservices.dylib
0x00007ff80bf5b000 	/usr/lib/system/libsystem_darwin.dylib
0x00007ff814bca000 	/usr/lib/system/libsystem_dnssd.dylib
0x00007ff8098b0000 	/usr/lib/system/libsystem_featureflags.dylib
0x00007ff809a05000 	/usr/lib/system/libsystem_info.dylib
0x00007ff814b04000 	/usr/lib/system/libsystem_m.dylib
0x00007ff809803000 	/usr/lib/system/libsystem_malloc.dylib
0x00007ff80e855000 	/usr/lib/system/libsystem_networkextension.dylib
0x00007ff80c381000 	/usr/lib/system/libsystem_notify.dylib
0x00007ff81af03000 	/usr/lib/system/libsystem_product_info_filter.dylib
0x00007ff81351d000 	/usr/lib/system/libsystem_sandbox.dylib
0x00007ff814bc4000 	/usr/lib/system/libsystem_secinit.dylib
0x00007ff8099ab000 	/usr/lib/system/libsystem_kernel.dylib
0x00007ff8099fb000 	/usr/lib/system/libsystem_platform.dylib
0x00007ff8099e3000 	/usr/lib/system/libsystem_pthread.dylib
0x00007ff810177000 	/usr/lib/system/libsystem_symptoms.dylib
0x00007ff809758000 	/usr/lib/system/libsystem_trace.dylib
0x00007ff814b9a000 	/usr/lib/system/libunwind.dylib
0x00007ff80971c000 	/usr/lib/system/libxpc.dylib
0x00007ff809995000 	/usr/lib/libc++abi.dylib
0x00007ff809876000 	/usr/lib/libobjc.A.dylib
0x00007ff814ba5000 	/usr/lib/liboah.dylib
0x00007ff80993c000 	/usr/lib/libc++.1.dylib
0x00007ff820d04000 	/System/Library/Frameworks/Cocoa.framework/Versions/A/Cocoa
0x00007ff80c3df000 	/System/Library/Frameworks/AppKit.framework/Versions/C/AppKit
0x00007ff80f954000 	/System/Library/Frameworks/CoreData.framework/Versions/A/CoreData
0x00007ff80a7e2000 	/System/Library/Frameworks/Foundation.framework/Versions/C/Foundation
0x00007ff80d26f000 	/System/Library/PrivateFrameworks/UIFoundation.framework/Versions/A/UIFoundation
0x00007ff81ac06000 	/System/Library/PrivateFrameworks/RemoteViewServices.framework/Versions/A/RemoteViewServices
0x00007ff812ea3000 	/System/Library/PrivateFrameworks/XCTTargetBootstrap.framework/Versions/A/XCTTargetBootstrap
0x00007ff816a9c000 	/System/Library/PrivateFrameworks/InternationalSupport.framework/Versions/A/InternationalSupport
0x00007ff816b26000 	/System/Library/PrivateFrameworks/UserActivity.framework/Versions/A/UserActivity
0x00007ff815e80000 	/usr/lib/libspindump.dylib
0x00007ff80d4fe000 	/System/Library/Frameworks/UniformTypeIdentifiers.framework/Versions/A/UniformTypeIdentifiers
0x00007ff8115c7000 	/usr/lib/libapp_launch_measurement.dylib
0x00007ff810337000 	/System/Library/PrivateFrameworks/CoreAnalytics.framework/Versions/A/CoreAnalytics
0x00007ff8115ca000 	/System/Library/PrivateFrameworks/CoreAutoLayout.framework/Versions/A/CoreAutoLayout
0x00007ff8127fa000 	/System/Library/Frameworks/Metal.framework/Versions/A/Metal
0x00007ff813529000 	/usr/lib/liblangid.dylib
0x00007ff812ea8000 	/System/Library/PrivateFrameworks/CoreSVG.framework/Versions/A/CoreSVG
0x00007ff80e8ea000 	/System/Library/PrivateFrameworks/SkyLight.framework/Versions/A/SkyLight
0x00007ff80ec89000 	/System/Library/Frameworks/CoreGraphics.framework/Versions/A/CoreGraphics
0x00007ff81b2c6000 	/System/Library/Frameworks/Accelerate.framework/Versions/A/Accelerate
0x00007ff8158ff000 	/System/Library/PrivateFrameworks/IconServices.framework/Versions/A/IconServices
0x00007ff8127df000 	/System/Library/Frameworks/IOSurface.framework/Versions/A/IOSurface
0x00007ff810365000 	/usr/lib/libDiagnosticMessagesClient.dylib
0x00007ff81e9a8000 	/System/Library/Frameworks/ApplicationServices.framework/Versions/A/ApplicationServices
0x00007ff812e8f000 	/System/Library/PrivateFrameworks/DFRFoundation.framework/Versions/A/DFRFoundation
0x00007ff80bcc7000 	/usr/lib/libicucore.A.dylib
0x00007ff817892000 	/System/Library/Frameworks/AudioToolbox.framework/Versions/A/AudioToolbox
0x00007ff816aa8000 	/System/Library/PrivateFrameworks/DataDetectorsCore.framework/Versions/A/DataDetectorsCore
0x00007ff912d09000 	/System/Library/PrivateFrameworks/TextInput.framework/Versions/A/TextInput
0x00007ff80e86d000 	/usr/lib/libMobileGestalt.dylib
0x00007ff812b9b000 	/System/Library/Frameworks/Carbon.framework/Versions/A/Frameworks/HIToolbox.framework/Versions/A/HIToolbox
0x00007ff810fca000 	/System/Library/Frameworks/QuartzCore.framework/Versions/A/QuartzCore
0x00007ff80b96c000 	/System/Library/Frameworks/Security.framework/Versions/A/Security
0x00007ff81ac3e000 	/System/Library/Frameworks/Carbon.framework/Versions/A/Frameworks/SpeechRecognition.framework/Versions/A/SpeechRecognition
0x00007ff811327000 	/System/Library/PrivateFrameworks/CoreUI.framework/Versions/A/CoreUI
0x00007ff80b236000 	/System/Library/Frameworks/CoreAudio.framework/Versions/A/CoreAudio
0x00007ff810454000 	/System/Library/Frameworks/DiskArbitration.framework/Versions/A/DiskArbitration
0x00007ff81626c000 	/System/Library/PrivateFrameworks/MultitouchSupport.framework/Versions/A/MultitouchSupport
0x00007ff80e86c000 	/usr/lib/libenergytrace.dylib
0x00007ff80c2cb000 	/System/Library/Frameworks/IOKit.framework/Versions/A/IOKit
0x00007ff81b02e000 	/System/Library/Frameworks/CoreServices.framework/Versions/A/CoreServices
0x00007ff811561000 	/System/Library/PrivateFrameworks/PerformanceAnalysis.framework/Versions/A/PerformanceAnalysis
0x00007ffa227e5000 	/System/Library/Frameworks/OpenGL.framework/Versions/A/OpenGL
0x00007ff81410d000 	/System/Library/PrivateFrameworks/MobileKeyBag.framework/Versions/A/MobileKeyBag
0x00007ff80f3b3000 	/System/Library/Frameworks/ColorSync.framework/Versions/A/ColorSync
0x00007ff809a30000 	/System/Library/Frameworks/CoreFoundation.framework/Versions/A/CoreFoundation
0x00007ff81311f000 	/System/Library/Frameworks/CoreImage.framework/Versions/A/CoreImage
0x00007ff80b04a000 	/System/Library/Frameworks/CoreText.framework/Versions/A/CoreText
0x00007ff812ed8000 	/System/Library/Frameworks/ImageIO.framework/Versions/A/ImageIO
0x00007ff814bdd000 	/System/Library/PrivateFrameworks/SoftLinking.framework/Versions/A/SoftLinking
0x00007ff811612000 	/usr/lib/libxml2.2.dylib
0x00007ff814e5e000 	/usr/lib/libcompression.dylib
0x00007ff8169cf000 	/System/Library/PrivateFrameworks/TextureIO.framework/Versions/A/TextureIO
0x00007ff815578000 	/usr/lib/libate.dylib
0x00007ff815336000 	/usr/lib/liblzma.5.dylib
0x00007ff80a4f4000 	/System/Library/Frameworks/SystemConfiguration.framework/Versions/A/SystemConfiguration
0x00007ff814bd9000 	/usr/lib/libfakelink.dylib
0x00007ff80e3c5000 	/System/Library/Frameworks/CFNetwork.framework/Versions/A/CFNetwork
0x00007ff814d1a000 	/usr/lib/libarchive.2.dylib
0x00007ff813525000 	/System/Library/PrivateFrameworks/AppleSystemInfo.framework/Versions/A/AppleSystemInfo
0x00007ff81420e000 	/usr/lib/libbsm.0.dylib
0x00007ff80d9d4000 	/usr/lib/libnetwork.dylib
0x00007ff814b72000 	/usr/lib/system/libkxld.dylib
0x00007ff813e41000 	/System/Library/PrivateFrameworks/IOMobileFramebuffer.framework/Versions/A/IOMobileFramebuffer
0x00007ffb2219f000 	/usr/lib/libCoreEntitlements.dylib
0x00007ff814880000 	/System/Library/PrivateFrameworks/AppleFSCompression.framework/Versions/A/AppleFSCompression
0x00007ff8141f6000 	/usr/lib/libcoretls.dylib
0x00007ff815350000 	/usr/lib/libcoretls_cfhelpers.dylib
0x00007ff814e59000 	/usr/lib/libpam.2.dylib
0x00007ff80fd99000 	/usr/lib/libsqlite3.dylib
0x00007ff8153bf000 	/usr/lib/libxar.1.dylib
0x00007ff814890000 	/usr/lib/libbz2.1.0.dylib
0x00007ff814bde000 	/usr/lib/libpcap.A.dylib
0x00007ff81016f000 	/usr/lib/libdns_services.dylib
0x00007ff814e2c000 	/usr/lib/libapple_nghttp2.dylib
0x00007ff814c18000 	/usr/lib/libiconv.2.dylib
0x00007ff814b6b000 	/usr/lib/libcharset.1.dylib
0x00007ff811595000 	/System/Library/Frameworks/CoreServices.framework/Versions/A/Frameworks/FSEvents.framework/Versions/A/FSEvents
0x00007ff80bf65000 	/System/Library/Frameworks/CoreServices.framework/Versions/A/Frameworks/CarbonCore.framework/Versions/A/CarbonCore
0x00007ff8103b8000 	/System/Library/Frameworks/CoreServices.framework/Versions/A/Frameworks/Metadata.framework/Versions/A/Metadata
0x00007ff8148a3000 	/System/Library/Frameworks/CoreServices.framework/Versions/A/Frameworks/OSServices.framework/Versions/A/OSServices
0x00007ff814da1000 	/System/Library/Frameworks/CoreServices.framework/Versions/A/Frameworks/SearchKit.framework/Versions/A/SearchKit
0x00007ff810101000 	/System/Library/Frameworks/CoreServices.framework/Versions/A/Frameworks/AE.framework/Versions/A/AE
0x00007ff809f31000 	/System/Library/Frameworks/CoreServices.framework/Versions/A/Frameworks/LaunchServices.framework/Versions/A/LaunchServices
0x00007ff8152e7000 	/System/Library/Frameworks/CoreServices.framework/Versions/A/Frameworks/DictionaryServices.framework/Versions/A/DictionaryServices
0x00007ff8115a2000 	/System/Library/Frameworks/CoreServices.framework/Versions/A/Frameworks/SharedFileList.framework/Versions/A/SharedFileList
0x00007ff8141ea000 	/usr/lib/libCheckFix.dylib
0x00007ff80e8d1000 	/System/Library/PrivateFrameworks/TCC.framework/Versions/A/TCC
0x00007ff81352b000 	/System/Library/PrivateFrameworks/CoreNLP.framework/Versions/A/CoreNLP
0x00007ff810368000 	/System/Library/PrivateFrameworks/MetadataUtilities.framework/Versions/A/MetadataUtilities
0x00007ff80a5a5000 	/usr/lib/libmecabra.dylib
0x00007ff81421e000 	/usr/lib/libmecab.dylib
0x00007ff80a570000 	/usr/lib/libCRFSuite.dylib
0x00007ff814278000 	/usr/lib/libgermantok.dylib
0x00007ff814e07000 	/usr/lib/libThaiTokenizer.dylib
0x00007ff81045b000 	/System/Library/Frameworks/Accelerate.framework/Versions/A/Frameworks/vImage.framework/Versions/A/vImage
0x00007ff81b005000 	/System/Library/Frameworks/Accelerate.framework/Versions/A/Frameworks/vecLib.framework/Versions/A/vecLib
0x00007ff815400000 	/System/Library/Frameworks/Accelerate.framework/Versions/A/Frameworks/vecLib.framework/Versions/A/libvMisc.dylib
0x00007ff813c40000 	/System/Library/Frameworks/Accelerate.framework/Versions/A/Frameworks/vecLib.framework/Versions/A/libvDSP.dylib
0x00007ff80a2ac000 	/System/Library/Frameworks/Accelerate.framework/Versions/A/Frameworks/vecLib.framework/Versions/A/libBLAS.dylib
0x00007ff814f3c000 	/System/Library/Frameworks/Accelerate.framework/Versions/A/Frameworks/vecLib.framework/Versions/A/libLAPACK.dylib
0x00007ff81427b000 	/System/Library/Frameworks/Accelerate.framework/Versions/A/Frameworks/vecLib.framework/Versions/A/libLinearAlgebra.dylib
0x00007ff814e44000 	/System/Library/Frameworks/Accelerate.framework/Versions/A/Frameworks/vecLib.framework/Versions/A/libSparseBLAS.dylib
0x00007ff814f36000 	/System/Library/Frameworks/Accelerate.framework/Versions/A/Frameworks/vecLib.framework/Versions/A/libQuadrature.dylib
0x00007ff813616000 	/System/Library/Frameworks/Accelerate.framework/Versions/A/Frameworks/vecLib.framework/Versions/A/libBNNS.dylib
0x00007ff80a47e000 	/System/Library/Frameworks/Accelerate.framework/Versions/A/Frameworks/vecLib.framework/Versions/A/libSparse.dylib
0x00007ff81360f000 	/System/Library/PrivateFrameworks/LinguisticData.framework/Versions/A/LinguisticData
0x00007ff80a434000 	/System/Library/PrivateFrameworks/Lexicon.framework/Versions/A/Lexicon
0x00007ff8153f9000 	/usr/lib/libChineseTokenizer.dylib
0x00007ff80ab9f000 	/System/Library/PrivateFrameworks/LanguageModeling.framework/Versions/A/LanguageModeling
0x00007ff814e09000 	/System/Library/PrivateFrameworks/AppleSauce.framework/Versions/A/AppleSauce
0x00007ff813e2f000 	/System/Library/PrivateFrameworks/CoreEmoji.framework/Versions/A/CoreEmoji
0x00007ff814d09000 	/usr/lib/libcmph.dylib
0x00007ff811579000 	/System/Library/Frameworks/OpenDirectory.framework/Versions/A/Frameworks/CFOpenDirectory.framework/Versions/A/CFOpenDirectory
0x00007ff81156d000 	/System/Library/Frameworks/OpenDirectory.framework/Versions/A/OpenDirectory
0x00007ff815352000 	/System/Library/PrivateFrameworks/APFS.framework/Versions/A/APFS
0x00007ff814145000 	/System/Library/Frameworks/SecurityFoundation.framework/Versions/A/SecurityFoundation
0x00007ff8153cd000 	/usr/lib/libutil.dylib
0x00007ff80c28f000 	/System/Library/PrivateFrameworks/CoreServicesStore.framework/Versions/A/CoreServicesStore
0x00007ff8153d1000 	/usr/lib/libxslt.1.dylib
0x00007ff8141d2000 	/System/Library/PrivateFrameworks/BackgroundTaskManagement.framework/Versions/A/BackgroundTaskManagement
0x00007ff8168f0000 	/System/Library/Frameworks/ImageIO.framework/Versions/A/Resources/libRadiance.dylib
0x00007ff8168f9000 	/System/Library/Frameworks/ImageIO.framework/Versions/A/Resources/libJPEG.dylib
0x00007ff81684b000 	/System/Library/Frameworks/ImageIO.framework/Versions/A/Resources/libPng.dylib
0x00007ff81686c000 	/System/Library/Frameworks/ImageIO.framework/Versions/A/Resources/libTIFF.dylib
0x00007ff816958000 	/System/Library/Frameworks/ImageIO.framework/Versions/A/Resources/libGIF.dylib
0x00007ff816188000 	/System/Library/Frameworks/ImageIO.framework/Versions/A/Resources/libJP2.dylib
0x00007ff8158c6000 	/usr/lib/libexpat.1.dylib
0x00007ff81613d000 	/System/Library/PrivateFrameworks/AppleJPEG.framework/Versions/A/AppleJPEG
0x00007ff812a5f000 	/System/Library/PrivateFrameworks/FontServices.framework/libFontParser.dylib
0x00007ff8100ab000 	/System/Library/PrivateFrameworks/RunningBoardServices.framework/Versions/A/RunningBoardServices
0x00007ff8212bf000 	/System/Library/PrivateFrameworks/IOSurfaceAccelerator.framework/Versions/A/IOSurfaceAccelerator
0x00007ff816268000 	/System/Library/PrivateFrameworks/WatchdogClient.framework/Versions/A/WatchdogClient
0x00007ff80ac8d000 	/System/Library/Frameworks/CoreDisplay.framework/Versions/A/CoreDisplay
0x00007ff81295d000 	/System/Library/Frameworks/CoreMedia.framework/Versions/A/CoreMedia
0x00007ff8127f1000 	/System/Library/PrivateFrameworks/IOAccelerator.framework/Versions/A/IOAccelerator
0x00007ff8116f6000 	/System/Library/Frameworks/CoreVideo.framework/Versions/A/CoreVideo
0x00007ff814e57000 	/System/Library/Frameworks/MetalPerformanceShaders.framework/Versions/A/MetalPerformanceShaders
0x00007ff8162a5000 	/System/Library/Frameworks/VideoToolbox.framework/Versions/A/VideoToolbox
0x00007ff80fff5000 	/System/Library/PrivateFrameworks/BaseBoard.framework/Versions/A/BaseBoard
0x00007ff80fd7f000 	/System/Library/PrivateFrameworks/ProtocolBuffer.framework/Versions/A/ProtocolBuffer
0x00007ff8168e9000 	/System/Library/PrivateFrameworks/GPUWrangler.framework/Versions/A/GPUWrangler
0x00007ff8168cd000 	/System/Library/PrivateFrameworks/IOPresentment.framework/Versions/A/IOPresentment
0x00007ff8168f3000 	/System/Library/PrivateFrameworks/DSExternalDisplay.framework/Versions/A/DSExternalDisplay
0x00007ffa227d9000 	/System/Library/Frameworks/OpenGL.framework/Versions/A/Libraries/libCoreFSCache.dylib
0x00007ffb0f8a0000 	/System/Library/PrivateFrameworks/GPUCompiler.framework/Versions/31001/Libraries/libGPUCompilerUtils.dylib
0x00007ff81695d000 	/System/Library/PrivateFrameworks/CMCaptureCore.framework/Versions/A/CMCaptureCore
0x00007ff815e6e000 	/System/Library/PrivateFrameworks/AppServerSupport.framework/Versions/A/AppServerSupport
0x00007ff81812b000 	/System/Library/PrivateFrameworks/perfdata.framework/Versions/A/perfdata
0x00007ff80adb9000 	/System/Library/PrivateFrameworks/AudioToolboxCore.framework/Versions/A/AudioToolboxCore
0x00007ff81293b000 	/System/Library/PrivateFrameworks/caulk.framework/Versions/A/caulk
0x00007ff817a3d000 	/usr/lib/libAudioStatistics.dylib
0x00007ff90f497000 	/System/Library/PrivateFrameworks/SystemPolicy.framework/Versions/A/SystemPolicy
0x00007ff817c98000 	/usr/lib/libSMC.dylib
0x00007ff820bb7000 	/System/Library/Frameworks/CoreMIDI.framework/Versions/A/CoreMIDI
0x00007ff81681a000 	/usr/lib/libAudioToolboxUtility.dylib
0x00007ff90b6c3000 	/System/Library/PrivateFrameworks/OSAServicesClient.framework/Versions/A/OSAServicesClient
0x00007ff818138000 	/usr/lib/libperfcheck.dylib
0x00007ff90ff44000 	/usr/lib/libmis.dylib
0x00007ffa22834000 	/System/Library/Frameworks/OpenGL.framework/Versions/A/Libraries/libGLU.dylib
0x00007ffa227f8000 	/System/Library/Frameworks/OpenGL.framework/Versions/A/Libraries/libGFXShared.dylib
0x00007ffa22a01000 	/System/Library/Frameworks/OpenGL.framework/Versions/A/Libraries/libGL.dylib
0x00007ffa22801000 	/System/Library/Frameworks/OpenGL.framework/Versions/A/Libraries/libGLImage.dylib
0x00007ffa227f5000 	/System/Library/Frameworks/OpenGL.framework/Versions/A/Libraries/libCVMSPluginSupport.dylib
0x00007ffa227e0000 	/System/Library/Frameworks/OpenGL.framework/Versions/A/Libraries/libCoreVMClient.dylib
0x00007ff8134a7000 	/System/Library/Frameworks/MetalPerformanceShaders.framework/Versions/A/Frameworks/MPSCore.framework/Versions/A/MPSCore
0x00007ff8147eb000 	/System/Library/Frameworks/MetalPerformanceShaders.framework/Versions/A/Frameworks/MPSImage.framework/Versions/A/MPSImage
0x00007ff814291000 	/System/Library/Frameworks/MetalPerformanceShaders.framework/Versions/A/Frameworks/MPSNeuralNetwork.framework/Versions/A/MPSNeuralNetwork
0x00007ff814705000 	/System/Library/Frameworks/MetalPerformanceShaders.framework/Versions/A/Frameworks/MPSMatrix.framework/Versions/A/MPSMatrix
0x00007ff8144c0000 	/System/Library/Frameworks/MetalPerformanceShaders.framework/Versions/A/Frameworks/MPSRayIntersector.framework/Versions/A/MPSRayIntersector
0x00007ff81473d000 	/System/Library/Frameworks/MetalPerformanceShaders.framework/Versions/A/Frameworks/MPSNDArray.framework/Versions/A/MPSNDArray
0x00007ffa282b9000 	/System/Library/Frameworks/MetalPerformanceShaders.framework/Versions/A/Frameworks/MPSFunctions.framework/Versions/A/MPSFunctions
0x00007ff80a188000 	/System/Library/PrivateFrameworks/MetalTools.framework/Versions/A/MetalTools
0x00007ff813523000 	/System/Library/PrivateFrameworks/AggregateDictionary.framework/Versions/A/AggregateDictionary
0x00007ff8156a8000 	/usr/lib/libIOReport.dylib
0x00007ffa23e10000 	/System/Library/Frameworks/OpenCL.framework/Versions/A/OpenCL
0x00007ff815a0c000 	/System/Library/PrivateFrameworks/FaceCore.framework/Versions/A/FaceCore
0x00007ff8159fd000 	/System/Library/PrivateFrameworks/GraphVisualizer.framework/Versions/A/GraphVisualizer
0x00007ffb0f7ab000 	/System/Library/PrivateFrameworks/FontServices.framework/Versions/A/FontServices
0x00007ff815e26000 	/System/Library/PrivateFrameworks/OTSVG.framework/Versions/A/OTSVG
0x00007ff8112dd000 	/System/Library/Frameworks/ApplicationServices.framework/Versions/A/Frameworks/ATS.framework/Versions/A/Resources/libFontRegistry.dylib
0x00007ff815e76000 	/System/Library/PrivateFrameworks/FontServices.framework/libhvf.dylib
0x00007ffb0f7ac000 	/System/Library/PrivateFrameworks/FontServices.framework/libXTFontStaticRegistryData.dylib
0x00007ff815876000 	/System/Library/PrivateFrameworks/AppleVA.framework/Versions/A/AppleVA
0x00007ff817a5d000 	/System/Library/Frameworks/ApplicationServices.framework/Versions/A/Frameworks/ATS.framework/Versions/A/ATS
0x00007ff80f4b1000 	/System/Library/Frameworks/ApplicationServices.framework/Versions/A/Frameworks/HIServices.framework/Versions/A/HIServices
0x00007ff816967000 	/System/Library/Frameworks/ApplicationServices.framework/Versions/A/Frameworks/PrintCore.framework/Versions/A/PrintCore
0x00007ff817deb000 	/System/Library/Frameworks/ApplicationServices.framework/Versions/A/Frameworks/QD.framework/Versions/A/QD
0x00007ff817de3000 	/System/Library/Frameworks/ApplicationServices.framework/Versions/A/Frameworks/ColorSyncLegacy.framework/Versions/A/ColorSyncLegacy
0x00007ff817a4d000 	/System/Library/Frameworks/ApplicationServices.framework/Versions/A/Frameworks/SpeechSynthesis.framework/Versions/A/SpeechSynthesis
0x00007ff816928000 	/System/Library/Frameworks/ApplicationServices.framework/Versions/A/Frameworks/ATSUI.framework/Versions/A/ATSUI
0x00007ff817d78000 	/usr/lib/libcups.2.dylib
0x00007ff818147000 	/System/Library/Frameworks/Kerberos.framework/Versions/A/Kerberos
0x00007ff818156000 	/System/Library/Frameworks/GSS.framework/Versions/A/GSS
0x00007ff817ac9000 	/usr/lib/libresolv.9.dylib
0x00007ff815e85000 	/System/Library/PrivateFrameworks/Heimdal.framework/Versions/A/Heimdal
0x00007ff81ed3a000 	/System/Library/Frameworks/Kerberos.framework/Versions/A/Libraries/libHeimdalProxy.dylib
0x00007ff81017f000 	/System/Library/Frameworks/Network.framework/Versions/A/Network
0x00007ff8158e0000 	/usr/lib/libheimdal-asn1.dylib
0x00007ff8181a1000 	/System/Library/PrivateFrameworks/CommonAuth.framework/Versions/A/CommonAuth
0x00007ff8179cf000 	/System/Library/PrivateFrameworks/AudioSession.framework/Versions/A/AudioSession
0x00007ff815970000 	/System/Library/PrivateFrameworks/MediaExperience.framework/Versions/A/MediaExperience
0x00007ff817861000 	/System/Library/PrivateFrameworks/AudioSession.framework/libSessionUtility.dylib
0x00007ff817df7000 	/System/Library/PrivateFrameworks/AudioResourceArbitration.framework/Versions/A/AudioResourceArbitration
0x00007ff81be78000 	/System/Library/PrivateFrameworks/PowerLog.framework/Versions/A/PowerLog
0x00007ff8158e9000 	/System/Library/PrivateFrameworks/IconFoundation.framework/Versions/A/IconFoundation
0x00007ff81ac2e000 	/System/Library/PrivateFrameworks/SpeechRecognitionCore.framework/Versions/A/SpeechRecognitionCore
0x000000010dadb000 	/Library/Java/JavaVirtualMachines/jdk-17.0.1.jdk/Contents/Home/lib/server/libjvm.dylib
0x000000010caf9000 	/Library/Java/JavaVirtualMachines/jdk-17.0.1.jdk/Contents/Home/lib/libjimage.dylib
0x000000010cb85000 	/Library/Java/JavaVirtualMachines/jdk-17.0.1.jdk/Contents/Home/lib/libjava.dylib
0x000000010d777000 	/Library/Java/JavaVirtualMachines/jdk-17.0.1.jdk/Contents/Home/lib/libnio.dylib
0x000000010d7cd000 	/Library/Java/JavaVirtualMachines/jdk-17.0.1.jdk/Contents/Home/lib/libnet.dylib
0x000000010d810000 	/Library/Java/JavaVirtualMachines/jdk-17.0.1.jdk/Contents/Home/lib/libzip.dylib
0x000000010d963000 	/Users/matth/Documents/GitHub/ChargedUp-2023/build/jni/release/libwpiHaljni.dylib
0x00000001340fe000 	/Users/matth/Documents/GitHub/ChargedUp-2023/build/jni/release/libwpiHal.dylib
0x0000000134597000 	/Users/matth/Documents/GitHub/ChargedUp-2023/build/jni/release/libwpiutil.dylib
0x00007ff90f2af000 	/System/Library/Frameworks/AVFoundation.framework/Versions/A/AVFoundation
0x00007ffa26ed0000 	/System/Library/Frameworks/AVFAudio.framework/Versions/A/AVFAudio
0x00007ff81ca9c000 	/System/Library/PrivateFrameworks/AVFCore.framework/Versions/A/AVFCore
0x00007ff90971a000 	/System/Library/PrivateFrameworks/AVFCapture.framework/Versions/A/AVFCapture
0x00007ff818e46000 	/System/Library/Frameworks/IOBluetooth.framework/Versions/A/IOBluetooth
0x00007ff81bdd1000 	/System/Library/Frameworks/CoreBluetooth.framework/Versions/A/CoreBluetooth
0x00007ff81edbf000 	/System/Library/Frameworks/AudioUnit.framework/Versions/A/AudioUnit
0x00007ff813f25000 	/System/Library/PrivateFrameworks/CoreUtils.framework/Versions/A/CoreUtils
0x00007ffb0ea0e000 	/System/Library/PrivateFrameworks/CoreUtilsExtras.framework/Versions/A/CoreUtilsExtras
0x00007ff90df22000 	/System/Library/PrivateFrameworks/AirPlaySync.framework/Versions/A/AirPlaySync
0x00007ff816b91000 	/System/Library/Frameworks/MediaToolbox.framework/Versions/A/MediaToolbox
0x00007ff81c439000 	/System/Library/PrivateFrameworks/CoreAVCHD.framework/Versions/A/CoreAVCHD
0x00007ff81b30e000 	/System/Library/Frameworks/MediaAccessibility.framework/Versions/A/MediaAccessibility
0x00007ff81c435000 	/System/Library/PrivateFrameworks/Mangrove.framework/Versions/A/Mangrove
0x00007ff814134000 	/System/Library/PrivateFrameworks/AssertionServices.framework/Versions/A/AssertionServices
0x00007ff81b319000 	/System/Library/PrivateFrameworks/AlgosScoreFramework.framework/Versions/A/AlgosScoreFramework
0x00007ffb0bd02000 	/System/Library/PrivateFrameworks/CMPhoto.framework/Versions/A/CMPhoto
0x00007ff81cf8d000 	/System/Library/PrivateFrameworks/AppleVPA.framework/Versions/A/AppleVPA
0x00007ff81c07a000 	/System/Library/PrivateFrameworks/CoreAUC.framework/Versions/A/CoreAUC
0x00007ffb0bceb000 	/System/Library/PrivateFrameworks/CMImaging.framework/Versions/A/CMImaging
0x00007ff90986c000 	/System/Library/PrivateFrameworks/Quagga.framework/Versions/A/Quagga
0x00007ff909930000 	/System/Library/PrivateFrameworks/CMCapture.framework/Versions/A/CMCapture
0x00007ff817bb8000 	/System/Library/Frameworks/CoreMediaIO.framework/Versions/A/CoreMediaIO
0x00007ff81eee7000 	/System/Library/PrivateFrameworks/Espresso.framework/Versions/A/Espresso
0x00007ff81e7b0000 	/System/Library/PrivateFrameworks/AppSupport.framework/Versions/A/AppSupport
0x00007ffa15448000 	/System/Library/PrivateFrameworks/ANECompiler.framework/Versions/A/ANECompiler
0x00007ff820b37000 	/System/Library/PrivateFrameworks/AppleNeuralEngine.framework/Versions/A/AppleNeuralEngine
0x00007ffb122c1000 	/System/Library/PrivateFrameworks/MIL.framework/Versions/A/MIL
0x00007ffa282cc000 	/System/Library/Frameworks/MetalPerformanceShadersGraph.framework/Versions/A/MetalPerformanceShadersGraph
0x00007ff81fa86000 	/System/Library/PrivateFrameworks/ANEServices.framework/Versions/A/ANEServices
0x00007ff818232000 	/System/Library/PrivateFrameworks/CorePhoneNumbers.framework/Versions/A/CorePhoneNumbers
0x00007ff80c390000 	/usr/lib/libsandbox.1.dylib
0x00007ff8157e6000 	/usr/lib/libMatch.1.dylib
0x00007ff913d0f000 	/usr/lib/libncurses.5.4.dylib
0x00007ff81e440000 	/System/Library/PrivateFrameworks/BackBoardServices.framework/Versions/A/BackBoardServices
0x00007ff81cc8c000 	/System/Library/PrivateFrameworks/FrontBoardServices.framework/Versions/A/FrontBoardServices
0x00007ff81cd1d000 	/System/Library/PrivateFrameworks/BoardServices.framework/Versions/A/BoardServices
0x00000001354a9000 	/Users/matth/Documents/GitHub/ChargedUp-2023/build/jni/release/libhalsim_gui.dylib
0x0000000136242000 	/Users/matth/Documents/GitHub/ChargedUp-2023/build/jni/release/libwpimath.dylib
0x0000000134c6e000 	/Users/matth/Documents/GitHub/ChargedUp-2023/build/jni/release/libntcore.dylib
0x00000001350ad000 	/Users/matth/Documents/GitHub/ChargedUp-2023/build/jni/release/libwpinet.dylib
0x00007ff818fd5000 	/System/Library/Frameworks/MetalKit.framework/Versions/A/MetalKit
0x00007ff80c251000 	/System/Library/PrivateFrameworks/CoreServicesInternal.framework/Versions/A/CoreServicesInternal
0x00007ff81c469000 	/System/Library/Frameworks/FileProvider.framework/Versions/A/FileProvider
0x00007ff80ff62000 	/System/Library/Frameworks/Accounts.framework/Versions/A/Accounts
0x00007ff81c5e2000 	/System/Library/PrivateFrameworks/GenerationalStorage.framework/Versions/A/GenerationalStorage
0x00007ff81d0f2000 	/System/Library/PrivateFrameworks/CoreSymbolication.framework/Versions/A/CoreSymbolication
0x00007ff81be6d000 	/System/Library/PrivateFrameworks/SymptomDiagnosticReporter.framework/Versions/A/SymptomDiagnosticReporter
0x00007ff80d512000 	/System/Library/PrivateFrameworks/DesktopServicesPriv.framework/Versions/A/DesktopServicesPriv
0x00007ff811775000 	/System/Library/PrivateFrameworks/UserManagement.framework/Versions/A/UserManagement
0x00007ff81d0b7000 	/System/Library/PrivateFrameworks/DebugSymbols.framework/Versions/A/DebugSymbols
0x00007ff817dd8000 	/System/Library/PrivateFrameworks/NetAuth.framework/Versions/A/NetAuth
0x00007ff818ce7000 	/System/Library/PrivateFrameworks/Sharing.framework/Versions/A/Sharing
0x00007ff811748000 	/System/Library/PrivateFrameworks/login.framework/Versions/A/Frameworks/loginsupport.framework/Versions/A/loginsupport
0x00007ff81e255000 	/System/Library/PrivateFrameworks/Apple80211.framework/Versions/A/Apple80211
0x00007ff8148d0000 	/System/Library/PrivateFrameworks/AuthKit.framework/Versions/A/AuthKit
0x00007ff813e4c000 	/System/Library/Frameworks/CoreWLAN.framework/Versions/A/CoreWLAN
0x00007ff81e2bd000 	/System/Library/PrivateFrameworks/CoreWiFi.framework/Versions/A/CoreWiFi
0x00007ff817af6000 	/System/Library/PrivateFrameworks/MultiverseSupport.framework/Versions/A/MultiverseSupport
0x00007ff81e6b3000 	/System/Library/PrivateFrameworks/RemoteServiceDiscovery.framework/Versions/A/RemoteServiceDiscovery
0x00007ff81bf8a000 	/System/Library/PrivateFrameworks/DiskManagement.framework/Versions/A/DiskManagement
0x00007ff81be9e000 	/System/Library/PrivateFrameworks/AppleIDAuthSupport.framework/Versions/A/AppleIDAuthSupport
0x00007ffb0a126000 	/System/Library/PrivateFrameworks/AAAFoundation.framework/Versions/A/AAAFoundation
0x00007ff818213000 	/System/Library/PrivateFrameworks/KeychainCircle.framework/Versions/A/KeychainCircle
0x00007ff81e6c3000 	/System/Library/PrivateFrameworks/RemoteXPC.framework/Versions/A/RemoteXPC
0x00007ff81bf56000 	/System/Library/PrivateFrameworks/MediaKit.framework/Versions/A/MediaKit
0x00007ff81beaa000 	/System/Library/Frameworks/DiscRecording.framework/Versions/A/DiscRecording
0x00007ff8157ee000 	/usr/lib/libCoreStorage.dylib
0x00007ff81e72e000 	/usr/lib/libcsfde.dylib
0x00007ff818f13000 	/System/Library/PrivateFrameworks/ProtectedCloudStorage.framework/Versions/A/ProtectedCloudStorage
0x00007ff81e72a000 	/System/Library/PrivateFrameworks/EFILogin.framework/Versions/A/EFILogin
0x00007ff81c608000 	/System/Library/PrivateFrameworks/OctagonTrust.framework/Versions/A/OctagonTrust
0x00007ff81146d000 	/System/Library/PrivateFrameworks/ViewBridge.framework/Versions/A/ViewBridge
0x0000000131bb8000 	/usr/lib/libobjc-trampolines.dylib
0x00007ff914568000 	/System/Library/Frameworks/Accelerate.framework/Versions/A/Frameworks/vImage.framework/Versions/A/Libraries/libCGInterfaces.dylib
0x00007ff815f3c000 	/System/Library/PrivateFrameworks/login.framework/Versions/A/login
0x00007ffa249ae000 	/System/Library/Extensions/AGXMetal13_3.bundle/Contents/MacOS/AGXMetal13_3
0x00007ff90ff5f000 	/System/Library/PrivateFrameworks/GPURawCounter.framework/Versions/A/GPURawCounter
0x00007ff90a86b000 	/System/Library/PrivateFrameworks/IOGPU.framework/Versions/A/IOGPU
0x00000001348af000 	/Users/matth/Documents/GitHub/ChargedUp-2023/build/jni/release/libcscorejni.dylib
0x0000000138e77000 	/Users/matth/Documents/GitHub/ChargedUp-2023/build/jni/release/libcscore.dylib
0x000000013983d000 	/Users/matth/Documents/GitHub/ChargedUp-2023/build/jni/release/libopencv_imgproc.4.6.dylib
0x0000000134a23000 	/Users/matth/Documents/GitHub/ChargedUp-2023/build/jni/release/libopencv_flann.4.6.dylib
0x000000013918e000 	/Users/matth/Documents/GitHub/ChargedUp-2023/build/jni/release/libopencv_features2d.4.6.dylib
0x000000013ac65000 	/Users/matth/Documents/GitHub/ChargedUp-2023/build/jni/release/libopencv_gapi.4.6.dylib
0x0000000139314000 	/Users/matth/Documents/GitHub/ChargedUp-2023/build/jni/release/libopencv_ml.4.6.dylib
0x000000013a2e6000 	/Users/matth/Documents/GitHub/ChargedUp-2023/build/jni/release/libopencv_calib3d.4.6.dylib
0x000000013bdf2000 	/Users/matth/Documents/GitHub/ChargedUp-2023/build/jni/release/libopencv_core.4.6.dylib
0x0000000139462000 	/Users/matth/Documents/GitHub/ChargedUp-2023/build/jni/release/libopencv_stitching.4.6.dylib
0x0000000134b56000 	/Users/matth/Documents/GitHub/ChargedUp-2023/build/jni/release/libopencv_videoio.4.6.dylib
0x0000000134991000 	/Users/matth/Documents/GitHub/ChargedUp-2023/build/jni/release/libopencv_highgui.4.6.dylib
0x0000000139595000 	/Users/matth/Documents/GitHub/ChargedUp-2023/build/jni/release/libopencv_objdetect.4.6.dylib
0x000000013a959000 	/Users/matth/Documents/GitHub/ChargedUp-2023/build/jni/release/libopencv_imgcodecs.4.6.dylib
0x00000001396bd000 	/Users/matth/Documents/GitHub/ChargedUp-2023/build/jni/release/libopencv_video.4.6.dylib
0x000000013a718000 	/Users/matth/Documents/GitHub/ChargedUp-2023/build/jni/release/libopencv_photo.4.6.dylib
0x0000000134911000 	/Users/matth/Documents/GitHub/ChargedUp-2023/build/jni/release/libntcorejni.dylib
0x00000001397fc000 	/Users/matth/Documents/GitHub/ChargedUp-2023/build/jni/release/libwpiutiljni.dylib
0x00007ffb2228e000 	/usr/lib/libRosetta.dylib
0x00000001466bc000 	/Users/matth/Documents/GitHub/ChargedUp-2023/build/jni/release/libwpilibio.dylib
0x0000000146a84000 	/Users/matth/Documents/GitHub/ChargedUp-2023/build/jni/release/libwpimathjni.dylib
0x00007ffb0a7e8000 	/System/Library/PrivateFrameworks/AccessibilityBundles.framework/Versions/A/AccessibilityBundles
0x00007ff81b34a000 	/System/Library/PrivateFrameworks/SystemAdministration.framework/Versions/A/SystemAdministration
0x00007ff81abfa000 	/System/Library/Frameworks/DirectoryService.framework/Versions/A/DirectoryService
0x00007ff81e5cc000 	/System/Library/PrivateFrameworks/DiskImages.framework/Versions/A/DiskImages
0x00007ff8141dc000 	/System/Library/Frameworks/ServiceManagement.framework/Versions/A/ServiceManagement
0x00007ff81e7a8000 	/System/Library/PrivateFrameworks/LoginUIKit.framework/Versions/A/Frameworks/LoginUICore.framework/Versions/A/LoginUICore
0x00007ff8160e5000 	/usr/lib/libodfde.dylib
0x00007ff81e73a000 	/usr/lib/libcurl.4.dylib
0x00007ffb226fa000 	/usr/lib/libcrypto.46.dylib
0x00007ffb22bef000 	/usr/lib/libssl.48.dylib
0x00007ff81e45e000 	/System/Library/Frameworks/LDAP.framework/Versions/A/LDAP
0x00007ff81e496000 	/System/Library/PrivateFrameworks/TrustEvaluationAgent.framework/Versions/A/TrustEvaluationAgent
0x00007ff817ae2000 	/usr/lib/libsasl2.2.dylib
0x00007ff81b33e000 	/System/Library/PrivateFrameworks/CoreDaemon.framework/Versions/B/CoreDaemon
0x00007ff81b339000 	/System/Library/PrivateFrameworks/AppleSRP.framework/Versions/A/AppleSRP


VM Arguments:
jvm_args: -Djava.library.path=/Users/matth/Documents/GitHub/ChargedUp-2023/build/jni/release -Dfile.encoding=UTF-8 -Duser.country=US -Duser.language=en -Duser.variant 
java_command: /Users/matth/Documents/GitHub/ChargedUp-2023/build/libs/ChargedUp-2023.jar
java_class_path (initial): /Users/matth/Documents/GitHub/ChargedUp-2023/build/libs/ChargedUp-2023.jar
Launcher Type: SUN_STANDARD

[Global flags]
     intx CICompilerCount                          = 4                                         {product} {ergonomic}
     uint ConcGCThreads                            = 2                                         {product} {ergonomic}
     uint G1ConcRefinementThreads                  = 8                                         {product} {ergonomic}
   size_t G1HeapRegionSize                         = 2097152                                   {product} {ergonomic}
    uintx GCDrainStackTargetSize                   = 64                                        {product} {ergonomic}
   size_t InitialHeapSize                          = 268435456                                 {product} {ergonomic}
   size_t MarkStackSize                            = 4194304                                   {product} {ergonomic}
   size_t MaxHeapSize                              = 4294967296                                {product} {ergonomic}
   size_t MaxNewSize                               = 2575302656                                {product} {ergonomic}
   size_t MinHeapDeltaBytes                        = 2097152                                   {product} {ergonomic}
   size_t MinHeapSize                              = 8388608                                   {product} {ergonomic}
    uintx NonNMethodCodeHeapSize                   = 5839372                                {pd product} {ergonomic}
    uintx NonProfiledCodeHeapSize                  = 122909434                              {pd product} {ergonomic}
    uintx ProfiledCodeHeapSize                     = 122909434                              {pd product} {ergonomic}
    uintx ReservedCodeCacheSize                    = 251658240                              {pd product} {ergonomic}
     bool SegmentedCodeCache                       = true                                      {product} {ergonomic}
   size_t SoftMaxHeapSize                          = 4294967296                             {manageable} {ergonomic}
     bool UseCompressedClassPointers               = true                           {product lp64_product} {ergonomic}
     bool UseCompressedOops                        = true                           {product lp64_product} {ergonomic}
     bool UseG1GC                                  = true                                      {product} {ergonomic}
     bool UseNUMA                                  = false                                     {product} {ergonomic}
     bool UseNUMAInterleaving                      = false                                     {product} {ergonomic}

Logging:
Log output configuration:
 #0: 
[error occurred during error reporting (printing log configuration), id 0xb, SIGSEGV (0xb) at pc=0x000000010e1f4a5f]

Environment Variables:
JAVA_HOME=/Library/Java/JavaVirtualMachines/jdk-17.0.1.jdk/Contents/Home
PATH=/Library/Frameworks/Python.framework/Versions/3.11/bin:/Library/Frameworks/Python.framework/Versions/3.10/bin:/opt/homebrew/bin:/opt/homebrew/sbin:/opt/homebrew/bin:/opt/homebrew/sbin:/usr/local/bin:/usr/bin:/bin:/usr/sbin:/sbin:/Applications/VMware Fusion.app/Contents/Public:/Library/Apple/usr/bin:/Library/Frameworks/Mono.framework/Versions/Current/Commands:/Users/matth/.cargo/bin
LD_LIBRARY_PATH=/Users/matth/Documents/GitHub/ChargedUp-2023/build/jni/release
SHELL=/bin/zsh
LC_CTYPE=en_US.UTF-8
DYLD_LIBRARY_PATH=/Users/matth/Documents/GitHub/ChargedUp-2023/build/jni/release
DYLD_FALLBACK_LIBRARY_PATH=/Users/matth/Documents/GitHub/ChargedUp-2023/build/jni/release

Signal Handlers:
   SIGSEGV: _ZL13crash_handleriP9__siginfoPv in libjvm.dylib, mask=11100110100111111111111111111111, flags=SA_RESTART|SA_SIGINFO
    SIGBUS: _ZL13crash_handleriP9__siginfoPv in libjvm.dylib, mask=11100110100111111111111111111111, flags=SA_RESTART|SA_SIGINFO
    SIGFPE: _ZL13crash_handleriP9__siginfoPv in libjvm.dylib, mask=11100110100111111111111111111111, flags=SA_RESTART|SA_SIGINFO
   SIGPIPE: SIG_IGN, mask=00000000000000000000000000000000, flags=SA_RESTART
  *** Handler was modified!
  *** Expected: _ZL17javaSignalHandleriP9__siginfoPv in libjvm.dylib, mask=11100110100111111111111111111111, flags=SA_RESTART|SA_SIGINFO
   SIGXFSZ: _ZL17javaSignalHandleriP9__siginfoPv in libjvm.dylib, mask=11100110100111111111111111111111, flags=SA_RESTART|SA_SIGINFO
    SIGILL: _ZL13crash_handleriP9__siginfoPv in libjvm.dylib, mask=11100110100111111111111111111111, flags=SA_RESTART|SA_SIGINFO
   SIGUSR2: _ZL10SR_handleriP9__siginfoP17__darwin_ucontext in libjvm.dylib, mask=00100000000000000000000000000000, flags=SA_RESTART|SA_SIGINFO
    SIGHUP: _ZL11UserHandleriPvS_ in libjvm.dylib, mask=11100110100111111111111111111111, flags=SA_RESTART|SA_SIGINFO
    SIGINT: _ZL11UserHandleriPvS_ in libjvm.dylib, mask=11100110100111111111111111111111, flags=SA_RESTART|SA_SIGINFO
   SIGTERM: _ZL11UserHandleriPvS_ in libjvm.dylib, mask=11100110100111111111111111111111, flags=SA_RESTART|SA_SIGINFO
   SIGQUIT: _ZL11UserHandleriPvS_ in libjvm.dylib, mask=11100110100111111111111111111111, flags=SA_RESTART|SA_SIGINFO
   SIGTRAP: _ZL13crash_handleriP9__siginfoPv in libjvm.dylib, mask=11100110100111111111111111111111, flags=SA_RESTART|SA_SIGINFO


---------------  S Y S T E M  ---------------

OS:
uname: Darwin 21.6.0 Darwin Kernel Version 21.6.0: Sat Jun 18 17:05:47 PDT 2022; root:xnu-8020.140.41~1/RELEASE_ARM64_T8101 x86_64
OS uptime: 16 days 20:01 hours
rlimit (soft/hard): STACK 8176k/65520k , CORE 0k/infinity , NPROC 2666/4000 , NOFILE 10240/infinity , AS infinity/infinity , CPU infinity/infinity , DATA infinity/infinity , FSIZE infinity/infinity , MEMLOCK infinity/infinity , RSS infinity/infinity
load average: 10.65 8.23 6.60

CPU: (EMULATED) total 8 (initial active 8) (1 cores per cpu, 1 threads per core) family 6 model 44 stepping 0 microcode 0x0, cx8, cmov, fxsr, mmx, sse, sse2, sse3, ssse3, sse4.1, sse4.2, popcnt, tsc, tscinvbit, aes, clmul, clflush

Memory: 4k page, physical 16777216k(40052k free), swap 12582912k(1006016k free)

vm_info: Java HotSpot(TM) 64-Bit Server VM (17.0.1+12-LTS-39) for bsd-amd64 JRE (17.0.1+12-LTS-39), built on Sep 27 2021 17:40:18 by "mach5one" with clang Apple LLVM 12.0.0 (clang-1200.0.32.29)

END.
