#
# A fatal error has been detected by the Java Runtime Environment:
#
#  SIGSEGV (0xb) at pc=0x000000013529244b, pid=79826, tid=259
#
# JRE version: Java(TM) SE Runtime Environment (17.0.1+12) (build 17.0.1+12-LTS-39)
# Java VM: Java HotSpot(TM) 64-Bit Server VM (17.0.1+12-LTS-39, mixed mode, sharing, tiered, compressed oops, compressed class ptrs, g1 gc, bsd-amd64)
# Problematic frame:
# C  [libhalsim_gui.dylib+0x1e44b]  _ZNSt3__110__function6__funcIZN9halsimgui19NetworkTablesSimGui10InitializeEvE3$_0NS_9allocatorIS4_EEFvvEEclEv+0xb
#
# No core dump will be written. Core dumps have been disabled. To enable core dumping, try "ulimit -c unlimited" before starting Java again
#
# If you would like to submit a bug report, please visit:
#   https://bugreport.java.com/bugreport/crash.jsp
# The crash happened outside the Java Virtual Machine in native code.
# See problematic frame for where to report the bug.
#

---------------  S U M M A R Y ------------

Command Line: -Djava.library.path=/Users/matth/Documents/GitHub/ChargedUp-2023/build/jni/release -Dfile.encoding=UTF-8 -Duser.country=US -Duser.language=en -Duser.variant /Users/matth/Documents/GitHub/ChargedUp-2023/build/libs/ChargedUp-2023.jar

Host: "MacBookAir10,1" x86_64 (EMULATED) 2400 MHz, 8 cores, 16G, Darwin 21.6.0, macOS 12.5 (21G72)
Time: Fri Jan 27 21:57:13 2023 EST elapsed time: 546.560342 seconds (0d 0h 9m 6s)

---------------  T H R E A D  ---------------

Current thread (0x00007fb99e00b200):  JavaThread "main" [_thread_in_native, id=259, stack(0x000000030bf65000,0x000000030c765000)]

Stack: [0x000000030bf65000,0x000000030c765000],  sp=0x000000030c761960,  free space=8178k
Native frames: (J=compiled Java code, j=interpreted, Vv=VM code, C=native code)
C  [libhalsim_gui.dylib+0x1e44b]  _ZNSt3__110__function6__funcIZN9halsimgui19NetworkTablesSimGui10InitializeEvE3$_0NS_9allocatorIS4_EEFvvEEclEv+0xb
C  [libhalsim_gui.dylib+0x87d35]  _ZN3wpi3gui17CommonRenderFrameEv+0x75
C  [libhalsim_gui.dylib+0x9b516]  _ZN3wpi3gui19PlatformRenderFrameEv+0x326
C  [libhalsim_gui.dylib+0x87c37]  _ZN3wpi3gui4MainEv+0x107
C  [libhalsim_gui.dylib+0x1dbf9]  _ZZ20HALSIM_InitExtensionEN3$_28__invokeEPv+0x9
j  edu.wpi.first.hal.HAL.runMain()V+0
j  edu.wpi.first.wpilibj.RobotBase.startRobot(Ljava/util/function/Supplier;)V+83
j  com.team4099.robot2023.Main$Companion.main([Ljava/lang/String;)V+11
j  com.team4099.robot2023.Main.main([Ljava/lang/String;)V+4
v  ~StubRoutines::call_stub
V  [libjvm.dylib+0x502a21]  _ZN9JavaCalls11call_helperEP9JavaValueRK12methodHandleP17JavaCallArgumentsP10JavaThread+0x2a1
V  [libjvm.dylib+0x564412]  _ZL17jni_invoke_staticP7JNIEnv_P9JavaValueP8_jobject11JNICallTypeP10_jmethodIDP18JNI_ArgumentPusherP10JavaThread+0x152
V  [libjvm.dylib+0x5677d3]  jni_CallStaticVoidMethod+0x183
C  [libjli.dylib+0x50bf]  JavaMain+0x9bf
C  [libjli.dylib+0x7a5c]  __JVMInit_block_invoke+0x4c
C  [Foundation+0x41ae1]  __NSBLOCKOPERATION_IS_CALLING_OUT_TO_A_BLOCK__+0x7
C  [Foundation+0x419d9]  -[NSBlockOperation main]+0x62
C  [Foundation+0x4196f]  __NSOPERATION_IS_INVOKING_MAIN__+0x11
C  [Foundation+0x40bdb]  -[NSOperation start]+0x311
C  [Foundation+0x814f7]  __NSThreadPerformPerform+0xb3
C  [CoreFoundation+0x7f37a]  __CFRUNLOOP_IS_CALLING_OUT_TO_A_SOURCE0_PERFORM_FUNCTION__+0x11
C  [CoreFoundation+0x7f2e2]  __CFRunLoopDoSource0+0xb4
C  [CoreFoundation+0x7f060]  __CFRunLoopDoSources0+0xf2
C  [CoreFoundation+0x7da70]  __CFRunLoopRun+0x37c
C  [CoreFoundation+0x7d034]  CFRunLoopRunSpecific+0x232
C  [libjli.dylib+0x70b2]  CreateExecutionEnvironment+0x182
C  [libjli.dylib+0x2c15]  JLI_Launch+0x585
C  [java+0x3c09]  main+0x189
C  0x000000020454d52e

Java frames: (J=compiled Java code, j=interpreted, Vv=VM code)
j  edu.wpi.first.hal.HAL.runMain()V+0
j  edu.wpi.first.wpilibj.RobotBase.startRobot(Ljava/util/function/Supplier;)V+83
j  com.team4099.robot2023.Main$Companion.main([Ljava/lang/String;)V+11
j  com.team4099.robot2023.Main.main([Ljava/lang/String;)V+4
v  ~StubRoutines::call_stub

siginfo: si_signo: 11 (SIGSEGV), si_code: 1 (SEGV_MAPERR), si_addr: 0x0000000000000000

Register to memory mapping:

RAX=0x0000000135666608: _ZTVNSt3__110__function6__funcIZN9halsimgui19NetworkTablesSimGui10InitializeEvE3$_0NS_9allocatorIS4_EEFvvEEE+0x10 in /Users/matth/Documents/GitHub/ChargedUp-2023/build/jni/release/libhalsim_gui.dylib at 0x0000000135274000
RBX=0x0000000000000004 is an unknown value
RCX=0x00007fb98cf08b80 points into unknown readable memory: 0x00000001356648e8 | e8 48 66 35 01 00 00 00
RDX=0x0000000000000005 is an unknown value
RSP=0x000000030c761960 is pointing into the stack for thread: 0x00007fb99e00b200
RBP=0x000000030c761960 is pointing into the stack for thread: 0x00007fb99e00b200
RSI=0x0 is NULL
RDI=0x0 is NULL
R8 =0x0000000000000523 is an unknown value
R9 =0x0 is NULL
R10=0x0 is NULL
R11=0x0 is NULL
R12=0x00007ff80987f300: objc_release+0 in /usr/lib/libobjc.A.dylib at 0x00007ff809876000
R13=0x00006000014b7b00 points into unknown readable memory: 0x021dfff84b440265 | 65 02 44 4b f8 ff 1d 02
R14=0xaaaaaaaaaaaaaaab is an unknown value
R15=0x00000000000000e0 is an unknown value


Registers:
RAX=0x0000000135666608, RBX=0x0000000000000004, RCX=0x00007fb98cf08b80, RDX=0x0000000000000005
RSP=0x000000030c761960, RBP=0x000000030c761960, RSI=0x0000000000000000, RDI=0x0000000000000000
R8 =0x0000000000000523, R9 =0x0000000000000000, R10=0x0000000000000000, R11=0x0000000000000000
R12=0x00007ff80987f300, R13=0x00006000014b7b00, R14=0xaaaaaaaaaaaaaaab, R15=0x00000000000000e0
RIP=0x000000013529244b, EFLAGS=0x0000000000000202, ERR=0x0000000000000004
  TRAPNO=0x000000000000000e

Top of Stack: (sp=0x000000030c761960)
0x000000030c761960:   000000030c761990 00000001352fbd35
0x000000030c761970:   031dfff84b72d321 00007fb98cffb160
0x000000030c761980:   00006000005f94a0 000060000083fcc0
0x000000030c761990:   000000030c761a50 000000013530f516
0x000000030c7619a0:   3fdcccccc0000000 3fe19999a0000000
0x000000030c7619b0:   3fe3333340000000 3ff0000000000000
0x000000030c7619c0:   3fdcccccc0000000 3fe19999a0000000
0x000000030c7619d0:   3fe3333340000000 3ff0000000000000
0x000000030c7619e0:   3fdcccccc0000000 3fe19999a0000000
0x000000030c7619f0:   3fe3333340000000 3ff0000000000000
0x000000030c761a00:   0000000000000000 00007fb99e0091e8
0x000000030c761a10:   00006000014b7b00 0000069e00000a00
0x000000030c761a20:   00007fb98cffb160 00007fb98d052208
0x000000030c761a30:   0000000000000000 0000000131c0db68
0x000000030c761a40:   000000030c761a66 0000000000000000
0x000000030c761a50:   000000030c761a80 00000001352fbc37
0x000000030c761a60:   000000010d6bd7e0 0000000131c0db68
0x000000030c761a70:   000000030c761b08 00007fb99e00b200
0x000000030c761a80:   000000030c761a90 0000000135291bf9
0x000000030c761a90:   000000030c761af0 0000000117738365
0x000000030c761aa0:   00000001177380b6 000000030c761aa8
0x000000030c761ab0:   0000000131c0db68 000000030c761b08
0x000000030c761ac0:   0000000131c0ef98 0000000000000000
0x000000030c761ad0:   0000000700000170 0000000131c0db68
0x000000030c761ae0:   0000000000000000 000000030c761b10
0x000000030c761af0:   000000030c761b58 000000011773442b
0x000000030c761b00:   0000000700000170 0000000117735f18
0x000000030c761b10:   000000030c761b10 0000000131c0ba63
0x000000030c761b20:   000000030c761b80 0000000131c0c758
0x000000030c761b30:   0000000000000000 00000007000001e8
0x000000030c761b40:   0000000131c0bb00 000000030c761b10
0x000000030c761b50:   000000030c761b80 000000030c761bd0 

Instructions: (pc=0x000000013529244b)
0x000000013529234b:   fb 75 0e 48 8b 07 ff 50 20 4c 89 f7 e8 fc 45 31
0x000000013529235b:   00 48 85 ff 74 06 48 8b 07 ff 50 28 4c 89 f7 e8
0x000000013529236b:   e9 45 31 00 49 89 c6 48 89 df e8 da 49 31 00 4c
0x000000013529237b:   89 f7 e8 d6 45 31 00 66 2e 0f 1f 84 00 00 00 00
0x000000013529238b:   00 0f 1f 40 00 55 48 89 e5 48 8b 3d fd 24 3e 00
0x000000013529239b:   48 85 ff 74 0c 48 8d 35 a9 6d 3a 00 e8 44 ce 04
0x00000001352923ab:   00 48 8b 3d ed 24 3e 00 48 85 ff 74 0d 48 8d 35
0x00000001352923bb:   a4 6d 3a 00 5d e9 2b ce 04 00 5d c3 66 0f 1f 84
0x00000001352923cb:   00 00 00 00 00 55 48 89 e5 5d c3 66 2e 0f 1f 84
0x00000001352923db:   00 00 00 00 00 55 48 89 e5 5d e9 6a 49 31 00 66
0x00000001352923eb:   0f 1f 44 00 00 55 48 89 e5 bf 10 00 00 00 e8 5c
0x00000001352923fb:   49 31 00 48 8d 0d 03 42 3d 00 48 89 08 5d c3 66
0x000000013529240b:   0f 1f 44 00 00 55 48 89 e5 48 8d 05 ed 41 3d 00
0x000000013529241b:   48 89 06 5d c3 55 48 89 e5 5d c3 66 2e 0f 1f 84
0x000000013529242b:   00 00 00 00 00 55 48 89 e5 5d e9 1a 49 31 00 66
0x000000013529243b:   0f 1f 44 00 00 55 48 89 e5 48 8b 3d 45 24 3e 00
0x000000013529244b:   48 8b 07 5d ff 60 10 66 2e 0f 1f 84 00 00 00 00
0x000000013529245b:   00 0f 1f 40 00 55 48 89 e5 48 8d 0d 4e f8 31 00
0x000000013529246b:   48 83 c7 08 31 c0 48 39 4e 08 48 0f 44 c7 5d c3
0x000000013529247b:   0f 1f 44 00 00 55 48 89 e5 48 8d 05 dd 41 3d 00
0x000000013529248b:   5d c3 0f 1f 00 55 48 89 e5 5d c3 66 2e 0f 1f 84
0x000000013529249b:   00 00 00 00 00 55 48 89 e5 5d e9 aa 48 31 00 66
0x00000001352924ab:   0f 1f 44 00 00 55 48 89 e5 bf 10 00 00 00 e8 9c
0x00000001352924bb:   48 31 00 48 8d 0d c3 41 3d 00 48 89 08 5d c3 66
0x00000001352924cb:   0f 1f 44 00 00 55 48 89 e5 48 8d 05 ad 41 3d 00
0x00000001352924db:   48 89 06 5d c3 55 48 89 e5 5d c3 66 2e 0f 1f 84
0x00000001352924eb:   00 00 00 00 00 55 48 89 e5 5d e9 5a 48 31 00 66
0x00000001352924fb:   0f 1f 44 00 00 55 48 89 e5 48 8b 3d 8d 23 3e 00
0x000000013529250b:   5d e9 4f c9 04 00 66 2e 0f 1f 84 00 00 00 00 00
0x000000013529251b:   0f 1f 44 00 00 55 48 89 e5 48 8d 0d 2c f8 31 00
0x000000013529252b:   48 83 c7 08 31 c0 48 39 4e 08 48 0f 44 c7 5d c3
0x000000013529253b:   0f 1f 44 00 00 55 48 89 e5 48 8d 05 9d 41 3d 00 


Stack slot to memory mapping:
stack at sp + 0 slots: 0x000000030c761990 is pointing into the stack for thread: 0x00007fb99e00b200
stack at sp + 1 slots: 0x00000001352fbd35: _ZN3wpi3gui17CommonRenderFrameEv+0x75 in /Users/matth/Documents/GitHub/ChargedUp-2023/build/jni/release/libhalsim_gui.dylib at 0x0000000135274000
stack at sp + 2 slots: 0x031dfff84b72d321 is an unknown value
stack at sp + 3 slots: 0x00007fb98cffb160 points into unknown readable memory: 0x021dfffa4cfd0a6d | 6d 0a fd 4c fa ff 1d 02
stack at sp + 4 slots: 0x00006000005f94a0 points into unknown readable memory: 0x021dfff84b72d321 | 21 d3 72 4b f8 ff 1d 02
stack at sp + 5 slots: 0x000060000083fcc0 points into unknown readable memory: 0x011dfffa4cfd1289 | 89 12 fd 4c fa ff 1d 01
stack at sp + 6 slots: 0x000000030c761a50 is pointing into the stack for thread: 0x00007fb99e00b200
stack at sp + 7 slots: 0x000000013530f516: _ZN3wpi3gui19PlatformRenderFrameEv+0x326 in /Users/matth/Documents/GitHub/ChargedUp-2023/build/jni/release/libhalsim_gui.dylib at 0x0000000135274000


---------------  P R O C E S S  ---------------

Threads class SMR info:
_java_thread_list=0x0000600003a340e0, length=15, elements={
0x00007fb99e00b200, 0x00007fb98d032800, 0x00007fb99d009200, 0x00007fb99d00b000,
0x00007fb99d00b600, 0x00007fb99d00bc00, 0x00007fb99d00c200, 0x00007fb99d00c800,
0x00007fb97d0b3200, 0x00007fb99e04f400, 0x00007fb99e04cc00, 0x00007fb99d096c00,
0x00007fb98d088000, 0x00007fb99d0b3e00, 0x00007fb96e00a200
}

Java Threads: ( => current thread )
=>0x00007fb99e00b200 JavaThread "main" [_thread_in_native, id=259, stack(0x000000030bf65000,0x000000030c765000)]
  0x00007fb98d032800 JavaThread "Reference Handler" daemon [_thread_blocked, id=22027, stack(0x000000030cdfb000,0x000000030cefb000)]
  0x00007fb99d009200 JavaThread "Finalizer" daemon [_thread_blocked, id=43011, stack(0x000000030cefe000,0x000000030cffe000)]
  0x00007fb99d00b000 JavaThread "Signal Dispatcher" daemon [_thread_blocked, id=41219, stack(0x000000030d10f000,0x000000030d20f000)]
  0x00007fb99d00b600 JavaThread "Service Thread" daemon [_thread_blocked, id=25347, stack(0x000000030d212000,0x000000030d312000)]
  0x00007fb99d00bc00 JavaThread "Monitor Deflation Thread" daemon [_thread_blocked, id=25859, stack(0x000000030d315000,0x000000030d415000)]
  0x00007fb99d00c200 JavaThread "C2 CompilerThread0" daemon [_thread_blocked, id=40707, stack(0x000000030d418000,0x000000030d518000)]
  0x00007fb99d00c800 JavaThread "C1 CompilerThread0" daemon [_thread_blocked, id=26371, stack(0x000000030d51b000,0x000000030d61b000)]
  0x00007fb97d0b3200 JavaThread "Sweeper thread" daemon [_thread_blocked, id=40451, stack(0x000000030d61e000,0x000000030d71e000)]
  0x00007fb99e04f400 JavaThread "Notification Thread" daemon [_thread_blocked, id=27407, stack(0x000000030d721000,0x000000030d821000)]
  0x00007fb99e04cc00 JavaThread "Common-Cleaner" daemon [_thread_blocked, id=39691, stack(0x000000030d927000,0x000000030da27000)]
  0x00007fb99d096c00 JavaThread "robot main" daemon [_thread_blocked, id=53607, stack(0x000000030dbb9000,0x000000030dcb9000)]
  0x00007fb98d088000 JavaThread "Thread-0" daemon [_thread_in_native, id=74311, stack(0x000000030fd3b000,0x000000030fe3b000)]
  0x00007fb99d0b3e00 JavaThread "LogReceiver" daemon [_thread_blocked, id=60939, stack(0x000000030fe3e000,0x000000030ff3e000)]
  0x00007fb96e00a200 JavaThread "SIGTERM handler" daemon [_thread_blocked, id=71819, stack(0x00000003105e3000,0x00000003106e3000)]

Other Threads:
  0x00007fb99d80bb40 VMThread "VM Thread" [stack: 0x000000030ccf8000,0x000000030cdf8000] [id=17155]
  0x00007fb99d8078e0 GCTaskThread "GC Thread#0" [stack: 0x000000030c7e9000,0x000000030c8e9000] [id=19203]
  0x00007fb99d889300 GCTaskThread "GC Thread#1" [stack: 0x000000030ffc4000,0x00000003100c4000] [id=66615]
  0x00007fb99d889af0 GCTaskThread "GC Thread#2" [stack: 0x00000003100c7000,0x00000003101c7000] [id=67843]
  0x00007fb99d889f60 GCTaskThread "GC Thread#3" [stack: 0x00000003101ca000,0x00000003102ca000] [id=67587]
  0x00007fb98cfb30a0 GCTaskThread "GC Thread#4" [stack: 0x00000003102cd000,0x00000003103cd000] [id=87299]
  0x00007fb99d88a3d0 GCTaskThread "GC Thread#5" [stack: 0x00000003103d0000,0x00000003104d0000] [id=87811]
  0x00007fb99d807f80 ConcurrentGCThread "G1 Main Marker" terminated
  0x00007fb99d808800 ConcurrentGCThread "G1 Conc#0" [stack: 0x000000030c9ef000,0x000000030caef000] [id=18435]
  0x00007fb97cf061e0 ConcurrentGCThread "G1 Refine#0" terminated
  0x00007fb98cf05280 ConcurrentGCThread "G1 Service" terminated

Threads with active compile tasks:

VM state: at safepoint (shutting down)

VM Mutex/Monitor currently owned by a thread:  ([mutex/lock_event])
[0x00006000014fe180] Threads_lock - owner thread: 0x00007fb99d80bb40
[0x00006000014fe700] Heap_lock - owner thread: 0x00007fb96e00a200

Heap address: 0x0000000700000000, size: 4096 MB, Compressed Oops mode: Zero based, Oop shift amount: 3

CDS archive(s) mapped at: [0x0000000800000000-0x0000000800bd4000-0x0000000800bd4000), size 12402688, SharedBaseAddress: 0x0000000800000000, ArchiveRelocationMode: 0.
Compressed class space mapped at: 0x0000000800c00000-0x0000000840c00000, reserved size: 1073741824
Narrow klass base: 0x0000000800000000, Narrow klass shift: 0, Narrow klass range: 0x100000000

GC Precious Log:
 CPUs: 8 total, 8 available
 Memory: 16384M
 Large Page Support: Disabled
 NUMA Support: Disabled
 Compressed Oops: Enabled (Zero based)
 Heap Region Size: 2M
 Heap Min Capacity: 8M
 Heap Initial Capacity: 256M
 Heap Max Capacity: 4G
 Pre-touch: Disabled
 Parallel Workers: 8
 Concurrent Workers: 2
 Concurrent Refinement Workers: 8
 Periodic GC: Disabled

Heap:
 garbage-first heap   total 266240K, used 122836K [0x0000000700000000, 0x0000000800000000)
  region size 2048K, 60 young (122880K), 1 survivors (2048K)
 Metaspace       used 5100K, committed 5312K, reserved 1056768K
  class space    used 433K, committed 576K, reserved 1048576K

Heap Regions: E=young(eden), S=young(survivor), O=old, HS=humongous(starts), HC=humongous(continues), CS=collection set, F=free, OA=open archive, CA=closed archive, TAMS=top-at-mark-start (previous, next)
|   0|0x0000000700000000, 0x00000007001d4a00, 0x0000000700200000| 91%| O|  |TAMS 0x0000000700000000, 0x0000000700000000| Untracked 
|   1|0x0000000700200000, 0x0000000700200000, 0x0000000700400000|  0%| F|  |TAMS 0x0000000700200000, 0x0000000700200000| Untracked 
|   2|0x0000000700400000, 0x0000000700400000, 0x0000000700600000|  0%| F|  |TAMS 0x0000000700400000, 0x0000000700400000| Untracked 
|   3|0x0000000700600000, 0x0000000700600000, 0x0000000700800000|  0%| F|  |TAMS 0x0000000700600000, 0x0000000700600000| Untracked 
|   4|0x0000000700800000, 0x0000000700800000, 0x0000000700a00000|  0%| F|  |TAMS 0x0000000700800000, 0x0000000700800000| Untracked 
|   5|0x0000000700a00000, 0x0000000700a00000, 0x0000000700c00000|  0%| F|  |TAMS 0x0000000700a00000, 0x0000000700a00000| Untracked 
|   6|0x0000000700c00000, 0x0000000700c00000, 0x0000000700e00000|  0%| F|  |TAMS 0x0000000700c00000, 0x0000000700c00000| Untracked 
|   7|0x0000000700e00000, 0x0000000700e00000, 0x0000000701000000|  0%| F|  |TAMS 0x0000000700e00000, 0x0000000700e00000| Untracked 
|   8|0x0000000701000000, 0x0000000701000000, 0x0000000701200000|  0%| F|  |TAMS 0x0000000701000000, 0x0000000701000000| Untracked 
|   9|0x0000000701200000, 0x0000000701200000, 0x0000000701400000|  0%| F|  |TAMS 0x0000000701200000, 0x0000000701200000| Untracked 
|  10|0x0000000701400000, 0x0000000701400000, 0x0000000701600000|  0%| F|  |TAMS 0x0000000701400000, 0x0000000701400000| Untracked 
|  11|0x0000000701600000, 0x0000000701600000, 0x0000000701800000|  0%| F|  |TAMS 0x0000000701600000, 0x0000000701600000| Untracked 
|  12|0x0000000701800000, 0x0000000701800000, 0x0000000701a00000|  0%| F|  |TAMS 0x0000000701800000, 0x0000000701800000| Untracked 
|  13|0x0000000701a00000, 0x0000000701a00000, 0x0000000701c00000|  0%| F|  |TAMS 0x0000000701a00000, 0x0000000701a00000| Untracked 
|  14|0x0000000701c00000, 0x0000000701c00000, 0x0000000701e00000|  0%| F|  |TAMS 0x0000000701c00000, 0x0000000701c00000| Untracked 
|  15|0x0000000701e00000, 0x0000000701e00000, 0x0000000702000000|  0%| F|  |TAMS 0x0000000701e00000, 0x0000000701e00000| Untracked 
|  16|0x0000000702000000, 0x0000000702000000, 0x0000000702200000|  0%| F|  |TAMS 0x0000000702000000, 0x0000000702000000| Untracked 
|  17|0x0000000702200000, 0x0000000702200000, 0x0000000702400000|  0%| F|  |TAMS 0x0000000702200000, 0x0000000702200000| Untracked 
|  18|0x0000000702400000, 0x0000000702400000, 0x0000000702600000|  0%| F|  |TAMS 0x0000000702400000, 0x0000000702400000| Untracked 
|  19|0x0000000702600000, 0x0000000702600000, 0x0000000702800000|  0%| F|  |TAMS 0x0000000702600000, 0x0000000702600000| Untracked 
|  20|0x0000000702800000, 0x0000000702800000, 0x0000000702a00000|  0%| F|  |TAMS 0x0000000702800000, 0x0000000702800000| Untracked 
|  21|0x0000000702a00000, 0x0000000702a00000, 0x0000000702c00000|  0%| F|  |TAMS 0x0000000702a00000, 0x0000000702a00000| Untracked 
|  22|0x0000000702c00000, 0x0000000702c00000, 0x0000000702e00000|  0%| F|  |TAMS 0x0000000702c00000, 0x0000000702c00000| Untracked 
|  23|0x0000000702e00000, 0x0000000702e00000, 0x0000000703000000|  0%| F|  |TAMS 0x0000000702e00000, 0x0000000702e00000| Untracked 
|  24|0x0000000703000000, 0x0000000703000000, 0x0000000703200000|  0%| F|  |TAMS 0x0000000703000000, 0x0000000703000000| Untracked 
|  25|0x0000000703200000, 0x0000000703200000, 0x0000000703400000|  0%| F|  |TAMS 0x0000000703200000, 0x0000000703200000| Untracked 
|  26|0x0000000703400000, 0x0000000703400000, 0x0000000703600000|  0%| F|  |TAMS 0x0000000703400000, 0x0000000703400000| Untracked 
|  27|0x0000000703600000, 0x0000000703600000, 0x0000000703800000|  0%| F|  |TAMS 0x0000000703600000, 0x0000000703600000| Untracked 
|  28|0x0000000703800000, 0x0000000703800000, 0x0000000703a00000|  0%| F|  |TAMS 0x0000000703800000, 0x0000000703800000| Untracked 
|  29|0x0000000703a00000, 0x0000000703a00000, 0x0000000703c00000|  0%| F|  |TAMS 0x0000000703a00000, 0x0000000703a00000| Untracked 
|  30|0x0000000703c00000, 0x0000000703c00000, 0x0000000703e00000|  0%| F|  |TAMS 0x0000000703c00000, 0x0000000703c00000| Untracked 
|  31|0x0000000703e00000, 0x0000000703e00000, 0x0000000704000000|  0%| F|  |TAMS 0x0000000703e00000, 0x0000000703e00000| Untracked 
|  32|0x0000000704000000, 0x0000000704000000, 0x0000000704200000|  0%| F|  |TAMS 0x0000000704000000, 0x0000000704000000| Untracked 
|  33|0x0000000704200000, 0x0000000704200000, 0x0000000704400000|  0%| F|  |TAMS 0x0000000704200000, 0x0000000704200000| Untracked 
|  34|0x0000000704400000, 0x0000000704400000, 0x0000000704600000|  0%| F|  |TAMS 0x0000000704400000, 0x0000000704400000| Untracked 
|  35|0x0000000704600000, 0x0000000704600000, 0x0000000704800000|  0%| F|  |TAMS 0x0000000704600000, 0x0000000704600000| Untracked 
|  36|0x0000000704800000, 0x0000000704800000, 0x0000000704a00000|  0%| F|  |TAMS 0x0000000704800000, 0x0000000704800000| Untracked 
|  37|0x0000000704a00000, 0x0000000704a00000, 0x0000000704c00000|  0%| F|  |TAMS 0x0000000704a00000, 0x0000000704a00000| Untracked 
|  38|0x0000000704c00000, 0x0000000704c00000, 0x0000000704e00000|  0%| F|  |TAMS 0x0000000704c00000, 0x0000000704c00000| Untracked 
|  39|0x0000000704e00000, 0x0000000704e00000, 0x0000000705000000|  0%| F|  |TAMS 0x0000000704e00000, 0x0000000704e00000| Untracked 
|  40|0x0000000705000000, 0x0000000705000000, 0x0000000705200000|  0%| F|  |TAMS 0x0000000705000000, 0x0000000705000000| Untracked 
|  41|0x0000000705200000, 0x0000000705200000, 0x0000000705400000|  0%| F|  |TAMS 0x0000000705200000, 0x0000000705200000| Untracked 
|  42|0x0000000705400000, 0x0000000705400000, 0x0000000705600000|  0%| F|  |TAMS 0x0000000705400000, 0x0000000705400000| Untracked 
|  43|0x0000000705600000, 0x0000000705600000, 0x0000000705800000|  0%| F|  |TAMS 0x0000000705600000, 0x0000000705600000| Untracked 
|  44|0x0000000705800000, 0x0000000705800000, 0x0000000705a00000|  0%| F|  |TAMS 0x0000000705800000, 0x0000000705800000| Untracked 
|  45|0x0000000705a00000, 0x0000000705a00000, 0x0000000705c00000|  0%| F|  |TAMS 0x0000000705a00000, 0x0000000705a00000| Untracked 
|  46|0x0000000705c00000, 0x0000000705c00000, 0x0000000705e00000|  0%| F|  |TAMS 0x0000000705c00000, 0x0000000705c00000| Untracked 
|  47|0x0000000705e00000, 0x0000000705e00000, 0x0000000706000000|  0%| F|  |TAMS 0x0000000705e00000, 0x0000000705e00000| Untracked 
|  48|0x0000000706000000, 0x0000000706000000, 0x0000000706200000|  0%| F|  |TAMS 0x0000000706000000, 0x0000000706000000| Untracked 
|  49|0x0000000706200000, 0x0000000706200000, 0x0000000706400000|  0%| F|  |TAMS 0x0000000706200000, 0x0000000706200000| Untracked 
|  50|0x0000000706400000, 0x0000000706400000, 0x0000000706600000|  0%| F|  |TAMS 0x0000000706400000, 0x0000000706400000| Untracked 
|  51|0x0000000706600000, 0x0000000706600000, 0x0000000706800000|  0%| F|  |TAMS 0x0000000706600000, 0x0000000706600000| Untracked 
|  52|0x0000000706800000, 0x000000070682b8f0, 0x0000000706a00000|  8%| S|CS|TAMS 0x0000000706800000, 0x0000000706800000| Complete 
|  53|0x0000000706a00000, 0x0000000706a00000, 0x0000000706c00000|  0%