#
# A fatal error has been detected by the Java Runtime Environment:
#
#  SIGSEGV (0xb) at pc=0x0000000131ac644b, pid=3732, tid=259
#
# JRE version: Java(TM) SE Runtime Environment (17.0.1+12) (build 17.0.1+12-LTS-39)
# Java VM: Java HotSpot(TM) 64-Bit Server VM (17.0.1+12-LTS-39, mixed mode, sharing, tiered, compressed oops, compressed class ptrs, g1 gc, bsd-amd64)
# Problematic frame:
# C  [libhalsim_gui.dylib+0x1e44b]  _ZNSt3__110__function6__funcIZN9halsimgui19NetworkTablesSimGui10InitializeEvE3$_0NS_9allocatorIS4_EEFvvEEclEv+0xb
#
# No core dump will be written. Core dumps have been disabled. To enable core dumping, try "ulimit -c unlimited" before starting Java again
#
# If you would like to submit a bug report, please visit:
#   https://bugreport.java.com/bugreport/crash.jsp
# The crash happened outside the Java Virtual Machine in native code.
# See problematic frame for where to report the bug.
#

---------------  S U M M A R Y ------------

Command Line: -Djava.library.path=/Users/matth/Documents/GitHub/ChargedUp-2023/build/jni/release -Dfile.encoding=UTF-8 -Duser.country=US -Duser.language=en -Duser.variant /Users/matth/Documents/GitHub/ChargedUp-2023/build/libs/ChargedUp-2023.jar

Host: "MacBookAir10,1" x86_64 (EMULATED) 2400 MHz, 8 cores, 16G, Darwin 21.6.0, macOS 12.5 (21G72)
Time: Sun Jan 29 19:28:50 2023 EST elapsed time: 33.082623 seconds (0d 0h 0m 33s)

---------------  T H R E A D  ---------------

Current thread (0x00007fe2aa008a00):  JavaThread "main" [_thread_in_native, id=259, stack(0x0000000304f6f000,0x000000030576f000)]

Stack: [0x0000000304f6f000,0x000000030576f000],  sp=0x000000030576b960,  free space=8178k
Native frames: (J=compiled Java code, j=interpreted, Vv=VM code, C=native code)
C  [libhalsim_gui.dylib+0x1e44b]  _ZNSt3__110__function6__funcIZN9halsimgui19NetworkTablesSimGui10InitializeEvE3$_0NS_9allocatorIS4_EEFvvEEclEv+0xb
