#
# A fatal error has been detected by the Java Runtime Environment:
#
#  SIGSEGV (0xb) at pc=0x0000000131a9244b, pid=67777, tid=259
#
# JRE version: Java(TM) SE Runtime Environment (17.0.1+12) (build 17.0.1+12-LTS-39)
# Java VM: Java HotSpot(TM) 64-Bit Server VM (17.0.1+12-LTS-39, mixed mode, sharing, tiered, compressed oops, compressed class ptrs, g1 gc, bsd-amd64)
# Problematic frame:
# C  [libhalsim_gui.dylib+0x1e44b]  _ZNSt3__110__function6__funcIZN9halsimgui19NetworkTablesSimGui10InitializeEvE3$_0NS_9allocatorIS4_EEFvvEEclEv+0xb
#
# No core dump will be written. Core dumps have been disabled. To enable core dumping, try "ulimit -c unlimited" before starting Java again
#
# If you would like to submit a bug report, please visit:
#   https://bugreport.java.com/bugreport/crash.jsp
# The crash happened outside the Java Virtual Machine in native code.
# See problematic frame for where to report the bug.
#

---------------  S U M M A R Y ------------

Command Line: -Djava.library.path=/Users/matth/Documents/GitHub/ChargedUp-2023/build/jni/release -Dfile.encoding=UTF-8 -Duser.country=US -Duser.language=en -Duser.variant /Users/matth/Documents/GitHub/ChargedUp-2023/build/libs/ChargedUp-2023.jar

Host: "MacBookAir10,1" x86_64 (EMULATED) 2400 MHz, 8 cores, 16G, Darwin 21.6.0, macOS 12.5 (21G72)
Time: Thu Jan 26 22:55:58 2023 EST elapsed time: 361.906961 seconds (0d 0h 6m 1s)

---------------  T H R E A D  ---------------

Current thread (0x00007fa8ca00b000):  JavaThread "main" [_thread_in_native, id=259, stack(0x0000000304e3a000,0x000000030563a000)]

Stack: [0x0000000304e3a000,0x000000030563a000],  sp=0x0000000305636960,  free space=8178k
Native frames: (J=compiled Java code, j=interpreted, Vv=VM code, C=native code)
C  [libhalsim_gui.dylib+0x1e44b]  _ZNSt3__110__function6__funcIZN9halsimgui19NetworkTablesSimGui10InitializeEvE3$_0NS_9allocatorIS4_EEFvvEEclEv+0xb
C  [libhalsim_gui.dylib+0x87d35]  _ZN3wpi3gui17CommonRenderFrameEv+0x75
C  [libhalsim_gui.dylib+0x9b516]  _ZN3wpi3gui19PlatformRenderFrameEv+0x326
C  [libhalsim_gui.dylib+0x87c37]  _ZN3wpi3gui4MainEv+0x107
C  [libhalsim_gui.dylib+0x1dbf9]  _ZZ20HALSIM_InitExtensionEN3$_28__invokeEPv+0x9
j  edu.wpi.first.hal.HAL.runMain()V+0
j  edu.wpi.first.wpilibj.RobotBase.startRobot(Ljava/util/function/Supplier;)V+83
j  com.team4099.robot2023.Main$Companion.main([Ljava/lang/String;)V+11
j  com.team4099.robot2023.Main.main([Ljava/lang/String;)V+4
v  ~StubRoutines::call_stub
V  [libjvm.dylib+0x502a21]  _ZN9JavaCalls11call_helperEP9JavaValueRK12methodHandleP17JavaCallArgumentsP10JavaThread+0x2a1
V  [libjvm.dylib+0x564412]  _ZL17jni_invoke_staticP7JNIEnv_P9JavaValueP8_jobject11JNICallTypeP10_jmethodIDP18JNI_ArgumentPusherP10JavaThread+0x152
V  [libjvm.dylib+0x5677d3]  jni_CallStaticVoidMethod+0x183
C  [libjli.dylib+0x50bf]  JavaMain+0x9bf
C  [libjli.dylib+0x7a5c]  __JVMInit_block_invoke+0x4c
C  [Foundation+0x41ae1]  __NSBLOCKOPERATION_IS_CALLING_OUT_TO_A_BLOCK__+0x7
C  [Foundation+0x419d9]  -[NSBlockOperation main]+0x62
C  [Foundation+0x4196f]  __NSOPERATION_IS_INVOKING_MAIN__+0x11
C  [Foundation+0x40bdb]  -[NSOperation start]+0x311
C  [Foundation+0x814f7]  __NSThreadPerformPerform+0xb3
C  [CoreFoundation+0x7f37a]  __CFRUNLOOP_IS_CALLING_OUT_TO_A_SOURCE0_PERFORM_FUNCTION__+0x11
C  [CoreFoundation+0x7f2e2]  __CFRunLoopDoSource0+0xb4
C  [CoreFoundation+0x7f060]  __CFRunLoopDoSources0+0xf2
C  [CoreFoundation+0x7da70]  __CFRunLoopRun+0x37c
C  [CoreFoundation+0x7d034]  CFRunLoopRunSpecific+0x232
C  [libjli.dylib+0x70b2]  CreateExecutionEnvironment+0x182
C  [libjli.dylib+0x2c15]  JLI_Launch+0x585
C  [java+0x3c09]  main+0x189
C  0x0000000200bdf52e

Java frames: (J=compiled Java code, j=interpreted, Vv=VM code)
j  edu.wpi.first.hal.HAL.runMain()V+0
j  edu.wpi.first.wpilibj.RobotBase.startRobot(Ljava/util/function/Supplier;)V+83
j  com.team4099.robot2023.Main$Companion.main([Ljava/lang/String;)V+11
j  com.team4099.robot2023.Main.main([Ljava/lang/String;)V+4
v  ~StubRoutines::call_stub

siginfo: si_signo: 11 (SIGSEGV), si_code: 1 (SEGV_MAPERR), si_addr: 0x0000000000000000

Register to memory mapping:

RAX=0x0000000131e66608: _ZTVNSt3__110__function6__funcIZN9halsimgui19NetworkTablesSimGui10InitializeEvE3$_0NS_9allocatorIS4_EEFvvEEE+0x10 in /Users/matth/Documents/GitHub/ChargedUp-2023/build/jni/release/libhalsim_gui.dylib at 0x0000000131a74000
RBX=0x0000000000000004 is an unknown value
RCX=0x00007fa8c9f0d5b0 points into unknown readable memory: 0x0000000131e648e8 | e8 48 e6 31 01 00 00 00
RDX=0x0000000000000005 is an unknown value
RSP=0x0000000305636960 is pointing into the stack for thread: 0x00007fa8ca00b000
RBP=0x0000000305636960 is pointing into the stack for thread: 0x00007fa8ca00b000
RSI=0x0 is NULL
RDI=0x0 is NULL
R8 =0x00000000000004fa is an unknown value
R9 =0x0 is NULL
R10=0x0 is NULL
R11=0x0 is NULL
R12=0x00007ff80987f300: objc_release+0 in /usr/lib/libobjc.A.dylib at 0x00007ff809876000
R13=0x00006000033dd480 points into unknown readable memory: 0x021dfff84b440265 | 65 02 44 4b f8 ff 1d 02
R14=0xaaaaaaaaaaaaaaab is an unknown value
R15=0x00000000000000e0 is an unknown value


Registers:
RAX=0x0000000131e66608, RBX=0x0000000000000004, RCX=0x00007fa8c9f0d5b0, RDX=0x0000000000000005
RSP=0x0000000305636960, RBP=0x0000000305636960, RSI=0x0000000000000000, RDI=0x0000000000000000
R8 =0x00000000000004fa, R9 =0x0000000000000000, R10=0x0000000000000000, R11=0x0000000000000000
R12=0x00007ff80987f300, R13=0x00006000033dd480, R14=0xaaaaaaaaaaaaaaab, R15=0x00000000000000e0
RIP=0x0000000131a9244b, EFLAGS=0x0000000000000202, ERR=0x0000000000000004
  TRAPNO=0x000000000000000e

Top of Stack: (sp=0x0000000305636960)
0x0000000305636960:   0000000305636990 0000000131afbd35
0x0000000305636970:   031dfff84b72d321 00007fa87a7805b0
0x0000000305636980:   00006000022f0ff0 0000600002f4da70
0x0000000305636990:   0000000305636a50 0000000131b0f516
0x00000003056369a0:   3fdcccccc0000000 3fe19999a0000000
0x00000003056369b0:   3fe3333340000000 3ff0000000000000
0x00000003056369c0:   3fdcccccc0000000 3fe19999a0000000
0x00000003056369d0:   3fe3333340000000 3ff0000000000000
0x00000003056369e0:   3fdcccccc0000000 3fe19999a0000000
0x00000003056369f0:   3fe3333340000000 3ff0000000000000
0x0000000305636a00:   0000000000000000 00007fa8cb0091e8
0x0000000305636a10:   00006000033dd480 0000069e000004fe
0x0000000305636a20:   00007fa87a7805b0 00007fa8cc034808
0x0000000305636a30:   0000000000000000 000000012e40db78
0x0000000305636a40:   0000000305636a66 0000000000000000
0x0000000305636a50:   0000000305636a80 0000000131afbc37
0x0000000305636a60:   0000000109efb7e0 000000012e40db78
0x0000000305636a70:   0000000305636b08 00007fa8ca00b000
0x0000000305636a80:   0000000305636a90 0000000131a91bf9
0x0000000305636a90:   0000000305636af0 0000000113f7b365
0x0000000305636aa0:   0000000113f7b0b6 0000000305636aa8
0x0000000305636ab0:   000000012e40db78 0000000305636b08
0x0000000305636ac0:   000000012e40efa8 0000000000000000
0x0000000305636ad0:   0000000706624a68 000000012e40db78
0x0000000305636ae0:   0000000000000000 0000000305636b10
0x0000000305636af0:   0000000305636b58 0000000113f7742b
0x0000000305636b00:   0000000706624a68 0000000113f78f18
0x0000000305636b10:   0000000305636b10 000000012e40ba73
0x0000000305636b20:   0000000305636b80 000000012e40c768
0x0000000305636b30:   0000000000000000 0000000706624ae0
0x0000000305636b40:   000000012e40bb10 0000000305636b10
0x0000000305636b50:   0000000305636b80 0000000305636bd0 

Instructions: (pc=0x0000000131a9244b)
0x0000000131a9234b:   fb 75 0e 48 8b 07 ff 50 20 4c 89 f7 e8 fc 45 31
0x0000000131a9235b:   00 48 85 ff 74 06 48 8b 07 ff 50 28 4c 89 f7 e8
0x0000000131a9236b:   e9 45 31 00 49 89 c6 48 89 df e8 da 49 31 00 4c
0x0000000131a9237b:   89 f7 e8 d6 45 31 00 66 2e 0f 1f 84 00 00 00 00
0x0000000131a9238b:   00 0f 1f 40 00 55 48 89 e5 48 8b 3d fd 24 3e 00
0x0000000131a9239b:   48 85 ff 74 0c 48 8d 35 a9 6d 3a 00 e8 44 ce 04
0x0000000131a923ab:   00 48 8b 3d ed 24 3e 00 48 85 ff 74 0d 48 8d 35
0x0000000131a923bb:   a4 6d 3a 00 5d e9 2b ce 04 00 5d c3 66 0f 1f 84
0x0000000131a923cb:   00 00 00 00 00 55 48 89 e5 5d c3 66 2e 0f 1f 84
0x0000000131a923db:   00 00 00 00 00 55 48 89 e5 5d e9 6a 49 31 00 66
0x0000000131a923eb:   0f 1f 44 00 00 55 48 89 e5 bf 10 00 00 00 e8 5c
0x0000000131a923fb:   49 31 00 48 8d 0d 03 42 3d 00 48 89 08 5d c3 66
0x0000000131a9240b:   0f 1f 44 00 00 55 48 89 e5 48 8d 05 ed 41 3d 00
0x0000000131a9241b:   48 89 06 5d c3 55 48 89 e5 5d c3 66 2e 0f 1f 84
0x0000000131a9242b:   00 00 00 00 00 55 48 89 e5 5d e9 1a 49 31 00 66
0x0000000131a9243b:   0f 1f 44 00 00 55 48 89 e5 48 8b 3d 45 24 3e 00
0x0000000131a9244b:   48 8b 07 5d ff 60 10 66 2e 0f 1f 84 00 00 00 00
0x0000000131a9245b:   00 0f 1f 40 00 55 48 89 e5 48 8d 0d 4e f8 31 00
0x0000000131a9246b:   48 83 c7 08 31 c0 48 39 4e 08 48 0f 44 c7 5d c3
0x0000000131a9247b:   0f 1f 44 00 00 55 48 89 e5 48 8d 05 dd 41 3d 00
0x0000000131a9248b:   5d c3 0f 1f 00 55 48 89 e5 5d c3 66 2e 0f 1f 84
0x0000000131a9249b:   00 00 00 00 00 55 48 89 e5 5d e9 aa 48 31 00 66
0x0000000131a924ab:   0f 1f 44 00 00 55 48 89 e5 bf 10 00 00 00 e8 9c
0x0000000131a924bb:   48 31 00 48 8d 0d c3 41 3d 00 48 89 08 5d c3 66
0x0000000131a924cb:   0f 1f 44 00 00 55 48 89 e5 48 8d 05 ad 41 3d 00
0x0000000131a924db:   48 89 06 5d c3 55 48 89 e5 5d c3 66 2e 0f 1f 84
0x0000000131a924eb:   00 00 00 00 00 55 48 89 e5 5d e9 5a 48 31 00 66
0x0000000131a924fb:   0f 1f 44 00 00 55 48 89 e5 48 8b 3d 8d 23 3e 00
0x0000000131a9250b:   5d e9 4f c9 04 00 66 2e 0f 1f 84 00 00 00 00 00
0x0000000131a9251b:   0f 1f 44 00 00 55 48 89 e5 48 8d 0d 2c f8 31 00
0x0000000131a9252b:   48 83 c7 08 31 c0 48 39 4e 08 48 0f 44 c7 5d c3
0x0000000131a9253b:   0f 1f 44 00 00 55 48 89 e5 48 8d 05 9d 41 3d 00 


Stack slot to memory mapping:
stack at sp + 0 slots: 0x0000000305636990 is pointing into the stack for thread: 0x00007fa8ca00b000
stack at sp + 1 slots: 0x0000000131afbd35: _ZN3wpi3gui17CommonRenderFrameEv+0x75 in /Users/matth/Documents/GitHub/ChargedUp-2023/build/jni/release/libhalsim_gui.dylib at 0x0000000131a74000
stack at sp + 2 slots: 0x031dfff84b72d321 is an unknown value
stack at sp + 3 slots: 0x00007fa87a7805b0 points into unknown readable memory: 0x021dfffa4cfd0a6d | 6d 0a fd 4c fa ff 1d 02
stack at sp + 4 slots: 0x00006000022f0ff0 points into unknown readable memory: 0x021dfff84b72d321 | 21 d3 72 4b f8 ff 1d 02
stack at sp + 5 slots: 0x0000600002f4da70 points into unknown readable memory: 0x011dfffa4cfd1289 | 89 12 fd 4c fa ff 1d 01
stack at sp + 6 slots: 0x0000000305636a50 is pointing into the stack for thread: 0x00007fa8ca00b000
stack at sp + 7 slots: 0x0000000131b0f516: _ZN3wpi3gui19PlatformRenderFrameEv+0x326 in /Users/matth/Documents/GitHub/ChargedUp-2023/build/jni/release/libhalsim_gui.dylib at 0x0000000131a74000


---------------  P R O C E S S  ---------------

Threads class SMR info:
_java_thread_list=0x0000600001de7fe0, length=15, elements={
0x00007fa8ca00b000, 0x00007fa8cc015e00, 0x00007fa8cc00c000, 0x00007fa8cb8b3200,
0x00007fa8cb8b2a00, 0x00007fa8ca03d800, 0x00007fa8ca041600, 0x00007fa8cb8b3800,
0x00007fa8cc825a00, 0x00007fa8ca05e400, 0x00007fa8cc019800, 0x00007fa8cc074200,
0x00007fa8cb0afe00, 0x00007fa8ca0dd400, 0x00007fa8cc8be000
}

Java Threads: ( => current thread )
=>0x00007fa8ca00b000 JavaThread "main" [_thread_in_native, id=259, stack(0x0000000304e3a000,0x000000030563a000)]
  0x00007fa8cc015e00 JavaThread "Reference Handler" daemon [_thread_blocked, id=22087, stack(0x0000000305cd0000,0x0000000305dd0000)]
  0x00007fa8cc00c000 JavaThread "Finalizer" daemon [_thread_blocked, id=22531, stack(0x0000000305dd3000,0x0000000305ed3000)]
  0x00007fa8cb8b3200 JavaThread "Signal Dispatcher" daemon [_thread_blocked, id=24111, stack(0x0000000305fe7000,0x00000003060e7000)]
  0x00007fa8cb8b2a00 JavaThread "Service Thread" daemon [_thread_blocked, id=24835, stack(0x00000003060ea000,0x00000003061ea000)]
  0x00007fa8ca03d800 JavaThread "Monitor Deflation Thread" daemon [_thread_blocked, id=25091, stack(0x00000003061ed000,0x00000003062ed000)]
  0x00007fa8ca041600 JavaThread "C2 CompilerThread0" daemon [_thread_blocked, id=25603, stack(0x00000003062f0000,0x00000003063f0000)]
  0x00007fa8cb8b3800 JavaThread "C1 CompilerThread0" daemon [_thread_blocked, id=26115, stack(0x00000003063f3000,0x00000003064f3000)]
  0x00007fa8cc825a00 JavaThread "Sweeper thread" daemon [_thread_blocked, id=26627, stack(0x00000003064f6000,0x00000003065f6000)]
  0x00007fa8ca05e400 JavaThread "Notification Thread" daemon [_thread_blocked, id=39695, stack(0x00000003065f9000,0x00000003066f9000)]
  0x00007fa8cc019800 JavaThread "Common-Cleaner" daemon [_thread_blocked, id=27151, stack(0x00000003067ff000,0x00000003068ff000)]
  0x00007fa8cc074200 JavaThread "robot main" daemon [_thread_blocked, id=78695, stack(0x0000000306b19000,0x0000000306c19000)]
  0x00007fa8cb0afe00 JavaThread "Thread-0" daemon [_thread_in_native, id=72279, stack(0x0000000308c9b000,0x0000000308d9b000)]
  0x00007fa8ca0dd400 JavaThread "LogReceiver" daemon [_thread_blocked, id=67199, stack(0x0000000308d9e000,0x0000000308e9e000)]
  0x00007fa8cc8be000 JavaThread "SIGTERM handler" daemon [_thread_blocked, id=172351, stack(0x0000000309543000,0x0000000309643000)]

Other Threads:
  0x00007fa8c9f08dd0 VMThread "VM Thread" [stack: 0x0000000305bcd000,0x0000000305ccd000] [id=17411]
  0x00007fa8c9f07660 GCTaskThread "GC Thread#0" [stack: 0x00000003056be000,0x00000003057be000] [id=19715]
  0x00007fa8ca961250 GCTaskThread "GC Thread#1" [stack: 0x0000000308f24000,0x0000000309024000] [id=64779]
  0x00007fa8ca9d6890 GCTaskThread "GC Thread#2" [stack: 0x0000000309027000,0x0000000309127000] [id=65795]
  0x00007fa8c9fb5f70 GCTaskThread "GC Thread#3" [stack: 0x000000030912a000,0x000000030922a000] [id=65283]
  0x00007fa8ca9d6b30 GCTaskThread "GC Thread#4" [stack: 0x000000030922d000,0x000000030932d000] [id=87299]
  0x00007fa8caa77430 GCTaskThread "GC Thread#5" [stack: 0x0000000309330000,0x0000000309430000] [id=174339]
  0x00007fa8c9f07d00 ConcurrentGCThread "G1 Main Marker" terminated
  0x00007fa8a9f04080 ConcurrentGCThread "G1 Conc#0" [stack: 0x00000003058c4000,0x00000003059c4000] [id=14851]
  0x00007fa8cab06770 ConcurrentGCThread "G1 Refine#0" terminated
  0x00007fa8cab07000 ConcurrentGCThread "G1 Service" terminated

Threads with active compile tasks:

VM state: at safepoint (shutting down)

VM Mutex/Monitor currently owned by a thread:  ([mutex/lock_event])
[0x00006000033f6400] Threads_lock - owner thread: 0x00007fa8c9f08dd0
[0x00006000033f6980] Heap_lock - owner thread: 0x00007fa8cc8be000

Heap address: 0x0000000700000000, size: 4096 MB, Compressed Oops mode: Zero based, Oop shift amount: 3

CDS archive(s) mapped at: [0x0000000800000000-0x0000000800bd4000-0x0000000800bd4000), size 12402688, SharedBaseAddress: 0x0000000800000000, ArchiveRelocationMode: 0.
Compressed class space mapped at: 0x0000000800c00000-0x0000000840c00000, reserved size: 1073741824
Narrow klass base: 0x0000000800000000, Narrow klass shift: 0, Narrow klass range: 0x100000000

GC Precious Log:
 CPUs: 8 total, 8 available
 Memory: 16384M
 Large Page Support: Disabled
 NUMA Support: Disabled
 Compressed Oops: Enabled (Zero based)
 Heap Region Size: 2M
 Heap Min Capacity: 8M
 Heap Initial Capacity: 256M
 Heap Max Capacity: 4G
 Pre-touch: Disabled
 Parallel Workers: 8
 Concurrent Workers: 2
 Concurrent Refinement Workers: 8
 Periodic GC: Disabled

Heap:
 garbage-first heap   total 266240K, used 40916K [0x0000000700000000, 0x0000000800000000)
  region size 2048K, 20 young (40960K), 1 survivors (2048K)
 Metaspace       used 5119K, committed 5376K, reserved 1056768K
  class space    used 433K, committed 576K, reserved 1048576K

Heap Regions: E=young(eden), S=young(survivor), O=old, HS=humongous(starts), HC=humongous(continues), CS=collection set, F=free, OA=open archive, CA=closed archive, TAMS=top-at-mark-start (previous, next)
|   0|0x0000000700000000, 0x0000000700000000, 0x0000000700200000|  0%| F|  |TAMS 0x0000000700000000, 0x0000000700000000| Untracked 
|   1|0x0000000700200000, 0x0000000700200000, 0x0000000700400000|  0%| F|  |TAMS 0x0000000700200000, 0x0000000700200000| Untracked 
|   2|0x0000000700400000, 0x0000000700400000, 0x0000000700600000|  0%| F|  |TAMS 0x0000000700400000, 0x0000000700400000| Untracked 
|   3|0x0000000700600000, 0x0000000700600000, 0x0000000700800000|  0%| F|  |TAMS 0x0000000700600000, 0x0000000700600000| Untracked 
|   4|0x0000000700800000, 0x0000000700800000, 0x0000000700a00000|  0%| F|  |TAMS 0x0000000700800000, 0x0000000700800000| Untracked 
|   5|0x0000000700a00000, 0x0000000700a00000, 0x0000000700c00000|  0%| F|  |TAMS 0x0000000700a00000, 0x0000000700a00000| Untracked 
|   6|0x0000000700c00000, 0x0000000700c00000, 0x0000000700e00000|  0%| F|  |TAMS 0x0000000700c00000, 0x0000000700c00000| Untracked 
|   7|0x0000000700e00000, 0x0000000700e00000, 0x0000000701000000|  0%| F|  |TAMS 0x0000000700e00000, 0x0000000700e00000| Untracked 
|   8|0x0000000701000000, 0x0000000701000000, 0x0000000701200000|  0%| F|  |TAMS 0x0000000701000000, 0x0000000701000000| Untracked 
|   9|0x0000000701200000, 0x0000000701200000, 0x0000000701400000|  0%| F|  |TAMS 0x0000000701200000, 0x0000000701200000| Untracked 
|  10|0x0000000701400000, 0x0000000701400000, 0x0000000701600000|  0%| F|  |TAMS 0x0000000701400000, 0x0000000701400000| Untracked 
|  11|0x0000000701600000, 0x0000000701600000, 0x0000000701800000|  0%| F|  |TAMS 0x0000000701600000, 0x0000000701600000| Untracked 
|  12|0x0000000701800000, 0x0000000701800000, 0x0000000701a00000|  0%| F|  |TAMS 0x0000000701800000, 0x0000000701800000| Untracked 
|  13|0x0000000701a00000, 0x0000000701a00000, 0x0000000701c00000|  0%| F|  |TAMS 0x0000000701a00000, 0x0000000701a00000| Untracked 
|  14|0x0000000701c00000, 0x0000000701c00000, 0x0000000701e00000|  0%| F|  |TAMS 0x0000000701c00000, 0x0000000701c00000| Untracked 
|  15|0x0000000701e00000, 0x0000000701e00000, 0x0000000702000000|  0%| F|  |TAMS 0x0000000701e00000, 0x0000000701e00000| Untracked 
|  16|0x0000000702000000, 0x0000000702000000, 0x0000000702200000|  0%| F|  |TAMS 0x0000000702000000, 0x0000000702000000| Untracked 
|  17|0x0000000702200000, 0x0000000702200000, 0x0000000702400000|  0%| F|  |TAMS 0x0000000702200000, 0x0000000702200000| Untracked 
|  18|0x0000000702400000, 0x0000000702400000, 0x0000000702600000|  0%| F|  |TAMS 0x0000000702400000, 0x0000000702400000| Untracked 
|  19|0x0000000702600000, 0x0000000702600000, 0x0000000702800000|  0%| F|  |TAMS 0x0000000702600000, 0x0000000702600000| Untracked 
|  20|0x0000000702800000, 0x0000000702800000, 0x0000000702a00000|  0%| F|  |TAMS 0x0000000702800000, 0x0000000702800000| Untracked 
|  21|0x0000000702a00000, 0x0000000702a00000, 0x0000000702c00000|  0%| F|  |TAMS 0x0000000702a00000, 0x0000000702a00000| Untracked 
|  22|0x0000000702c00000, 0x0000000702c00000, 0x0000000702e00000|  0%| F|  |TAMS 0x0000000702c00000, 0x0000000702c00000| Untracked 
|  23|0x0000000702e00000, 0x0000000702e00000, 0x0000000703000000|  0%| F|  |TAMS 0x0000000702e00000, 0x0000000702e00000| Untracked 
|  24|0x0000000703000000, 0x0000000703000000, 0x0000000703200000|  0%| F|  |TAMS 0x0000000703000000, 0x0000000703000000| Untracked 
|  25|0x0000000703200000, 0x0000000703200000, 0x0000000703400000|  0%| F|  |TAMS 0x0000000703200000, 0x0000000703200000| Untracked 
|  26|0x0000000703400000, 0x0000000703400000, 0x0000000703600000|  0%| F|  |TAMS 0x0000000703400000, 0x0000000703400000| Untracked 
|  27|0x0000000703600000, 0x0000000703600000, 0x0000000703800000|  0%| F|  |TAMS 0x0000000703600000, 0x0000000703600000| Untracked 
|  28|0x0000000703800000, 0x0000000703800000, 0x0000000703a00000|  0%| F|  |TAMS 0x0000000703800000, 0x0000000703800000| Untracked 
|  29|0x0000000703a00000, 0x0000000703a00000, 0x0000000703c00000|  0%| F|  |TAMS 0x0000000703a00000, 0x0000000703a00000| Untracked 
|  30|0x0000000703c00000, 0x0000000703c00000, 0x0000000703e00000|  0%| F|  |TAMS 0x0000000703c00000, 0x0000000703c00000| Untracked 
|  31|0x0000000703e00000, 0x0000000703e00000, 0x0000000704000000|  0%| F|  |TAMS 0x0000000703e00000, 0x0000000703e00000| Untracked 
|  32|0x0000000704000000, 0x0000000704000000, 0x0000000704200000|  0%| F|  |TAMS 0x0000000704000000, 0x0000000704000000| Untracked 
|  33|0x0000000704200000, 0x0000000704200000, 0x0000000704400000|  0%| F|  |TAMS 0x0000000704200000, 0x0000000704200000| Untracked 
|  34|0x0000000704400000, 0x0000000704400000, 0x0000000704600000|  0%| F|  |TAMS 0x0000000704400000, 0x0000000704400000| Untracked 
|  35|0x0000000704600000, 0x0000000704600000, 0x0000000704800000|  0%| F|  |TAMS 0x0000000704600000, 0x0000000704600000| Untracked 
|  36|0x0000000704800000, 0x0000000704800000, 0x0000000704a00000|  0%| F|  |TAMS 0x0000000704800000, 0x0000000704800000| Untracked 
|  37|0x0000000704a00000, 0x0000000704a00000, 0x0000000704c00000|  0%| F|  |TAMS 0x0000000704a00000, 0x0000000704a00000| Untracked 
|  38|0x0000000704c00000, 0x0000000704c00000, 0x0000000704e00000|  0%| F|  |TAMS 0x0000000704c00000, 0x0000000704c00000| Untracked 
|  39|0x0000000704e00000, 0x0000000704e00000, 0x0000000705000000|  0%| F|  |TAMS 0x0000000704e00000, 0x0000000704e00000| Untracked 
|  40|0x0000000705000000, 0x0000000705000000, 0x0000000705200000|  0%| F|  |TAMS 0x0000000705000000, 0x0000000705000000| Untracked 
|  41|0x0000000705200000, 0x0000000705200000, 0x0000000705400000|  0%| F|  |TAMS 0x0000000705200000, 0x0000000705200000| Untracked 
|  42|0x0000000705400000, 0x0000000705400000, 0x0000000705600000|  0%| F|  |TAMS 0x0000000705400000, 0x0000000705400000| Untracked 
|  43|0x0000000705600000, 0x0000000705600000, 0x0000000705800000|  0%| F|  |TAMS 0x0000000705600000, 0x0000000705600000| Untracked 
|  44|0x0000000705800000, 0x0000000705800000, 0x0000000705a00000|  0%| F|  |TAMS 0x0000000705800000, 0x0000000705800000| Untracked 
|  45|0x0000000705a00000, 0x0000000705a00000, 0x0000000705c00000|  0%| F|  |TAMS 0x0000000705a00000, 0x0000000705a00000| Untracked 
|  46|0x0000000705c00000, 0x0000000705c00000, 0x0000000705e00000|  0%| F|  |TAMS 0x0000000705c00000, 0x0000000705c00000| Untracked 
|  47|0x0000000705e00000, 0x0000000705e00000, 0x0000000706000000|  0%| F|  |TAMS 0x0000000705e00000, 0x0000000705e00000| Untracked 
|  48|0x0000000706000000, 0x0000000706000000, 0x0000000706200000|  0%| F|  |TAMS 0x0000000706000000, 0x0000000706000000| Untracked 
|  49|0x0000000706200000, 0x0000000706200000, 0x0000000706400000|  0%| F|  |TAMS 0x0000000706200000, 0x0000000706200000| Untracked 
|  50|0x0000000706400000, 0x0000000706400000, 0x0000000706600000|  0%| F|  |TAMS 0x0000000706400000, 0x0000000706400000| Untracked 
|  51|0x0000000706600000, 0x0000000706800000, 0x0000000706800000|100%| S|CS|TAMS 0x0000000706600000, 0x0000000706600000| Complete 
|  52|0x0000000706800000, 0x0000000706800000, 0x0000000706a00000|  0%| F|  |TAMS 0x0000000706800000, 0x0000000706800000| Untracked 
|  53|0x0000000706a00000, 0x0000000706a00000, 0x0000000706c00000|  0%| F|  |TAMS 0x0000000706a00000, 0x0000000706a00000| Untracked 
|  54|0x0000000706c00000, 0x0000000706c00000, 0x0000000706e00000|  0%| F|  |TAMS 0x0000000706c00000, 0x0000000706c00000| Untracked 
|  55|0x0000000706e00000, 0x0000000706e00000, 0x0000000707000000|  0%| F|  |TAMS 0x0000000706e00000, 0x0000000706e00000| Untracked 
|  56|0x0000000707000000, 0x0000000707000000, 0x0000000707200000|  0%| F|  |TAMS 0x0000000707000000, 0x0000000707000000| Untracked 
|  57|0x0000000707200000, 0x0000000707200000, 0x0000000707400000|  0%| F|  |TAMS 0x0000000707200000, 0x0000000707200000| Untracked 
|  58|0x0000000707400000, 0x0000000707400000, 0x0000000707600000|  0%| F|  |TAMS 0x0000000707400000, 0x0000000707400000| Untracked 
|  59|0x0000000707600000, 0x0000000707600000, 0x0000000707800000|  0%| F|  |TAMS 0x0000000707600000, 0x0000000707600000| Untracked 
|  60|0x0000000707800000, 0x0000000707800000, 0x0000000707a00000|  0%| F|  |TAMS 0x0000000707800000, 0x0000000707800000| Untracked 
|  61|0x0000000707a00000, 0x0000000707a00000, 0x0000000707c00000|  0%| F|  |TAMS 0x0000000707a00000, 0x0000000707a00000| Untracked 
|  62|0x0000000707c00000, 0x0000000707c00000, 0x0000000707e00000|  0%| F|  |TAMS 0x0000000707c00000, 0x0000000707c00000| Untracked 
|  63|0x0000000707e00000, 0x0000000707e00000, 0x0000000708000000|  0%| F|  |TAMS 0x0000000707e00000, 0x0000000707e00000| Untracked 
|  64|0x0000000708000000, 0x0000000708000000, 0x0000000708200000|  0%| F|  |TAMS 0x0000000708000000, 0x0000000708000000| Untracked 
|  65|0x0000000708200000, 0x0000000708200000, 0x0000000708400000|  0%| F|  |TAMS 0x0000000708200000, 0x0000000708200000| Untracked 
|  66|0x0000000708400000, 0x0000000708400000, 0x0000000708600000|  0%| F|  |TAMS 0x0000000708400000, 0x0000000708400000| Untracked 
|  67|0x0000000708600000, 0x0000000708600000, 0x0000000708800000|  0%| F|  |TAMS 0x0000000708600000, 0x0000000708600000| Untracked 
|  68|0x0000000708800000, 0x0000000708800000, 0x0000000708a00000|  0%| F|  |TAMS 0x0000000708800000, 0x0000000708800000| Untracked 
|  69|0x0000000708a00000, 0x0000000708a00000, 0x0000000708c00000|  0%| F|  |TAMS 0x0000000708a00000, 0x0000000708a00000| Untracked 
|  70|0x0000000708c00000, 0x0000000708c00000, 0x0000000708e00000|  0%| F|  |TAMS 0x0000000708c00000, 0x0000000708c00000| Untracked 
|  71|0x0000000708e00000, 0x0000000708e00000, 0x0000000709000000|  0%| F|  |TAMS 0x0000000708e00000, 0x0000000708e00000| Untracked 
|  72|0x0000000709000000, 0x0000000709000000, 0x0000000709200000|  0%| F|  |TAMS 0x0000000709000000, 0x0000000709000000| Untracked 
|  73|0x0000000709200000, 0x0000000709200000, 0x0000000709400000|  0%| F|  |TAMS 0x0000000709200000, 0x0000000709200000| Untracked 
|  74|0x0000000709400000, 0x0000000709400000, 0x0000000709600000|  0%| F|  |TAMS 0x0000000709400000, 0x0000000709400000| Untracked 
|  75|0x0000000709600000, 0x0000000709600000, 0x0000000709800000|  0%| F|  |TAMS 0x0000000709600000, 0x0000000709600000| Untracked 
|  76|0x0000000709800000, 0x0000000709800000, 0x0000000709a00000|  0%| F|  |TAMS 0x0000000709800000, 0x0000000709800000| Untracked 
|  77|0x0000000709a00000, 0x0000000709a00000, 0x0000000709c00000|  0%| F|  |TAMS 0x0000000709a00000, 0x0000000709a00000| Untracked 
|  78|0x0000000709c00000, 0x0000000709c00000, 0x0000000709e00000|  0%| F|  |TAMS 0x0000000709c00000, 0x0000000709c00000| Untracked 
|  79|0x0000000709e00000, 0x0000000709e00000, 0x000000070a000000|  0%| F|  |TAMS 0x0000000709e00000, 0x0000000709e00000| Untracked 
|  80|0x000000070a000000, 0x000000070a000000, 0x000000070a200000|  0%| F|  |TAMS 0x000000070a000000, 0x000000070a000000| Untracked 
|  81|0x000000070a200000, 0x000000070a200000, 0x000000070a400000|  0%| F|  |TAMS 0x000000070a200000, 0x000000070a200000| Untracked 
|  82|0x000000070a400000, 0x000000070a400000, 0x000000070a600000|  0%| F|  |TAMS 0x000000070a400000, 0x000000070a400000| Untracked 
|  83|0x000000070a600000, 0x000000070a600000, 0x000000070a800000|  0%| F|  |TAMS 0x000000070a600000, 0x000000070a600000| Untracked 
|  84|0x000000070a800000, 0x000000070a800000, 0x000000070aa00000|  0%| F|  |TAMS 0x000000070a800000, 0x000000070a800000| Untracked 
|  85|0x000000070aa00000, 0x000000070aa00000, 0x000000070ac00000|  0%| F|  |TAMS 0x000000070aa00000, 0x000000070aa00000| Untracked 
|  86|0x000000070ac00000, 0x000000070ac00000, 0x000000070ae00000|  0%| F|  |TAMS 0x000000070ac00000, 0x000000070ac00000| Untracked 
|  87|0x000000070ae00000, 0x000000070ae00000, 0x000000070b000000|  0%| F|  |TAMS 0x000000070ae00000, 0x000000070ae00000| Untracked 
|  88|0x000000070b000000, 0x000000070b000000, 0x000000070b200000|  0%| F|  |TAMS 0x000000070b000000, 0x000000070b000000| Untracked 
|  89|0x000000070b200000, 0x000000070b200000, 0x000000070b400000|  0%| F|  |TAMS 0x000000070b200000, 0x000000070b200000| Untracked 
|  90|0x000000070b400000, 0x000000070b400000, 0x000000070b600000|  0%| F|  |TAMS 0x000000070b400000, 0x000000070b400000| Untracked 
|  91|0x000000070b600000, 0x000000070b600000, 0x000000070b800000|  0%| F|  |TAMS 0x000000070b600000, 0x000000070b600000| Untracked 
|  92|0x000000070b800000, 0x000000070b800000, 0x000000070ba00000|  0%| F|  |TAMS 0x000000070b800000, 0x000000070b800000| Untracked 
|  93|0x000000070ba00000, 0x000000070ba00000, 0x000000070bc00000|  0%| F|  |TAMS 0x000000070ba00000, 0x000000070ba00000| Untracked 
|  94|0x000000070bc00000, 0x000000070bc00000, 0x000000070be00000|  0%| F|  |TAMS 0x000000070bc00000, 0x000000070bc00000| Untracked 
|  95|0x000000070be00000, 0x000000070be00000, 0x000000070c000000|  0%| F|  |TAMS 0x000000070be00000, 0x000000070be00000| Untracked 
|  96|0x000000070c000000, 0x000000070c000000, 0x000000070c200000|  0%| F|  |TAMS 0x000000070c000000, 0x000000070c000000| Untracked 
|  97|0x000000070c200000, 0x000000070c200000, 0x000000070c400000|  0%| F|  |TAMS 0x000000070c200000, 0x000000070c200000| Untracked 
|  98|0x000000070c400000, 0x000000070c400000, 0x000000070c600000|  0%| F|  |TAMS 0x000000070c400000, 0x000000070c400000| Untracked 
|  99|0x000000070c600000, 0x000000070c600000, 0x000000070c800000|  0%| F|  |TAMS 0x000000070c600000, 0x000000070c600000| Untracked 
| 100|0x000000070c800000, 0x000000070c800000, 0x000000070ca00000|  0%| F|  |TAMS 0x000000070c800000, 0x000000070c800000| Untracked 
| 101|0x000000070ca00000, 0x000000070ca00000, 0x000000070cc00000|  0%| F|  |TAMS 0x000000070ca00000, 0x000000070ca00000| Untracked 
| 102|0x000000070cc00000, 0x000000070cc00000, 0x000000070ce00000|  0%| F|  |TAMS 0x000000070cc00000, 0x000000070cc00000| Untracked 
| 103|0x000000070ce00000, 0x000000070ce00000, 0x000000070d000000|  0%| F|  |TAMS 0x000000070ce00000, 0x000000070ce00000| Untracked 
| 104|0x000000070d000000, 0x000000070d000000, 0x000000070d200000|  0%| F|  |TAMS 0x000000070d000000, 0x000000070d000000| Untracked 
| 105|0x000000070d200000, 0x000000070d200000, 0x000000070d400000|  0%| F|  |TAMS 0x000000070d200000, 0x000000070d200000| Untracked 
| 106|0x000000070d400000, 0x000000070d400000, 0x000000070d600000|  0%| F|  |TAMS 0x000000070d400000, 0x000000070d400000| Untracked 
| 107|0x000000070d600000, 0x000000070d600000, 0x000000070d800000|  0%| F|  |TAMS 0x000000070d600000, 0x000000070d600000| Untracked 
| 108|0x000000070d800000, 0x000000070d800000, 0x000000070da00000|  0%| F|  |TAMS 0x000000070d800000, 0x000000070d800000| Untracked 
| 109|0x000000070da00000, 0x000000070da00800, 0x000000070dc00000|  0%| E|  |TAMS 0x000000070da00000, 0x000000070da00000| Complete 
| 110|0x000000070dc00000, 0x000000070de00000, 0x000000070de00000|100%| E|CS|TAMS 0x000000070dc00000, 0x000000070dc00000| Complete 
| 111|0x000000070de00000, 0x000000070e000000, 0x000000070e000000|100%| E|CS|TAMS 0x000000070de00000, 0x000000070de00000| Complete 
| 112|0x000000070e000000, 0x000000070e200000, 0x000000070e200000|100%| E|CS|TAMS 0x000000070e000000, 0x000000070e000000| Complete 
| 113|0x000000070e200000, 0x000000070e400000, 0x000000070e400000|100%| E|CS|TAMS 0x000000070e200000, 0x000000070e200000| Complete 
| 114|0x000000070e400000, 0x000000070e600000, 0x000000070e600000|100%| E|CS|TAMS 0x000000070e400000, 0x000000070e400000| Complete 
| 115|0x000000070e600000, 0x000000070e800000, 0x000000070e800000|100%| E|CS|TAMS 0x000000070e600000, 0x000000070e600000| Complete 
| 116|0x000000070e800000, 0x000000070ea00000, 0x000000070ea00000|100%| E|CS|TAMS 0x000000070e800000, 0x000000070e800000| Complete 
| 117|0x000000070ea00000, 0x000000070ec00000, 0x000000070ec00000|100%| E|CS|TAMS 0x000000070ea00000, 0x000000070ea00000| Complete 
| 118|0x000000070ec00000, 0x000000070ee00000, 0x000000070ee00000|100%| E|CS|TAMS 0x000000070ec00000, 0x000000070ec00000| Complete 
| 119|0x000000070ee00000, 0x000000070f000000, 0x000000070f000000|100%| E|CS|TAMS 0x000000070ee00000, 0x000000070ee00000| Complete 
| 120|0x000000070f000000, 0x000000070f200000, 0x000000070f200000|100%| E|CS|TAMS 0x000000070f000000, 0x000000070f000000| Complete 
| 121|0x000000070f200000, 0x000000070f400000, 0x000000070f400000|100%| E|CS|TAMS 0x000000070f200000, 0x000000070f200000| Complete 
| 122|0x000000070f400000, 0x000000070f600000, 0x000000070f600000|100%| E|CS|TAMS 0x000000070f400000, 0x000000070f400000| Complete 
| 123|0x000000070f600000, 0x000000070f800000, 0x000000070f800000|100%| E|CS|TAMS 0x000000070f600000, 0x000000070f600000| Complete 
| 124|0x000000070f800000, 0x000000070fa00000, 0x000000070fa00000|100%| E|CS|TAMS 0x000000070f800000, 0x000000070f800000| Complete 
| 125|0x000000070fa00000, 0x000000070fc00000, 0x000000070fc00000|100%| E|CS|TAMS 0x000000070fa00000, 0x000000070fa00000| Complete 
| 126|0x000000070fc00000, 0x000000070fe00000, 0x000000070fe00000|100%| E|CS|TAMS 0x000000070fc00000, 0x000000070fc00000| Complete 
| 127|0x000000070fe00000, 0x0000000710000000, 0x0000000710000000|100%| E|CS|TAMS 0x000000070fe00000, 0x000000070fe00000| Complete 
|2046|0x00000007ffc00000, 0x00000007ffd76000, 0x00000007ffe00000| 73%|OA|  |TAMS 0x00000007ffc00000, 0x00000007ffc00000| Untracked 
|2047|0x00000007ffe00000, 0x00000007ffe7f000, 0x0000000800000000| 24%|CA|  |TAMS 0x00000007ffe00000, 0x00000007ffe00000| Untracked 

Card table byte_map: [0x0000000122f6e000,0x000000012376e000] _byte_map_base: 0x000000011f76e000

Marking Bits (Prev, Next): (CMBitMap*) 0x00007fa8ca02d010, (CMBitMap*) 0x00007fa8ca02d050
 Prev Bits: [0x0000000123f6e000, 0x0000000127f6e000)
 Next Bits: [0x0000000127f6e000, 0x000000012bf6e000)

Polling page: 0x0000000108ff3000

Metaspace:

Usage:
  Non-class:      4.58 MB used.
      Class:    433.66 KB used.
       Both:      5.00 MB used.

Virtual space:
  Non-class space:        8.00 MB reserved,       4.69 MB ( 59%) committed,  1 nodes.
      Class space:        1.00 GB reserved,     576.00 KB ( <1%) committed,  1 nodes.
             Both:        1.01 GB reserved,       5.25 MB ( <1%) committed. 

Chunk freelists:
   Non-Class:  480.00 KB
       Class:  3.35 MB
        Both:  3.82 MB

MaxMetaspaceSize: unlimited
CompressedClassSpaceSize: 1.00 GB
Initial GC threshold: 21.00 MB
Current GC threshold: 21.00 MB
CDS: on
MetaspaceReclaimPolicy: balanced
 - commit_granule_bytes: 65536.
 - commit_granule_words: 8192.
 - virtual_space_node_default_size: 1048576.
 - enlarge_chunks_in_place: 1.
 - new_chunks_are_fully_committed: 0.
 - uncommit_free_chunks: 1.
 - use_allocation_guard: 0.
 - handle_deallocations: 1.


Internal statistics:

num_allocs_failed_limit: 0.
num_arena_births: 102.
num_arena_deaths: 0.
num_vsnodes_births: 2.
num_vsnodes_deaths: 0.
num_space_committed: 84.
num_space_uncommitted: 0.
num_chunks_returned_to_freelist: 0.
num_chunks_taken_from_freelist: 299.
num_chunk_merges: 0.
num_chunk_splits: 195.
num_chunks_enlarged: 150.
num_purges: 0.
num_inconsistent_stats: 0.

CodeHeap 'non-profiled nmethods': size=120028Kb used=1627Kb max_used=1627Kb free=118400Kb
 bounds [0x000000011ba37000, 0x000000011bca7000, 0x0000000122f6e000]
CodeHeap 'profiled nmethods': size=120028Kb used=3276Kb max_used=3276Kb free=116751Kb
 bounds [0x0000000114500000, 0x0000000114840000, 0x000000011ba37000]
CodeHeap 'non-nmethods': size=5704Kb used=1215Kb max_used=1255Kb free=4488Kb
 bounds [0x0000000113f6e000, 0x00000001141de000, 0x0000000114500000]
 total_blobs=2392 nmethods=1864 adapters=443
 compilation: enabled
              stopped_count=0, restarted_count=0
 full_count=0

Compilation events (20 events):
Event: 304.616 Thread 0x00007fa8ca041600 nmethod 1859 0x000000011bbcd810 code [0x000000011bbcd980, 0x000000011bbcda18]
Event: 304.622 Thread 0x00007fa8cb8b3800 nmethod 1860 0x000000011482d390 code [0x000000011482d5e0, 0x000000011482de30]
Event: 304.622 Thread 0x00007fa8cb8b3800 1861       3       jdk.internal.math.FDBigInteger::addAndCmp (292 bytes)
Event: 304.626 Thread 0x00007fa8cb8b3800 nmethod 1861 0x000000011482e310 code [0x000000011482e580, 0x000000011482efc0]
Event: 311.736 Thread 0x00007fa8cb8b3800 1862       3       java.lang.Throwable::<init> (29 bytes)
Event: 311.737 Thread 0x00007fa8cb8b3800 nmethod 1862 0x000000011482f310 code [0x000000011482f4e0, 0x000000011482f840]
Event: 311.737 Thread 0x00007fa8cb8b3800 1863       3       java.lang.Throwable::getStackTrace (11 bytes)
Event: 311.737 Thread 0x00007fa8cb8b3800 nmethod 1863 0x000000011482f910 code [0x000000011482fae0, 0x000000011482fdd0]
Event: 312.738 Thread 0x00007fa8cb8b3800 1864       3       java.lang.Thread::getStackTrace (70 bytes)
Event: 312.740 Thread 0x00007fa8cb8b3800 nmethod 1864 0x000000011482fe90 code [0x0000000114830100, 0x0000000114830c10]
Event: 312.740 Thread 0x00007fa8cb8b3800 1865       3       java.lang.Exception::<init> (5 bytes)
Event: 312.741 Thread 0x00007fa8cb8b3800 nmethod 1865 0x0000000114830f10 code [0x00000001148310e0, 0x00000001148314a0]
Event: 312.741 Thread 0x00007fa8cb8b3800 1866       3       edu.wpi.first.wpilibj.DriverStation::reportErrorImpl (128 bytes)
Event: 312.742 Thread 0x00007fa8cb8b3800 nmethod 1866 0x0000000114831590 code [0x0000000114831820, 0x0000000114832250]
Event: 320.803 Thread 0x00007fa8cb8b3800 1869       3       edu.wpi.first.wpilibj.DriverStation::reportErrorImpl (15 bytes)
Event: 320.804 Thread 0x00007fa8cb8b3800 nmethod 1869 0x0000000114832710 code [0x00000001148328c0, 0x0000000114832ad0]
Event: 320.804 Thread 0x00007fa8cb8b3800 1868       3       edu.wpi.first.wpilibj.DriverStation::reportWarning (8 bytes)
Event: 320.804 Thread 0x00007fa8cb8b3800 nmethod 1868 0x0000000114832c10 code [0x0000000114832dc0, 0x0000000114832ee0]
Event: 344.143 Thread 0x00007fa8cb8b3800 1870       3       java.lang.StringBuilder::append (8 bytes)
Event: 344.145 Thread 0x00007fa8cb8b3800 nmethod 1870 0x0000000114832f90 code [0x0000000114833140, 0x00000001148332e0]

GC Heap History (20 events):
Event: 19.402 GC heap before
{Heap before GC invocations=1 (full 0):
 garbage-first heap   total 266240K, used 67582K [0x0000000700000000, 0x0000000800000000)
  region size 2048K, 33 young (67584K), 2 survivors (4096K)
 Metaspace       used 4897K, committed 4992K, reserved 1056768K
  class space    used 411K, committed 448K, reserved 1048576K
}
Event: 19.433 GC heap after
{Heap after GC invocations=2 (full 0):
 garbage-first heap   total 266240K, used 4000K [0x0000000700000000, 0x0000000800000000)
  region size 2048K, 1 young (2048K), 1 survivors (2048K)
 Metaspace       used 4897K, committed 4992K, reserved 1056768K
  class space    used 411K, committed 448K, reserved 1048576K
}
Event: 57.795 GC heap before
{Heap before GC invocations=2 (full 0):
 garbage-first heap   total 266240K, used 157600K [0x0000000700000000, 0x0000000800000000)
  region size 2048K, 76 young (155648K), 1 survivors (2048K)
 Metaspace       used 4897K, committed 4992K, reserved 1056768K
  class space    used 411K, committed 448K, reserved 1048576K
}
Event: 57.813 GC heap after
{Heap after GC invocations=3 (full 0):
 garbage-first heap   total 266240K, used 4004K [0x0000000700000000, 0x0000000800000000)
  region size 2048K, 1 young (2048K), 1 survivors (2048K)
 Metaspace       used 4897K, committed 4992K, reserved 1056768K
  class space    used 411K, committed 448K, reserved 1048576K
}
Event: 96.817 GC heap before
{Heap before GC invocations=3 (full 0):
 garbage-first heap   total 266240K, used 157604K [0x0000000700000000, 0x0000000800000000)
  region size 2048K, 76 young (155648K), 1 survivors (2048K)
 Metaspace       used 4900K, committed 4992K, reserved 1056768K
  class space    used 411K, committed 448K, reserved 1048576K
}
Event: 96.840 GC heap after
{Heap after GC invocations=4 (full 0):
 garbage-first heap   total 266240K, used 3979K [0x0000000700000000, 0x0000000800000000)
  region size 2048K, 1 young (2048K), 1 survivors (2048K)
 Metaspace       used 4900K, committed 4992K, reserved 1056768K
  class space    used 411K, committed 448K, reserved 1048576K
}
Event: 134.311 GC heap before
{Heap before GC invocations=4 (full 0):
 garbage-first heap   total 266240K, used 157579K [0x0000000700000000, 0x0000000800000000)
  region size 2048K, 76 young (155648K), 1 survivors (2048K)
 Metaspace       used 5094K, committed 5248K, reserved 1056768K
  class space    used 432K, committed 512K, reserved 1048576K
}
Event: 134.322 GC heap after
{Heap after GC invocations=5 (full 0):
 garbage-first heap   total 266240K, used 4142K [0x0000000700000000, 0x0000000800000000)
  region size 2048K, 2 young (4096K), 2 survivors (4096K)
 Metaspace       used 5094K, committed 5248K, reserved 1056768K
  class space    used 432K, committed 512K, reserved 1048576K
}
Event: 169.923 GC heap before
{Heap before GC invocations=5 (full 0):
 garbage-first heap   total 266240K, used 155694K [0x0000000700000000, 0x0000000800000000)
  region size 2048K, 76 young (155648K), 2 survivors (4096K)
 Metaspace       used 5097K, committed 5248K, reserved 1056768K
  class space    used 432K, committed 512K, reserved 1048576K
}
Event: 169.950 GC heap after
{Heap after GC invocations=6 (full 0):
 garbage-first heap   total 266240K, used 4142K [0x0000000700000000, 0x0000000800000000)
  region size 2048K, 2 young (4096K), 2 survivors (4096K)
 Metaspace       used 5097K, committed 5248K, reserved 1056768K
  class space    used 432K, committed 512K, reserved 1048576K
}
Event: 206.032 GC heap before
{Heap before GC invocations=6 (full 0):
 garbage-first heap   total 266240K, used 155694K [0x0000000700000000, 0x0000000800000000)
  region size 2048K, 76 young (155648K), 2 survivors (4096K)
 Metaspace       used 5098K, committed 5248K, reserved 1056768K
  class space    used 432K, committed 512K, reserved 1048576K
}
Event: 206.053 GC heap after
{Heap after GC invocations=7 (full 0):
 garbage-first heap   total 266240K, used 4019K [0x0000000700000000, 0x0000000800000000)
  region size 2048K, 1 young (2048K), 1 survivors (2048K)
 Metaspace       used 5098K, committed 5248K, reserved 1056768K
  class space    used 432K, committed 512K, reserved 1048576K
}
Event: 242.497 GC heap before
{Heap before GC invocations=7 (full 0):
 garbage-first heap   total 266240K, used 157619K [0x0000000700000000, 0x0000000800000000)
  region size 2048K, 76 young (155648K), 1 survivors (2048K)
 Metaspace       used 5098K, committed 5248K, reserved 1056768K
  class space    used 432K, committed 512K, reserved 1048576K
}
Event: 242.511 GC heap after
{Heap after GC invocations=8 (full 0):
 garbage-first heap   total 266240K, used 4052K [0x0000000700000000, 0x0000000800000000)
  region size 2048K, 1 young (2048K), 1 survivors (2048K)
 Metaspace       used 5098K, committed 5248K, reserved 1056768K
  class space    used 432K, committed 512K, reserved 1048576K
}
Event: 279.725 GC heap before
{Heap before GC invocations=8 (full 0):
 garbage-first heap   total 266240K, used 157652K [0x0000000700000000, 0x0000000800000000)
  region size 2048K, 76 young (155648K), 1 survivors (2048K)
 Metaspace       used 5103K, committed 5312K, reserved 1056768K
  class space    used 432K, committed 512K, reserved 1048576K
}
Event: 279.743 GC heap after
{Heap after GC invocations=9 (full 0):
 garbage-first heap   total 266240K, used 4032K [0x0000000700000000, 0x0000000800000000)
  region size 2048K, 1 young (2048K), 1 survivors (2048K)
 Metaspace       used 5103K, committed 5312K, reserved 1056768K
  class space    used 432K, committed 512K, reserved 1048576K
}
Event: 316.263 GC heap before
{Heap before GC invocations=9 (full 0):
 garbage-first heap   total 266240K, used 157632K [0x0000000700000000, 0x0000000800000000)
  region size 2048K, 76 young (155648K), 1 survivors (2048K)
 Metaspace       used 5116K, committed 5376K, reserved 1056768K
  class space    used 433K, committed 576K, reserved 1048576K
}
Event: 316.350 GC heap after
{Heap after GC invocations=10 (full 0):
 garbage-first heap   total 266240K, used 4052K [0x0000000700000000, 0x0000000800000000)
  region size 2048K, 1 young (2048K), 1 survivors (2048K)
 Metaspace       used 5116K, committed 5376K, reserved 1056768K
  class space    used 433K, committed 576K, reserved 1048576K
}
Event: 353.018 GC heap before
{Heap before GC invocations=10 (full 0):
 garbage-first heap   total 266240K, used 157652K [0x0000000700000000, 0x0000000800000000)
  region size 2048K, 76 young (155648K), 1 survivors (2048K)
 Metaspace       used 5116K, committed 5376K, reserved 1056768K
  class space    used 433K, committed 576K, reserved 1048576K
}
Event: 353.052 GC heap after
{Heap after GC invocations=11 (full 0):
 garbage-first heap   total 266240K, used 4052K [0x0000000700000000, 0x0000000800000000)
  region size 2048K, 1 young (2048K), 1 survivors (2048K)
 Metaspace       used 5116K, committed 5376K, reserved 1056768K
  class space    used 433K, committed 576K, reserved 1048576K
}

Deoptimization events (20 events):
Event: 142.631 Thread 0x00007fa8cc074200 Uncommon trap: trap_request=0xffffffc6 fr.pc=0x000000011bba3104 relative=0x00000000000002e4
Event: 142.631 Thread 0x00007fa8cc074200 Uncommon trap: reason=bimorphic_or_optimized_type_check action=maybe_recompile pc=0x000000011bba3104 method=edu.wpi.first.wpilibj2.command.button.Trigger$3.run()V @ 28 c2
Event: 142.631 Thread 0x00007fa8cc074200 DEOPT PACKING pc=0x000000011bba3104 sp=0x0000000306c18520
Event: 142.631 Thread 0x00007fa8cc074200 DEOPT UNPACKING pc=0x0000000113fc0093 sp=0x0000000306c18468 mode 2
Event: 142.930 Thread 0x00007fa8cc074200 Uncommon trap: trap_request=0xffffffc6 fr.pc=0x000000011bba30f4 relative=0x00000000000002d4
Event: 142.930 Thread 0x00007fa8cc074200 Uncommon trap: reason=bimorphic_or_optimized_type_check action=maybe_recompile pc=0x000000011bba30f4 method=edu.wpi.first.wpilibj2.command.button.Trigger$3.run()V @ 51 c2
Event: 142.930 Thread 0x00007fa8cc074200 DEOPT PACKING pc=0x000000011bba30f4 sp=0x0000000306c18520
Event: 142.930 Thread 0x00007fa8cc074200 DEOPT UNPACKING pc=0x0000000113fc0093 sp=0x0000000306c18468 mode 2
Event: 144.690 Thread 0x00007fa8cc074200 Uncommon trap: trap_request=0xffffffc6 fr.pc=0x000000011ba6de54 relative=0x0000000000000db4
Event: 144.690 Thread 0x00007fa8cc074200 Uncommon trap: reason=bimorphic_or_optimized_type_check action=maybe_recompile pc=0x000000011ba6de54 method=java.util.HashMap.putVal(ILjava/lang/Object;Ljava/lang/Object;ZZ)Ljava/lang/Object; @ 152 c2
Event: 144.690 Thread 0x00007fa8cc074200 DEOPT PACKING pc=0x000000011ba6de54 sp=0x0000000306c181d0
Event: 144.690 Thread 0x00007fa8cc074200 DEOPT UNPACKING pc=0x0000000113fc0093 sp=0x0000000306c18150 mode 2
Event: 148.011 Thread 0x00007fa8cc074200 Uncommon trap: trap_request=0xffffffc6 fr.pc=0x000000011ba6de54 relative=0x0000000000000db4
Event: 148.011 Thread 0x00007fa8cc074200 Uncommon trap: reason=bimorphic_or_optimized_type_check action=maybe_recompile pc=0x000000011ba6de54 method=java.util.HashMap.putVal(ILjava/lang/Object;Ljava/lang/Object;ZZ)Ljava/lang/Object; @ 152 c2
Event: 148.011 Thread 0x00007fa8cc074200 DEOPT PACKING pc=0x000000011ba6de54 sp=0x0000000306c181d0
Event: 148.011 Thread 0x00007fa8cc074200 DEOPT UNPACKING pc=0x0000000113fc0093 sp=0x0000000306c18150 mode 2
Event: 283.813 Thread 0x00007fa8cc074200 Uncommon trap: trap_request=0xffffff45 fr.pc=0x000000011bb2bba8 relative=0x00000000000005c8
Event: 283.813 Thread 0x00007fa8cc074200 Uncommon trap: reason=unstable_if action=reinterpret pc=0x000000011bb2bba8 method=java.util.PriorityQueue.removeAt(I)Ljava/lang/Object; @ 29 c2
Event: 283.813 Thread 0x00007fa8cc074200 DEOPT PACKING pc=0x000000011bb2bba8 sp=0x0000000306c18770
Event: 283.813 Thread 0x00007fa8cc074200 DEOPT UNPACKING pc=0x0000000113fc0093 sp=0x0000000306c18648 mode 2

Classes unloaded (0 events):
No events

Classes redefined (0 events):
No events

Internal exceptions (16 events):
Event: 0.504 Thread 0x00007fa8ca00b000 Exception <a 'java/lang/NoSuchMethodError'{0x000000070fcc2808}: 'void java.lang.invoke.DirectMethodHandle$Holder.invokeStatic(java.lang.Object, java.lang.Object)'> (0x000000070fcc2808) 
thrown [open/src/hotspot/share/interpreter/linkResolver.cpp, line 766]
Event: 0.620 Thread 0x00007fa8cc074200 Exception <a 'java/lang/NoSuchMethodError'{0x000000070fa32a88}: 'java.lang.Object java.lang.invoke.DirectMethodHandle$Holder.invokeStaticInit(java.lang.Object)'> (0x000000070fa32a88) 
thrown [open/src/hotspot/share/interpreter/linkResolver.cpp, line 766]
Event: 0.683 Thread 0x00007fa8cc074200 Exception <a 'java/lang/NoSuchMethodError'{0x000000070fad48b0}: 'void java.lang.invoke.DirectMethodHandle$Holder.invokeStaticInit(java.lang.Object)'> (0x000000070fad48b0) 
thrown [open/src/hotspot/share/interpreter/linkResolver.cpp, line 766]
Event: 0.958 Thread 0x00007fa8cc074200 Exception <a 'java/lang/NoSuchMethodError'{0x000000070f56a218}: 'java.lang.Object java.lang.invoke.DirectMethodHandle$Holder.invokeInterface(java.lang.Object, java.lang.Object, java.lang.Object, double)'> (0x000000070f56a218) 
thrown [open/src/hotspot/share/interpreter/linkResolver.cpp, line 766]
Event: 1.010 Thread 0x00007fa8cc074200 Exception <a 'java/lang/NoSuchMethodError'{0x000000070f22b238}: 'void java.lang.invoke.DirectMethodHandle$Holder.invokeStaticInit(java.lang.Object, java.lang.Object)'> (0x000000070f22b238) 
thrown [open/src/hotspot/share/interpreter/linkResolver.cpp, line 766]
Event: 1.024 Thread 0x00007fa8cc074200 Exception <a 'java/lang/NoSuchMethodError'{0x000000070f265ab0}: 'void java.lang.invoke.DirectMethodHandle$Holder.invokeSpecial(java.lang.Object, java.lang.Object, java.lang.Object)'> (0x000000070f265ab0) 
thrown [open/src/hotspot/share/interpreter/linkResolver.cpp, line 766]
Event: 1.025 Thread 0x00007fa8cc074200 Exception <a 'java/lang/NoSuchMethodError'{0x000000070f26c038}: 'void java.lang.invoke.DirectMethodHandle$Holder.invokeStatic(java.lang.Object, java.lang.Object, java.lang.Object)'> (0x000000070f26c038) 
thrown [open/src/hotspot/share/interpreter/linkResolver.cpp, line 766]
Event: 1.081 Thread 0x00007fa8cc074200 Exception <a 'java/lang/NoSuchMethodError'{0x000000070f393658}: 'double java.lang.invoke.DirectMethodHandle$Holder.invokeStatic(java.lang.Object, java.lang.Object)'> (0x000000070f393658) 
thrown [open/src/hotspot/share/interpreter/linkResolver.cpp, line 766]
Event: 1.083 Thread 0x00007fa8cc074200 Exception <a 'java/lang/NoSuchMethodError'{0x000000070f39df40}: 'java.lang.Object java.lang.invoke.Invokers$Holder.invokeExact_MT(java.lang.Object, java.lang.Object, java.lang.Object, java.lang.Object, java.lang.Object, java.lang.Object)'> (0x000000070f39df40) 
thrown [open/src/hotspot/share/interpreter/linkResolver.cpp, line 766]
Event: 1.099 Thread 0x00007fa8cc074200 Exception <a 'java/lang/NoSuchMethodError'{0x000000070f3e44b8}: 'int java.lang.invoke.DirectMethodHandle$Holder.invokeStatic(java.lang.Object)'> (0x000000070f3e44b8) 
thrown [open/src/hotspot/share/interpreter/linkResolver.cpp, line 766]
Event: 1.160 Thread 0x00007fa8cc074200 Exception <a 'java/lang/NoSuchMethodError'{0x000000070f0566b8}: 'void java.lang.invoke.DirectMethodHandle$Holder.invokeInterface(java.lang.Object, java.lang.Object)'> (0x000000070f0566b8) 
thrown [open/src/hotspot/share/interpreter/linkResolver.cpp, line 766]
Event: 2.518 Thread 0x00007fa8cc074200 Exception <a 'java/lang/NoSuchMethodError'{0x000000070ed9d7b0}: 'void java.lang.invoke.DirectMethodHandle$Holder.invokeStatic(java.lang.Object, java.lang.Object, java.lang.Object, java.lang.Object)'> (0x000000070ed9d7b0) 
thrown [open/src/hotspot/share/interpreter/linkResolver.cpp, line 766]
Event: 119.309 Thread 0x00007fa8cc074200 Exception <a 'java/lang/NoSuchMethodError'{0x000000070a83cbe8}: 'int java.lang.invoke.DirectMethodHandle$Holder.invokeStaticInit(java.lang.Object)'> (0x000000070a83cbe8) 
thrown [open/src/hotspot/share/interpreter/linkResolver.cpp, line 766]
Event: 119.314 Thread 0x00007fa8cc074200 Implicit null exception at 0x000000011bb1c25b to 0x000000011bb1c320
Event: 119.317 Thread 0x00007fa8cc074200 Implicit null exception at 0x000000011bb3f65d to 0x000000011bb3feb4
Event: 119.339 Thread 0x00007fa8ca0dd400 Implicit null exception at 0x000000011ba73b8f to 0x000000011ba741cc

VM Operations (20 events):
Event: 181.996 Executing VM operation: Cleanup done
Event: 187.012 Executing VM operation: Cleanup
Event: 187.012 Executing VM operation: Cleanup done
Event: 206.031 Executing VM operation: G1CollectForAllocation
Event: 206.053 Executing VM operation: G1CollectForAllocation done
Event: 228.139 Executing VM operation: Cleanup
Event: 228.143 Executing VM operation: Cleanup done
Event: 242.496 Executing VM operation: G1CollectForAllocation
Event: 242.512 Executing VM operation: G1CollectForAllocation done
Event: 258.580 Executing VM operation: Cleanup
Event: 258.592 Executing VM operation: Cleanup done
Event: 279.725 Executing VM operation: G1CollectForAllocation
Event: 279.743 Executing VM operation: G1CollectForAllocation done
Event: 316.263 Executing VM operation: G1CollectForAllocation
Event: 316.350 Executing VM operation: G1CollectForAllocation done
Event: 353.015 Executing VM operation: G1CollectForAllocation
Event: 353.053 Executing VM operation: G1CollectForAllocation done
Event: 354.057 Executing VM operation: Cleanup
Event: 354.058 Executing VM operation: Cleanup done
Event: 361.500 Executing VM operation: Exit

Events (20 events):
Event: 1.089 loading class java/util/concurrent/locks/AbstractQueuedSynchronizer$ExclusiveNode done
Event: 1.112 loading class java/util/LinkedHashMap$LinkedKeyIterator
Event: 1.112 loading class java/util/LinkedHashMap$LinkedKeyIterator done
Event: 1.136 Loaded shared library /Users/matth/Documents/GitHub/ChargedUp-2023/build/jni/release/libwpimathjni.dylib
Event: 1.145 loading class java/util/concurrent/ExecutionException
Event: 1.145 loading class java/util/concurrent/ExecutionException done
Event: 2.079 loading class jdk/internal/misc/ScopedMemoryAccess$Scope
Event: 2.079 loading class jdk/internal/misc/ScopedMemoryAccess$Scope done
Event: 2.536 loading class jdk/internal/math/FormattedFloatingDecimal$Form
Event: 2.536 loading class jdk/internal/math/FormattedFloatingDecimal$Form done
Event: 2.536 loading class jdk/internal/math/FormattedFloatingDecimal
Event: 2.536 loading class jdk/internal/math/FormattedFloatingDecimal done
Event: 2.536 loading class jdk/internal/math/FormattedFloatingDecimal$1
Event: 2.536 loading class jdk/internal/math/FormattedFloatingDecimal$1 done
Event: 2.536 loading class jdk/internal/math/FormattedFloatingDecimal$2
Event: 2.536 loading class jdk/internal/math/FormattedFloatingDecimal$2 done
Event: 361.495 loading class jdk/internal/misc/Signal$1
Event: 361.495 loading class jdk/internal/misc/Signal$1 done
Event: 361.496 Thread 0x00007fa8cc8be000 Thread added: 0x00007fa8cc8be000
Event: 361.496 Protecting memory [0x0000000309543000,0x0000000309547000] with protection modes 0


Dynamic libraries:
0x0000000108ff5000 	/Library/Java/JavaVirtualMachines/jdk-17.0.1.jdk/Contents/Home/lib/libjli.dylib
0x00007ff814af1000 	/usr/lib/libz.1.dylib
0x00007ff814bd7000 	/usr/lib/libSystem.B.dylib
0x00007ff814bd2000 	/usr/lib/system/libcache.dylib
0x00007ff814b8e000 	/usr/lib/system/libcommonCrypto.dylib
0x00007ff814bb7000 	/usr/lib/system/libcompiler_rt.dylib
0x00007ff814bad000 	/usr/lib/system/libcopyfile.dylib
0x00007ff809771000 	/usr/lib/system/libcorecrypto.dylib
0x00007ff80982f000 	/usr/lib/system/libdispatch.dylib
0x00007ff8099ef000 	/usr/lib/system/libdyld.dylib
0x00007ff814bc9000 	/usr/lib/system/libkeymgr.dylib
0x00007ff814b6c000 	/usr/lib/system/libmacho.dylib
0x00007ff8141e7000 	/usr/lib/system/libquarantine.dylib
0x00007ff814bc7000 	/usr/lib/system/libremovefile.dylib
0x00007ff80e8ba000 	/usr/lib/system/libsystem_asl.dylib
0x00007ff80971a000 	/usr/lib/system/libsystem_blocks.dylib
0x00007ff8098b3000 	/usr/lib/system/libsystem_c.dylib
0x00007ff814bbf000 	/usr/lib/system/libsystem_collections.dylib
0x00007ff813519000 	/usr/lib/system/libsystem_configuration.dylib
0x00007ff8127c2000 	/usr/lib/system/libsystem_containermanager.dylib
0x00007ff81489e000 	/usr/lib/system/libsystem_coreservices.dylib
0x00007ff80bf5b000 	/usr/lib/system/libsystem_darwin.dylib
0x00007ff814bca000 	/usr/lib/system/libsystem_dnssd.dylib
0x00007ff8098b0000 	/usr/lib/system/libsystem_featureflags.dylib
0x00007ff809a05000 	/usr/lib/system/libsystem_info.dylib
0x00007ff814b04000 	/usr/lib/system/libsystem_m.dylib
0x00007ff809803000 	/usr/lib/system/libsystem_malloc.dylib
0x00007ff80e855000 	/usr/lib/system/libsystem_networkextension.dylib
0x00007ff80c381000 	/usr/lib/system/libsystem_notify.dylib
0x00007ff81af03000 	/usr/lib/system/libsystem_product_info_filter.dylib
0x00007ff81351d000 	/usr/lib/system/libsystem_sandbox.dylib
0x00007ff814bc4000 	/usr/lib/system/libsystem_secinit.dylib
0x00007ff8099ab000 	/usr/lib/system/libsystem_kernel.dylib
0x00007ff8099fb000 	/usr/lib/system/libsystem_platform.dylib
0x00007ff8099e3000 	/usr/lib/system/libsystem_pthread.dylib
0x00007ff810177000 	/usr/lib/system/libsystem_symptoms.dylib
0x00007ff809758000 	/usr/lib/system/libsystem_trace.dylib
0x00007ff814b9a000 	/usr/lib/system/libunwind.dylib
0x00007ff80971c000 	/usr/lib/system/libxpc.dylib
0x00007ff809995000 	/usr/lib/libc++abi.dylib
0x00007ff809876000 	/usr/lib/libobjc.A.dylib
0x00007ff814ba5000 	/usr/lib/liboah.dylib
0x00007ff80993c000 	/usr/lib/libc++.1.dylib
0x00007ff820d04000 	/System/Library/Frameworks/Cocoa.framework/Versions/A/Cocoa
0x00007ff80c3df000 	/System/Library/Frameworks/AppKit.framework/Versions/C/AppKit
0x00007ff80f954000 	/System/Library/Frameworks/CoreData.framework/Versions/A/CoreData
0x00007ff80a7e2000 	/System/Library/Frameworks/Foundation.framework/Versions/C/Foundation
0x00007ff80d26f000 	/System/Library/PrivateFrameworks/UIFoundation.framework/Versions/A/UIFoundation
0x00007ff81ac06000 	/System/Library/PrivateFrameworks/RemoteViewServices.framework/Versions/A/RemoteViewServices
0x00007ff812ea3000 	/System/Library/PrivateFrameworks/XCTTargetBootstrap.framework/Versions/A/XCTTargetBootstrap
0x00007ff816a9c000 	/System/Library/PrivateFrameworks/InternationalSupport.framework/Versions/A/InternationalSupport
0x00007ff816b26000 	/System/Library/PrivateFrameworks/UserActivity.framework/Versions/A/UserActivity
0x00007ff815e80000 	/usr/lib/libspindump.dylib
0x00007ff80d4fe000 	/System/Library/Frameworks/UniformTypeIdentifiers.framework/Versions/A/UniformTypeIdentifiers
0x00007ff8115c7000 	/usr/lib/libapp_launch_measurement.dylib
0x00007ff810337000 	/System/Library/PrivateFrameworks/CoreAnalytics.framework/Versions/A/CoreAnalytics
0x00007ff8115ca000 	/System/Library/PrivateFrameworks/CoreAutoLayout.framework/Versions/A/CoreAutoLayout
0x00007ff8127fa000 	/System/Library/Frameworks/Metal.framework/Versions/A/Metal
0x00007ff813529000 	/usr/lib/liblangid.dylib
0x00007ff812ea8000 	/System/Library/PrivateFrameworks/CoreSVG.framework/Versions/A/CoreSVG
0x00007ff80e8ea000 	/System/Library/PrivateFrameworks/SkyLight.framework/Versions/A/SkyLight
0x00007ff80ec89000 	/System/Library/Frameworks/CoreGraphics.framework/Versions/A/CoreGraphics
0x00007ff81b2c6000 	/System/Library/Frameworks/Accelerate.framework/Versions/A/Accelerate
0x00007ff8158ff000 	/System/Library/PrivateFrameworks/IconServices.framework/Versions/A/IconServices
0x00007ff8127df000 	/System/Library/Frameworks/IOSurface.framework/Versions/A/IOSurface
0x00007ff810365000 	/usr/lib/libDiagnosticMessagesClient.dylib
0x00007ff81e9a8000 	/System/Library/Frameworks/ApplicationServices.framework/Versions/A/ApplicationServices
0x00007ff812e8f000 	/System/Library/PrivateFrameworks/DFRFoundation.framework/Versions/A/DFRFoundation
0x00007ff80bcc7000 	/usr/lib/libicucore.A.dylib
0x00007ff817892000 	/System/Library/Frameworks/AudioToolbox.framework/Versions/A/AudioToolbox
0x00007ff816aa8000 	/System/Library/PrivateFrameworks/DataDetectorsCore.framework/Versions/A/DataDetectorsCore
0x00007ff912d09000 	/System/Library/PrivateFrameworks/TextInput.framework/Versions/A/TextInput
0x00007ff80e86d000 	/usr/lib/libMobileGestalt.dylib
0x00007ff812b9b000 	/System/Library/Frameworks/Carbon.framework/Versions/A/Frameworks/HIToolbox.framework/Versions/A/HIToolbox
0x00007ff810fca000 	/System/Library/Frameworks/QuartzCore.framework/Versions/A/QuartzCore
0x00007ff80b96c000 	/System/Library/Frameworks/Security.framework/Versions/A/Security
0x00007ff81ac3e000 	/System/Library/Frameworks/Carbon.framework/Versions/A/Frameworks/SpeechRecognition.framework/Versions/A/SpeechRecognition
0x00007ff811327000 	/System/Library/PrivateFrameworks/CoreUI.framework/Versions/A/CoreUI
0x00007ff80b236000 	/System/Library/Frameworks/CoreAudio.framework/Versions/A/CoreAudio
0x00007ff810454000 	/System/Library/Frameworks/DiskArbitration.framework/Versions/A/DiskArbitration
0x00007ff81626c000 	/System/Library/PrivateFrameworks/MultitouchSupport.framework/Versions/A/MultitouchSupport
0x00007ff80e86c000 	/usr/lib/libenergytrace.dylib
0x00007ff80c2cb000 	/System/Library/Frameworks/IOKit.framework/Versions/A/IOKit
0x00007ff81b02e000 	/System/Library/Frameworks/CoreServices.framework/Versions/A/CoreServices
0x00007ff811561000 	/System/Library/PrivateFrameworks/PerformanceAnalysis.framework/Versions/A/PerformanceAnalysis
0x00007ffa227e5000 	/System/Library/Frameworks/OpenGL.framework/Versions/A/OpenGL
0x00007ff81410d000 	/System/Library/PrivateFrameworks/MobileKeyBag.framework/Versions/A/MobileKeyBag
0x00007ff80f3b3000 	/System/Library/Frameworks/ColorSync.framework/Versions/A/ColorSync
0x00007ff809a30000 	/System/Library/Frameworks/CoreFoundation.framework/Versions/A/CoreFoundation
0x00007ff81311f000 	/System/Library/Frameworks/CoreImage.framework/Versions/A/CoreImage
0x00007ff80b04a000 	/System/Library/Frameworks/CoreText.framework/Versions/A/CoreText
0x00007ff812ed8000 	/System/Library/Frameworks/ImageIO.framework/Versions/A/ImageIO
0x00007ff814bdd000 	/System/Library/PrivateFrameworks/SoftLinking.framework/Versions/A/SoftLinking
0x00007ff811612000 	/usr/lib/libxml2.2.dylib
0x00007ff814e5e000 	/usr/lib/libcompression.dylib
0x00007ff8169cf000 	/System/Library/PrivateFrameworks/TextureIO.framework/Versions/A/TextureIO
0x00007ff815578000 	/usr/lib/libate.dylib
0x00007ff815336000 	/usr/lib/liblzma.5.dylib
0x00007ff80a4f4000 	/System/Library/Frameworks/SystemConfiguration.framework/Versions/A/SystemConfiguration
0x00007ff814bd9000 	/usr/lib/libfakelink.dylib
0x00007ff80e3c5000 	/System/Library/Frameworks/CFNetwork.framework/Versions/A/CFNetwork
0x00007ff814d1a000 	/usr/lib/libarchive.2.dylib
0x00007ff813525000 	/System/Library/PrivateFrameworks/AppleSystemInfo.framework/Versions/A/AppleSystemInfo
0x00007ff81420e000 	/usr/lib/libbsm.0.dylib
0x00007ff80d9d4000 	/usr/lib/libnetwork.dylib
0x00007ff814b72000 	/usr/lib/system/libkxld.dylib
0x00007ff813e41000 	/System/Library/PrivateFrameworks/IOMobileFramebuffer.framework/Versions/A/IOMobileFramebuffer
0x00007ffb2219f000 	/usr/lib/libCoreEntitlements.dylib
0x00007ff814880000 	/System/Library/PrivateFrameworks/AppleFSCompression.framework/Versions/A/AppleFSCompression
0x00007ff8141f6000 	/usr/lib/libcoretls.dylib
0x00007ff815350000 	/usr/lib/libcoretls_cfhelpers.dylib
0x00007ff814e59000 	/usr/lib/libpam.2.dylib
0x00007ff80fd99000 	/usr/lib/libsqlite3.dylib
0x00007ff8153bf000 	/usr/lib/libxar.1.dylib
0x00007ff814890000 	/usr/lib/libbz2.1.0.dylib
0x00007ff814bde000 	/usr/lib/libpcap.A.dylib
0x00007ff81016f000 	/usr/lib/libdns_services.dylib
0x00007ff814e2c000 	/usr/lib/libapple_nghttp2.dylib
0x00007ff814c18000 	/usr/lib/libiconv.2.dylib
0x00007ff814b6b000 	/usr/lib/libcharset.1.dylib
0x00007ff811595000 	/System/Library/Frameworks/CoreServices.framework/Versions/A/Frameworks/FSEvents.framework/Versions/A/FSEvents
0x00007ff80bf65000 	/System/Library/Frameworks/CoreServices.framework/Versions/A/Frameworks/CarbonCore.framework/Versions/A/CarbonCore
0x00007ff8103b8000 	/System/Library/Frameworks/CoreServices.framework/Versions/A/Frameworks/Metadata.framework/Versions/A/Metadata
0x00007ff8148a3000 	/System/Library/Frameworks/CoreServices.framework/Versions/A/Frameworks/OSServices.framework/Versions/A/OSServices
0x00007ff814da1000 	/System/Library/Frameworks/CoreServices.framework/Versions/A/Frameworks/SearchKit.framework/Versions/A/SearchKit
0x00007ff810101000 	/System/Library/Frameworks/CoreServices.framework/Versions/A/Frameworks/AE.framework/Versions/A/AE
0x00007ff809f31000 	/System/Library/Frameworks/CoreServices.framework/Versions/A/Frameworks/LaunchServices.framework/Versions/A/LaunchServices
0x00007ff8152e7000 	/System/Library/Frameworks/CoreServices.framework/Versions/A/Frameworks/DictionaryServices.framework/Versions/A/DictionaryServices
0x00007ff8115a2000 	/System/Library/Frameworks/CoreServices.framework/Versions/A/Frameworks/SharedFileList.framework/Versions/A/SharedFileList
0x00007ff8141ea000 	/usr/lib/libCheckFix.dylib
0x00007ff80e8d1000 	/System/Library/PrivateFrameworks/TCC.framework/Versions/A/TCC
0x00007ff81352b000 	/System/Library/PrivateFrameworks/CoreNLP.framework/Versions/A/CoreNLP
0x00007ff810368000 	/System/Library/PrivateFrameworks/MetadataUtilities.framework/Versions/A/MetadataUtilities
0x00007ff80a5a5000 	/usr/lib/libmecabra.dylib
0x00007ff81421e000 	/usr/lib/libmecab.dylib
0x00007ff80a570000 	/usr/lib/libCRFSuite.dylib
0x00007ff814278000 	/usr/lib/libgermantok.dylib
0x00007ff814e07000 	/usr/lib/libThaiTokenizer.dylib
0x00007ff81045b000 	/System/Library/Frameworks/Accelerate.framework/Versions/A/Frameworks/vImage.framework/Versions/A/vImage
0x00007ff81b005000 	/System/Library/Frameworks/Accelerate.framework/Versions/A/Frameworks/vecLib.framework/Versions/A/vecLib
0x00007ff815400000 	/System/Library/Frameworks/Accelerate.framework/Versions/A/Frameworks/vecLib.framework/Versions/A/libvMisc.dylib
0x00007ff813c40000 	/System/Library/Frameworks/Accelerate.framework/Versions/A/Frameworks/vecLib.framework/Versions/A/libvDSP.dylib
0x00007ff80a2ac000 	/System/Library/Frameworks/Accelerate.framework/Versions/A/Frameworks/vecLib.framework/Versions/A/libBLAS.dylib
0x00007ff814f3c000 	/System/Library/Frameworks/Accelerate.framework/Versions/A/Frameworks/vecLib.framework/Versions/A/libLAPACK.dylib
0x00007ff81427b000 	/System/Library/Frameworks/Accelerate.framework/Versions/A/Frameworks/vecLib.framework/Versions/A/libLinearAlgebra.dylib
0x00007ff814e44000 	/System/Library/Frameworks/Accelerate.framework/Versions/A/Frameworks/vecLib.framework/Versions/A/libSparseBLAS.dylib
0x00007ff814f36000 	/System/Library/Frameworks/Accelerate.framework/Versions/A/Frameworks/vecLib.framework/Versions/A/libQuadrature.dylib
0x00007ff813616000 	/System/Library/Frameworks/Accelerate.framework/Versions/A/Frameworks/vecLib.framework/Versions/A/libBNNS.dylib
0x00007ff80a47e000 	/System/Library/Frameworks/Accelerate.framework/Versions/A/Frameworks/vecLib.framework/Versions/A/libSparse.dylib
0x00007ff81360f000 	/System/Library/PrivateFrameworks/LinguisticData.framework/Versions/A/LinguisticData
0x00007ff80a434000 	/System/Library/PrivateFrameworks/Lexicon.framework/Versions/A/Lexicon
0x00007ff8153f9000 	/usr/lib/libChineseTokenizer.dylib
0x00007ff80ab9f000 	/System/Library/PrivateFrameworks/LanguageModeling.framework/Versions/A/LanguageModeling
0x00007ff814e09000 	/System/Library/PrivateFrameworks/AppleSauce.framework/Versions/A/AppleSauce
0x00007ff813e2f000 	/System/Library/PrivateFrameworks/CoreEmoji.framework/Versions/A/CoreEmoji
0x00007ff814d09000 	/usr/lib/libcmph.dylib
0x00007ff811579000 	/System/Library/Frameworks/OpenDirectory.framework/Versions/A/Frameworks/CFOpenDirectory.framework/Versions/A/CFOpenDirectory
0x00007ff81156d000 	/System/Library/Frameworks/OpenDirectory.framework/Versions/A/OpenDirectory
0x00007ff815352000 	/System/Library/PrivateFrameworks/APFS.framework/Versions/A/APFS
0x00007ff814145000 	/System/Library/Frameworks/SecurityFoundation.framework/Versions/A/SecurityFoundation
0x00007ff8153cd000 	/usr/lib/libutil.dylib
0x00007ff80c28f000 	/System/Library/PrivateFrameworks/CoreServicesStore.framework/Versions/A/CoreServicesStore
0x00007ff8153d1000 	/usr/lib/libxslt.1.dylib
0x00007ff8141d2000 	/System/Library/PrivateFrameworks/BackgroundTaskManagement.framework/Versions/A/BackgroundTaskManagement
0x00007ff8168f0000 	/System/Library/Frameworks/ImageIO.framework/Versions/A/Resources/libRadiance.dylib
0x00007ff8168f9000 	/System/Library/Frameworks/ImageIO.framework/Versions/A/Resources/libJPEG.dylib
0x00007ff81684b000 	/System/Library/Frameworks/ImageIO.framework/Versions/A/Resources/libPng.dylib
0x00007ff81686c000 	/System/Library/Frameworks/ImageIO.framework/Versions/A/Resources/libTIFF.dylib
