#
# A fatal error has been detected by the Java Runtime Environment:
#
#  SIGSEGV (0xb) at pc=0x0000000135ac644b, pid=82731, tid=259
#
# JRE version: Java(TM) SE Runtime Environment (17.0.1+12) (build 17.0.1+12-LTS-39)
# Java VM: Java HotSpot(TM) 64-Bit Server VM (17.0.1+12-LTS-39, mixed mode, sharing, tiered, compressed oops, compressed class ptrs, g1 gc, bsd-amd64)
# Problematic frame:
# C  [libhalsim_gui.dylib+0x1e44b]  _ZNSt3__110__function6__funcIZN9halsimgui19NetworkTablesSimGui10InitializeEvE3$_0NS_9allocatorIS4_EEFvvEEclEv+0xb
#
# No core dump will be written. Core dumps have been disabled. To enable core dumping, try "ulimit -c unlimited" before starting Java again
#
# If you would like to submit a bug report, please visit:
#   https://bugreport.java.com/bugreport/crash.jsp
# The crash happened outside the Java Virtual Machine in native code.
# See problematic frame for where to report the bug.
#

---------------  S U M M A R Y ------------

Command Line: -Djava.library.path=/Users/matth/Documents/GitHub/ChargedUp-2023/build/jni/release -Dfile.encoding=UTF-8 -Duser.country=US -Duser.language=en -Duser.variant /Users/matth/Documents/GitHub/ChargedUp-2023/build/libs/ChargedUp-2023.jar

Host: "MacBookAir10,1" x86_64 (EMULATED) 2400 MHz, 8 cores, 16G, Darwin 21.6.0, macOS 12.5 (21G72)
Time: Sat Jan 28 01:08:41 2023 EST elapsed time: 354.534095 seconds (0d 0h 5m 54s)

---------------  T H R E A D  ---------------

Current thread (0x00007f9012808a00):  JavaThread "main" [_thread_in_native, id=259, stack(0x000000030ce2f000,0x000000030d62f000)]

Stack: [0x000000030ce2f000,0x000000030d62f000],  sp=0x000000030d62b960,  free space=8178k
Native frames: (J=compiled Java code, j=interpreted, Vv=VM code, C=native code)
C  [libhalsim_gui.dylib+0x1e44b]  _ZNSt3__110__function6__funcIZN9halsimgui19NetworkTablesSimGui10InitializeEvE3$_0NS_9allocatorIS4_EEFvvEEclEv+0xb
C  [libhalsim_gui.dylib+0x87d35]  _ZN3wpi3gui17CommonRenderFrameEv+0x75
C  [libhalsim_gui.dylib+0x9b516]  _ZN3wpi3gui19PlatformRenderFrameEv+0x326
C  [libhalsim_gui.dylib+0x87c37]  _ZN3wpi3gui4MainEv+0x107
C  [libhalsim_gui.dylib+0x1dbf9]  _ZZ20HALSIM_InitExtensionEN3$_28__invokeEPv+0x9
j  edu.wpi.first.hal.HAL.runMain()V+0
j  edu.wpi.first.wpilibj.RobotBase.startRobot(Ljava/util/function/Supplier;)V+83
j  com.team4099.robot2023.Main$Companion.main([Ljava/lang/String;)V+11
j  com.team4099.robot2023.Main.main([Ljava/lang/String;)V+4
v  ~StubRoutines::call_stub
V  [libjvm.dylib+0x502a21]  _ZN9JavaCalls11call_helperEP9JavaValueRK12methodHandleP17JavaCallArgumentsP10JavaThread+0x2a1
V  [libjvm.dylib+0x564412]  _ZL17jni_invoke_staticP7JNIEnv_P9JavaValueP8_jobject11JNICallTypeP10_jmethodIDP18JNI_ArgumentPusherP10JavaThread+0x152
V  [libjvm.dylib+0x5677d3]  jni_CallStaticVoidMethod+0x183
C  [libjli.dylib+0x50bf]  JavaMain+0x9bf
C  [libjli.dylib+0x7a5c]  __JVMInit_block_invoke+0x4c
C  [Foundation+0x41ae1]  __NSBLOCKOPERATION_IS_CALLING_OUT_TO_A_BLOCK__+0x7
C  [Foundation+0x419d9]  -[NSBlockOperation main]+0x62
C  [Foundation+0x4196f]  __NSOPERATION_IS_INVOKING_MAIN__+0x11
C  [Foundation+0x40bdb]  -[NSOperation start]+0x311
C  [Foundation+0x814f7]  __NSThreadPerformPerform+0xb3
C  [CoreFoundation+0x7f37a]  __CFRUNLOOP_IS_CALLING_OUT_TO_A_SOURCE0_PERFORM_FUNCTION__+0x11
C  [CoreFoundation+0x7f2e2]  __CFRunLoopDoSource0+0xb4
C  [CoreFoundation+0x7f060]  __CFRunLoopDoSources0+0xf2
C  [CoreFoundation+0x7da70]  __CFRunLoopRun+0x37c
C  [CoreFoundation+0x7d034]  CFRunLoopRunSpecific+0x232
C  [libjli.dylib+0x70b2]  CreateExecutionEnvironment+0x182
C  [libjli.dylib+0x2c15]  JLI_Launch+0x585
C  [java+0x3c09]  main+0x189
C  0x0000000204b3752e

Java frames: (J=compiled Java code, j=interpreted, Vv=VM code)
j  edu.wpi.first.hal.HAL.runMain()V+0
j  edu.wpi.first.wpilibj.RobotBase.startRobot(Ljava/util/function/Supplier;)V+83
j  com.team4099.robot2023.Main$Companion.main([Ljava/lang/String;)V+11
j  com.team4099.robot2023.Main.main([Ljava/lang/String;)V+4
v  ~StubRoutines::call_stub

siginfo: si_signo: 11 (SIGSEGV), si_code: 1 (SEGV_MAPERR), si_addr: 0x0000000000000000

Register to memory mapping:

RAX=0x0000000135e9a608: _ZTVNSt3__110__function6__funcIZN9halsimgui19NetworkTablesSimGui10InitializeEvE3$_0NS_9allocatorIS4_EEFvvEEE+0x10 in /Users/matth/Documents/GitHub/ChargedUp-2023/build/jni/release/libhalsim_gui.dylib at 0x0000000135aa8000
RBX=0x0000000000000004 is an unknown value
RCX=0x00007f9021f13810 points into unknown readable memory: 0x0000000135e988e8 | e8 88 e9 35 01 00 00 00
RDX=0x0000000000000005 is an unknown value
RSP=0x000000030d62b960 is pointing into the stack for thread: 0x00007f9012808a00
RBP=0x000000030d62b960 is pointing into the stack for thread: 0x00007f9012808a00
RSI=0x0 is NULL
RDI=0x0 is NULL
R8 =0x0000000000000523 is an unknown value
R9 =0xffffffff00000000 is an unknown value
R10=0x0000000132263fd0: _ZZN3hal4init23InitializeDriverStationEvE2ds+0x18 in /Users/matth/Documents/GitHub/ChargedUp-2023/build/jni/release/libwpiHal.dylib at 0x00000001321d6000
R11=0x0 is NULL
R12=0x00007ff80987f300: objc_release+0 in /usr/lib/libobjc.A.dylib at 0x00007ff809876000
R13=0x00006000032fa600 points into unknown readable memory: 0x021dfff84b440265 | 65 02 44 4b f8 ff 1d 02
R14=0xaaaaaaaaaaaaaaab is an unknown value
R15=0x00000000000000e0 is an unknown value


Registers:
RAX=0x0000000135e9a608, RBX=0x0000000000000004, RCX=0x00007f9021f13810, RDX=0x0000000000000005
RSP=0x000000030d62b960, RBP=0x000000030d62b960, RSI=0x0000000000000000, RDI=0x0000000000000000
R8 =0x0000000000000523, R9 =0xffffffff00000000, R10=0x0000000132263fd0, R11=0x0000000000000000
R12=0x00007ff80987f300, R13=0x00006000032fa600, R14=0xaaaaaaaaaaaaaaab, R15=0x00000000000000e0
RIP=0x0000000135ac644b, EFLAGS=0x0000000000000202, ERR=0x0000000000000004
  TRAPNO=0x000000000000000e

Top of Stack: (sp=0x000000030d62b960)
0x000000030d62b960:   000000030d62b990 0000000135b2fd35
0x000000030d62b970:   031dfff84b72d321 00007f9021fd0680
0x000000030d62b980:   00006000023c83c0 0000600002fcc510
0x000000030d62b990:   000000030d62ba50 0000000135b43516
0x000000030d62b9a0:   3fdcccccc0000000 3fe19999a0000000
0x000000030d62b9b0:   3fe3333340000000 3ff0000000000000
0x000000030d62b9c0:   3fdcccccc0000000 3fe19999a0000000
0x000000030d62b9d0:   3fe3333340000000 3ff0000000000000
0x000000030d62b9e0:   3fdcccccc0000000 3fe19999a0000000
0x000000030d62b9f0:   3fe3333340000000 3ff0000000000000
0x000000030d62ba00:   0000000000000000 00007f902200c1e8
0x000000030d62ba10:   00006000032fa600 0000069e000005a0
0x000000030d62ba20:   00007f9021fd0680 00007f9022164408
0x000000030d62ba30:   0000000000000000 000000013280db78
0x000000030d62ba40:   000000030d62ba66 0000000000000000
0x000000030d62ba50:   000000030d62ba80 0000000135b2fc37
0x000000030d62ba60:   000000010df997e0 000000013280db78
0x000000030d62ba70:   000000030d62bb08 00007f9012808a00
0x000000030d62ba80:   000000030d62ba90 0000000135ac5bf9
0x000000030d62ba90:   000000030d62baf0 0000000118018365
0x000000030d62baa0:   00000001180180b6 000000030d62baa8
0x000000030d62bab0:   000000013280db78 000000030d62bb08
0x000000030d62bac0:   000000013280efa8 0000000000000000
0x000000030d62bad0:   0000000706807560 000000013280db78
0x000000030d62bae0:   0000000000000000 000000030d62bb10
0x000000030d62baf0:   000000030d62bb58 000000011801442b
0x000000030d62bb00:   0000000706807560 0000000118015f18
0x000000030d62bb10:   000000030d62bb10 000000013280ba73
0x000000030d62bb20:   000000030d62bb80 000000013280c768
0x000000030d62bb30:   0000000000000000 00000007068075d8
0x000000030d62bb40:   000000013280bb10 000000030d62bb10
0x000000030d62bb50:   000000030d62bb80 000000030d62bbd0 

Instructions: (pc=0x0000000135ac644b)
0x0000000135ac634b:   fb 75 0e 48 8b 07 ff 50 20 4c 89 f7 e8 fc 45 31
0x0000000135ac635b:   00 48 85 ff 74 06 48 8b 07 ff 50 28 4c 89 f7 e8
0x0000000135ac636b:   e9 45 31 00 49 89 c6 48 89 df e8 da 49 31 00 4c
0x0000000135ac637b:   89 f7 e8 d6 45 31 00 66 2e 0f 1f 84 00 00 00 00
0x0000000135ac638b:   00 0f 1f 40 00 55 48 89 e5 48 8b 3d fd 24 3e 00
0x0000000135ac639b:   48 85 ff 74 0c 48 8d 35 a9 6d 3a 00 e8 44 ce 04
0x0000000135ac63ab:   00 48 8b 3d ed 24 3e 00 48 85 ff 74 0d 48 8d 35
0x0000000135ac63bb:   a4 6d 3a 00 5d e9 2b ce 04 00 5d c3 66 0f 1f 84
0x0000000135ac63cb:   00 00 00 00 00 55 48 89 e5 5d c3 66 2e 0f 1f 84
0x0000000135ac63db:   00 00 00 00 00 55 48 89 e5 5d e9 6a 49 31 00 66
0x0000000135ac63eb:   0f 1f 44 00 00 55 48 89 e5 bf 10 00 00 00 e8 5c
0x0000000135ac63fb:   49 31 00 48 8d 0d 03 42 3d 00 48 89 08 5d c3 66
0x0000000135ac640b:   0f 1f 44 00 00 55 48 89 e5 48 8d 05 ed 41 3d 00
0x0000000135ac641b:   48 89 06 5d c3 55 48 89 e5 5d c3 66 2e 0f 1f 84
0x0000000135ac642b:   00 00 00 00 00 55 48 89 e5 5d e9 1a 49 31 00 66
0x0000000135ac643b:   0f 1f 44 00 00 55 48 89 e5 48 8b 3d 45 24 3e 00
0x0000000135ac644b:   48 8b 07 5d ff 60 10 66 2e 0f 1f 84 00 00 00 00
0x0000000135ac645b:   00 0f 1f 40 00 55 48 89 e5 48 8d 0d 4e f8 31 00
0x0000000135ac646b:   48 83 c7 08 31 c0 48 39 4e 08 48 0f 44 c7 5d c3
0x0000000135ac647b:   0f 1f 44 00 00 55 48 89 e5 48 8d 05 dd 41 3d 00
0x0000000135ac648b:   5d c3 0f 1f 00 55 48 89 e5 5d c3 66 2e 0f 1f 84
0x0000000135ac649b:   00 00 00 00 00 55 48 89 e5 5d e9 aa 48 31 00 66
0x0000000135ac64ab:   0f 1f 44 00 00 55 48 89 e5 bf 10 00 00 00 e8 9c
0x0000000135ac64bb:   48 31 00 48 8d 0d c3 41 3d 00 48 89 08 5d c3 66
0x0000000135ac64cb:   0f 1f 44 00 00 55 48 89 e5 48 8d 05 ad 41 3d 00
0x0000000135ac64db:   48 89 06 5d c3 55 48 89 e5 5d c3 66 2e 0f 1f 84
0x0000000135ac64eb:   00 00 00 00 00 55 48 89 e5 5d e9 5a 48 31 00 66
0x0000000135ac64fb:   0f 1f 44 00 00 55 48 89 e5 48 8b 3d 8d 23 3e 00
0x0000000135ac650b:   5d e9 4f c9 04 00 66 2e 0f 1f 84 00 00 00 00 00
0x0000000135ac651b:   0f 1f 44 00 00 55 48 89 e5 48 8d 0d 2c f8 31 00
0x0000000135ac652b:   48 83 c7 08 31 c0 48 39 4e 08 48 0f 44 c7 5d c3
0x0000000135ac653b:   0f 1f 44 00 00 55 48 89 e5 48 8d 05 9d 41 3d 00 


Stack slot to memory mapping:
stack at sp + 0 slots: 0x000000030d62b990 is pointing into the stack for thread: 0x00007f9012808a00
stack at sp + 1 slots: 0x0000000135b2fd35: _ZN3wpi3gui17CommonRenderFrameEv+0x75 in /Users/matth/Documents/GitHub/ChargedUp-2023/build/jni/release/libhalsim_gui.dylib at 0x0000000135aa8000
stack at sp + 2 slots: 0x031dfff84b72d321 is an unknown value
stack at sp + 3 slots: 0x00007f9021fd0680 points into unknown readable memory: 0x021dfffa4cfd0a6d | 6d 0a fd 4c fa ff 1d 02
stack at sp + 4 slots: 0x00006000023c83c0 points into unknown readable memory: 0x021dfff84b72d321 | 21 d3 72 4b f8 ff 1d 02
stack at sp + 5 slots: 0x0000600002fcc510 points into unknown readable memory: 0x011dfffa4cfd1289 | 89 12 fd 4c fa ff 1d 01
stack at sp + 6 slots: 0x000000030d62ba50 is pointing into the stack for thread: 0x00007f9012808a00
stack at sp + 7 slots: 0x0000000135b43516: _ZN3wpi3gui19PlatformRenderFrameEv+0x326 in /Users/matth/Documents/GitHub/ChargedUp-2023/build/jni/release/libhalsim_gui.dylib at 0x0000000135aa8000


---------------  P R O C E S S  ---------------

Threads class SMR info:
_java_thread_list=0x0000600001c6b0a0, length=14, elements={
0x00007f9012808a00, 0x00007f90220ed600, 0x00007f90220efe00, 0x00007f901202d600,
0x00007f901202b200, 0x00007f9012811600, 0x00007f901202b800, 0x00007f90220edc00,
0x00007f9012811c00, 0x00007f9012846c00, 0x00007f90120e0e00, 0x00007f90128d6200,
0x00007f9022161800, 0x00007f8ff200ba00
}

Java Threads: ( => current thread )
=>0x00007f9012808a00 JavaThread "main" [_thread_in_native, id=259, stack(0x000000030ce2f000,0x000000030d62f000)]
  0x00007f90220ed600 JavaThread "Reference Handler" daemon [_thread_blocked, id=22027, stack(0x000000030dcc5000,0x000000030ddc5000)]
  0x00007f90220efe00 JavaThread "Finalizer" daemon [_thread_blocked, id=22275, stack(0x000000030ddc8000,0x000000030dec8000)]
  0x00007f901202d600 JavaThread "Service Thread" daemon [_thread_blocked, id=24835, stack(0x000000030e0de000,0x000000030e1de000)]
  0x00007f901202b200 JavaThread "Monitor Deflation Thread" daemon [_thread_blocked, id=40451, stack(0x000000030e1e1000,0x000000030e2e1000)]
  0x00007f9012811600 JavaThread "C2 CompilerThread0" daemon [_thread_blocked, id=25603, stack(0x000000030e2e4000,0x000000030e3e4000)]
  0x00007f901202b800 JavaThread "C1 CompilerThread0" daemon [_thread_blocked, id=39939, stack(0x000000030e3e7000,0x000000030e4e7000)]
  0x00007f90220edc00 JavaThread "Sweeper thread" daemon [_thread_blocked, id=39427, stack(0x000000030e4ea000,0x000000030e5ea000)]
  0x00007f9012811c00 JavaThread "Notification Thread" daemon [_thread_blocked, id=38935, stack(0x000000030e5ed000,0x000000030e6ed000)]
  0x00007f9012846c00 JavaThread "Common-Cleaner" daemon [_thread_blocked, id=38415, stack(0x000000030e7f3000,0x000000030e8f3000)]
  0x00007f90120e0e00 JavaThread "robot main" daemon [_thread_blocked, id=77371, stack(0x000000030e9fc000,0x000000030eafc000)]
  0x00007f90128d6200 JavaThread "Thread-0" daemon [_thread_in_native, id=70059, stack(0x0000000310c06000,0x0000000310d06000)]
  0x00007f9022161800 JavaThread "LogReceiver" daemon [_thread_blocked, id=59919, stack(0x0000000310d09000,0x0000000310e09000)]
  0x00007f8ff200ba00 JavaThread "SIGTERM handler" daemon [_thread_blocked, id=59059, stack(0x00000003114af000,0x00000003115af000)]

Other Threads:
  0x00007f9021f0dea0 VMThread "VM Thread" [stack: 0x000000030dbc2000,0x000000030dcc2000] [id=15875]
  0x00007f9011f05e80 GCTaskThread "GC Thread#0" [stack: 0x000000030d6b3000,0x000000030d7b3000] [id=18947]
  0x00007f8fe21be010 GCTaskThread "GC Thread#1" [stack: 0x0000000310e8f000,0x0000000310f8f000] [id=64019]
  0x00007f8fe21be2b0 GCTaskThread "GC Thread#2" [stack: 0x0000000310f92000,0x0000000311092000] [id=65283]
  0x00007f8fe21be550 GCTaskThread "GC Thread#3" [stack: 0x0000000311095000,0x0000000311195000] [id=65027]
  0x00007f8fe21bebe0 GCTaskThread "GC Thread#4" [stack: 0x0000000311198000,0x0000000311298000] [id=87299]
  0x00007f8fe21bf270 GCTaskThread "GC Thread#5" [stack: 0x000000031129b000,0x000000031139b000] [id=87811]
  0x00007f9021f06930 ConcurrentGCThread "G1 Main Marker" terminated
  0x00007f9021f071b0 ConcurrentGCThread "G1 Conc#0" [stack: 0x000000030d8b9000,0x000000030d9b9000] [id=18179]
  0x00007f9021f09a10 ConcurrentGCThread "G1 Refine#0" terminated
  0x00007f9021f0a2a0 ConcurrentGCThread "G1 Service" terminated

Threads with active compile tasks:

VM state: at safepoint (shutting down)

VM Mutex/Monitor currently owned by a thread:  ([mutex/lock_event])
[0x00006000032d4580] Threads_lock - owner thread: 0x00007f9021f0dea0
[0x00006000032d4b00] Heap_lock - owner thread: 0x00007f8ff200ba00

Heap address: 0x0000000700000000, size: 4096 MB, Compressed Oops mode: Zero based, Oop shift amount: 3

CDS archive(s) mapped at: [0x0000000800000000-0x0000000800bd4000-0x0000000800bd4000), size 12402688, SharedBaseAddress: 0x0000000800000000, ArchiveRelocationMode: 0.
Compressed class space mapped at: 0x0000000800c00000-0x0000000840c00000, reserved size: 1073741824
Narrow klass base: 0x0000000800000000, Narrow klass shift: 0, Narrow klass range: 0x100000000

GC Precious Log:
 CPUs: 8 total, 8 available
 Memory: 16384M
 Large Page Support: Disabled
 NUMA Support: Disabled
 Compressed Oops: Enabled (Zero based)
 Heap Region Size: 2M
 Heap Min Capacity: 8M
 Heap Initial Capacity: 256M
 Heap Max Capacity: 4G
 Pre-touch: Disabled
 Parallel Workers: 8
 Concurrent Workers: 2
 Concurrent Refinement Workers: 8
 Periodic GC: Disabled

Heap:
 garbage-first heap   total 266240K, used 16428K [0x0000000700000000, 0x0000000800000000)
  region size 2048K, 9 young (18432K), 2 survivors (4096K)
 Metaspace       used 5369K, committed 5568K, reserved 1056768K
  class space    used 469K, committed 576K, reserved 1048576K

Heap Regions: E=young(eden), S=young(survivor), O=old, HS=humongous(starts), HC=humongous(continues), CS=collection set, F=free, OA=open archive, CA=closed archive, TAMS=top-at-mark-start (previous, next)
|   0|0x0000000700000000, 0x0000000700000000, 0x0000000700200000|  0%| F|  |TAMS 0x0000000700000000, 0x0000000700000000| Untracked 
|   1|0x0000000700200000, 0x0000000700200000, 0x0000000700400000|  0%| F|  |TAMS 0x0000000700200000, 0x0000000700200000| Untracked 
|   2|0x0000000700400000, 0x0000000700400000, 0x0000000700600000|  0%| F|  |TAMS 0x0000000700400000, 0x0000000700400000| Untracked 
|   3|0x0000000700600000, 0x0000000700600000, 0x0000000700800000|  0%| F|  |TAMS 0x0000000700600000, 0x0000000700600000| Untracked 
|   4|0x0000000700800000, 0x0000000700800000, 0x0000000700a00000|  0%| F|  |TAMS 0x0000000700800000, 0x0000000700800000| Untracked 
|   5|0x0000000700a00000, 0x0000000700a00000, 0x0000000700c00000|  0%| F|  |TAMS 0x0000000700a00000, 0x0000000700a00000| Untracked 
|   6|0x0000000700c00000, 0x0000000700c00000, 0x0000000700e00000|  0%| F|  |TAMS 0x0000000700c00000, 0x0000000700c00000| Untracked 
|   7|0x0000000700e00000, 0x0000000700e00000, 0x0000000701000000|  0%| F|  |TAMS 0x0000000700e00000, 0x0000000700e00000| Untracked 
|   8|0x0000000701000000, 0x0000000701000000, 0x0000000701200000|  0%| F|  |TAMS 0x0000000701000000, 0x0000000701000000| Untracked 
|   9|0x0000000701200000, 0x0000000701200000, 0x0000000701400000|  0%| F|  |TAMS 0x0000000701200000, 0x0000000701200000| Untracked 
|  10|0x0000000701400000, 0x0000000701400000, 0x0000000701600000|  0%| F|  |TAMS 0x0000000701400000, 0x0000000701400000| Untracked 
|  11|0x0000000701600000, 0x0000000701600000, 0x0000000701800000|  0%| F|  |TAMS 0x0000000701600000, 0x0000000701600000| Untracked 
|  12|0x0000000701800000, 0x0000000701800000, 0x0000000701a00000|  0%| F|  |TAMS 0x0000000701800000, 0x0000000701800000| Untracked 
|  13|0x0000000701a00000, 0x0000000701a00000, 0x0000000701c00000|  0%| F|  |TAMS 0x0000000701a00000, 0x0000000701a00000| Untracked 
|  14|0x0000000701c00000, 0x0000000701c00000, 0x0000000701e00000|  0%| F|  |TAMS 0x0000000701c00000, 0x0000000701c00000| Untracked 
|  15|0x0000000701e00000, 0x0000000701e00000, 0x0000000702000000|  0%| F|  |TAMS 0x0000000701e00000, 0x0000000701e00000| Untracked 
|  16|0x0000000702000000, 0x0000000702000000, 0x0000000702200000|  0%| F|  |TAMS 0x0000000702000000, 0x0000000702000000| Untracked 
|  17|0x0000000702200000, 0x0000000702200000, 0x0000000702400000|  0%| F|  |TAMS 0x0000000702200000, 0x0000000702200000| Untracked 
|  18|0x0000000702400000, 0x0000000702400000, 0x0000000702600000|  0%| F|  |TAMS 0x0000000702400000, 0x0000000702400000| Untracked 
|  19|0x0000000702600000, 0x0000000702600000, 0x0000000702800000|  0%| F|  |TAMS 0x0000000702600000, 0x0000000702600000| Untracked 
|  20|0x0000000702800000, 0x0000000702800000, 0x0000000702a00000|  0%| F|  |TAMS 0x0000000702800000, 0x0000000702800000| Untracked 
|  21|0x0000000702a00000, 0x0000000702a00000, 0x0000000702c00000|  0%| F|  |TAMS 0x0000000702a00000, 0x0000000702a00000| Untracked 
|  22|0x0000000702c00000, 0x0000000702c00000, 0x0000000702e00000|  0%| F|  |TAMS 0x0000000702c00000, 0x0000000702c00000| Untracked 
|  23|0x0000000702e00000, 0x0000000702e00000, 0x0000000703000000|  0%| F|  |TAMS 0x0000000702e00000, 0x0000000702e00000| Untracked 
|  24|0x0000000703000000, 0x0000000703000000, 0x0000000703200000|  0%| F|  |TAMS 0x0000000703000000, 0x0000000703000000| Untracked 
|  25|0x0000000703200000, 0x0000000703200000, 0x0000000703400000|  0%| F|  |TAMS 0x0000000703200000, 0x0000000703200000| Untracked 
|  26|0x0000000703400000, 0x0000000703400000, 0x0000000703600000|  0%| F|  |TAMS 0x0000000703400000, 0x0000000703400000| Untracked 
|  27|0x0000000703600000, 0x0000000703600000, 0x0000000703800000|  0%| F|  |TAMS 0x0000000703600000, 0x0000000703600000| Untracked 
|  28|0x0000000703800000, 0x0000000703800000, 0x0000000703a00000|  0%| F|  |TAMS 0x0000000703800000, 0x0000000703800000| Untracked 
|  29|0x0000000703a00000, 0x0000000703a00000, 0x0000000703c00000|  0%| F|  |TAMS 0x0000000703a00000, 0x0000000703a00000| Untracked 
|  30|0x0000000703c00000, 0x0000000703c00000, 0x0000000703e00000|  0%| F|  |TAMS 0x0000000703c00000, 0x0000000703c00000| Untracked 
|  31|0x0000000703e00000, 0x0000000703e00000, 0x0000000704000000|  0%| F|  |TAMS 0x0000000703e00000, 0x0000000703e00000| Untracked 
|  32|0x0000000704000000, 0x0000000704000000, 0x0000000704200000|  0%| F|  |TAMS 0x0000000704000000, 0x0000000704000000| Untracked 
|  33|0x0000000704200000, 0x0000000704200000, 0x0000000704400000|  0%| F|  |TAMS 0x0000000704200000, 0x0000000704200000| Untracked 
|  34|0x0000000704400000, 0x0000000704400000, 0x0000000704600000|  0%| F|  |TAMS 0x0000000704400000, 0x0000000704400000| Untracked 
|  35|0x0000000704600000, 0x0000000704600000, 0x0000000704800000|  0%| F|  |TAMS 0x0000000704600000, 0x0000000704600000| Untracked 
|  36|0x0000000704800000, 0x0000000704800000, 0x0000000704a00000|  0%| F|  |TAMS 0x0000000704800000, 0x0000000704800000| Untracked 
|  37|0x0000000704a00000, 0x0000000704a00000, 0x0000000704c00000|  0%| F|  |TAMS 0x0000000704a00000, 0x0000000704a00000| Untracked 
|  38|0x0000000704c00000, 0x0000000704c00000, 0x0000000704e00000|  0%| F|  |TAMS 0x0000000704c00000, 0x0000000704c00000| Untracked 
|  39|0x0000000704e00000, 0x0000000704e00000, 0x0000000705000000|  0%| F|  |TAMS 0x0000000704e00000, 0x0000000704e00000| Untracked 
|  40|0x0000000705000000, 0x0000000705000000, 0x0000000705200000|  0%| F|  |TAMS 0x0000000705000000, 0x0000000705000000| Untracked 
|  41|0x0000000705200000, 0x0000000705200000, 0x0000000705400000|  0%| F|  |TAMS 0x0000000705200000, 0x0000000705200000| Untracked 
|  42|0x0000000705400000, 0x0000000705400000, 0x0000000705600000|  0%| F|  |TAMS 0x0000000705400000, 0x0000000705400000| Untracked 
|  43|0x0000000705600000, 0x0000000705600000, 0x0000000705800000|  0%| F|  |TAMS 0x0000000705600000, 0x0000000705600000| Untracked 
|  44|0x0000000705800000, 0x0000000705800000, 0x0000000705a00000|  0%| F|  |TAMS 0x0000000705800000, 0x0000000705800000| Untracked 
|  45|0x0000000705a00000, 0x0000000705a00000, 0x0000000705c00000|  0%| F|  |TAMS 0x0000000705a00000, 0x0000000705a00000| Untracked 
|  46|0x0000000705c00000, 0x0000000705c00000, 0x0000000705e00000|  0%| F|  |TAMS 0x0000000705c00000, 0x0000000705c00000| Untracked 
|  47|0x0000000705e00000, 0x0000000705e00000, 0x0000000706000000|  0%| F|  |TAMS 0x0000000705e00000, 0x0000000705e00000| Untracked 
|  48|0x0000000706000000, 0x0000000706000000, 0x0000000706200000|  0%| F|  |TAMS 0x0000000706000000, 0x0000000706000000| Untracked 
|  49|0x0000000706200000, 0x0000000706200000, 0x0000000706400000|  0%| F|  |TAMS 0x0000000706200000, 0x0000000706200000| Untracked 
|  50|0x0000000706400000, 0x0000000706416020, 0x0000000706600000|  4%| S|CS|TAMS 0x0000000706400000, 0x0000000706400000| Complete 
|  51|0x0000000706600000, 0x0000000706600000, 0x0000000706800000|  0%| F|  |TAMS 0x0000000706600000, 0x0000000706600000| Untracked 
|  52|0x0000000706800000, 0x0000000706a00000, 0x0000000706a00000|100%| S|CS|TAMS 0x0000000706800000, 0x0000000706800000| Complete 
|  53|0x0000000706a00000, 0x0000000706a00000, 0x0000000706c00000|  0%| F|  |TAMS 0x0000000706a00000, 0x0000000706a00000| Untracked 
|  54|0x0000000706c00000, 0x0000000706c00000, 0x0000000706e00000|  0%| F|  |TAMS 0x0000000706c00000, 0x0000000706c00000| Untracked 
|  55|0x0000000706e00000, 0x0000000706e00000, 0x0000000707000000|  0%| F|  |TAMS 0x0000000706e00000, 0x0000000706e00000| Untracked 
|  56|0x0000000707000000, 0x0000000707000000, 0x0000000707200000|  0%| F|  |TAMS 0x0000000707000000, 0x0000000707000000| Untracked 
|  57|0x0000000707200000, 0x0000000707200000, 0x0000000707400000|  0%| F|  |TAMS 0x0000000707200000, 0x0000000707200000| Untracked 
|  58|0x0000000707400000, 0x0000000707400000, 0x0000000707600000|  0%| F|  |TAMS 0x0000000707400000, 0x0000000707400000| Untracked 
|  59|0x0000000707600000, 0x0000000707600000, 0x0000000707800000|  0%| F|  |TAMS 0x0000000707600000, 0x0000000707600000| Untracked 
|  60|0x0000000707800000, 0x0000000707800000, 0x0000000707a00000|  0%| F|  |TAMS 0x0000000707800000, 0x0000000707800000| Untracked 
