#
# A fatal error has been detected by the Java Runtime Environment:
#
#  SIGSEGV (0xb) at pc=0x00000001356dee82, pid=81219, tid=259
#
# JRE version: Java(TM) SE Runtime Environment (17.0.1+12) (build 17.0.1+12-LTS-39)
# Java VM: Java HotSpot(TM) 64-Bit Server VM (17.0.1+12-LTS-39, mixed mode, sharing, tiered, compressed oops, compressed class ptrs, g1 gc, bsd-amd64)
# Problematic frame:
# C  [libhalsim_gui.dylib+0x6ae82]  _ZN5glass6Window7DisplayEv+0x22
#
# No core dump will be written. Core dumps have been disabled. To enable core dumping, try "ulimit -c unlimited" before starting Java again
#
# If you would like to submit a bug report, please visit:
#   https://bugreport.java.com/bugreport/crash.jsp
# The crash happened outside the Java Virtual Machine in native code.
# See problematic frame for where to report the bug.
#

---------------  S U M M A R Y ------------

Command Line: -Djava.library.path=/Users/matth/Documents/GitHub/ChargedUp-2023/build/jni/release -Dfile.encoding=UTF-8 -Duser.country=US -Duser.language=en -Duser.variant /Users/matth/Documents/GitHub/ChargedUp-2023/build/libs/ChargedUp-2023.jar

Host: "MacBookAir10,1" x86_64 (EMULATED) 2400 MHz, 8 cores, 16G, Darwin 21.6.0, macOS 12.5 (21G72)
Time: Fri Jan 27 23:55:08 2023 EST elapsed time: 2126.282063 seconds (0d 0h 35m 26s)

---------------  T H R E A D  ---------------

Current thread (0x00007f83e1809800):  JavaThread "main" [_thread_in_native, id=259, stack(0x000000030c217000,0x000000030ca17000)]

Stack: [0x000000030c217000,0x000000030ca17000],  sp=0x000000030ca13890,  free space=8178k
Native frames: (J=compiled Java code, j=interpreted, Vv=VM code, C=native code)
C  [libhalsim_gui.dylib+0x6ae82]  _ZN5glass6Window7DisplayEv+0x22
C  [libhalsim_gui.dylib+0x87d95]  _ZN3wpi3gui17CommonRenderFrameEv+0xd5
C  [libhalsim_gui.dylib+0x9b516]  _ZN3wpi3gui19PlatformRenderFrameEv+0x326
C  [libhalsim_gui.dylib+0x87c37]  _ZN3wpi3gui4MainEv+0x107
C  [libhalsim_gui.dylib+0x1dbf9]  _ZZ20HALSIM_InitExtensionEN3$_28__invokeEPv+0x9
j  edu.wpi.first.hal.HAL.runMain()V+0
j  edu.wpi.first.wpilibj.RobotBase.startRobot(Ljava/util/function/Supplier;)V+83
j  com.team4099.robot2023.Main$Companion.main([Ljava/lang/String;)V+11
j  com.team4099.robot2023.Main.main([Ljava/lang/String;)V+4
v  ~StubRoutines::call_stub
V  [libjvm.dylib+0x502a21]  _ZN9JavaCalls11call_helperEP9JavaValueRK12methodHandleP17JavaCallArgumentsP10JavaThread+0x2a1
V  [libjvm.dylib+0x564412]  _ZL17jni_invoke_staticP7JNIEnv_P9JavaValueP8_jobject11JNICallTypeP10_jmethodIDP18JNI_ArgumentPusherP10JavaThread+0x152
V  [libjvm.dylib+0x5677d3]  jni_CallStaticVoidMethod+0x183
C  [libjli.dylib+0x50bf]  JavaMain+0x9bf
C  [libjli.dylib+0x7a5c]  __JVMInit_block_invoke+0x4c
C  [Foundation+0x41ae1]  __NSBLOCKOPERATION_IS_CALLING_OUT_TO_A_BLOCK__+0x7
C  [Foundation+0x419d9]  -[NSBlockOperation main]+0x62
C  [Foundation+0x4196f]  __NSOPERATION_IS_INVOKING_MAIN__+0x11
C  [Foundation+0x40bdb]  -[NSOperation start]+0x311
C  [Foundation+0x814f7]  __NSThreadPerformPerform+0xb3
C  [CoreFoundation+0x7f37a]  __CFRUNLOOP_IS_CALLING_OUT_TO_A_SOURCE0_PERFORM_FUNCTION__+0x11
C  [CoreFoundation+0x7f2e2]  __CFRunLoopDoSource0+0xb4
C  [CoreFoundation+0x7f060]  __CFRunLoopDoSources0+0xf2
C  [CoreFoundation+0x7da70]  __CFRunLoopRun+0x37c
C  [CoreFoundation+0x7d034]  CFRunLoopRunSpecific+0x232
C  [libjli.dylib+0x70b2]  CreateExecutionEnvironment+0x182
C  [libjli.dylib+0x2c15]  JLI_Launch+0x585
C  [java+0x3c09]  main+0x189
C  0x00000002044ec52e

Java frames: (J=compiled Java code, j=interpreted, Vv=VM code)
j  edu.wpi.first.hal.HAL.runMain()V+0
j  edu.wpi.first.wpilibj.RobotBase.startRobot(Ljava/util/function/Supplier;)V+83
j  com.team4099.robot2023.Main$Companion.main([Ljava/lang/String;)V+11
j  com.team4099.robot2023.Main.main([Ljava/lang/String;)V+4
v  ~StubRoutines::call_stub

siginfo: si_signo: 11 (SIGSEGV), si_code: 1 (SEGV_MAPERR), si_addr: 0x0000000000000038

Register to memory mapping:

RAX=0xe62af9e895b000b1 is an unknown value
RBX=0x0000000000000007 is an unknown value
RCX=0x00007f83f1708e80 points into unknown readable memory: 0x0000000135a6a8f8 | f8 a8 a6 35 01 00 00 00
RDX=0x0000000000000008 is an unknown value
RSP=0x000000030ca13890 is pointing into the stack for thread: 0x00007f83e1809800
RBP=0x000000030ca13960 is pointing into the stack for thread: 0x00007f83e1809800
RSI=0x00000000ffffffff is an unknown value
RDI=0x0 is NULL
R8 =0x0000000000000002 is an unknown value
R9 =0x04c404c304c204c1 is an unknown value
R10=0x00007f83e201cb70 points into unknown readable memory: 0x0000000100000000 | 00 00 00 00 01 00 00 00
R11=0x04c804c604c804c7 is an unknown value
R12=0x00007ff80987f300: objc_release+0 in /usr/lib/libobjc.A.dylib at 0x00007ff809876000
R13=0x0000600002168a00 points into unknown readable memory: 0x021dfff84b440265 | 65 02 44 4b f8 ff 1d 02
R14=0xaaaaaaaaaaaaaaab is an unknown value
R15=0x0000000000000170 is an unknown value


Registers:
RAX=0xe62af9e895b000b1, RBX=0x0000000000000007, RCX=0x00007f83f1708e80, RDX=0x0000000000000008
RSP=0x000000030ca13890, RBP=0x000000030ca13960, RSI=0x00000000ffffffff, RDI=0x0000000000000000
R8 =0x0000000000000002, R9 =0x04c404c304c204c1, R10=0x00007f83e201cb70, R11=0x04c804c604c804c7
R12=0x00007ff80987f300, R13=0x0000600002168a00, R14=0xaaaaaaaaaaaaaaab, R15=0x0000000000000170
RIP=0x00000001356dee82, EFLAGS=0x0000000000000202, ERR=0x0000000000000004
  TRAPNO=0x000000000000000e

Top of Stack: (sp=0x000000030ca13890)
0x000000030ca13890:   42d60000429a0000 0000000000000000
0x000000030ca138a0:   42d6000044454000 0000000000000000
0x000000030ca138b0:   546b726f7774654e 23232373656c6261
0x000000030ca138c0:   546b726f7774654e 00000073656c6261
0x000000030ca138d0:   0000000000000000 00000000000000b0
0x000000030ca138e0:   0000000000000001 00007f83e2910600
0x000000030ca138f0:   00007ff80987f300 0000600002168a00
0x000000030ca13900:   41d8000041000000 41d8000043c88000
0x000000030ca13910:   e62af9e895b000b1 0000600001a20cb0
0x000000030ca13920:   00007ff80987f300 0000600002168a00
0x000000030ca13930:   e62af9e895b000b1 0000000000000007
0x000000030ca13940:   00007ff80987f300 0000600002168a00
0x000000030ca13950:   aaaaaaaaaaaaaaab 0000000000000170
0x000000030ca13960:   000000030ca13990 00000001356fbd95
0x000000030ca13970:   031dfff84b72d321 00007f8381a3f830
0x000000030ca13980:   0000600003004f00 0000600003c85170
0x000000030ca13990:   000000030ca13a50 000000013570f516
0x000000030ca139a0:   3fdcccccc0000000 3fe19999a0000000
0x000000030ca139b0:   3fe3333340000000 3ff0000000000000
0x000000030ca139c0:   3fdcccccc0000000 3fe19999a0000000
0x000000030ca139d0:   3fe3333340000000 3ff0000000000000
0x000000030ca139e0:   3fdcccccc0000000 3fe19999a0000000
0x000000030ca139f0:   3fe3333340000000 3ff0000000000000
0x000000030ca13a00:   0000000000000000 00007f83f180c1e8
0x000000030ca13a10:   0000600002168a00 0000069e00000a00
0x000000030ca13a20:   00007f8381a3f830 00007f83f185da08
0x000000030ca13a30:   0000000000000000 000000013200db68
0x000000030ca13a40:   000000030ca13a66 0000000000000000
0x000000030ca13a50:   000000030ca13a80 00000001356fbc37
0x000000030ca13a60:   000000010d9ca7e0 000000013200db68
0x000000030ca13a70:   000000030ca13b08 00007f83e1809800
0x000000030ca13a80:   000000030ca13a90 0000000135691bf9 

Instructions: (pc=0x00000001356dee82)
0x00000001356ded82:   57 c0 41 0f 11 44 24 6c 41 0f 11 44 24 75 48 83
0x00000001356ded92:   c4 28 5b 41 5c 41 5d 41 5e 41 5f 5d c3 4c 89 e7
0x00000001356deda2:   e8 c3 7e 2c 00 49 89 c6 41 f6 04 24 01 74 2e eb
0x00000001356dedb2:   45 49 89 c6 49 8b 7c 24 38 49 c7 44 24 38 00 00
0x00000001356dedc2:   00 00 48 85 ff 74 06 48 8b 07 ff 50 08 48 8b 45
0x00000001356dedd2:   c0 f6 00 01 75 0f 41 f6 04 24 01 75 19 4c 89 f7
0x00000001356dede2:   e8 71 7b 2c 00 49 8b 7c 24 30 e8 63 7f 2c 00 41
0x00000001356dedf2:   f6 04 24 01 74 e7 49 8b 7c 24 10 e8 52 7f 2c 00
0x00000001356dee02:   4c 89 f7 e8 4e 7b 2c 00 66 0f 1f 44 00 00 55 48
0x00000001356dee12:   89 e5 5d e9 c6 fd ff ff 66 0f 1f 44 00 00 55 48
0x00000001356dee22:   89 e5 85 f6 48 8b 47 48 0f 95 00 83 fe 02 48 8b
0x00000001356dee32:   47 50 0f 95 00 5d c3 0f 1f 80 00 00 00 00 55 48
0x00000001356dee42:   89 e5 85 f6 48 8b 47 58 0f 95 00 83 fe 02 48 8b
0x00000001356dee52:   47 60 0f 95 00 5d c3 0f 1f 80 00 00 00 00 55 48
0x00000001356dee62:   89 e5 41 57 41 56 41 55 41 54 53 48 81 ec a8 00
0x00000001356dee72:   00 00 48 8b 05 bd 55 38 00 48 8b 00 48 89 45 d0
0x00000001356dee82:   48 83 7f 38 00 0f 84 34 03 00 00 48 89 fb 48 8b
0x00000001356dee92:   47 48 80 38 00 74 65 48 8b 43 50 80 38 00 74 5c
0x00000001356deea2:   8b 73 6c 85 f6 74 1b 48 8d 7b 74 48 c7 85 50 ff
0x00000001356deeb2:   ff ff 00 00 00 00 48 8d 95 50 ff ff ff e8 8c ff
0x00000001356deec2:   24 00 8b 73 70 85 f6 74 09 48 8d 7b 7c e8 fc fa
0x00000001356deed2:   23 00 80 bb 84 00 00 00 00 74 11 48 8d b3 88 00
0x00000001356deee2:   00 00 bf 02 00 00 00 e8 12 11 23 00 48 8b 4b 18
0x00000001356deef2:   8a 01 a8 01 75 5c 3c 02 72 6a eb 72 0f b6 33 40
0x00000001356def02:   f6 c6 01 75 09 48 8d 7b 01 48 d1 ee eb 08 48 8b
0x00000001356def12:   73 08 48 8b 7b 10 48 01 fe e8 80 1e 01 00 48 8b
0x00000001356def22:   7b 38 48 8b 07 ff 50 18 48 8b 05 07 55 38 00 48
0x00000001356def32:   8b 00 48 3b 45 d0 0f 85 a5 02 00 00 48 81 c4 a8
0x00000001356def42:   00 00 00 5b 41 5c 41 5d 41 5e 41 5f 5d e9 ec 1e
0x00000001356def52:   01 00 48 83 79 08 00 74 0b 48 8b 49 10 f6 03 01
0x00000001356def62:   74 15 eb 22 f6 43 20 01 75 13 48 8d 4b 20 48 83
0x00000001356def72:   c1 01 f6 03 01 75 0f 4c 8d 43 01 eb 0d 48 8b 4b 


Stack slot to memory mapping:
stack at sp + 0 slots: 0x42d60000429a0000 is an unknown value
stack at sp + 1 slots: 0x0 is NULL
stack at sp + 2 slots: 0x42d6000044454000 is an unknown value
stack at sp + 3 slots: 0x0 is NULL
stack at sp + 4 slots: 0x546b726f7774654e is an unknown value
stack at sp + 5 slots: 0x23232373656c6261 is an unknown value
stack at sp + 6 slots: 0x546b726f7774654e is an unknown value
stack at sp + 7 slots: 0x00000073656c6261 is an unknown value


---------------  P R O C E S S  ---------------

Threads class SMR info:
_java_thread_list=0x0000600000fba4a0, length=15, elements={
0x00007f83e1809800, 0x00007f83e28b8a00, 0x00007f83e28bb200, 0x00007f83e1855a00,
0x00007f83e28c0800, 0x00007f83e28bd600, 0x00007f83e28bdc00, 0x00007f83e28be200,
0x00007f83d1808200, 0x00007f83f180ec00, 0x00007f83e184e400, 0x00007f83e2905e00,
0x00007f83f18fb000, 0x00007f83e19c3c00, 0x00007f83a1812400
}

Java Threads: ( => current thread )
=>0x00007f83e1809800 JavaThread "main" [_thread_in_native, id=259, stack(0x000000030c217000,0x000000030ca17000)]
  0x00007f83e28b8a00 JavaThread "Reference Handler" daemon [_thread_blocked, id=22087, stack(0x000000030d0ad000,0x000000030d1ad000)]
  0x00007f83e28bb200 JavaThread "Finalizer" daemon [_thread_blocked, id=42755, stack(0x000000030d1b0000,0x000000030d2b0000)]
  0x00007f83e1855a00 JavaThread "Signal Dispatcher" daemon [_thread_blocked, id=40195, stack(0x000000030d3c3000,0x000000030d4c3000)]
  0x00007f83e28c0800 JavaThread "Service Thread" daemon [_thread_blocked, id=24067, stack(0x000000030d4c6000,0x000000030d5c6000)]
  0x00007f83e28bd600 JavaThread "Monitor Deflation Thread" daemon [_thread_blocked, id=39683, stack(0x000000030d5c9000,0x000000030d6c9000)]
  0x00007f83e28bdc00 JavaThread "C2 CompilerThread0" daemon [_thread_blocked, id=24579, stack(0x000000030d6cc000,0x000000030d7cc000)]
  0x00007f83e28be200 JavaThread "C1 CompilerThread0" daemon [_thread_blocked, id=25091, stack(0x000000030d7cf000,0x000000030d8cf000)]
  0x00007f83d1808200 JavaThread "Sweeper thread" daemon [_thread_blocked, id=25603, stack(0x000000030d8d2000,0x000000030d9d2000)]
  0x00007f83f180ec00 JavaThread "Notification Thread" daemon [_thread_blocked, id=38935, stack(0x000000030d9d5000,0x000000030dad5000)]
  0x00007f83e184e400 JavaThread "Common-Cleaner" daemon [_thread_blocked, id=26891, stack(0x000000030dbdb000,0x000000030dcdb000)]
  0x00007f83e2905e00 JavaThread "robot main" daemon [_thread_blocked, id=53099, stack(0x000000030de6d000,0x000000030df6d000)]
  0x00007f83f18fb000 JavaThread "Thread-0" daemon [_thread_in_native, id=60963, stack(0x000000030ffef000,0x00000003100ef000)]
  0x00007f83e19c3c00 JavaThread "LogReceiver" daemon [_thread_blocked, id=57163, stack(0x00000003100f2000,0x00000003101f2000)]
  0x00007f83a1812400 JavaThread "SIGTERM handler" daemon [_thread_blocked, id=91451, stack(0x0000000310a2f000,0x0000000310b2f000)]

Other Threads:
  0x00007f83e170b9b0 VMThread "VM Thread" [stack: 0x000000030cfaa000,0x000000030d0aa000] [id=15875]
  0x00007f83e17076b0 GCTaskThread "GC Thread#0" [stack: 0x000000030ca9b000,0x000000030cb9b000] [id=13827]
  0x00007f83d17e15c0 GCTaskThread "GC Thread#1" [stack: 0x0000000310387000,0x0000000310487000] [id=64443]
  0x00007f83d17e2560 GCTaskThread "GC Thread#2" [stack: 0x000000031048a000,0x000000031058a000] [id=64771]
  0x00007f83d2013e30 GCTaskThread "GC Thread#3" [stack: 0x000000031058d000,0x000000031068d000] [id=87299]
  0x00007f83b17067d0 GCTaskThread "GC Thread#4" [stack: 0x0000000310690000,0x0000000310790000] [id=87555]
  0x00007f83d2011d40 GCTaskThread "GC Thread#5" [stack: 0x0000000310793000,0x0000000310893000] [id=88067]
  0x00007f83e2004c40 ConcurrentGCThread "G1 Main Marker" terminated
  0x00007f83e20054c0 ConcurrentGCThread "G1 Conc#0" [stack: 0x000000030cca1000,0x000000030cda1000] [id=18947]
  0x00007f83e2007d20 ConcurrentGCThread "G1 Refine#0" terminated
  0x00007f83e1707c60 ConcurrentGCThread "G1 Service" terminated

Threads with active compile tasks:

VM state: at safepoint (shutting down)

VM Mutex/Monitor currently owned by a thread:  ([mutex/lock_event])
[0x0000600002107d00] Threads_lock - owner thread: 0x00007f83e170b9b0
[0x000060000210c280] Heap_lock - owner thread: 0x00007f83a1812400

Heap address: 0x0000000700000000, size: 4096 MB, Compressed Oops mode: Zero based, Oop shift amount: 3

CDS archive(s) mapped at: [0x0000000800000000-0x0000000800bd4000-0x0000000800bd4000), size 12402688, SharedBaseAddress: 0x0000000800000000, ArchiveRelocationMode: 0.
Compressed class space mapped at: 0x0000000800c00000-0x0000000840c00000, reserved size: 1073741824
Narrow klass base: 0x0000000800000000, Narrow klass shift: 0, Narrow klass range: 0x100000000

GC Precious Log:
 CPUs: 8 total, 8 available
 Memory: 16384M
 Large Page Support: Disabled
 NUMA Support: Disabled
 Compressed Oops: Enabled (Zero based)
 Heap Region Size: 2M
 Heap Min Capacity: 8M
 Heap Initial Capacity: 256M
 Heap Max Capacity: 4G
 Pre-touch: Disabled
 Parallel Workers: 8
 Concurrent Workers: 2
 Concurrent Refinement Workers: 8
 Periodic GC: Disabled

Heap:
 garbage-first heap   total 266240K, used 75741K [0x0000000700000000, 0x0000000800000000)
  region size 2048K, 37 young (75776K), 1 survivors (2048K)
 Metaspace       used 5159K, committed 5376K, reserved 1056768K
  class space    used 433K, committed 576K, reserved 1048576K

Heap Regions: E=young(eden), S=young(survivor), O=old, HS=humongous(starts), HC=humongous(continues), CS=collection set, F=free, OA=open archive, CA=closed archive, TAMS=top-at-mark-start (previous, next)
|   0|0x0000000700000000, 0x00000007001f5c00, 0x0000000700200000| 97%| O|  |TAMS 0x0000000700000000, 0x0000000700000000| Untracked 
|   1|0x0000000700200000, 0x0000000700200000, 0x0000000700400000|  0%| F|  |TAMS 0x0000000700200000, 0x0000000700200000| Untracked 
|   2|0x0000000700400000, 0x0000000700400000, 0x0000000700600000|  0%| F|  |TAMS 0x0000000700400000, 0x0000000700400000| Untracked 
|   3|0x0000000700600000, 0x0000000700600000, 0x0000000700800000|  0%| F|  |TAMS 0x0000000700600000, 0x0000000700600000| Untracked 
|   4|0x0000000700800000, 0x0000000700800000, 0x0000000700a00000|  0%| F|  |TAMS 0x0000000700800000, 0x0000000700800000| Untracked 
|   5|0x0000000700a00000, 0x0000000700a00000, 0x0000000700c00000|  0%| F|  |TAMS 0x0000000700a00000, 0x0000000700a00000| Untracked 
|   6|0x0000000700c00000, 0x0000000700c00000, 0x0000000700e00000|  0%| F|  |TAMS 0x0000000700c00000, 0x0000000700c00000| Untracked 
|   7|0x0000000700e00000, 0x0000000700e00000, 0x0000000701000000|  0%| F|  |TAMS 0x0000000700e00000, 0x0000000700e00000| Untracked 
|   8|0x0000000701000000, 0x0000000701000000, 0x0000000701200000|  0%| F|  |TAMS 0x0000000701000000, 0x0000000701000000| Untracked 
|   9|0x0000000701200000, 0x0000000701200000, 0x0000000701400000|  0%| F|  |TAMS 0x0000000701200000, 0x0000000701200000| Untracked 
|  10|0x0000000701400000, 0x0000000701400000, 0x0000000701600000|  0%| F|  |TAMS 0x0000000701400000, 0x0000000701400000| Untracked 
|  11|0x0000000701600000, 0x0000000701600000, 0x0000000701800000|  0%| F|  |TAMS 0x0000000701600000, 0x0000000701600000| Untracked 
|  12|0x0000000701800000, 0x0000000701800000, 0x0000000701a00000|  0%| F|  |TAMS 0x0000000701800000, 0x0000000701800000| Untracked 
|  13|0x0000000701a00000, 0x0000000701a00000, 0x0000000701c00000|  0%| F|  |TAMS 0x0000000701a00000, 0x0000000701a00000| Untracked 
|  14|0x0000000701c00000, 0x0000000701c00000, 0x0000000701e00000|  0%| F|  |TAMS 0x0000000701c00000, 0x0000000701c00000| Untracked 
|  15|0x0000000701e00000, 0x0000000701e00000, 0x0000000702000000|  0%| F|  |TAMS 0x0000000701e00000, 0x0000000701e00000| Untracked 
|  16|0x0000000702000000, 0x0000000702000000, 0x0000000702200000|  0%| F|  |TAMS 0x0000000702000000, 0x0000000702000000| Untracked 
|  17|0x0000000702200000, 0x0000000702200000, 0x0000000702400000|  0%| F|  |TAMS 0x0000000702200000, 0x0000000702200000| Untracked 
|  18|0x0000000702400000, 0x0000000702400000, 0x0000000702600000|  0%| F|  |TAMS 0x0000000702400000, 0x0000000702400000| Untracked 
|  19|0x0000000702600000, 0x0000000702600000, 0x0000000702800000|  0%| F|  |TAMS 0x0000000702600000, 0x0000000702600000| Untracked 
|  20|0x0000000702800000, 0x0000000702800000, 0x0000000702a00000|  0%| F|  |TAMS 0x0000000702800000, 0x0000000702800000| Untracked 
|  21|0x0000000702a00000, 0x0000000702a00000, 0x0000000702c00000|  0%| F|  |TAMS 0x0000000702a00000, 0x0000000702a00000| Untracked 
|  22|0x0000000702c00000, 0x0000000702c00000, 0x0000000702e00000|  0%| F|  |TAMS 0x0000000702c00000, 0x0000000702c00000| Untracked 
|  23|0x0000000702e00000, 0x0000000702e00000, 0x0000000703000000|  0%| F|  |TAMS 0x0000000702e00000, 0x0000000702e00000| Untracked 
|  24|0x0000000703000000, 0x0000000703000000, 0x0000000703200000|  0%| F|  |TAMS 0x0000000703000000, 0x0000000703000000| Untracked 
|  25|0x0000000703200000, 0x0000000703200000, 0x0000000703400000|  0%| F|  |TAMS 0x0000000703200000, 0x0000000703200000| Untracked 
|  26|0x0000000703400000, 0x0000000703400000, 0x0000000703600000|  0%| F|  |TAMS 0x0000000703400000, 0x0000000703400000| Untracked 
|  27|0x0000000703600000, 0x0000000703600000, 0x0000000703800000|  0%| F|  |TAMS 0x0000000703600000, 0x0000000703600000| Untracked 
|  28|0x0000000703800000, 0x0000000703800000, 0x0000000703a00000|  0%| F|  |TAMS 0x0000000703800000, 0x0000000703800000| Untracked 
|  29|0x0000000703a00000, 0x0000000703a00000, 0x0000000703c00000|  0%| F|  |TAMS 0x0000000703a00000, 0x0000000703a00000| Untracked 
|  30|0x0000000703c00000, 0x0000000703c00000, 0x0000000703e00000|  0%| F|  |TAMS 0x0000000703c00000, 0x0000000703c00000| Untracked 
|  31|0x0000000703e00000, 0x0000000703e00000, 0x0000000704000000|  0%| F|  |TAMS 0x0000000703e00000, 0x0000000703e00000| Untracked 
|  32|0x0000000704000000, 0x0000000704000000, 0x0000000704200000|  0%| F|  |TAMS 0x0000000704000000, 0x0000000704000000| Untracked 
|  33|0x0000000704200000, 0x0000000704200000, 0x0000000704400000|  0%| F|  |TAMS 0x0000000704200000, 0x0000000704200000| Untracked 
|  34|0x0000000704400000, 0x0000000704400000, 0x0000000704600000|  0%| F|  |TAMS 0x0000000704400000, 0x0000000704400000| Untracked 
|  35|0x0000000704600000, 0x0000000704600000, 0x0000000704800000|  0%| F|  |TAMS 0x0000000704600000, 0x0000000704600000| Untracked 
|  36|0x0000000704800000, 0x0000000704800000, 0x0000000704a00000|  0%| F|  |TAMS 0x0000000704800000, 0x0000000704800000| Untracked 
|  37|0x0000000704a00000, 0x0000000704a00000, 0x0000000704c00000|  0%| F|  |TAMS 0x0000000704a00000, 0x0000000704a00000| Untracked 
|  38|0x0000000704c00000, 0x0000000704c00000, 0x0000000704e00000|  0%| F|  |TAMS 0x0000000704c00000, 0x0000000704c00000| Untracked 
|  39|0x0000000704e00000, 0x0000000704e00000, 0x0000000705000000|  0%| F|  |TAMS 0x0000000704e00000, 0x0000000704e00000| Untracked 
|  40|0x0000000705000000, 0x0000000705000000, 0x0000000705200000|  0%| F|  |TAMS 0x0000000705000000, 0x0000000705000000| Untracked 
|  41|0x0000000705200000, 0x0000000705200000, 0x0000000705400000|  0%| F|  |TAMS 0x0000000705200000, 0x0000000705200000| Untracked 
|  42|0x0000000705400000, 0x0000000705400000, 0x0000000705600000|  0%| F|  |TAMS 0x0000000705400000, 0x0000000705400000| Untracked 
|  43|0x0000000705600000, 0x0000000705600000, 0x0000000705800000|  0%| F|  |TAMS 0x0000000705600000, 0x0000000705600000| Untracked 
|  44|0x0000000705800000, 0x0000000705800000, 0x0000000705a00000|  0%| F|  |TAMS 0x0000000705800000, 0x0000000705800000| Untracked 
|  45|0x0000000705a00000, 0x0000000705a00000, 0x0000000705c00000|  0%| F|  |TAMS 0x0000000705a00000, 0x0000000705a00000| Untracked 
|  46|0x0000000705c00000, 0x0000000705c00000, 0x0000000705e00000|  0%| F|  |TAMS 0x0000000705c00000, 0x0000000705c00000| Untracked 
|  47|0x0000000705e00000, 0x0000000705e00000, 0x0000000706000000|  0%| F|  |TAMS 0x0000000705e00000, 0x0000000705e00000| Untracked 
|  48|0x0000000706000000, 0x0000000706000000, 0x0000000706200000|  0%| F|  |TAMS 0x0000000706000000, 0x0000000706000000| Untracked 
|  49|0x0000000706200000, 0x0000000706200000, 0x0000000706400000|  0%| F|  |TAMS 0x0000000706200000, 0x0000000706200000| Untracked 
|  50|0x0000000706400000, 0x0000000706400000, 0x0000000706600000|  0%| F|  |TAMS 0x0000000706400000, 0x0000000706400000| Untracked 
|  51|0x0000000706600000, 0x0000000706600000, 0x0000000706800000|  0%| F|  |TAMS 0x0000000706600000, 0x0000000706600000| Untracked 
|  52|0x0000000706800000, 0x000000070680c990, 0x0000000706a00000|  2%| S|CS|TAMS 0x0000000706800000, 0x0000000706800000| Complete 
|  53|0x0000000706a00000, 0x0000000706a00000, 0x0000000706c00000|  0%| F|  |TAMS 0x0000000706a00000, 0x0000000706a00000| Untracked 
|  54|0x0000000706c00000, 0x0000000706c00000, 0x0000000706e00000|  0%| F|  |TAMS 0x0000000706c00000, 0x0000000706c00000| Untracked 
|  55|0x0000000706e00000, 0x0000000706e00000, 0x0000000707000000|  0%| F|  |TAMS 0x0000000706e00000, 0x0000000706e00000| Untracked 
|  56|0x0000000707000000, 0x0000000707000000, 0x0000000707200000|  0%| F|  |TAMS 0x0000000707000000, 0x0000000707000000| Untracked 
|  57|0x0000000707200000, 0x0000000707200000, 0x0000000707400000|  0%| F|  |TAMS 0x0000000707200000, 0x0000000707200000| Untracked 
|  58|0x0000000707400000, 0x0000000707400000, 0x0000000707600000|  0%| F|  |TAMS 0x0000000707400000, 0x0000000707400000| Untracked 
|  59|0x0000000707600000, 0x0000000707600000, 0x0000000707800000|  0%| F|  |TAMS 0x0000000707600000, 0x0000000707600000| Untracked 
|  60|0x0000000707800000, 0x0000000707800000, 0x0000000707a00000|  0%| F|  |TAMS 0x0000000707800000, 0x0000000707800000| Untracked 
|  61|0x0000000707a00000, 0x0000000707a00000, 0x0000000707c00000|  0%| F|  |TAMS 0x0000000707a00000, 0x0000000707a00000| Untracked 
|  62|0x0000000707c00000, 0x0000000707c00000, 0x0000000707e00000|  0%| F|  |TAMS 0x0000000707c00000, 0x0000000707c00000| Untracked 
|  63|0x0000000707e00000, 0x0000000707e00000, 0x0000000708000000|  0%| F|  |TAMS 0x0000000707e00000, 0x0000000707e00000| Untracked 
|  64|0x0000000708000000, 0x0000000708000000, 0x0000000708200000|  0%| F|  |TAMS 0x0000000708000000, 0x0000000708000000| Untracked 
|  65|0x0000000708200000, 0x0000000708200000, 0x0000000708400000|  0%| F|  |TAMS 0x0000000708200000, 0x0000000708200000| Untracked 
|  66|0x0000000708400000, 0x0000000708400000, 0x0000000708600000|  0%| F|  |TAMS 0x0000000708400000, 0x0000000708400000| Untracked 
|  67|0x0000000708600000, 0x0000000708600000, 0x0000000708800000|  0%| F|  |TAMS 0x0000000708600000, 0x0000000708600000| Untracked 
|  68|0x0000000708800000, 0x0000000708800000, 0x0000000708a00000|  0%| F|  |TAMS 0x0000000708800000, 0x0000000708800000| Untracked 
|  69|0x0000000708a00000, 0x0000000708a00000, 0x0000000708c00000|  0%| F|  |TAMS 0x0000000708a00000, 0x0000000708a00000| Untracked 
|  70|0x0000000708c00000, 0x0000000708c00000, 0x0000000708e00000|  0%| F|  |TAMS 0x0000000708c00000, 0x0000000708c00000| Untracked 
|  71|0x0000000708e00000, 0x0000000708e00000, 0x0000000709000000|  0%| F|  |TAMS 0x0000000708e00000, 0x0000000708e00000| Untracked 
|  72|0x0000000709000000, 0x0000000709000000, 0x0000000709200000|  0%| F|  |TAMS 0x0000000709000000, 0x0000000709000000| Untracked 
|  73|0x0000000709200000, 0x0000000709200000, 0x0000000709400000|  0%| F|  |TAMS 0x0000000709200000, 0x0000000709200000| Untracked 
|  74|0x0000000709400000, 0x0000000709400000, 0x0000000709600000|  0%| F|  |TAMS 0x0000000709400000, 0x0000000709400000| Untracked 
|  75|0x0000000709600000, 0x0000000709600000, 0x0000000709800000|  0%| F|  |TAMS 0x0000000709600000, 0x0000000709600000| Untracked 
|  76|0x0000000709800000, 0x0000000709800000, 0x0000000709a00000|  0%| F|  |TAMS 0x0000000709800000, 0x0000000709800000| Untracked 
|  77|0x0000000709a00000, 0x0000000709a00000, 0x0000000709c00000|  0%| F|  |TAMS 0x0000000709a00000, 0x0000000709a00000| Untracked 
|  78|0x0000000709c00000, 0x0000000709c00000, 0x0000000709e00000|  0%| F|  |TAMS 0x0000000709c00000, 0x0000000709c00000| Untracked 
|  79|0x0000000709e00000, 0x0000000709e00000, 0x000000070a000000|  0%| F|  |TAMS 0x0000000709e00000, 0x0000000709e00000| Untracked 
|  80|0x000000070a000000, 0x000000070a000000, 0x000000070a200000|  0%| F|  |TAMS 0x000000070a000000, 0x000000070a000000| Untracked 
|  81|0x000000070a200000, 0x000000070a200000, 0x000000070a400000|  0%| F|  |TAMS 0x000000070a200000, 0x000000070a200000| Untracked 
|  82|0x000000070a400000, 0x000000070a400000, 0x000000070a600000|  0%| F|  |TAMS 0x000000070a400000, 0x000000070a400000| Untracked 
|  83|0x000000070a600000, 0x000000070a600000, 0x000000070a800000|  0%| F|  |TAMS 0x000000070a600000, 0x000000070a600000| Untracked 
|  84|0x000000070a800000, 0x000000070a800000, 0x000000070aa00000|  0%| F|  |TAMS 0x000000070a800000, 0x000000070a800000| Untracked 
|  85|0x000000070aa00000, 0x000000070aa00000, 0x000000070ac00000|  0%| F|  |TAMS 0x000000070aa00000, 0x000000070aa00000| Untracked 
|  86|0x000000070ac00000, 0x000000070ac00000, 0x000000070ae00000|  0%| F|  |TAMS 0x000000070ac00000, 0x000000070ac00000| Untracked 
|  87|0x000000070ae00000, 0x000000070ae00000, 0x000000070b000000|  0%| F|  |TAMS 0x000000070ae00000, 0x000000070ae00000| Untracked 
|  88|0x000000070b000000, 0x000000070b000000, 0x000000070b200000|  0%| F|  |TAMS 0x000000070b000000, 0x000000070b000000| Untracked 
|  89|0x000000070b200000, 0x000000070b200000, 0x000000070b400000|  0%| F|  |TAMS 0x000000070b200000, 0x000000070b200000| Untracked 
|  90|0x000000070b400000, 0x000000070b400000, 0x000000070b600000|  0%| F|  |TAMS 0x000000070b400000, 0x000000070b400000| Untracked 
|  91|0x000000070b600000, 0x000000070b600000, 0x000000070b800000|  0%| F|  |TAMS 0x000000070b600000, 0x000000070b600000| Untracked 
|  92|0x000000070b800000, 0x000000070b800800, 0x000000070ba00000|  0%| E|  |TAMS 0x000000070b800000, 0x000000070b800000| Complete 
|  93|0x000000070ba00000, 0x000000070bc00000, 0x000000070bc00000|100%| E|CS|TAMS 0x000000070ba00000, 0x000000070ba00000| Complete 
|  94|0x000000070bc00000, 0x000000070be00000, 0x000000070be00000|100%| E|CS|TAMS 0x000000070bc00000, 0x000000070bc00000| Complete 
|  95|0x000000070be00000, 0x000000070c000000, 0x000000070c000000|100%| E|CS|TAMS 0x000000070be00000, 0x000000070be00000| Complete 
|  96|0x000000070c000000, 0x000000070c200000, 0x000000070c200000|100%| E|CS|TAMS 0x000000070c000000, 0x000000070c000000| Complete 
|  97|0x000000070c200000, 0x000000070c400000, 0x000000070c400000|100%| E|CS|TAMS 0x000000070c200000, 0x000000070c200000| Complete 
|  98|0x000000070c400000, 0x000000070c600000, 0x000000070c600000|100%| E|CS|TAMS 0x000000070c400000, 0x000000070c400000| Complete 
|  99|0x000000070c600000, 0x000000070c800000, 0x000000070c800000|100%| E|CS|TAMS 0x000000070c600000, 0x000000070c600000| Complete 
| 100|0x000000070c800000, 0x000000070ca00000, 0x000000070ca00000|100%| E|CS|TAMS 0x000000070c800000, 0x000000070c800000| Complete 
| 101|0x000000070ca00000, 0x000000070cc00000, 0x000000070cc00000|100%| E|CS|TAMS 0x000000070ca00000, 0x000000070ca00000| Complete 
| 102|0x000000070cc00000, 0x000000070ce00000, 0x000000070ce00000|100%| E|CS|TAMS 0x000000070cc00000, 0x000000070cc00000| Complete 
| 103|0x000000070ce00000, 0x000000070d000000, 0x000000070d000000|100%| E|CS|TAMS 0x000000070ce00000, 0x000000070ce00000| Complete 
| 104|0x000000070d000000, 0x000000070d200000, 0x000000070d200000|100%| E|CS|TAMS 0x000000070d000000, 0x000000070d000000| Complete 
| 105|0x000000070d200000, 0x000000070d400000, 0x000000070d400000|100%| E|CS|TAMS 0x000000070d200000, 0x000000070d200000| Complete 
| 106|0x000000070d400000, 0x000000070d600000, 0x000000070d600000|100%| E|CS|TAMS 0x000000070d400000, 0x000000070d400000| Complete 
| 107|0x000000070d600000, 0x000000070d800000, 0x000000070d800000|100%| E|CS|TAMS 0x000000070d600000, 0x000000070d600000| Complete 
| 108|0x000000070d800000, 0x000000070da00000, 0x000000070da00000|100%| E|CS|TAMS 0x000000070d800000, 0x000000070d800000| Complete 
| 109|0x000000070da00000, 0x000000070dc00000, 0x000000070dc00000|100%| E|CS|TAMS 0x000000070da00000, 0x000000070da00000| Complete 
| 110|0x000000070dc00000, 0x000000070de00000, 0x000000070de00000|100%| E|CS|TAMS 0x000000070dc00000, 0x000000070dc00000| Complete 
| 111|0x000000070de00000, 0x000000070e000000, 0x000000070e000000|100%| E|CS|TAMS 0x000000070de00000, 0x000000070de00000| Complete 
| 112|0x000000070e000000, 0x000000070e200000, 0x000000070e200000|100%| E|CS|TAMS 0x000000070e000000, 0x000000070e000000| Complete 
| 113|0x000000070e200000, 0x000000070e400000, 0x000000070e400000|100%| E|CS|TAMS 0x000000070e200000, 0x000000070e200000| Complete 
| 114|0x000000070e400000, 0x000000070e600000, 0x000000070e600000|100%| E|CS|TAMS 0x000000070e400000, 0x000000070e400000| Complete 
| 115|0x000000070e600000, 0x000000070e800000, 0x000000070e800000|100%| E|CS|TAMS 0x000000070e600000, 0x000000070e600000| Complete 
| 116|0x000000070e800000, 0x000000070ea00000, 0x000000070ea00000|100%| E|CS|TAMS 0x000000070e800000, 0x000000070e800000| Complete 
| 117|0x000000070ea00000, 0x000000070ec00000, 0x000000070ec00000|100%| E|CS|TAMS 0x000000070ea00000, 0x000000070ea00000| Complete 
| 118|0x000000070ec00000, 0x000000070ee00000, 0x000000070ee00000|100%| E|CS|TAMS 0x000000070ec00000, 0x000000070ec00000| Complete 
| 119|0x000000070ee00000, 0x000000070f000000, 0x000000070f000000|100%| E|CS|TAMS 0x000000070ee00000, 0x000000070ee00000| Complete 
| 120|0x000000070f000000, 0x000000070f200000, 0x000000070f200000|100%| E|CS|TAMS 0x000000070f000000, 0x000000070f000000| Complete 
| 121|0x000000070f200000, 0x000000070f400000, 0x000000070f400000|100%| E|CS|TAMS 0x000000070f200000, 0x000000070f200000| Complete 
| 122|0x000000070f400000, 0x000000070f600000, 0x000000070f600000|100%| E|CS|TAMS 0x000000070f400000, 0x000000070f400000| Complete 
| 123|0x000000070f600000, 0x000000070f800000, 0x000000070f800000|100%| E|CS|TAMS 0x000000070f600000, 0x000000070f600000| Complete 
| 124|0x000000070f800000, 0x000000070fa00000, 0x000000070fa00000|100%| E|CS|TAMS 0x000000070f800000, 0x000000070f800000| Complete 
| 125|0x000000070fa00000, 0x000000070fc00000, 0x000000070fc00000|100%| E|CS|TAMS 0x000000070fa00000, 0x000000070fa00000| Complete 
| 126|0x000000070fc00000, 0x000000070fe00000, 0x000000070fe00000|100%| E|CS|TAMS 0x000000070fc00000, 0x000000070fc00000| Complete 
| 127|0x000000070fe00000, 0x0000000710000000, 0x0000000710000000|100%| E|CS|TAMS 0x000000070fe00000, 0x000000070fe00000| Complete 
|2046|0x00000007ffc00000, 0x00000007ffd76000, 0x00000007ffe00000| 73%|OA|  |TAMS 0x00000007ffc00000, 0x00000007ffc00000| Untracked 
|2047|0x00000007ffe00000, 0x00000007ffe7f000, 0x0000000800000000| 24%|CA|  |TAMS 0x00000007ffe00000, 0x00000007ffe00000| Untracked 

Card table byte_map: [0x0000000126a3e000,0x000000012723e000] _byte_map_base: 0x000000012323e000

Marking Bits (Prev, Next): (CMBitMap*) 0x00007f83e2808210, (CMBitMap*) 0x00007f83e2808250
 Prev Bits: [0x0000000127a3e000, 0x000000012ba3e000)
 Next Bits: [0x000000012ba3e000, 0x000000012fa3e000)

Polling page: 0x000000010cac3000

Metaspace:

Usage:
  Non-class:      4.62 MB used.
      Class:    433.16 KB used.
       Both:      5.04 MB used.

Virtual space:
  Non-class space:        8.00 MB reserved,       4.69 MB ( 59%) committed,  1 nodes.
      Class space:        1.00 GB reserved,     576.00 KB ( <1%) committed,  1 nodes.
             Both:        1.01 GB reserved,       5.25 MB ( <1%) committed. 

Chunk freelists:
   Non-Class:  480.00 KB
       Class:  3.35 MB
        Both:  3.82 MB

MaxMetaspaceSize: unlimited
CompressedClassSpaceSize: 1.00 GB
Initial GC threshold: 21.00 MB
Current GC threshold: 21.00 MB
CDS: on
MetaspaceReclaimPolicy: balanced
 - commit_granule_bytes: 65536.
 - commit_granule_words: 8192.
 - virtual_space_node_default_size: 1048576.
 - enlarge_chunks_in_place: 1.
 - new_chunks_are_fully_committed: 0.
 - uncommit_free_chunks: 1.
 - use_allocation_guard: 0.
 - handle_deallocations: 1.


Internal statistics:

num_allocs_failed_limit: 0.
num_arena_births: 102.
num_arena_deaths: 0.
num_vsnodes_births: 2.
num_vsnodes_deaths: 0.
num_space_committed: 84.
num_space_uncommitted: 0.
num_chunks_returned_to_freelist: 0.
num_chunks_taken_from_freelist: 299.
num_chunk_merges: 0.
num_chunk_splits: 195.
num_chunks_enlarged: 150.
num_purges: 0.
num_inconsistent_stats: 0.

CodeHeap 'non-profiled nmethods': size=120028Kb used=1570Kb max_used=1570Kb free=118457Kb
 bounds [0x000000011f507000, 0x000000011f777000, 0x0000000126a3e000]
CodeHeap 'profiled nmethods': size=120028Kb used=3307Kb max_used=3307Kb free=116720Kb
 bounds [0x0000000117fd0000, 0x0000000118310000, 0x000000011f507000]
CodeHeap 'non-nmethods': size=5704Kb used=1215Kb max_used=1246Kb free=4489Kb
 bounds [0x0000000117a3e000, 0x0000000117cae000, 0x0000000117fd0000]
 total_blobs=2422 nmethods=1894 adapters=443
 compilation: enabled
              stopped_count=0, restarted_count=0
 full_count=0

Compilation events (20 events):
Event: 1782.547 Thread 0x00007f83e28be200 1885       3       java.lang.AbstractStringBuilder::appendChars (130 bytes)
Event: 1782.548 Thread 0x00007f83e28be200 nmethod 1885 0x0000000118304490 code [0x00000001183046a0, 0x0000000118304c40]
Event: 1861.126 Thread 0x00007f83e28be200 1886       3       jdk.internal.math.FloatingDecimal::getBinaryToASCIIConverter (183 bytes)
Event: 1861.128 Thread 0x00007f83e28be200 nmethod 1886 0x0000000118304f10 code [0x0000000118305140, 0x00000001183059b0]
Event: 1861.128 Thread 0x00007f83e28be200 1888       3       jdk.internal.math.FDBigInteger::multDiffMe (297 bytes)
Event: 1861.129 Thread 0x00007f83e28be200 nmethod 1888 0x0000000118305c10 code [0x0000000118305e00, 0x0000000118306570]
Event: 1861.129 Thread 0x00007f83e28be200 1887       3       jdk.internal.math.FloatingDecimal$BinaryToASCIIBuffer::estimateDecExp (182 bytes)
Event: 1861.129 Thread 0x00007f83e28be200 nmethod 1887 0x0000000118306910 code [0x0000000118306b20, 0x0000000118307070]
Event: 1861.130 Thread 0x00007f83e28be200 1890       3       java.lang.Integer::numberOfTrailingZeros (80 bytes)
Event: 1861.130 Thread 0x00007f83e28be200 nmethod 1890 0x0000000118307110 code [0x00000001183072c0, 0x0000000118307530]
Event: 1861.131 Thread 0x00007f83e28be200 1889       3       java.lang.Long::numberOfTrailingZeros (26 bytes)
Event: 1861.131 Thread 0x00007f83e28be200 nmethod 1889 0x0000000118307590 code [0x0000000118307740, 0x00000001183078f0]
Event: 1886.894 Thread 0x00007f83e28be200 1891       3       java.lang.Character::digit (6 bytes)
Event: 1886.895 Thread 0x00007f83e28be200 nmethod 1891 0x0000000118307990 code [0x0000000118307b40, 0x0000000118307d90]
Event: 1886.895 Thread 0x00007f83e28be200 1892       3       java.lang.Character::digit (10 bytes)
Event: 1886.895 Thread 0x00007f83e28be200 nmethod 1892 0x0000000118307e90 code [0x0000000118308040, 0x0000000118308230]
Event: 1886.897 Thread 0x00007f83e28be200 1893       3       java.util.Formatter$FormatSpecifier::localizedMagnitude (419 bytes)
Event: 1886.907 Thread 0x00007f83e28be200 nmethod 1893 0x0000000118308310 code [0x0000000118308700, 0x000000011830a0c0]
Event: 2033.962 Thread 0x00007f83e28bdc00 1894 %     4       org.littletonrobotics.junction.LoggedRobot::startCompetition @ 31 (185 bytes)
Event: 2033.969 Thread 0x00007f83e28bdc00 nmethod 1894% 0x000000011f68eb10 code [0x000000011f68ed80, 0x000000011f68f2e8]

GC Heap History (20 events):
Event: 1784.020 GC heap before
{Heap before GC invocations=50 (full 0):
 garbage-first heap   total 266240K, used 157663K [0x0000000700000000, 0x0000000800000000)
  region size 2048K, 76 young (155648K), 1 survivors (2048K)
 Metaspace       used 5145K, committed 5376K, reserved 1056768K
  class space    used 432K, committed 576K, reserved 1048576K
}
Event: 1784.021 GC heap after
{Heap after GC invocations=51 (full 0):
 garbage-first heap   total 266240K, used 4063K [0x0000000700000000, 0x0000000800000000)
  region size 2048K, 1 young (2048K), 1 survivors (2048K)
 Metaspace       used 5145K, committed 5376K, reserved 1056768K
  class space    used 432K, committed 576K, reserved 1048576K
}
Event: 1820.206 GC heap before
{Heap before GC invocations=51 (full 0):
 garbage-first heap   total 266240K, used 157663K [0x0000000700000000, 0x0000000800000000)
  region size 2048K, 76 young (155648K), 1 survivors (2048K)
 Metaspace       used 5145K, committed 5376K, reserved 1056768K
  class space    used 432K, committed 576K, reserved 1048576K
}
Event: 1820.207 GC heap after
{Heap after GC invocations=52 (full 0):
 garbage-first heap   total 266240K, used 4049K [0x0000000700000000, 0x0000000800000000)
  region size 2048K, 1 young (2048K), 1 survivors (2048K)
 Metaspace       used 5145K, committed 5376K, reserved 1056768K
  class space    used 432K, committed 576K, reserved 1048576K
}
Event: 1856.445 GC heap before
{Heap before GC invocations=52 (full 0):
 garbage-first heap   total 266240K, used 157649K [0x0000000700000000, 0x0000000800000000)
  region size 2048K, 76 young (155648K), 1 survivors (2048K)
 Metaspace       used 5145K, committed 5376K, reserved 1056768K
  class space    used 432K, committed 576K, reserved 1048576K
}
Event: 1856.446 GC heap after
{Heap after GC invocations=53 (full 0):
 garbage-first heap   total 266240K, used 4063K [0x0000000700000000, 0x0000000800000000)
  region size 2048K, 1 young (2048K), 1 survivors (2048K)
 Metaspace       used 5145K, committed 5376K, reserved 1056768K
  class space    used 432K, committed 576K, reserved 1048576K
}
Event: 1892.703 GC heap before
{Heap before GC invocations=53 (full 0):
 garbage-first heap   total 266240K, used 157663K [0x0000000700000000, 0x0000000800000000)
  region size 2048K, 76 young (155648K), 1 survivors (2048K)
 Metaspace       used 5157K, committed 5376K, reserved 1056768K
  class space    used 432K, committed 576K, reserved 1048576K
}
Event: 1892.704 GC heap after
{Heap after GC invocations=54 (full 0):
 garbage-first heap   total 266240K, used 4063K [0x0000000700000000, 0x0000000800000000)
  region size 2048K, 1 young (2048K), 1 survivors (2048K)
 Metaspace       used 5157K, committed 5376K, reserved 1056768K
  class space    used 432K, committed 576K, reserved 1048576K
}
Event: 1928.877 GC heap before
{Heap before GC invocations=54 (full 0):
 garbage-first heap   total 266240K, used 157663K [0x0000000700000000, 0x0000000800000000)
  region size 2048K, 76 young (155648K), 1 survivors (2048K)
 Metaspace       used 5157K, committed 5376K, reserved 1056768K
  class space    used 432K, committed 576K, reserved 1048576K
}
Event: 1928.880 GC heap after
{Heap after GC invocations=55 (full 0):
 garbage-first heap   total 266240K, used 4049K [0x0000000700000000, 0x0000000800000000)
  region size 2048K, 1 young (2048K), 1 survivors (2048K)
 Metaspace       used 5157K, committed 5376K, reserved 1056768K
  class space    used 432K, committed 576K, reserved 1048576K
}
Event: 1965.021 GC heap before
{Heap before GC invocations=55 (full 0):
 garbage-first heap   total 266240K, used 157649K [0x0000000700000000, 0x0000000800000000)
  region size 2048K, 76 young (155648K), 1 survivors (2048K)
 Metaspace       used 5157K, committed 5376K, reserved 1056768K
  class space    used 432K, committed 576K, reserved 1048576K
}
Event: 1965.032 GC heap after
{Heap after GC invocations=56 (full 0):
 garbage-first heap   total 266240K, used 4053K [0x0000000700000000, 0x0000000800000000)
  region size 2048K, 1 young (2048K), 1 survivors (2048K)
 Metaspace       used 5157K, committed 5376K, reserved 1056768K
  class space    used 432K, committed 576K, reserved 1048576K
}
Event: 2001.182 GC heap before
{Heap before GC invocations=56 (full 0):
 garbage-first heap   total 266240K, used 157653K [0x0000000700000000, 0x0000000800000000)
  region size 2048K, 76 young (155648K), 1 survivors (2048K)
 Metaspace       used 5157K, committed 5376K, reserved 1056768K
  class space    used 432K, committed 576K, reserved 1048576K
}
Event: 2001.183 GC heap after
{Heap after GC invocations=57 (full 0):
 garbage-first heap   total 266240K, used 4055K [0x0000000700000000, 0x0000000800000000)
  region size 2048K, 1 young (2048K), 1 survivors (2048K)
 Metaspace       used 5157K, committed 5376K, reserved 1056768K
  class space    used 432K, committed 576K, reserved 1048576K
}
Event: 2037.302 GC heap before
{Heap before GC invocations=57 (full 0):
 garbage-first heap   total 266240K, used 157655K [0x0000000700000000, 0x0000000800000000)
  region size 2048K, 76 young (155648K), 1 survivors (2048K)
 Metaspace       used 5157K, committed 5376K, reserved 1056768K
  class space    used 432K, committed 576K, reserved 1048576K
}
Event: 2037.304 GC heap after
{Heap after GC invocations=58 (full 0):
 garbage-first heap   total 266240K, used 4063K [0x0000000700000000, 0x0000000800000000)
  region size 2048K, 1 young (2048K), 1 survivors (2048K)
 Metaspace       used 5157K, committed 5376K, reserved 1056768K
  class space    used 432K, committed 576K, reserved 1048576K
}
Event: 2073.463 GC heap before
{Heap before GC invocations=58 (full 0):
 garbage-first heap   total 266240K, used 157663K [0x0000000700000000, 0x0000000800000000)
  region size 2048K, 76 young (155648K), 1 survivors (2048K)
 Metaspace       used 5157K, committed 5376K, reserved 1056768K
  class space    used 432K, committed 576K, reserved 1048576K
}
Event: 2073.465 GC heap after
{Heap after GC invocations=59 (full 0):
 garbage-first heap   total 266240K, used 4051K [0x0000000700000000, 0x0000000800000000)
  region size 2048K, 1 young (2048K), 1 survivors (2048K)
 Metaspace       used 5157K, committed 5376K, reserved 1056768K
  class space    used 432K, committed 576K, reserved 1048576K
}
Event: 2109.462 GC heap before
{Heap before GC invocations=59 (full 0):
 garbage-first heap   total 266240K, used 157651K [0x0000000700000000, 0x0000000800000000)
  region size 2048K, 76 young (155648K), 1 survivors (2048K)
 Metaspace       used 5157K, committed 5376K, reserved 1056768K
  class space    used 432K, committed 576K, reserved 1048576K
}
Event: 2109.463 GC heap after
{Heap after GC invocations=60 (full 0):
 garbage-first heap   total 266240K, used 4061K [0x0000000700000000, 0x0000000800000000)
  region size 2048K, 1 young (2048K), 1 survivors (2048K)
 Metaspace       used 5157K, committed 5376K, reserved 1056768K
  class space    used 432K, committed 576K, reserved 1048576K
}

Deoptimization events (20 events):
Event: 556.831 Thread 0x00007f83e2905e00 Uncommon trap: trap_request=0xffffff45 fr.pc=0x000000011f677d28 relative=0x00000000000005e8
Event: 556.831 Thread 0x00007f83e2905e00 Uncommon trap: reason=unstable_if action=reinterpret pc=0x000000011f677d28 method=com.team4099.robot2022.commands.intake.ManipulatorIdleCommand.execute()V @ 92 c2
Event: 556.831 Thread 0x00007f83e2905e00 DEOPT PACKING pc=0x000000011f677d28 sp=0x000000030df6c7e0
Event: 556.831 Thread 0x00007f83e2905e00 DEOPT UNPACKING pc=0x0000000117a90093 sp=0x000000030df6c798 mode 2
Event: 561.290 Thread 0x00007f83e2905e00 Uncommon trap: trap_request=0xffffffc6 fr.pc=0x000000011f66e2a0 relative=0x0000000000004620
Event: 561.290 Thread 0x00007f83e2905e00 Uncommon trap: reason=bimorphic_or_optimized_type_check action=maybe_recompile pc=0x000000011f66e2a0 method=edu.wpi.first.wpilibj2.command.button.Trigger$3.run()V @ 28 c2
Event: 561.291 Thread 0x00007f83e2905e00 DEOPT PACKING pc=0x000000011f66e2a0 sp=0x000000030df6c830
Event: 561.291 Thread 0x00007f83e2905e00 DEOPT UNPACKING pc=0x0000000117a90093 sp=0x000000030df6c668 mode 2
Event: 562.434 Thread 0x00007f83e2905e00 Uncommon trap: trap_request=0xffffffc6 fr.pc=0x000000011f66e280 relative=0x0000000000004600
Event: 562.434 Thread 0x00007f83e2905e00 Uncommon trap: reason=bimorphic_or_optimized_type_check action=maybe_recompile pc=0x000000011f66e280 method=edu.wpi.first.wpilibj2.command.button.Trigger$3.run()V @ 51 c2
Event: 562.434 Thread 0x00007f83e2905e00 DEOPT PACKING pc=0x000000011f66e280 sp=0x000000030df6c830
Event: 562.434 Thread 0x00007f83e2905e00 DEOPT UNPACKING pc=0x0000000117a90093 sp=0x000000030df6c668 mode 2
Event: 702.501 Thread 0x00007f83e2905e00 Uncommon trap: trap_request=0xffffff45 fr.pc=0x000000011f65167c relative=0x0000000000000c7c
Event: 702.501 Thread 0x00007f83e2905e00 Uncommon trap: reason=unstable_if action=reinterpret pc=0x000000011f65167c method=java.util.concurrent.locks.AbstractQueuedSynchronizer.acquire(Ljava/util/concurrent/locks/AbstractQueuedSynchronizer$Node;IZZZJ)I @ 26 c2
Event: 702.501 Thread 0x00007f83e2905e00 DEOPT PACKING pc=0x000000011f65167c sp=0x000000030df6c750
Event: 702.501 Thread 0x00007f83e2905e00 DEOPT UNPACKING pc=0x0000000117a90093 sp=0x000000030df6c730 mode 2
Event: 1098.506 Thread 0x00007f83e19c3c00 DEOPT PACKING pc=0x00000001182e7d2f sp=0x00000003101f1b00
Event: 1098.506 Thread 0x00007f83e19c3c00 DEOPT UNPACKING pc=0x0000000117a90810 sp=0x00000003101f0fe8 mode 0
Event: 1180.548 Thread 0x00007f83e19c3c00 DEOPT PACKING pc=0x00000001182e62ad sp=0x00000003101f1af0
Event: 1180.548 Thread 0x00007f83e19c3c00 DEOPT UNPACKING pc=0x0000000117a90810 sp=0x00000003101f0fe8 mode 0

Classes unloaded (0 events):
No events

Classes redefined (0 events):
No events

Internal exceptions (15 events):
Event: 0.352 Thread 0x00007f83e1809800 Exception <a 'java/lang/NoSuchMethodError'{0x000000070fcc27f8}: 'void java.lang.invoke.DirectMethodHandle$Holder.invokeStatic(java.lang.Object, java.lang.Object)'> (0x000000070fcc27f8) 
thrown [open/src/hotspot/share/interpreter/linkResolver.cpp, line 766]
Event: 0.442 Thread 0x00007f83e2905e00 Exception <a 'java/lang/NoSuchMethodError'{0x000000070fa32a88}: 'java.lang.Object java.lang.invoke.DirectMethodHandle$Holder.invokeStaticInit(java.lang.Object)'> (0x000000070fa32a88) 
thrown [open/src/hotspot/share/interpreter/linkResolver.cpp, line 766]
Event: 0.480 Thread 0x00007f83e2905e00 Exception <a 'java/lang/NoSuchMethodError'{0x000000070fad48b0}: 'void java.lang.invoke.DirectMethodHandle$Holder.invokeStaticInit(java.lang.Object)'> (0x000000070fad48b0) 
thrown [open/src/hotspot/share/interpreter/linkResolver.cpp, line 766]
Event: 0.691 Thread 0x00007f83e2905e00 Exception <a 'java/lang/NoSuchMethodError'{0x000000070f56a218}: 'java.lang.Object java.lang.invoke.DirectMethodHandle$Holder.invokeInterface(java.lang.Object, java.lang.Object, java.lang.Object, double)'> (0x000000070f56a218) 
thrown [open/src/hotspot/share/interpreter/linkResolver.cpp, line 766]
Event: 0.832 Thread 0x00007f83e2905e00 Exception <a 'java/lang/NoSuchMethodError'{0x000000070f231f80}: 'void java.lang.invoke.DirectMethodHandle$Holder.invokeStaticInit(java.lang.Object, java.lang.Object)'> (0x000000070f231f80) 
thrown [open/src/hotspot/share/interpreter/linkResolver.cpp, line 766]
Event: 0.853 Thread 0x00007f83e2905e00 Exception <a 'java/lang/NoSuchMethodError'{0x000000070f26c7f8}: 'void java.lang.invoke.DirectMethodHandle$Holder.invokeSpecial(java.lang.Object, java.lang.Object, java.lang.Object)'> (0x000000070f26c7f8) 
thrown [open/src/hotspot/share/interpreter/linkResolver.cpp, line 766]
Event: 0.854 Thread 0x00007f83e2905e00 Exception <a 'java/lang/NoSuchMethodError'{0x000000070f272ff8}: 'void java.lang.invoke.DirectMethodHandle$Holder.invokeStatic(java.lang.Object, java.lang.Object, java.lang.Object)'> (0x000000070f272ff8) 
thrown [open/src/hotspot/share/interpreter/linkResolver.cpp, line 766]
Event: 0.915 Thread 0x00007f83e2905e00 Exception <a 'java/lang/NoSuchMethodError'{0x000000070f39b870}: 'double java.lang.invoke.DirectMethodHandle$Holder.invokeStatic(java.lang.Object, java.lang.Object)'> (0x000000070f39b870) 
thrown [open/src/hotspot/share/interpreter/linkResolver.cpp, line 766]
Event: 0.920 Thread 0x00007f83e2905e00 Exception <a 'java/lang/NoSuchMethodError'{0x000000070f3a6158}: 'java.lang.Object java.lang.invoke.Invokers$Holder.invokeExact_MT(java.lang.Object, java.lang.Object, java.lang.Object, java.lang.Object, java.lang.Object, java.lang.Object)'> (0x000000070f3a6158) 
thrown [open/src/hotspot/share/interpreter/linkResolver.cpp, line 766]
Event: 0.970 Thread 0x00007f83e2905e00 Exception <a 'java/lang/NoSuchMethodError'{0x000000070f3ec808}: 'int java.lang.invoke.DirectMethodHandle$Holder.invokeStatic(java.lang.Object)'> (0x000000070f3ec808) 
thrown [open/src/hotspot/share/interpreter/linkResolver.cpp, line 766]
Event: 1.017 Thread 0x00007f83e2905e00 Exception <a 'java/lang/NoSuchMethodError'{0x000000070f05e630}: 'void java.lang.invoke.DirectMethodHandle$Holder.invokeInterface(java.lang.Object, java.lang.Object)'> (0x000000070f05e630) 
thrown [open/src/hotspot/share/interpreter/linkResolver.cpp, line 766]
Event: 8.841 Thread 0x00007f83e2905e00 Exception <a 'java/lang/NoSuchMethodError'{0x000000070e485a20}: 'void java.lang.invoke.DirectMethodHandle$Holder.invokeStatic(java.lang.Object, java.lang.Object, java.lang.Object, java.lang.Object)'> (0x000000070e485a20) 
thrown [open/src/hotspot/share/interpreter/linkResolver.cpp, line 766]
Event: 11.002 Thread 0x00007f83e2905e00 Exception <a 'java/lang/NoSuchMethodError'{0x000000070da15fd0}: 'int java.lang.invoke.DirectMethodHandle$Holder.invokeStaticInit(java.lang.Object)'> (0x000000070da15fd0) 
thrown [open/src/hotspot/share/interpreter/linkResolver.cpp, line 766]
Event: 11.025 Thread 0x00007f83e19c3c00 Implicit null exception at 0x000000011f54450f to 0x000000011f544b44
Event: 702.501 Thread 0x00007f83e2905e00 Implicit null exception at 0x000000011f650cc2 to 0x000000011f651644

VM Operations (20 events):
Event: 1856.446 Executing VM operation: G1CollectForAllocation done
Event: 1861.462 Executing VM operation: Cleanup
Event: 1861.463 Executing VM operation: Cleanup done
Event: 1887.574 Executing VM operation: Cleanup
Event: 1887.574 Executing VM operation: Cleanup done
Event: 1892.703 Executing VM operation: G1CollectForAllocation
Event: 1892.704 Executing VM operation: G1CollectForAllocation done
Event: 1928.877 Executing VM operation: G1CollectForAllocation
Event: 1928.880 Executing VM operation: G1CollectForAllocation done
Event: 1965.021 Executing VM operation: G1CollectForAllocation
Event: 1965.032 Executing VM operation: G1CollectForAllocation done
Event: 2001.182 Executing VM operation: G1CollectForAllocation
Event: 2001.183 Executing VM operation: G1CollectForAllocation done
Event: 2037.302 Executing VM operation: G1CollectForAllocation
Event: 2037.304 Executing VM operation: G1CollectForAllocation done
Event: 2073.462 Executing VM operation: G1CollectForAllocation
Event: 2073.465 Executing VM operation: G1CollectForAllocation done
Event: 2109.461 Executing VM operation: G1CollectForAllocation
Event: 2109.463 Executing VM operation: G1CollectForAllocation done
Event: 2125.870 Executing VM operation: Exit

Events (20 events):
Event: 0.952 loading class java/util/concurrent/locks/AbstractQueuedSynchronizer$ExclusiveNode done
Event: 0.974 loading class java/util/LinkedHashMap$LinkedKeyIterator
Event: 0.974 loading class java/util/LinkedHashMap$LinkedKeyIterator done
Event: 0.990 Loaded shared library /Users/matth/Documents/GitHub/ChargedUp-2023/build/jni/release/libwpimathjni.dylib
Event: 0.993 loading class java/util/concurrent/ExecutionException
Event: 0.993 loading class java/util/concurrent/ExecutionException done
Event: 1.918 loading class jdk/internal/misc/ScopedMemoryAccess$Scope
Event: 1.918 loading class jdk/internal/misc/ScopedMemoryAccess$Scope done
Event: 8.847 loading class jdk/internal/math/FormattedFloatingDecimal$Form
Event: 8.848 loading class jdk/internal/math/FormattedFloatingDecimal$Form done
Event: 8.848 loading class jdk/internal/math/FormattedFloatingDecimal
Event: 8.848 loading class jdk/internal/math/FormattedFloatingDecimal done
Event: 8.848 loading class jdk/internal/math/FormattedFloatingDecimal$1
Event: 8.848 loading class jdk/internal/math/FormattedFloatingDecimal$1 done
Event: 8.848 loading class jdk/internal/math/FormattedFloatingDecimal$2
Event: 8.848 loading class jdk/internal/math/FormattedFloatingDecimal$2 done
Event: 2125.858 loading class jdk/internal/misc/Signal$1
Event: 2125.861 loading class jdk/internal/misc/Signal$1 done
Event: 2125.866 Thread 0x00007f83a1812400 Thread added: 0x00007f83a1812400
Event: 2125.866 Protecting memory [0x0000000310a2f000,0x0000000310a33000] with protection modes 0


Dynamic libraries:
0x000000010cac5000 	/Library/Java/JavaVirtualMachines/jdk-17.0.1.jdk/Contents/Home/lib/libjli.dylib
0x00007ff814af1000 	/usr/lib/libz.1.dylib
0x00007ff814bd7000 	/usr/lib/libSystem.B.dylib
0x00007ff814bd2000 	/usr/lib/system/libcache.dylib
0x00007ff814b8e000 	/usr/lib/system/libcommonCrypto.dylib
0x00007ff814bb7000 	/usr/lib/system/libcompiler_rt.dylib
0x00007ff814bad000 	/usr/lib/system/libcopyfile.dylib
0x00007ff809771000 	/usr/lib/system/libcorecrypto.dylib
0x00007ff80982f000 	/usr/lib/system/libdispatch.dylib
0x00007ff8099ef000 	/usr/lib/system/libdyld.dylib
0x00007ff814bc9000 	/usr/lib/system/libkeymgr.dylib
0x00007ff814b6c000 	/usr/lib/system/libmacho.dylib
0x00007ff8141e7000 	/usr/lib/system/libquarantine.dylib
0x00007ff814bc7000 	/usr/lib/system/libremovefile.dylib
0x00007ff80e8ba000 	/usr/lib/system/libsystem_asl.dylib
0x00007ff80971a000 	/usr/lib/system/libsystem_blocks.dylib
0x00007ff8098b3000 	/usr/lib/system/libsystem_c.dylib
0x00007ff814bbf000 	/usr/lib/system/libsystem_collections.dylib
0x00007ff813519000 	/usr/lib/system/libsystem_configuration.dylib
0x00007ff8127c2000 	/usr/lib/system/libsystem_containermanager.dylib
0x00007ff81489e000 	/usr/lib/system/libsystem_coreservices.dylib
0x00007ff80bf5b000 	/usr/lib/system/libsystem_darwin.dylib
0x00007ff814bca000 	/usr/lib/system/libsystem_dnssd.dylib
0x00007ff8098b0000 	/usr/lib/system/libsystem_featureflags.dylib
0x00007ff809a05000 	/usr/lib/system/libsystem_info.dylib
0x00007ff814b04000 	/usr/lib/system/libsystem_m.dylib
0x00007ff809803000 	/usr/lib/system/libsystem_malloc.dylib
0x00007ff80e855000 	/usr/lib/system/libsystem_networkextension.dylib
0x00007ff80c381000 	/usr/lib/system/libsystem_notify.dylib
0x00007ff81af03000 	/usr/lib/system/libsystem_product_info_filter.dylib
0x00007ff81351d000 	/usr/lib/system/libsystem_sandbox.dylib
0x00007ff814bc4000 	/usr/lib/system/libsystem_secinit.dylib
0x00007ff8099ab000 	/usr/lib/system/libsystem_kernel.dylib
0x00007ff8099fb000 	/usr/lib/system/libsystem_platform.dylib
0x00007ff8099e3000 	/usr/lib/system/libsystem_pthread.dylib
0x00007ff810177000 	/usr/lib/system/libsystem_symptoms.dylib
0x00007ff809758000 	/usr/lib/system/libsystem_trace.dylib
0x00007ff814b9a000 	/usr/lib/system/libunwind.dylib
0x00007ff80971c000 	/usr/lib/system/libxpc.dylib
0x00007ff809995000 	/usr/lib/libc++abi.dylib
0x00007ff809876000 	/usr/lib/libobjc.A.dylib
0x00007ff814ba5000 	/usr/lib/liboah.dylib
0x00007ff80993c000 	/usr/lib/libc++.1.dylib
0x00007ff820d04000 	/System/Library/Frameworks/Cocoa.framework/Versions/A/Cocoa
0x00007ff80c3df000 	/System/Library/Frameworks/AppKit.framework/Versions/C/AppKit
0x00007ff80f954000 	/System/Library/Frameworks/CoreData.framework/Versions/A/CoreData
0x00007ff80a7e2000 	/System/Library/Frameworks/Foundation.framework/Versions/C/Foundation
0x00007ff80d26f000 	/System/Library/PrivateFrameworks/UIFoundation.framework/Versions/A/UIFoundation
0x00007ff81ac06000 	/System/Library/PrivateFrameworks/RemoteViewServices.framework/Versions/A/RemoteViewServices
0x00007ff812ea3000 	/System/Library/PrivateFrameworks/XCTTargetBootstrap.framework/Versions/A/XCTTargetBootstrap
0x00007ff816a9c000 	/System/Library/PrivateFrameworks/InternationalSupport.framework/Versions/A/InternationalSupport
0x00007ff816b26000 	/System/Library/PrivateFrameworks/UserActivity.framework/Versions/A/UserActivity
0x00007ff815e80000 	/usr/lib/libspindump.dylib
0x00007ff80d4fe000 	/System/Library/Frameworks/UniformTypeIdentifiers.framework/Versions/A/UniformTypeIdentifiers
0x00007ff8115c7000 	/usr/lib/libapp_launch_measurement.dylib
0x00007ff810337000 	/System/Library/PrivateFrameworks/CoreAnalytics.framework/Versions/A/CoreAnalytics
0x00007ff8115ca000 	/System/Library/PrivateFrameworks/CoreAutoLayout.framework/Versions/A/CoreAutoLayout
0x00007ff8127fa000 	/System/Library/Frameworks/Metal.framework/Versions/A/Metal
0x00007ff813529000 	/usr/lib/liblangid.dylib
0x00007ff812ea8000 	/System/Library/PrivateFrameworks/CoreSVG.framework/Versions/A/CoreSVG
0x00007ff80e8ea000 	/System/Library/PrivateFrameworks/SkyLight.framework/Versions/A/SkyLight
0x00007ff80ec89000 	/System/Library/Frameworks/CoreGraphics.framework/Versions/A/CoreGraphics
0x00007ff81b2c6000 	/System/Library/Frameworks/Accelerate.framework/Versions/A/Accelerate
0x00007ff8158ff000 	/System/Library/PrivateFrameworks/IconServices.framework/Versions/A/IconServices
0x00007ff8127df000 	/System/Library/Frameworks/IOSurface.framework/Versions/A/IOSurface
0x00007ff810365000 	/usr/lib/libDiagnosticMessagesClient.dylib
0x00007ff81e9a8000 	/System/Library/Frameworks/ApplicationServices.framework/Versions/A/ApplicationServices
0x00007ff812e8f000 	/System/Library/PrivateFrameworks/DFRFoundation.framework/Versions/A/DFRFoundation
0x00007ff80bcc7000 	/usr/lib/libicucore.A.dylib
0x00007ff817892000 	/System/Library/Frameworks/AudioToolbox.framework/Versions/A/AudioToolbox
0x00007ff816aa8000 	/System/Library/PrivateFrameworks/DataDetectorsCore.framework/Versions/A/DataDetectorsCore
0x00007ff912d09000 	/System/Library/PrivateFrameworks/TextInput.framework/Versions/A/TextInput
0x00007ff80e86d000 	/usr/lib/libMobileGestalt.dylib
0x00007ff812b9b000 	/System/Library/Frameworks/Carbon.framework/Versions/A/Frameworks/HIToolbox.framework/Versions/A/HIToolbox
0x00007ff810fca000 	/System/Library/Frameworks/QuartzCore.framework/Versions/A/QuartzCore
0x00007ff80b96c000 	/System/Library/Frameworks/Security.framework/Versions/A/Security
0x00007ff81ac3e000 	/System/Library/Frameworks/Carbon.framework/Versions/A/Frameworks/SpeechRecognition.framework/Versions/A/SpeechRecognition
0x00007ff811327000 	/System/Library/PrivateFrameworks/CoreUI.framework/Versions/A/CoreUI
0x00007ff80b236000 	/System/Library/Frameworks/CoreAudio.framework/Versions/A/CoreAudio
0x00007ff810454000 	/System/Library/Frameworks/DiskArbitration.framework/Versions/A/DiskArbitration
0x00007ff81626c000 	/System/Library/PrivateFrameworks/MultitouchSupport.framework/Versions/A/MultitouchSupport
0x00007ff80e86c000 	/usr/lib/libenergytrace.dylib
0x00007ff80c2cb000 	/System/Library/Frameworks/IOKit.framework/Versions/A/IOKit
0x00007ff81b02e000 	/System/Library/Frameworks/CoreServices.framework/Versions/A/CoreServices
0x00007ff811561000 	/System/Library/PrivateFrameworks/PerformanceAnalysis.framework/Versions/A/PerformanceAnalysis
0x00007ffa227e5000 	/System/Library/Frameworks/OpenGL.framework/Versions/A/OpenGL
0x00007ff81410d000 	/System/Library/PrivateFrameworks/MobileKeyBag.framework/Versions/A/MobileKeyBag
0x00007ff80f3b3000 	/System/Library/Frameworks/ColorSync.framework/Versions/A/ColorSync
0x00007ff809a30000 	/System/Library/Frameworks/CoreFoundation.framework/Versions/A/CoreFoundation
0x00007ff81311f000 	/System/Library/Frameworks/CoreImage.framework/Versions/A/CoreImage
0x00007ff80b04a000 	/System/Library/Frameworks/CoreText.framework/Versions/A/CoreText
0x00007ff812ed8000 	/System/Library/Frameworks/ImageIO.framework/Versions/A/ImageIO
0x00007ff814bdd000 	/System/Library/PrivateFrameworks/SoftLinking.framework/Versions/A/SoftLinking
0x00007ff811612000 	/usr/lib/libxml2.2.dylib
0x00007ff814e5e000 	/usr/lib/libcompression.dylib
0x00007ff8169cf000 	/System/Library/PrivateFrameworks/TextureIO.framework/Versions/A/TextureIO
0x00007ff815578000 	/usr/lib/libate.dylib
0x00007ff815336000 	/usr/lib/liblzma.5.dylib
0x00007ff80a4f4000 	/System/Library/Frameworks/SystemConfiguration.framework/Versions/A/SystemConfiguration
0x00007ff814bd9000 	/usr/lib/libfakelink.dylib
0x00007ff80e3c5000 	/System/Library/Frameworks/CFNetwork.framework/Versions/A/CFNetwork
0x00007ff814d1a000 	/usr/lib/libarchive.2.dylib
0x00007ff813525000 	/System/Library/PrivateFrameworks/AppleSystemInfo.framework/Versions/A/AppleSystemInfo
0x00007ff81420e000 	/usr/lib/libbsm.0.dylib
0x00007ff80d9d4000 	/usr/lib/libnetwork.dylib
0x00007ff814b72000 	/usr/lib/system/libkxld.dylib
0x00007ff813e41000 	/System/Library/PrivateFrameworks/IOMobileFramebuffer.framework/Versions/A/IOMobileFramebuffer
0x00007ffb2219f000 	/usr/lib/libCoreEntitlements.dylib
0x00007ff814880000 	/System/Library/PrivateFrameworks/AppleFSCompression.framework/Versions/A/AppleFSCompression
0x00007ff8141f6000 	/usr/lib/libcoretls.dylib
0x00007ff815350000 	/usr/lib/libcoretls_cfhelpers.dylib
0x00007ff814e59000 	/usr/lib/libpam.2.dylib
0x00007ff80fd99000 	/usr/lib/libsqlite3.dylib
0x00007ff8153bf000 	/usr/lib/libxar.1.dylib
0x00007ff814890000 	/usr/lib/libbz2.1.0.dylib
0x00007ff814bde000 	/usr/lib/libpcap.A.dylib
0x00007ff81016f000 	/usr/lib/libdns_services.dylib
0x00007ff814e2c000 	/usr/lib/libapple_nghttp2.dylib
0x00007ff814c18000 	/usr/lib/libiconv.2.dylib
0x00007ff814b6b000 	/usr/lib/libcharset.1.dylib
0x00007ff811595000 	/System/Library/Frameworks/CoreServices.framework/Versions/A/Frameworks/FSEvents.framework/Versions/A/FSEvents
0x00007ff80bf65000 	/System/Library/Frameworks/CoreServices.framework/Versions/A/Frameworks/CarbonCore.framework/Versions/A/CarbonCore
0x00007ff8103b8000 	/System/Library/Frameworks/CoreServices.framework/Versions/A/Frameworks/Metadata.framework/Versions/A/Metadata
0x00007ff8148a3000 	/System/Library/Frameworks/CoreServices.framework/Versions/A/Frameworks/OSServices.framework/Versions/A/OSServices
0x00007ff814da1000 	/System/Library/Frameworks/CoreServices.framework/Versions/A/Frameworks/SearchKit.framework/Versions/A/SearchKit
0x00007ff810101000 	/System/Library/Frameworks/CoreServices.framework/Versions/A/Frameworks/AE.framework/Versions/A/AE
0x00007ff809f31000 	/System/Library/Frameworks/CoreServices.framework/Versions/A/Frameworks/LaunchServices.framework/Versions/A/LaunchServices
0x00007ff8152e7000 	/System/Library/Frameworks/CoreServices.framework/Versions/A/Frameworks/DictionaryServices.framework/Versions/A/DictionaryServices
0x00007ff8115a2000 	/System/Library/Frameworks/CoreServices.framework/Versions/A/Frameworks/SharedFileList.framework/Versions/A/SharedFileList
0x00007ff8141ea000 	/usr/lib/libCheckFix.dylib
0x00007ff80e8d1000 	/System/Library/PrivateFrameworks/TCC.framework/Versions/A/TCC
0x00007ff81352b000 	/System/Library/PrivateFrameworks/CoreNLP.framework/Versions/A/CoreNLP
0x00007ff810368000 	/System/Library/PrivateFrameworks/MetadataUtilities.framework/Versions/A/MetadataUtilities
0x00007ff80a5a5000 	/usr/lib/libmecabra.dylib
0x00007ff81421e000 	/usr/lib/libmecab.dylib
0x00007ff80a570000 	/usr/lib/libCRFSuite.dylib
0x00007ff814278000 	/usr/lib/libgermantok.dylib
0x00007ff814e07000 	/usr/lib/libThaiTokenizer.dylib
0x00007ff81045b000 	/System/Library/Frameworks/Accelerate.framework/Versions/A/Frameworks/vImage.framework/Versions/A/vImage
0x00007ff81b005000 	/System/Library/Frameworks/Accelerate.framework/Versions/A/Frameworks/vecLib.framework/Versions/A/vecLib
0x00007ff815400000 	/System/Library/Frameworks/Accelerate.framework/Versions/A/Frameworks/vecLib.framework/Versions/A/libvMisc.dylib
0x00007ff813c40000 	/System/Library/Frameworks/Accelerate.framework/Versions/A/Frameworks/vecLib.framework/Versions/A/libvDSP.dylib
0x00007ff80a2ac000 	/System/Library/Frameworks/Accelerate.framework/Versions/A/Frameworks/vecLib.framework/Versions/A/libBLAS.dylib
0x00007ff814f3c000 	/System/Library/Frameworks/Accelerate.framework/Versions/A/Frameworks/vecLib.framework/Versions/A/libLAPACK.dylib
0x00007ff81427b000 	/System/Library/Frameworks/Accelerate.framework/Versions/A/Frameworks/vecLib.framework/Versions/A/libLinearAlgebra.dylib
0x00007ff814e44000 	/System/Library/Frameworks/Accelerate.framework/Versions/A/Frameworks/vecLib.framework/Versions/A/libSparseBLAS.dylib
0x00007ff814f36000 	/System/Library/Frameworks/Accelerate.framework/Versions/A/Frameworks/vecLib.framework/Versions/A/libQuadrature.dylib
0x00007ff813616000 	/System/Library/Frameworks/Accelerate.framework/Versions/A/Frameworks/vecLib.framework/Versions/A/libBNNS.dylib
0x00007ff80a47e000 	/System/Library/Frameworks/Accelerate.framework/Versions/A/Frameworks/vecLib.framework/Versions/A/libSparse.dylib
0x00007ff81360f000 	/System/Library/PrivateFrameworks/LinguisticData.framework/Versions/A/LinguisticData
0x00007ff80a434000 	/System/Library/PrivateFrameworks/Lexicon.framework/Versions/A/Lexicon
0x00007ff8153f9000 	/usr/lib/libChineseTokenizer.dylib
0x00007ff80ab9f000 	/System/Library/PrivateFrameworks/LanguageModeling.framework/Versions/A/LanguageModeling
0x00007ff814e09000 	/System/Library/PrivateFrameworks/AppleSauce.framework/Versions/A/AppleSauce
0x00007ff813e2f000 	/System/Library/PrivateFrameworks/CoreEmoji.framework/Versions/A/CoreEmoji
0x00007ff814d09000 	/usr/lib/libcmph.dylib
0x00007ff811579000 	/System/Library/Frameworks/OpenDirectory.framework/Versions/A/Frameworks/CFOpenDirectory.framework/Versions/A/CFOpenDirectory
0x00007ff81156d000 	/System/Library/Frameworks/OpenDirectory.framework/Versions/A/OpenDirectory
0x00007ff815352000 	/System/Library/PrivateFrameworks/APFS.framework/Versions/A/APFS
0x00007ff814145000 	/System/Library/Frameworks/SecurityFoundation.framework/Versions/A/SecurityFoundation
0x00007ff8153cd000 	/usr/lib/libutil.dylib
0x00007ff80c28f000 	/System/Library/PrivateFrameworks/CoreServicesStore.framework/Versions/A/CoreServicesStore
0x00007ff8153d1000 	/usr/lib/libxslt.1.dylib
0x00007ff8141d2000 	/System/Library/PrivateFrameworks/BackgroundTaskManagement.framework/Versions/A/BackgroundTaskManagement
0x00007ff8168f0000 	/System/Library/Frameworks/ImageIO.framework/Versions/A/Resources/libRadiance.dylib
0x00007ff8168f9000 	/System/Library/Frameworks/ImageIO.framework/Versions/A/Resources/libJPEG.dylib
0x00007ff81684b000 	/System/Library/Frameworks/ImageIO.framework/Versions/A/Resources/libPng.dylib
0x00007ff81686c000 	/System/Library/Frameworks/ImageIO.framework/Versions/A/Resources/libTIFF.dylib
0x00007ff816958000 	/System/Library/Frameworks/ImageIO.framework/Versions/A/Resources/libGIF.dylib
0x00007ff816188000 	/System/Library/Frameworks/ImageIO.framework/Versions/A/Resources/libJP2.dylib
0x00007ff8158c6000 	/usr/lib/libexpat.1.dylib
0x00007ff81613d000 	/System/Library/PrivateFrameworks/AppleJPEG.framework/Versions/A/AppleJPEG
0x00007ff812a5f000 	/System/Library/PrivateFrameworks/FontServices.framework/libFontParser.dylib
0x00007ff8100ab000 	/System/Library/PrivateFrameworks/RunningBoardServices.framework/Versions/A/RunningBoardServices
0x00007ff8212bf000 	/System/Library/PrivateFrameworks/IOSurfaceAccelerator.framework/Versions/A/IOSurfaceAccelerator
0x00007ff816268000 	/System/Library/PrivateFrameworks/WatchdogClient.framework/Versions/A/WatchdogClient
0x00007ff80ac8d000 	/System/Library/Frameworks/CoreDisplay.framework/Versions/A/CoreDisplay
0x00007ff81295d000 	/System/Library/Frameworks/CoreMedia.framework/Versions/A/CoreMedia
0x00007ff8127f1000 	/System/Library/PrivateFrameworks/IOAccelerator.framework/Versions/A/IOAccelerator
0x00007ff8116f6000 	/System/Library/Frameworks/CoreVideo.framework/Versions/A/CoreVideo
0x00007ff814e57000 	/System/Library/Frameworks/MetalPerformanceShaders.framework/Versions/A/MetalPerformanceShaders
0x00007ff8162a5000 	/System/Library/Frameworks/VideoToolbox.framework/Versions/A/VideoToolbox
0x00007ff80fff5000 	/System/Library/PrivateFrameworks/BaseBoard.framework/Versions/A/BaseBoard
0x00007ff80fd7f000 	/System/Library/PrivateFrameworks/ProtocolBuffer.framework/Versions/A/ProtocolBuffer
0x00007ff8168e9000 	/System/Library/PrivateFrameworks/GPUWrangler.framework/Versions/A/GPUWrangler
0x00007ff8168cd000 	/System/Library/PrivateFrameworks/IOPresentment.framework/Versions/A/IOPresentment
0x00007ff8168f3000 	/System/Library/PrivateFrameworks/DSExternalDisplay.framework/Versions/A/DSExternalDisplay
0x00007ffa227d9000 	/System/Library/Frameworks/OpenGL.framework/Versions/A/Libraries/libCoreFSCache.dylib
0x00007ffb0f8a0000 	/System/Library/PrivateFrameworks/GPUCompiler.framework/Versions/31001/Libraries/libGPUCompilerUtils.dylib
0x00007ff81695d000 	/System/Library/PrivateFrameworks/CMCaptureCore.framework/Versions/A/CMCaptureCore
0x00007ff815e6e000 	/System/Library/PrivateFrameworks/AppServerSupport.framework/Versions/A/AppServerSupport
0x00007ff81812b000 	/System/Library/PrivateFrameworks/perfdata.framework/Versions/A/perfdata
0x00007ff80adb9000 	/System/Library/PrivateFrameworks/AudioToolboxCore.framework/Versions/A/AudioToolboxCore
0x00007ff81293b000 	/System/Library/PrivateFrameworks/caulk.framework/Versions/A/caulk
0x00007ff817a3d000 	/usr/lib/libAudioStatistics.dylib
0x00007ff90f497000 	/System/Library/PrivateFrameworks/SystemPolicy.framework/Versions/A/SystemPolicy
0x00007ff817c98000 	/usr/lib/libSMC.dylib
0x00007ff820bb7000 	/System/Library/Frameworks/CoreMIDI.framework/Versions/A/CoreMIDI
0x00007ff81681a000 	/usr/lib/libAudioToolboxUtility.dylib
0x00007ff90b6c3000 	/System/Library/PrivateFrameworks/OSAServicesClient.framework/Versions/A/OSAServicesClient
0x00007ff818138000 	/usr/lib/libperfcheck.dylib
0x00007ff90ff44000 	/usr/lib/libmis.dylib
0x00007ffa22834000 	/System/Library/Frameworks/OpenGL.framework/Versions/A/Libraries/libGLU.dylib
0x00007ffa227f8000 	/System/Library/Frameworks/OpenGL.framework/Versions/A/Libraries/libGFXShared.dylib
0x00007ffa22a01000 	/System/Library/Frameworks/OpenGL.framework/Versions/A/Libraries/libGL.dylib
0x00007ffa22801000 	/System/Library/Frameworks/OpenGL.framework/Versions/A/Libraries/libGLImage.dylib
0x00007ffa227f5000 	/System/Library/Frameworks/OpenGL.framework/Versions/A/Libraries/libCVMSPluginSupport.dylib
0x00007ffa227e0000 	/System/Library/Frameworks/OpenGL.framework/Versions/A/Libraries/libCoreVMClient.dylib
0x00007ff8134a7000 	/System/Library/Frameworks/MetalPerformanceShaders.framework/Versions/A/Frameworks/MPSCore.framework/Versions/A/MPSCore
0x00007ff8147eb000 	/System/Library/Frameworks/MetalPerformanceShaders.framework/Versions/A/Frameworks/MPSImage.framework/Versions/A/MPSImage
0x00007ff814291000 	/System/Library/Frameworks/MetalPerformanceShaders.framework/Versions/A/Frameworks/MPSNeuralNetwork.framework/Versions/A/MPSNeuralNetwork
0x00007ff814705000 	/System/Library/Frameworks/MetalPerformanceShaders.framework/Versions/A/Frameworks/MPSMatrix.framework/Versions/A/MPSMatrix
0x00007ff8144c0000 	/System/Library/Frameworks/MetalPerformanceShaders.framework/Versions/A/Frameworks/MPSRayIntersector.framework/Versions/A/MPSRayIntersector
0x00007ff81473d000 	/System/Library/Frameworks/MetalPerformanceShaders.framework/Versions/A/Frameworks/MPSNDArray.framework/Versions/A/MPSNDArray
0x00007ffa282b9000 	/System/Library/Frameworks/MetalPerformanceShaders.framework/Versions/A/Frameworks/MPSFunctions.framework/Versions/A/MPSFunctions
0x00007ff80a188000 	/System/Library/PrivateFrameworks/MetalTools.framework/Versions/A/MetalTools
0x00007ff813523000 	/System/Library/PrivateFrameworks/AggregateDictionary.framework/Versions/A/AggregateDictionary
0x00007ff8156a8000 	/usr/lib/libIOReport.dylib
0x00007ffa23e10000 	/System/Library/Frameworks/OpenCL.framework/Versions/A/OpenCL
0x00007ff815a0c000 	/System/Library/PrivateFrameworks/FaceCore.framework/Versions/A/FaceCore
0x00007ff8159fd000 	/System/Library/PrivateFrameworks/GraphVisualizer.framework/Versions/A/GraphVisualizer
0x00007ffb0f7ab000 	/System/Library/PrivateFrameworks/FontServices.framework/Versions/A/FontServices
0x00007ff815e26000 	/System/Library/PrivateFrameworks/OTSVG.framework/Versions/A/OTSVG
0x00007ff8112dd000 	/System/Library/Frameworks/ApplicationServices.framework/Versions/A/Frameworks/ATS.framework/Versions/A/Resources/libFontRegistry.dylib
0x00007ff815e76000 	/System/Library/PrivateFrameworks/FontServices.framework/libhvf.dylib
0x00007ffb0f7ac000 	/System/Library/PrivateFrameworks/FontServices.framework/libXTFontStaticRegistryData.dylib
0x00007ff815876000 	/System/Library/PrivateFrameworks/AppleVA.framework/Versions/A/AppleVA
0x00007ff817a5d000 	/System/Library/Frameworks/ApplicationServices.framework/Versions/A/Frameworks/ATS.framework/Versions/A/ATS
0x00007ff80f4b1000 	/System/Library/Frameworks/ApplicationServices.framework/Versions/A/Frameworks/HIServices.framework/Versions/A/HIServices
0x00007ff816967000 	/System/Library/Frameworks/ApplicationServices.framework/Versions/A/Frameworks/PrintCore.framework/Versions/A/PrintCore
0x00007ff817deb000 	/System/Library/Frameworks/ApplicationServices.framework/Versions/A/Frameworks/QD.framework/Versions/A/QD
0x00007ff817de3000 	/System/Library/Frameworks/ApplicationServices.framework/Versions/A/Frameworks/ColorSyncLegacy.framework/Versions/A/ColorSyncLegacy
0x00007ff817a4d000 	/System/Library/Frameworks/ApplicationServices.framework/Versions/A/Frameworks/SpeechSynthesis.framework/Versions/A/SpeechSynthesis
0x00007ff816928000 	/System/Library/Frameworks/ApplicationServices.framework/Versions/A/Frameworks/ATSUI.framework/Versions/A/ATSUI
0x00007ff817d78000 	/usr/lib/libcups.2.dylib
0x00007ff818147000 	/System/Library/Frameworks/Kerberos.framework/Versions/A/Kerberos
0x00007ff818156000 	/System/Library/Frameworks/GSS.framework/Versions/A/GSS
0x00007ff817ac9000 	/usr/lib/libresolv.9.dylib
0x00007ff815e85000 	/System/Library/PrivateFrameworks/Heimdal.framework/Versions/A/Heimdal
0x00007ff81ed3a000 	/System/Library/Frameworks/Kerberos.framework/Versions/A/Libraries/libHeimdalProxy.dylib
0x00007ff81017f000 	/System/Library/Frameworks/Network.framework/Versions/A/Network
0x00007ff8158e0000 	/usr/lib/libheimdal-asn1.dylib
0x00007ff8181a1000 	/System/Library/PrivateFrameworks/CommonAuth.framework/Versions/A/CommonAuth
0x00007ff8179cf000 	/System/Library/PrivateFrameworks/AudioSession.framework/Versions/A/AudioSession
0x00007ff815970000 	/System/Library/PrivateFrameworks/MediaExperience.framework/Versions/A/MediaExperience
0x00007ff817861000 	/System/Library/PrivateFrameworks/AudioSession.framework/libSessionUtility.dylib
0x00007ff817df7000 	/System/Library/PrivateFrameworks/AudioResourceArbitration.framework/Versions/A/AudioResourceArbitration
0x00007ff81be78000 	/System/Library/PrivateFrameworks/PowerLog.framework/Versions/A/PowerLog
0x00007ff8158e9000 	/System/Library/PrivateFrameworks/IconFoundation.framework/Versions/A/IconFoundation
0x00007ff81ac2e000 	/System/Library/PrivateFrameworks/SpeechRecognitionCore.framework/Versions/A/SpeechRecognitionCore
0x000000010db31000 	/Library/Java/JavaVirtualMachines/jdk-17.0.1.jdk/Contents/Home/lib/server/libjvm.dylib
0x000000010cb4f000 	/Library/Java/JavaVirtualMachines/jdk-17.0.1.jdk/Contents/Home/lib/libjimage.dylib
0x000000010cbdb000 	/Library/Java/JavaVirtualMachines/jdk-17.0.1.jdk/Contents/Home/lib/libjava.dylib
0x000000010d7cd000 	/Library/Java/JavaVirtualMachines/jdk-17.0.1.jdk/Contents/Home/lib/libnio.dylib
0x000000010d823000 	/Library/Java/JavaVirtualMachines/jdk-17.0.1.jdk/Contents/Home/lib/libnet.dylib
0x000000010d866000 	/Library/Java/JavaVirtualMachines/jdk-17.0.1.jdk/Contents/Home/lib/libzip.dylib
0x000000010d9b9000 	/Users/matth/Documents/GitHub/ChargedUp-2023/build/jni/release/libwpiHaljni.dylib
0x00000001342c9000 	/Users/matth/Documents/GitHub/ChargedUp-2023/build/jni/release/libwpiHal.dylib
0x0000000134762000 	/Users/matth/Documents/GitHub/ChargedUp-2023/build/jni/release/libwpiutil.dylib
0x00007ff90f2af000 	/System/Library/Frameworks/AVFoundation.framework/Versions/A/AVFoundation
0x00007ffa26ed0000 	/System/Library/Frameworks/AVFAudio.framework/Versions/A/AVFAudio
0x00007ff81ca9c000 	/System/Library/PrivateFrameworks/AVFCore.framework/Versions/A/AVFCore
0x00007ff90971a000 	/System/Library/PrivateFrameworks/AVFCapture.framework/Versions/A/AVFCapture
0x00007ff818e46000 	/System/Library/Frameworks/IOBluetooth.framework/Versions/A/IOBluetooth
0x00007ff81bdd1000 	/System/Library/Frameworks/CoreBluetooth.framework/Versions/A/CoreBluetooth
0x00007ff81edbf000 	/System/Library/Frameworks/AudioUnit.framework/Versions/A/AudioUnit
0x00007ff813f25000 	/System/Library/PrivateFrameworks/CoreUtils.framework/Versions/A/CoreUtils
0x00007ffb0ea0e000 	/System/Library/PrivateFrameworks/CoreUtilsExtras.framework/Versions/A/CoreUtilsExtras
0x00007ff90df22000 	/System/Library/PrivateFrameworks/AirPlaySync.framework/Versions/A/AirPlaySync
0x00007ff816b91000 	/System/Library/Frameworks/MediaToolbox.framework/Versions/A/MediaToolbox
0x00007ff81c439000 	/System/Library/PrivateFrameworks/CoreAVCHD.framework/Versions/A/CoreAVCHD
0x00007ff81b30e000 	/System/Library/Frameworks/MediaAccessibility.framework/Versions/A/MediaAccessibility
0x00007ff81c435000 	/System/Library/PrivateFrameworks/Mangrove.framework/Versions/A/Mangrove
0x00007ff814134000 	/System/Library/PrivateFrameworks/AssertionServices.framework/Versions/A/AssertionServices
0x00007ff81b319000 	/System/Library/PrivateFrameworks/AlgosScoreFramework.framework/Versions/A/AlgosScoreFramework
0x00007ffb0bd02000 	/System/Library/PrivateFrameworks/CMPhoto.framework/Versions/A/CMPhoto
0x00007ff81cf8d000 	/System/Library/PrivateFrameworks/AppleVPA.framework/Versions/A/AppleVPA
0x00007ff81c07a000 	/System/Library/PrivateFrameworks/CoreAUC.framework/Versions/A/CoreAUC
0x00007ffb0bceb000 	/System/Library/PrivateFrameworks/CMImaging.framework/Versions/A/CMImaging
0x00007ff90986c000 	/System/Library/PrivateFrameworks/Quagga.framework/Versions/A/Quagga
0x00007ff909930000 	/System/Library/PrivateFrameworks/CMCapture.framework/Versions/A/CMCapture
0x00007ff817bb8000 	/System/Library/Frameworks/CoreMediaIO.framework/Versions/A/CoreMediaIO
0x00007ff81eee7000 	/System/Library/PrivateFrameworks/Espresso.framework/Versions/A/Espresso
0x00007ff81e7b0000 	/System/Library/PrivateFrameworks/AppSupport.framework/Versions/A/AppSupport
0x00007ffa15448000 	/System/Library/PrivateFrameworks/ANECompiler.framework/Versions/A/ANECompiler
0x00007ff820b37000 	/System/Library/PrivateFrameworks/AppleNeuralEngine.framework/Versions/A/AppleNeuralEngine
0x00007ffb122c1000 	/System/Library/PrivateFrameworks/MIL.framework/Versions/A/MIL
0x00007ffa282cc000 	/System/Library/Frameworks/MetalPerformanceShadersGraph.framework/Versions/A/MetalPerformanceShadersGraph
0x00007ff81fa86000 	/System/Library/PrivateFrameworks/ANEServices.framework/Versions/A/ANEServices
0x00007ff818232000 	/System/Library/PrivateFrameworks/CorePhoneNumbers.framework/Versions/A/CorePhoneNumbers
0x00007ff80c390000 	/usr/lib/libsandbox.1.dylib
0x00007ff8157e6000 	/usr/lib/libMatch.1.dylib
0x00007ff913d0f000 	/usr/lib/libncurses.5.4.dylib
0x00007ff81e440000 	/System/Library/PrivateFrameworks/BackBoardServices.framework/Versions/A/BackBoardServices
0x00007ff81cc8c000 	/System/Library/PrivateFrameworks/FrontBoardServices.framework/Versions/A/FrontBoardServices
0x00007ff81cd1d000 	/System/Library/PrivateFrameworks/BoardServices.framework/Versions/A/BoardServices
0x0000000135674000 	/Users/matth/Documents/GitHub/ChargedUp-2023/build/jni/release/libhalsim_gui.dylib
0x000000013640d000 	/Users/matth/Documents/GitHub/ChargedUp-2023/build/jni/release/libwpimath.dylib
0x0000000134e39000 	/Users/matth/Documents/GitHub/ChargedUp-2023/build/jni/release/libntcore.dylib
0x0000000135278000 	/Users/matth/Documents/GitHub/ChargedUp-2023/build/jni/release/libwpinet.dylib
0x00007ff818fd5000 	/System/Library/Frameworks/MetalKit.framework/Versions/A/MetalKit
0x00007ff80c251000 	/System/Library/PrivateFrameworks/CoreServicesInternal.framework/Versions/A/CoreServicesInternal
0x00007ff81c469000 	/System/Library/Frameworks/FileProvider.framework/Versions/A/FileProvider
0x00007ff80ff62000 	/System/Library/Frameworks/Accounts.framework/Versions/A/Accounts
0x00007ff81c5e2000 	/System/Library/PrivateFrameworks/GenerationalStorage.framework/Versions/A/GenerationalStorage
0x00007ff81d0f2000 	/System/Library/PrivateFrameworks/CoreSymbolication.framework/Versions/A/CoreSymbolication
0x00007ff81be6d000 	/System/Library/PrivateFrameworks/SymptomDiagnosticReporter.framework/Versions/A/SymptomDiagnosticReporter
0x00007ff80d512000 	/System/Library/PrivateFrameworks/DesktopServicesPriv.framework/Versions/A/DesktopServicesPriv
0x00007ff811775000 	/System/Library/PrivateFrameworks/UserManagement.framework/Versions/A/UserManagement
0x00007ff81d0b7000 	/System/Library/PrivateFrameworks/DebugSymbols.framework/Versions/A/DebugSymbols
0x00007ff817dd8000 	/System/Library/PrivateFrameworks/NetAuth.framework/Versions/A/NetAuth
0x00007ff818ce7000 	/System/Library/PrivateFrameworks/Sharing.framework/Versions/A/Sharing
0x00007ff811748000 	/System/Library/PrivateFrameworks/login.framework/Versions/A/Frameworks/loginsupport.framework/Versions/A/loginsupport
0x00007ff81e255000 	/System/Library/PrivateFrameworks/Apple80211.framework/Versions/A/Apple80211
0x00007ff8148d0000 	/System/Library/PrivateFrameworks/AuthKit.framework/Versions/A/AuthKit
0x00007ff813e4c000 	/System/Library/Frameworks/CoreWLAN.framework/Versions/A/CoreWLAN
0x00007ff81e2bd000 	/System/Library/PrivateFrameworks/CoreWiFi.framework/Versions/A/CoreWiFi
0x00007ff817af6000 	/System/Library/PrivateFrameworks/MultiverseSupport.framework/Versions/A/MultiverseSupport
0x00007ff81e6b3000 	/System/Library/PrivateFrameworks/RemoteServiceDiscovery.framework/Versions/A/RemoteServiceDiscovery
0x00007ff81bf8a000 	/System/Library/PrivateFrameworks/DiskManagement.framework/Versions/A/DiskManagement
0x00007ff81be9e000 	/System/Library/PrivateFrameworks/AppleIDAuthSupport.framework/Versions/A/AppleIDAuthSupport
0x00007ffb0a126000 	/System/Library/PrivateFrameworks/AAAFoundation.framework/Versions/A/AAAFoundation
0x00007ff818213000 	/System/Library/PrivateFrameworks/KeychainCircle.framework/Versions/A/KeychainCircle
0x00007ff81e6c3000 	/System/Library/PrivateFrameworks/RemoteXPC.framework/Versions/A/RemoteXPC
0x00007ff81bf56000 	/System/Library/PrivateFrameworks/MediaKit.framework/Versions/A/MediaKit
0x00007ff81beaa000 	/System/Library/Frameworks/DiscRecording.framework/Versions/A/DiscRecording
0x00007ff8157ee000 	/usr/lib/libCoreStorage.dylib
0x00007ff81e72e000 	/usr/lib/libcsfde.dylib
0x00007ff818f13000 	/System/Library/PrivateFrameworks/ProtectedCloudStorage.framework/Versions/A/ProtectedCloudStorage
0x00007ff81e72a000 	/System/Library/PrivateFrameworks/EFILogin.framework/Versions/A/EFILogin
0x00007ff81c608000 	/System/Library/PrivateFrameworks/OctagonTrust.framework/Versions/A/OctagonTrust
0x00007ff81146d000 	/System/Library/PrivateFrameworks/ViewBridge.framework/Versions/A/ViewBridge
0x0000000134163000 	/usr/lib/libobjc-trampolines.dylib
0x00007ff914568000 	/System/Library/Frameworks/Accelerate.framework/Versions/A/Frameworks/vImage.framework/Versions/A/Libraries/libCGInterfaces.dylib
0x00007ff815f3c000 	/System/Library/PrivateFrameworks/login.framework/Versions/A/login
0x00007ffa249ae000 	/System/Library/Extensions/AGXMetal13_3.bundle/Contents/MacOS/AGXMetal13_3
0x00007ff90ff5f000 	/System/Library/PrivateFrameworks/GPURawCounter.framework/Versions/A/GPURawCounter
0x00007ff90a86b000 	/System/Library/PrivateFrameworks/IOGPU.framework/Versions/A/IOGPU
0x00000001346b7000 	/Users/matth/Documents/GitHub/ChargedUp-2023/build/jni/release/libcscorejni.dylib
0x0000000134bb6000 	/Users/matth/Documents/GitHub/ChargedUp-2023/build/jni/release/libcscore.dylib
0x000000013984b000 	/Users/matth/Documents/GitHub/ChargedUp-2023/build/jni/release/libopencv_imgproc.4.6.dylib
0x0000000139042000 	/Users/matth/Documents/GitHub/ChargedUp-2023/build/jni/release/libopencv_flann.4.6.dylib
0x0000000139175000 	/Users/matth/Documents/GitHub/ChargedUp-2023/build/jni/release/libopencv_features2d.4.6.dylib
0x000000013ac73000 	/Users/matth/Documents/GitHub/ChargedUp-2023/build/jni/release/libopencv_gapi.4.6.dylib
0x00000001392fb000 	/Users/matth/Documents/GitHub/ChargedUp-2023/build/jni/release/libopencv_ml.4.6.dylib
0x000000013a2f4000 	/Users/matth/Documents/GitHub/ChargedUp-2023/build/jni/release/libopencv_calib3d.4.6.dylib
0x000000013be00000 	/Users/matth/Documents/GitHub/ChargedUp-2023/build/jni/release/libopencv_core.4.6.dylib
0x0000000139449000 	/Users/matth/Documents/GitHub/ChargedUp-2023/build/jni/release/libopencv_stitching.4.6.dylib
0x0000000134ad4000 	/Users/matth/Documents/GitHub/ChargedUp-2023/build/jni/release/libopencv_videoio.4.6.dylib
0x0000000134d73000 	/Users/matth/Documents/GitHub/ChargedUp-2023/build/jni/release/libopencv_highgui.4.6.dylib
0x000000013968c000 	/Users/matth/Documents/GitHub/ChargedUp-2023/build/jni/release/libopencv_objdetect.4.6.dylib
0x000000013a967000 	/Users/matth/Documents/GitHub/ChargedUp-2023/build/jni/release/libopencv_imgcodecs.4.6.dylib
0x000000013a726000 	/Users/matth/Documents/GitHub/ChargedUp-2023/build/jni/release/libopencv_video.4.6.dylib
0x000000013b7f6000 	/Users/matth/Documents/GitHub/ChargedUp-2023/build/jni/release/libopencv_photo.4.6.dylib
0x000000013957c000 	/Users/matth/Documents/GitHub/ChargedUp-2023/build/jni/release/libntcorejni.dylib
0x0000000134aa0000 	/Users/matth/Documents/GitHub/ChargedUp-2023/build/jni/release/libwpiutiljni.dylib
0x000000014426f000 	/Users/matth/Documents/GitHub/ChargedUp-2023/build/jni/release/libwpilibio.dylib
0x000000013c951000 	/Users/matth/Documents/GitHub/ChargedUp-2023/build/jni/release/libwpimathjni.dylib
0x00007ffb2228e000 	/usr/lib/libRosetta.dylib
0x00007ffb0a7e8000 	/System/Library/PrivateFrameworks/AccessibilityBundles.framework/Versions/A/AccessibilityBundles
0x00007ff81b34a000 	/System/Library/PrivateFrameworks/SystemAdministration.framework/Versions/A/SystemAdministration
0x00007ff81abfa000 	/System/Library/Frameworks/DirectoryService.framework/Versions/A/DirectoryService
0x00007ff81e5cc000 	/System/Library/PrivateFrameworks/DiskImages.framework/Versions/A/DiskImages
0x00007ff8141dc000 	/System/Library/Frameworks/ServiceManagement.framework/Versions/A/ServiceManagement
0x00007ff81e7a8000 	/System/Library/PrivateFrameworks/LoginUIKit.framework/Versions/A/Frameworks/LoginUICore.framework/Versions/A/LoginUICore
0x00007ff8160e5000 	/usr/lib/libodfde.dylib
0x00007ff81e73a000 	/usr/lib/libcurl.4.dylib
0x00007ffb226fa000 	/usr/lib/libcrypto.46.dylib
0x00007ffb22bef000 	/usr/lib/libssl.48.dylib
0x00007ff81e45e000 	/System/Library/Frameworks/LDAP.framework/Versions/A/LDAP
0x00007ff81e496000 	/System/Library/PrivateFrameworks/TrustEvaluationAgent.framework/Versions/A/TrustEvaluationAgent
0x00007ff817ae2000 	/usr/lib/libsasl2.2.dylib
0x00007ff81b33e000 	/System/Library/PrivateFrameworks/CoreDaemon.framework/Versions/B/CoreDaemon
0x00007ff81b339000 	/System/Library/PrivateFrameworks/AppleSRP.framework/Versions/A/AppleSRP
0x00007ff91050a000 	/System/Library/PrivateFrameworks/SidecarUI.framework/Versions/A/SidecarUI
0x00007ff90efbb000 	/System/Library/Frameworks/Carbon.framework/Versions/A/Carbon
0x00007ff90f65f000 	/System/Library/PrivateFrameworks/SidecarCore.framework/Versions/A/SidecarCore
0x00007ff822656000 	/System/Library/Frameworks/Carbon.framework/Versions/A/Frameworks/CommonPanels.framework/Versions/A/CommonPanels
0x00007ff81e726000 	/System/Library/Frameworks/Carbon.framework/Versions/A/Frameworks/Help.framework/Versions/A/Help
0x00007ff82265a000 	/System/Library/Frameworks/Carbon.framework/Versions/A/Frameworks/ImageCapture.framework/Versions/A/ImageCapture
0x00007ff82262a000 	/System/Library/Frameworks/Carbon.framework/Versions/A/Frameworks/OpenScripting.framework/Versions/A/OpenScripting
0x00007ff822652000 	/System/Library/Frameworks/Carbon.framework/Versions/A/Frameworks/Ink.framework/Versions/A/Ink
0x00007ff90efb7000 	/System/Library/Frameworks/Carbon.framework/Versions/A/Frameworks/Print.framework/Versions/A/Print
0x00007ff82264e000 	/System/Library/Frameworks/Carbon.framework/Versions/A/Frameworks/SecurityHI.framework/Versions/A/SecurityHI
0x00007ffa14d4c000 	/System/Library/PrivateFrameworks/VoiceShortcutClient.framework/Versions/A/VoiceShortcutClient
0x00007ff81ee54000 	/System/Library/PrivateFrameworks/IntentsFoundation.framework/Versions/A/IntentsFoundation
0x00007ff814a66000 	/System/Library/Frameworks/CoreSpotlight.framework/Versions/A/CoreSpotlight
0x00007ff81dbd4000 	/System/Library/PrivateFrameworks/CoreDuetContext.framework/Versions/A/CoreDuetContext
0x00007ff80d6ca000 	/System/Library/PrivateFrameworks/CoreDuet.framework/Versions/A/CoreDuet
0x00007ff81dc2b000 	/System/Library/Frameworks/Intents.framework/Versions/A/Intents
0x00007ff8157af000 	/System/Library/PrivateFrameworks/PlugInKit.framework/Versions/A/PlugInKit
0x00007ff81faa6000 	/System/Library/PrivateFrameworks/ProactiveSupport.framework/Versions/A/ProactiveSupport
0x00007ff812720000 	/System/Library/Frameworks/CoreLocation.framework/Versions/A/CoreLocation
0x00007ff8181b1000 	/System/Library/PrivateFrameworks/MobileAsset.framework/Versions/A/MobileAsset
0x00007ff8156b1000 	/System/Library/PrivateFrameworks/CrashReporterSupport.framework/Versions/A/CrashReporterSupport
0x00007ff81e9a9000 	/System/Library/PrivateFrameworks/InternationalTextSearch.framework/Versions/A/InternationalTextSearch
0x00007ff82095c000 	/System/Library/PrivateFrameworks/RTCReporting.framework/Versions/A/RTCReporting
0x00007ff81ede6000 	/System/Library/PrivateFrameworks/StreamingZip.framework/Versions/A/StreamingZip
0x00007ff91bf7f000 	/System/Library/PrivateFrameworks/OSAnalytics.framework/Versions/A/OSAnalytics
0x00007ff927131000 	/System/Library/PrivateFrameworks/Symbolication.framework/Versions/A/Symbolication
0x00007ff90ff21000 	/System/Library/PrivateFrameworks/MallocStackLogging.framework/Versions/A/MallocStackLogging
0x00007ff8191dc000 	/System/Library/PrivateFrameworks/GeoServices.framework/Versions/A/GeoServices
0x00007ff817839000 	/System/Library/PrivateFrameworks/LocationSupport.framework/Versions/A/LocationSupport
0x00007ffb0ff97000 	/System/Library/PrivateFrameworks/GeoServicesCore.framework/Versions/A/GeoServicesCore
0x00007ff90b703000 	/System/Library/PrivateFrameworks/PhoneNumbers.framework/Versions/A/PhoneNumbers
0x00007ff81c988000 	/System/Library/Frameworks/CoreTelephony.framework/Versions/A/CoreTelephony
0x00007ff81fbea000 	/System/Library/PrivateFrameworks/CoreDuetDebugLogging.framework/Versions/A/CoreDuetDebugLogging
0x00007ff81174b000 	/System/Library/PrivateFrameworks/ApplePushService.framework/Versions/A/ApplePushService
0x00007ff81179a000 	/System/Library/Frameworks/CloudKit.framework/Versions/A/CloudKit
0x00007ff81fbed000 	/System/Library/PrivateFrameworks/CoreDuetDaemonProtocol.framework/Versions/A/CoreDuetDaemonProtocol
0x00007ff81d1d2000 	/System/Library/PrivateFrameworks/Rapport.framework/Versions/A/Rapport
0x00007ff80ffdd000 	/System/Library/PrivateFrameworks/CommonUtilities.framework/Versions/A/CommonUtilities
0x00007ff81823b000 	/usr/lib/libTelephonyUtilDynamic.dylib
0x00007ff8160e9000 	/System/Library/PrivateFrameworks/Bom.framework/Versions/A/Bom
0x00007ff817b06000 	/usr/lib/libParallelCompression.dylib
0x00007ff81ee6b000 	/System/Library/PrivateFrameworks/C2.framework/Versions/A/C2
0x00007ffb0bf09000 	/System/Library/PrivateFrameworks/CloudKitDistributedSync.framework/Versions/A/CloudKitDistributedSync
0x00007ff81ee63000 	/System/Library/Frameworks/PushKit.framework/Versions/A/PushKit
0x00007ff81d1c8000 	/System/Library/PrivateFrameworks/CoreTime.framework/Versions/A/CoreTime


VM Arguments:
jvm_args: -Djava.library.path=/Users/matth/Documents/GitHub/ChargedUp-2023/build/jni/release -Dfile.encoding=UTF-8 -Duser.country=US -Duser.language=en -Duser.variant 
java_command: /Users/matth/Documents/GitHub/ChargedUp-2023/build/libs/ChargedUp-2023.jar
java_class_path (initial): /Users/matth/Documents/GitHub/ChargedUp-2023/build/libs/ChargedUp-2023.jar
Launcher Type: SUN_STANDARD

[Global flags]
     intx CICompilerCount                          = 4                                         {product} {ergonomic}
     uint ConcGCThreads                            = 2                                         {product} {ergonomic}
     uint G1ConcRefinementThreads                  = 8                                         {product} {ergonomic}
   size_t G1HeapRegionSize                         = 2097152                                   {product} {ergonomic}
    uintx GCDrainStackTargetSize                   = 64                                        {product} {ergonomic}
   size_t InitialHeapSize                          = 268435456                                 {product} {ergonomic}
   size_t MarkStackSize                            = 4194304                                   {product} {ergonomic}
   size_t MaxHeapSize                              = 4294967296                                {product} {ergonomic}
   size_t MaxNewSize                               = 2575302656                                {product} {ergonomic}
   size_t MinHeapDeltaBytes                        = 2097152                                   {product} {ergonomic}
   size_t MinHeapSize                              = 8388608                                   {product} {ergonomic}
    uintx NonNMethodCodeHeapSize                   = 5839372                                {pd product} {ergonomic}
    uintx NonProfiledCodeHeapSize                  = 122909434                              {pd product} {ergonomic}
    uintx ProfiledCodeHeapSize                     = 122909434                              {pd product} {ergonomic}
    uintx ReservedCodeCacheSize                    = 251658240                              {pd product} {ergonomic}
     bool SegmentedCodeCache                       = true                                      {product} {ergonomic}
   size_t SoftMaxHeapSize                          = 4294967296                             {manageable} {ergonomic}
     bool UseCompressedClassPointers               = true                           {product lp64_product} {ergonomic}
     bool UseCompressedOops                        = true                           {product lp64_product} {ergonomic}
     bool UseG1GC                                  = true                                      {product} {ergonomic}
     bool UseNUMA                                  = false                                     {product} {ergonomic}
     bool UseNUMAInterleaving                      = false                                     {product} {ergonomic}

Logging:
Log output configuration:
 #0: 
[error occurred during error reporting (printing log configuration), id 0xb, SIGSEGV (0xb) at pc=0x000000010e24aa5f]

Environment Variables:
JAVA_HOME=/Library/Java/JavaVirtualMachines/jdk-17.0.1.jdk/Contents/Home
PATH=/Library/Frameworks/Python.framework/Versions/3.11/bin:/Library/Frameworks/Python.framework/Versions/3.10/bin:/opt/homebrew/bin:/opt/homebrew/sbin:/opt/homebrew/bin:/opt/homebrew/sbin:/usr/local/bin:/usr/bin:/bin:/usr/sbin:/sbin:/Applications/VMware Fusion.app/Contents/Public:/Library/Apple/usr/bin:/Library/Frameworks/Mono.framework/Versions/Current/Commands:/Users/matth/.cargo/bin
LD_LIBRARY_PATH=/Users/matth/Documents/GitHub/ChargedUp-2023/build/jni/release
SHELL=/bin/zsh
LC_CTYPE=en_US.UTF-8
DYLD_LIBRARY_PATH=/Users/matth/Documents/GitHub/ChargedUp-2023/build/jni/release
DYLD_FALLBACK_LIBRARY_PATH=/Users/matth/Documents/GitHub/ChargedUp-2023/build/jni/release

Signal Handlers:
   SIGSEGV: _ZL13crash_handleriP9__siginfoPv in libjvm.dylib, mask=11100110100111111111111111111111, flags=SA_RESTART|SA_SIGINFO
    SIGBUS: _ZL13crash_handleriP9__siginfoPv in libjvm.dylib, mask=11100110100111111111111111111111, flags=SA_RESTART|SA_SIGINFO
    SIGFPE: _ZL13crash_handleriP9__siginfoPv in libjvm.dylib, mask=11100110100111111111111111111111, flags=SA_RESTART|SA_SIGINFO
   SIGPIPE: SIG_IGN, mask=00000000000000000000000000000000, flags=SA_RESTART
  *** Handler was modified!
  *** Expected: _ZL17javaSignalHandleriP9__siginfoPv in libjvm.dylib, mask=11100110100111111111111111111111, flags=SA_RESTART|SA_SIGINFO
   SIGXFSZ: _ZL17javaSignalHandleriP9__siginfoPv in libjvm.dylib, mask=11100110100111111111111111111111, flags=SA_RESTART|SA_SIGINFO
    SIGILL: _ZL13crash_handleriP9__siginfoPv in libjvm.dylib, mask=11100110100111111111111111111111, flags=SA_RESTART|SA_SIGINFO
   SIGUSR2: _ZL10SR_handleriP9__siginfoP17__darwin_ucontext in libjvm.dylib, mask=00100000000000000000000000000000, flags=SA_RESTART|SA_SIGINFO
    SIGHUP: _ZL11UserHandleriPvS_ in libjvm.dylib, mask=11100110100111111111111111111111, flags=SA_RESTART|SA_SIGINFO
    SIGINT: _ZL11UserHandleriPvS_ in libjvm.dylib, mask=11100110100111111111111111111111, flags=SA_RESTART|SA_SIGINFO
   SIGTERM: _ZL11UserHandleriPvS_ in libjvm.dylib, mask=11100110100111111111111111111111, flags=SA_RESTART|SA_SIGINFO
   SIGQUIT: _ZL11UserHandleriPvS_ in libjvm.dylib, mask=11100110100111111111111111111111, flags=SA_RESTART|SA_SIGINFO
   SIGTRAP: _ZL13crash_handleriP9__siginfoPv in libjvm.dylib, mask=11100110100111111111111111111111, flags=SA_RESTART|SA_SIGINFO


---------------  S Y S T E M  ---------------

OS:
uname: Darwin 21.6.0 Darwin Kernel Version 21.6.0: Sat Jun 18 17:05:47 PDT 2022; root:xnu-8020.140.41~1/RELEASE_ARM64_T8101 x86_64
OS uptime: 15 days 0:39 hours
rlimit (soft/hard): STACK 8176k/65520k , CORE 0k/infinity , NPROC 2666/4000 , NOFILE 10240/infinity , AS infinity/infinity , CPU infinity/infinity , DATA infinity/infinity , FSIZE infinity/infinity , MEMLOCK infinity/infinity , RSS infinity/infinity
load average: 7.77 7.25 6.90

CPU: (EMULATED) total 8 (initial active 8) (1 cores per cpu, 1 threads per core) family 6 model 44 stepping 0 microcode 0x0, cx8, cmov, fxsr, mmx, sse, sse2, sse3, ssse3, sse4.1, sse4.2, popcnt, tsc, tscinvbit, aes, clmul, clflush

Memory: 4k page, physical 16777216k(23800k free), swap 9437184k(1241984k free)

vm_info: Java HotSpot(TM) 64-Bit Server VM (17.0.1+12-LTS-39) for bsd-amd64 JRE (17.0.1+12-LTS-39), built on Sep 27 2021 17:40:18 by "mach5one" with clang Apple LLVM 12.0.0 (clang-1200.0.32.29)

END.
