#
# A fatal error has been detected by the Java Runtime Environment:
#
#  SIGSEGV (0xb) at pc=0x000000013562f44b, pid=83165, tid=259
#
# JRE version: Java(TM) SE Runtime Environment (17.0.1+12) (build 17.0.1+12-LTS-39)
# Java VM: Java HotSpot(TM) 64-Bit Server VM (17.0.1+12-LTS-39, mixed mode, sharing, tiered, compressed oops, compressed class ptrs, g1 gc, bsd-amd64)
# Problematic frame:
# C  [libhalsim_gui.dylib+0x1e44b]  _ZNSt3__110__function6__funcIZN9halsimgui19NetworkTablesSimGui10InitializeEvE3$_0NS_9allocatorIS4_EEFvvEEclEv+0xb
#
# No core dump will be written. Core dumps have been disabled. To enable core dumping, try "ulimit -c unlimited" before starting Java again
#
# If you would like to submit a bug report, please visit:
#   https://bugreport.java.com/bugreport/crash.jsp
# The crash happened outside the Java Virtual Machine in native code.
# See problematic frame for where to report the bug.
#

---------------  S U M M A R Y ------------

Command Line: -Djava.library.path=/Users/matth/Documents/GitHub/ChargedUp-2023/build/jni/release -Dfile.encoding=UTF-8 -Duser.country=US -Duser.language=en -Duser.variant /Users/matth/Documents/GitHub/ChargedUp-2023/build/libs/ChargedUp-2023.jar

Host: "MacBookAir10,1" x86_64 (EMULATED) 2400 MHz, 8 cores, 16G, Darwin 21.6.0, macOS 12.5 (21G72)
Time: Sat Jan 28 01:36:57 2023 EST elapsed time: 173.269449 seconds (0d 0h 2m 53s)

---------------  T H R E A D  ---------------

Current thread (0x00007f8445008e00):  JavaThread "main" [_thread_in_native, id=259, stack(0x000000030c7c0000,0x000000030cfc0000)]

Stack: [0x000000030c7c0000,0x000000030cfc0000],  sp=0x000000030cfbc960,  free space=8178k
Native frames: (J=compiled Java code, j=interpreted, Vv=VM code, C=native code)
C  [libhalsim_gui.dylib+0x1e44b]  _ZNSt3__110__function6__funcIZN9halsimgui19NetworkTablesSimGui10InitializeEvE3$_0NS_9allocatorIS4_EEFvvEEclEv+0xb
C  [libhalsim_gui.dylib+0x87d35]  _ZN3wpi3gui17CommonRenderFrameEv+0x75
C  [libhalsim_gui.dylib+0x9b516]  _ZN3wpi3gui19PlatformRenderFrameEv+0x326
C  [libhalsim_gui.dylib+0x87c37]  _ZN3wpi3gui4MainEv+0x107
C  [libhalsim_gui.dylib+0x1dbf9]  _ZZ20HALSIM_InitExtensionEN3$_28__invokeEPv+0x9
j  edu.wpi.first.hal.HAL.runMain()V+0
j  edu.wpi.first.wpilibj.RobotBase.startRobot(Ljava/util/function/Supplier;)V+83
j  com.team4099.robot2023.Main$Companion.main([Ljava/lang/String;)V+11
j  com.team4099.robot2023.Main.main([Ljava/lang/String;)V+4
v  ~StubRoutines::call_stub
V  [libjvm.dylib+0x502a21]  _ZN9JavaCalls11call_helperEP9JavaValueRK12methodHandleP17JavaCallArgumentsP10JavaThread+0x2a1
V  [libjvm.dylib+0x564412]  _ZL17jni_invoke_staticP7JNIEnv_P9JavaValueP8_jobject11JNICallTypeP10_jmethodIDP18JNI_ArgumentPusherP10JavaThread+0x152
V  [libjvm.dylib+0x5677d3]  jni_CallStaticVoidMethod+0x183
C  [libjli.dylib+0x50bf]  JavaMain+0x9bf
C  [libjli.dylib+0x7a5c]  __JVMInit_block_invoke+0x4c
C  [Foundation+0x41ae1]  __NSBLOCKOPERATION_IS_CALLING_OUT_TO_A_BLOCK__+0x7
C  [Foundation+0x419d9]  -[NSBlockOperation main]+0x62
C  [Foundation+0x4196f]  __NSOPERATION_IS_INVOKING_MAIN__+0x11
C  [Foundation+0x40bdb]  -[NSOperation start]+0x311
C  [Foundation+0x814f7]  __NSThreadPerformPerform+0xb3
C  [CoreFoundation+0x7f37a]  __CFRUNLOOP_IS_CALLING_OUT_TO_A_SOURCE0_PERFORM_FUNCTION__+0x11
C  [CoreFoundation+0x7f2e2]  __CFRunLoopDoSource0+0xb4
C  [CoreFoundation+0x7f060]  __CFRunLoopDoSources0+0xf2
C  [CoreFoundation+0x7da70]  __CFRunLoopRun+0x37c
C  [CoreFoundation+0x7d034]  CFRunLoopRunSpecific+0x232
C  [libjli.dylib+0x70b2]  CreateExecutionEnvironment+0x182
C  [libjli.dylib+0x2c15]  JLI_Launch+0x585
C  [java+0x3c09]  main+0x189
C  0x000000020484b52e

Java frames: (J=compiled Java code, j=interpreted, Vv=VM code)
j  edu.wpi.first.hal.HAL.runMain()V+0
j  edu.wpi.first.wpilibj.RobotBase.startRobot(Ljava/util/function/Supplier;)V+83
j  com.team4099.robot2023.Main$Companion.main([Ljava/lang/String;)V+11
j  com.team4099.robot2023.Main.main([Ljava/lang/String;)V+4
v  ~StubRoutines::call_stub

siginfo: si_signo: 11 (SIGSEGV), si_code: 1 (SEGV_MAPERR), si_addr: 0x0000000000000000

Register to memory mapping:

RAX=0x0000000135a03608: _ZTVNSt3__110__function6__funcIZN9halsimgui19NetworkTablesSimGui10InitializeEvE3$_0NS_9allocatorIS4_EEFvvEEE+0x10 in /Users/matth/Documents/GitHub/ChargedUp-2023/build/jni/release/libhalsim_gui.dylib at 0x0000000135611000
RBX=0x0000000000000004 is an unknown value
RCX=0x00007f84447156b0 points into unknown readable memory: 0x0000000135a018e8 | e8 18 a0 35 01 00 00 00
RDX=0x0000000000000005 is an unknown value
RSP=0x000000030cfbc960 is pointing into the stack for thread: 0x00007f8445008e00
RBP=0x000000030cfbc960 is pointing into the stack for thread: 0x00007f8445008e00
RSI=0x0 is NULL
RDI=0x0 is NULL
R8 =0x0000000000000523 is an unknown value
R9 =0x0 is NULL
R10=0x0 is NULL
R11=0x0 is NULL
R12=0x00007ff80987f300: objc_release+0 in /usr/lib/libobjc.A.dylib at 0x00007ff809876000
R13=0x000060000181ae00 points into unknown readable memory: 0x021dfff84b440265 | 65 02 44 4b f8 ff 1d 02
R14=0xaaaaaaaaaaaaaaab is an unknown value
R15=0x00000000000000e0 is an unknown value


Registers:
RAX=0x0000000135a03608, RBX=0x0000000000000004, RCX=0x00007f84447156b0, RDX=0x0000000000000005
RSP=0x000000030cfbc960, RBP=0x000000030cfbc960, RSI=0x0000000000000000, RDI=0x0000000000000000
R8 =0x0000000000000523, R9 =0x0000000000000000, R10=0x0000000000000000, R11=0x0000000000000000
R12=0x00007ff80987f300, R13=0x000060000181ae00, R14=0xaaaaaaaaaaaaaaab, R15=0x00000000000000e0
RIP=0x000000013562f44b, EFLAGS=0x0000000000000202, ERR=0x0000000000000004
  TRAPNO=0x000000000000000e

Top of Stack: (sp=0x000000030cfbc960)
0x000000030cfbc960:   000000030cfbc990 0000000135698d35
0x000000030cfbc970:   031dfff84b72d321 00007f84350a7990
0x000000030cfbc980:   000060000096c960 00006000004b9560
0x000000030cfbc990:   000000030cfbca50 00000001356ac516
0x000000030cfbc9a0:   3fdcccccc0000000 3fe19999a0000000
0x000000030cfbc9b0:   3fe3333340000000 3ff0000000000000
0x000000030cfbc9c0:   3fdcccccc0000000 3fe19999a0000000
0x000000030cfbc9d0:   3fe3333340000000 3ff0000000000000
0x000000030cfbc9e0:   3fdcccccc0000000 3fe19999a0000000
0x000000030cfbc9f0:   3fe3333340000000 3ff0000000000000
0x000000030cfbca00:   0000000000000000 00007f845480c1e8
0x000000030cfbca10:   000060000181ae00 0000069e000005a0
0x000000030cfbca20:   00007f84350a7990 00007f843482e608
0x000000030cfbca30:   0000000000000000 000000013240db68
0x000000030cfbca40:   000000030cfbca66 0000000000000000
0x000000030cfbca50:   000000030cfbca80 0000000135698c37
0x000000030cfbca60:   000000010dc1b7e0 000000013240db68
0x000000030cfbca70:   000000030cfbcb08 00007f8445008e00
0x000000030cfbca80:   000000030cfbca90 000000013562ebf9
0x000000030cfbca90:   000000030cfbcaf0 0000000117c95365
0x000000030cfbcaa0:   0000000117c950b6 000000030cfbcaa8
0x000000030cfbcab0:   000000013240db68 000000030cfbcb08
0x000000030cfbcac0:   000000013240ef98 0000000000000000
0x000000030cfbcad0:   0000000706a07a58 000000013240db68
0x000000030cfbcae0:   0000000000000000 000000030cfbcb10
0x000000030cfbcaf0:   000000030cfbcb58 0000000117c9142b
0x000000030cfbcb00:   0000000706a07a58 0000000117c92f18
0x000000030cfbcb10:   000000030cfbcb10 000000013240ba63
0x000000030cfbcb20:   000000030cfbcb80 000000013240c758
0x000000030cfbcb30:   0000000000000000 0000000706a07ad0
0x000000030cfbcb40:   000000013240bb00 000000030cfbcb10
0x000000030cfbcb50:   000000030cfbcb80 000000030cfbcbd0 

Instructions: (pc=0x000000013562f44b)
0x000000013562f34b:   fb 75 0e 48 8b 07 ff 50 20 4c 89 f7 e8 fc 45 31
0x000000013562f35b:   00 48 85 ff 74 06 48 8b 07 ff 50 28 4c 89 f7 e8
0x000000013562f36b:   e9 45 31 00 49 89 c6 48 89 df e8 da 49 31 00 4c
0x000000013562f37b:   89 f7 e8 d6 45 31 00 66 2e 0f 1f 84 00 00 00 00
0x000000013562f38b:   00 0f 1f 40 00 55 48 89 e5 48 8b 3d fd 24 3e 00
0x000000013562f39b:   48 85 ff 74 0c 48 8d 35 a9 6d 3a 00 e8 44 ce 04
0x000000013562f3ab:   00 48 8b 3d ed 24 3e 00 48 85 ff 74 0d 48 8d 35
0x000000013562f3bb:   a4 6d 3a 00 5d e9 2b ce 04 00 5d c3 66 0f 1f 84
0x000000013562f3cb:   00 00 00 00 00 55 48 89 e5 5d c3 66 2e 0f 1f 84
0x000000013562f3db:   00 00 00 00 00 55 48 89 e5 5d e9 6a 49 31 00 66
0x000000013562f3eb:   0f 1f 44 00 00 55 48 89 e5 bf 10 00 00 00 e8 5c
0x000000013562f3fb:   49 31 00 48 8d 0d 03 42 3d 00 48 89 08 5d c3 66
0x000000013562f40b:   0f 1f 44 00 00 55 48 89 e5 48 8d 05 ed 41 3d 00
0x000000013562f41b:   48 89 06 5d c3 55 48 89 e5 5d c3 66 2e 0f 1f 84
0x000000013562f42b:   00 00 00 00 00 55 48 89 e5 5d e9 1a 49 31 00 66
0x000000013562f43b:   0f 1f 44 00 00 55 48 89 e5 48 8b 3d 45 24 3e 00
0x000000013562f44b:   48 8b 07 5d ff 60 10 66 2e 0f 1f 84 00 00 00 00
0x000000013562f45b:   00 0f 1f 40 00 55 48 89 e5 48 8d 0d 4e f8 31 00
0x000000013562f46b:   48 83 c7 08 31 c0 48 39 4e 08 48 0f 44 c7 5d c3
0x000000013562f47b:   0f 1f 44 00 00 55 48 89 e5 48 8d 05 dd 41 3d 00
0x000000013562f48b:   5d c3 0f 1f 00 55 48 89 e5 5d c3 66 2e 0f 1f 84
0x000000013562f49b:   00 00 00 00 00 55 48 89 e5 5d e9 aa 48 31 00 66
0x000000013562f4ab:   0f 1f 44 00 00 55 48 89 e5 bf 10 00 00 00 e8 9c
0x000000013562f4bb:   48 31 00 48 8d 0d c3 41 3d 00 48 89 08 5d c3 66
0x000000013562f4cb:   0f 1f 44 00 00 55 48 89 e5 48 8d 05 ad 41 3d 00
0x000000013562f4db:   48 89 06 5d c3 55 48 89 e5 5d c3 66 2e 0f 1f 84
0x000000013562f4eb:   00 00 00 00 00 55 48 89 e5 5d e9 5a 48 31 00 66
0x000000013562f4fb:   0f 1f 44 00 00 55 48 89 e5 48 8b 3d 8d 23 3e 00
0x000000013562f50b:   5d e9 4f c9 04 00 66 2e 0f 1f 84 00 00 00 00 00
0x000000013562f51b:   0f 1f 44 00 00 55 48 89 e5 48 8d 0d 2c f8 31 00
0x000000013562f52b:   48 83 c7 08 31 c0 48 39 4e 08 48 0f 44 c7 5d c3
0x000000013562f53b:   0f 1f 44 00 00 55 48 89 e5 48 8d 05 9d 41 3d 00 


Stack slot to memory mapping:
stack at sp + 0 slots: 0x000000030cfbc990 is pointing into the stack for thread: 0x00007f8445008e00
stack at sp + 1 slots: 0x0000000135698d35: _ZN3wpi3gui17CommonRenderFrameEv+0x75 in /Users/matth/Documents/GitHub/ChargedUp-2023/build/jni/release/libhalsim_gui.dylib at 0x0000000135611000
stack at sp + 2 slots: 0x031dfff84b72d321 is an unknown value
stack at sp + 3 slots: 0x00007f84350a7990 points into unknown readable memory: 0x021dfffa4cfd0a6d | 6d 0a fd 4c fa ff 1d 02
stack at sp + 4 slots: 0x000060000096c960 points into unknown readable memory: 0x021dfff84b72d321 | 21 d3 72 4b f8 ff 1d 02
stack at sp + 5 slots: 0x00006000004b9560 points into unknown readable memory: 0x011dfffa4cfd1289 | 89 12 fd 4c fa ff 1d 01
stack at sp + 6 slots: 0x000000030cfbca50 is pointing into the stack for thread: 0x00007f8445008e00
stack at sp + 7 slots: 0x00000001356ac516: _ZN3wpi3gui19PlatformRenderFrameEv+0x326 in /Users/matth/Documents/GitHub/ChargedUp-2023/build/jni/release/libhalsim_gui.dylib at 0x0000000135611000


---------------  P R O C E S S  ---------------

Threads class SMR info:
_java_thread_list=0x0000600003649340, length=15, elements={
0x00007f8445008e00, 0x00007f8454816e00, 0x00007f8454827000, 0x00007f844504d600,
0x00007f844504dc00, 0x00007f844504ac00, 0x00007f844504b200, 0x00007f844504b800,
0x00007f8454827600, 0x00007f844504f200, 0x00007f84448b9e00, 0x00007f8445116400,
0x00007f84449c8a00, 0x00007f84548e3400, 0x00007f8445134400
}

Java Threads: ( => current thread )
=>0x00007f8445008e00 JavaThread "main" [_thread_in_native, id=259, stack(0x000000030c7c0000,0x000000030cfc0000)]
  0x00007f8454816e00 JavaThread "Reference Handler" daemon [_thread_blocked, id=22027, stack(0x000000030d656000,0x000000030d756000)]
  0x00007f8454827000 JavaThread "Finalizer" daemon [_thread_blocked, id=42755, stack(0x000000030d759000,0x000000030d859000)]
  0x00007f844504d600 JavaThread "Signal Dispatcher" daemon [_thread_blocked, id=24835, stack(0x000000030d96b000,0x000000030da6b000)]
  0x00007f844504dc00 JavaThread "Service Thread" daemon [_thread_blocked, id=25347, stack(0x000000030da6e000,0x000000030db6e000)]
  0x00007f844504ac00 JavaThread "Monitor Deflation Thread" daemon [_thread_blocked, id=40707, stack(0x000000030db71000,0x000000030dc71000)]
  0x00007f844504b200 JavaThread "C2 CompilerThread0" daemon [_thread_blocked, id=40195, stack(0x000000030dc74000,0x000000030dd74000)]
  0x00007f844504b800 JavaThread "C1 CompilerThread0" daemon [_thread_blocked, id=25603, stack(0x000000030dd77000,0x000000030de77000)]
  0x00007f8454827600 JavaThread "Sweeper thread" daemon [_thread_blocked, id=39683, stack(0x000000030de7a000,0x000000030df7a000)]
  0x00007f844504f200 JavaThread "Notification Thread" daemon [_thread_blocked, id=26643, stack(0x000000030df7d000,0x000000030e07d000)]
  0x00007f84448b9e00 JavaThread "Common-Cleaner" daemon [_thread_blocked, id=26891, stack(0x000000030e183000,0x000000030e283000)]
  0x00007f8445116400 JavaThread "robot main" daemon [_thread_blocked, id=53859, stack(0x000000030e525000,0x000000030e625000)]
  0x00007f84449c8a00 JavaThread "Thread-0" daemon [_thread_in_vm, id=69787, stack(0x00000003106a7000,0x00000003107a7000)]
  0x00007f84548e3400 JavaThread "LogReceiver" daemon [_thread_blocked, id=66091, stack(0x00000003107aa000,0x00000003108aa000)]
  0x00007f8445134400 JavaThread "SIGTERM handler" daemon [_thread_blocked, id=173195, stack(0x0000000310e3f000,0x0000000310f3f000)]

Other Threads:
  0x00007f844470b3b0 VMThread "VM Thread" [stack: 0x000000030d553000,0x000000030d653000] [id=15619]
  0x00007f84447071c0 GCTaskThread "GC Thread#0" [stack: 0x000000030d044000,0x000000030d144000] [id=13059]
  0x00007f84147081a0 GCTaskThread "GC Thread#1" [stack: 0x0000000310930000,0x0000000310a30000] [id=69167]
  0x00007f8435074d20 GCTaskThread "GC Thread#2" [stack: 0x0000000310a33000,0x0000000310b33000] [id=68611]
  0x00007f84447d9a10 GCTaskThread "GC Thread#3" [stack: 0x0000000310b36000,0x0000000310c36000] [id=174339]
  0x00007f84347f2030 GCTaskThread "GC Thread#4" [stack: 0x0000000310c39000,0x0000000310d39000] [id=87811]
  0x00007f84447d9cb0 GCTaskThread "GC Thread#5" [stack: 0x0000000310d3c000,0x0000000310e3c000] [id=88323]
  0x00007f84347042b0 ConcurrentGCThread "G1 Main Marker" terminated
  0x00007f8434704b30 ConcurrentGCThread "G1 Conc#0" [stack: 0x000000030d24a000,0x000000030d34a000] [id=13827]
  0x00007f8434707390 ConcurrentGCThread "G1 Refine#0" terminated
  0x00007f8444707770 ConcurrentGCThread "G1 Service" terminated

Threads with active compile tasks:

VM state: at safepoint (shutting down)

VM Mutex/Monitor currently owned by a thread:  ([mutex/lock_event])
[0x0000600001860700] Threads_lock - owner thread: 0x00007f844470b3b0
[0x0000600001860c80] Heap_lock - owner thread: 0x00007f8445134400

Heap address: 0x0000000700000000, size: 4096 MB, Compressed Oops mode: Zero based, Oop shift amount: 3

CDS archive(s) mapped at: [0x0000000800000000-0x0000000800bd4000-0x0000000800bd4000), size 12402688, SharedBaseAddress: 0x0000000800000000, ArchiveRelocationMode: 0.
Compressed class space mapped at: 0x0000000800c00000-0x0000000840c00000, reserved size: 1073741824
Narrow klass base: 0x0000000800000000, Narrow klass shift: 0, Narrow klass range: 0x100000000

GC Precious Log:
 CPUs: 8 total, 8 available
 Memory: 16384M
 Large Page Support: Disabled
 NUMA Support: Disabled
 Compressed Oops: Enabled (Zero based)
 Heap Region Size: 2M
 Heap Min Capacity: 8M
 Heap Initial Capacity: 256M
 Heap Max Capacity: 4G
 Pre-touch: Disabled
 Parallel Workers: 8
 Concurrent Workers: 2
 Concurrent Refinement Workers: 8
 Periodic GC: Disabled

Heap:
 garbage-first heap   total 266240K, used 147502K [0x0000000700000000, 0x0000000800000000)
  region size 2048K, 73 young (149504K), 2 survivors (4096K)
 Metaspace       used 5354K, committed 5568K, reserved 1056768K
  class space    used 469K, committed 576K, reserved 1048576K

Heap Regions: E=young(eden), S=young(survivor), O=old, HS=humongous(starts), HC=humongous(continues), CS=collection set, F=free, OA=open archive, CA=closed archive, TAMS=top-at-mark-start (previous, next)
|   0|0x0000000700000000, 0x0000000700000000, 0x0000000700200000|  0%| F|  |TAMS 0x0000000700000000, 0x0000000700000000| Untracked 
|   1|0x0000000700200000, 0x0000000700200000, 0x0000000700400000|  0%| F|  |TAMS 0x0000000700200000, 0x0000000700200000| Untracked 
|   2|0x0000000700400000, 0x0000000700400000, 0x0000000700600000|  0%| F|  |TAMS 0x0000000700400000, 0x0000000700400000| Untracked 
|   3|0x0000000700600000, 0x0000000700600000, 0x0000000700800000|  0%| F|  |TAMS 0x0000000700600000, 0x0000000700600000| Untracked 
|   4|0x0000000700800000, 0x0000000700800000, 0x0000000700a00000|  0%| F|  |TAMS 0x0000000700800000, 0x0000000700800000| Untracked 
|   5|0x0000000700a00000, 0x0000000700a00000, 0x0000000700c00000|  0%| F|  |TAMS 0x0000000700a00000, 0x0000000700a00000| Untracked 
|   6|0x0000000700c00000, 0x0000000700c00000, 0x0000000700e00000|  0%| F|  |TAMS 0x0000000700c00000, 0x0000000700c00000| Untracked 
|   7|0x0000000700e00000, 0x0000000700e00000, 0x0000000701000000|  0%| F|  |TAMS 0x0000000700e00000, 0x0000000700e00000| Untracked 
|   8|0x0000000701000000, 0x0000000701000000, 0x0000000701200000|  0%| F|  |TAMS 0x0000000701000000, 0x0000000701000000| Untracked 
|   9|0x0000000701200000, 0x0000000701200000, 0x0000000701400000|  0%| F|  |TAMS 0x0000000701200000, 0x0000000701200000| Untracked 
|  10|0x0000000701400000, 0x0000000701400000, 0x0000000701600000|  0%| F|  |TAMS 0x0000000701400000, 0x0000000701400000| Untracked 
|  11|0x0000000701600000, 0x0000000701600000, 0x0000000701800000|  0%| F|  |TAMS 0x0000000701600000, 0x0000000701600000| Untracked 
|  12|0x0000000701800000, 0x0000000701800000, 0x0000000701a00000|  0%| F|  |TAMS 0x0000000701800000, 0x0000000701800000| Untracked 
|  13|0x0000000701a00000, 0x0000000701a00000, 0x0000000701c00000|  0%| F|  |TAMS 0x0000000701a00000, 0x0000000701a00000| Untracked 
|  14|0x0000000701c00000, 0x0000000701c00000, 0x0000000701e00000|  0%| F|  |TAMS 0x0000000701c00000, 0x0000000701c00000| Untracked 
|  15|0x0000000701e00000, 0x0000000701e00000, 0x0000000702000000|  0%| F|  |TAMS 0x0000000701e00000, 0x0000000701e00000| Untracked 
|  16|0x0000000702000000, 0x0000000702000000, 0x0000000702200000|  0%| F|  |TAMS 0x0000000702000000, 0x0000000702000000| Untracked 
|  17|0x0000000702200000, 0x0000000702200000, 0x0000000702400000|  0%| F|  |TAMS 0x0000000702200000, 0x0000000702200000| Untracked 
|  18|0x0000000702400000, 0x0000000702400000, 0x0000000702600000|  0%| F|  |TAMS 0x0000000702400000, 0x0000000702400000| Untracked 
|  19|0x0000000702600000, 0x0000000702600000, 0x0000000702800000|  0%| F|  |TAMS 0x0000000702600000, 0x0000000702600000| Untracked 
|  20|0x0000000702800000, 0x0000000702800000, 0x0000000702a00000|  0%| F|  |TAMS 0x0000000702800000, 0x0000000702800000| Untracked 
|  21|0x0000000702a00000, 0x0000000702a00000, 0x0000000702c00000|  0%| F|  |TAMS 0x0000000702a00000, 0x0000000702a00000| Untracked 
|  22|0x0000000702c00000, 0x0000000702c00000, 0x0000000702e00000|  0%| F|  |TAMS 0x0000000702c00000, 0x0000000702c00000| Untracked 
|  23|0x0000000702e00000, 0x0000000702e00000, 0x0000000703000000|  0%| F|  |TAMS 0x0000000702e00000, 0x0000000702e00000| Untracked 
|  24|0x0000000703000000, 0x0000000703000000, 0x0000000703200000|  0%| F|  |TAMS 0x0000000703000000, 0x0000000703000000| Untracked 
|  25|0x0000000703200000, 0x0000000703200000, 0x0000000703400000|  0%| F|  |TAMS 0x0000000703200000, 0x0000000703200000| Untracked 
|  26|0x0000000703400000, 0x0000000703400000, 0x0000000703600000|  0%| F|  |TAMS 0x0000000703400000, 0x0000000703400000| Untracked 
|  27|0x0000000703600000, 0x0000000703600000, 0x0000000703800000|  0%| F|  |TAMS 0x0000000703600000, 0x0000000703600000| Untracked 
|  28|0x0000000703800000, 0x0000000703800000, 0x0000000703a00000|  0%| F|  |TAMS 0x0000000703800000, 0x0000000703800000| Untracked 
|  29|0x0000000703a00000, 0x0000000703a00000, 0x0000000703c00000|  0%| F|  |TAMS 0x0000000703a00000, 0x0000000703a00000| Untracked 
|  30|0x0000000703c00000, 0x0000000703c00000, 0x0000000703e00000|  0%| F|  |TAMS 0x0000000703c00000, 0x0000000703c00000| Untracked 
|  31|0x0000000703e00000, 0x0000000703e00000, 0x0000000704000000|  0%| F|  |TAMS 0x0000000703e00000, 0x0000000703e00000| Untracked 
|  32|0x0000000704000000, 0x0000000704000000, 0x0000000704200000|  0%| F|  |TAMS 0x0000000704000000, 0x0000000704000000| Untracked 
|  33|0x0000000704200000, 0x0000000704200000, 0x0000000704400000|  0%| F|  |TAMS 0x0000000704200000, 0x0000000704200000| Untracked 
|  34|0x0000000704400000, 0x0000000704400000, 0x0000000704600000|  0%| F|  |TAMS 0x0000000704400000, 0x0000000704400000| Untracked 
|  35|0x0000000704600000, 0x0000000704600000, 0x0000000704800000|  0%| F|  |TAMS 0x0000000704600000, 0x0000000704600000| Untracked 
|  36|0x0000000704800000, 0x0000000704800000, 0x0000000704a00000|  0%| F|  |TAMS 0x0000000704800000, 0x0000000704800000| Untracked 
|  37|0x0000000704a00000, 0x0000000704a00000, 0x0000000704c00000|  0%| F|  |TAMS 0x0000000704a00000, 0x0000000704a00000| Untracked 
|  38|0x0000000704c00000, 0x0000000704c00000, 0x0000000704e00000|  0%| F|  |TAMS 0x0000000704c00000, 0x0000000704c00000| Untracked 
|  39|0x0000000704e00000, 0x0000000704e00000, 0x0000000705000000|  0%| F|  |TAMS 0x0000000704e00000, 0x0000000704e00000| Untracked 
|  40|0x0000000705000000, 0x0000000705000000, 0x0000000705200000|  0%| F|  |TAMS 0x0000000705000000, 0x0000000705000000| Untracked 
|  41|0x0000000705200000, 0x0000000705200000, 0x0000000705400000|  0%| F|  |TAMS 0x0000000705200000, 0x0000000705200000| Untracked 
|  42|0x0000000705400000, 0x0000000705400000, 0x0000000705600000|  0%| F|  |TAMS 0x0000000705400000, 0x0000000705400000| Untracked 
|  43|0x0000000705600000, 0x0000000705600000, 0x0000000705800000|  0%| F|  |TAMS 0x0000000705600000, 0x0000000705600000| Untracked 
|  44|0x0000000705800000, 0x0000000705800000, 0x0000000705a00000|  0%| F|  |TAMS 0x0000000705800000, 0x0000000705800000| Untracked 
|  45|0x0000000705a00000, 0x0000000705a00000, 0x0000000705c00000|  0%| F|  |TAMS 0x0000000705a00000, 0x0000000705a00000| Untracked 
|  46|0x0000000705c00000, 0x0000000705c00000, 0x0000000705e00000|  0%| F|  |TAMS 0x0000000705c00000, 0x0000000705c00000| Untracked 
|  47|0x0000000705e00000, 0x0000000705e00000, 0x0000000706000000|  0%| F|  |TAMS 0x0000000705e00000, 0x0000000705e00000| Untracked 
|  48|0x0000000706000000, 0x0000000706000000, 0x0000000706200000|  0%| F|  |TAMS 0x0000000706000000, 0x0000000706000000| Untracked 
|  49|0x0000000706200000, 0x0000000706200000, 0x0000000706400000|  0%| F|  |TAMS 0x0000000706200000, 0x0000000706200000| Untracked 
|  50|0x0000000706400000, 0x0000000706400000, 0x0000000706600000|  0%| F|  |TAMS 0x0000000706400000, 0x0000000706400000| Untracked 
|  51|0x0000000706600000, 0x0000000706616928, 0x0000000706800000|  4%| S|CS|TAMS 0x0000000706600000, 0x0000000706600000| Complete 
|  52|0x0000000706800000, 0x0000000706800000, 0x0000000706a00000|  0%| F|  |TAMS 0x0000000706800000, 0x0000000706800000| Untracked 
|  53|0x0000000706a00000, 0x0000000706c00000, 0x0000000706c00000|100%| S|CS|TAMS 0x0000000706a00000, 0x0000000706a00000| Complete 
|  54|0x0000000706c00000, 0x0000000706c00000, 0x0000000706e00000|  0%| F|  |TAMS 0x0000000706c00000, 0x0000000706c00000| Untracked 
|  55|0x0000000706e00000, 0x0000000706e00000, 0x0000000707000000|  0%| F|  |TAMS 0x0000000706e00000, 0x0000000706e00000| Untracked 
|  56|0x0000000707000000, 0x0000000707000000, 0x0000000707200000|  0%| F|  |TAMS 0x0000000707000000, 0x0000000707000000| Untracked 
|  57|0x0000000707200000, 0x0000000707200800, 0x0000000707400000|  0%| E|  |TAMS 0x0000000707200000, 0x0000000707200000| Complete 
|  58|0x0000000707400000, 0x0000000707600000, 0x0000000707600000|100%| E|CS|TAMS 0x0000000707400000, 0x0000000707400000| Complete 
|  59|0x0000000707600000, 0x0000000707800000, 0x0000000707800000|100%| E|CS|TAMS 0x0000000707600000, 0x0000000707600000| Complete 
|  60|0x0000000707800000, 0x0000000707a00000, 0x0000000707a00000|100%| E|CS|TAMS 0x0000000707800000, 0x0000000707800000| Complete 
|  61|0x0000000707a00000, 0x0000000707c00000, 0x0000000707c00000|100%| E|CS|TAMS 0x0000000707a00000, 0x0000000707a00000| Complete 
|  62|0x0000000707c00000, 0x0000000707e00000, 0x0000000707e00000|100%| E|CS|TAMS 0x0000000707c00000, 0x0000000707c00000| Complete 
|  63|0x0000000707e00000, 0x0000000708000000, 0x0000000708000000|100%| E|CS|TAMS 0x0000000707e00000, 0x0000000707e00000| Complete 
|  64|0x0000000708000000, 0x0000000708200000, 0x0000000708200000|100%| E|CS|TAMS 0x0000000708000000, 0x0000000708000000| Complete 
|  65|0x0000000708200000, 0x0000000708400000, 0x0000000708400000|100%| E|CS|TAMS 0x0000000708200000, 0x0000000708200000| Complete 
|  66|0x0000000708400000, 0x0000000708600000, 0x0000000708600000|100%| E|CS|TAMS 0x0000000708400000, 0x0000000708400000| Complete 
|  67|0x0000000708600000, 0x0000000708800000, 0x0000000708800000|100%| E|CS|TAMS 0x0000000708600000, 0x0000000708600000| Complete 
|  68|0x0000000708800000, 0x0000000708a00000, 0x0000000708a00000|100%| E|CS|TAMS 0x0000000708800000, 0x0000000708800000| Complete 
|  69|0x0000000708a00000, 0x0000000708c00000, 0x0000000708c00000|100%| E|CS|TAMS 0x0000000708a00000, 0x0000000708a00000| Complete 
|  70|0x0000000708c00000, 0x0000000708e00000, 0x0000000708e00000|100%| E|CS|TAMS 0x0000000708c00000, 0x0000000708c00000| Complete 
|  71|0x0000000708e00000, 0x0000000709000000, 0x0000000709000000|100%| E|CS|TAMS 0x0000000708e00000, 0x0000000708e00000| Complete 
|  72|0x0000000709000000, 0x0000000709200000, 0x0000000709200000|100%| E|CS|TAMS 0x0000000709000000, 0x0000000709000000| Complete 
|  73|0x0000000709200000, 0x0000000709400000, 0x0000000709400000|100%| E|CS|TAMS 0x0000000709200000, 0x0000000709200000| Complete 
|  74|0x0000000709400000, 0x0000000709600000, 0x0000000709600000|100%| E|CS|TAMS 0x0000000709400000, 0x0000000709400000| Complete 
|  75|0x0000000709600000, 0x0000000709800000, 0x0000000709800000|100%| E|CS|TAMS 0x0000000709600000, 0x0000000709600000| Complete 
|  76|0x0000000709800000, 0x0000000709a00000, 0x0000000709a00000|100%| E|CS|TAMS 0x0000000709800000, 0x0000000709800000| Complete 
|  77|0x0000000709a00000, 0x0000000709c00000, 0x0000000709c00000|100%| E|CS|TAMS 0x0000000709a00000, 0x0000000709a00000| Complete 
|  78|0x0000000709c00000, 0x0000000709e00000, 0x0000000709e00000|100%| E|CS|TAMS 0x0000000709c00000, 0x0000000709c00000| Complete 
|  79|0x0000000709e00000, 0x000000070a000000, 0x000000070a000000|100%| E|CS|TAMS 0x0000000709e00000, 0x0000000709e00000| Complete 
|  80|0x000000070a000000, 0x000000070a200000, 0x000000070a200000|100%| E|CS|TAMS 0x000000070a000000, 0x000000070a000000| Complete 
|  81|0x000000070a200000, 0x000000070a400000, 0x000000070a400000|100%| E|CS|TAMS 0x000000070a200000, 0x000000070a200000| Complete 
|  82|0x000000070a400000, 0x000000070a600000, 0x000000070a600000|100%| E|CS|TAMS 0x000000070a400000, 0x000000070a400000| Complete 
|  83|0x000000070a600000, 0x000000070a800000, 0x000000070a800000|100%| E|CS|TAMS 0x000000070a600000, 0x000000070a600000| Complete 
|  84|0x000000070a800000, 0x000000070aa00000, 0x000000070aa00000|100%| E|CS|TAMS 0x000000070a800000, 0x000000070a800000| Complete 
|  85|0x000000070aa00000, 0x000000070ac00000, 0x000000070ac00000|100%| E|CS|TAMS 0x000000070aa00000, 0x000000070aa00000| Complete 
|  86|0x000000070ac00000, 0x000000070ae00000, 0x000000070ae00000|100%| E|CS|TAMS 0x000000070ac00000, 0x000000070ac00000| Complete 
|  87|0x000000070ae00000, 0x000000070b000000, 0x000000070b000000|100%| E|CS|TAMS 0x000000070ae00000, 0x000000070ae00000| Complete 
|  88|0x000000070b000000, 0x000000070b200000, 0x000000070b200000|100%| E|CS|TAMS 0x000000070b000000, 0x000000070b000000| Complete 
|  89|0x000000070b200000, 0x000000070b400000, 0x000000070b400000|100%| E|CS|TAMS 0x000000070b200000, 0x000000070b200000| Complete 
|  90|0x000000070b400000, 0x000000070b600000, 0x000000070b600000|100%| E|CS|TAMS 0x000000070b400000, 0x000000070b400000| Complete 
|  91|0x000000070b600000, 0x000000070b800000, 0x000000070b800000|100%| E|CS|TAMS 0x000000070b600000, 0x000000070b600000| Complete 
|  92|0x000000070b800000, 0x000000070ba00000, 0x000000070ba00000|100%| E|CS|TAMS 0x000000070b800000, 0x000000070b800000| Complete 
|  93|0x000000070ba00000, 0x000000070bc00000, 0x000000070bc00000|100%| E|CS|TAMS 0x000000070ba00000, 0x000000070ba00000| Complete 
|  94|0x000000070bc00000, 0x000000070be00000, 0x000000070be00000|100%| E|CS|TAMS 0x000000070bc00000, 0x000000070bc00000| Complete 
|  95|0x000000070be00000, 0x000000070c000000, 0x000000070c000000|100%| E|CS|TAMS 0x000000070be00000, 0x000000070be00000| Complete 
|  96|0x000000070c000000, 0x000000070c200000, 0x000000070c200000|100%| E|CS|TAMS 0x000000070c000000, 0x000000070c000000| Complete 
|  97|0x000000070c200000, 0x000000070c400000, 0x000000070c400000|100%| E|CS|TAMS 0x000000070c200000, 0x000000070c200000| Complete 
|  98|0x000000070c400000, 0x000000070c600000, 0x000000070c600000|100%| E|CS|TAMS 0x000000070c400000, 0x000000070c400000| Complete 
|  99|0x000000070c600000, 0x000000070c800000, 0x000000070c800000|100%| E|CS|TAMS 0x000000070c600000, 0x000000070c600000| Complete 
| 100|0x000000070c800000, 0x000000070ca00000, 0x000000070ca00000|100%| E|CS|TAMS 0x000000070c800000, 0x000000070c800000| Complete 
| 101|0x000000070ca00000, 0x000000070cc00000, 0x000000070cc00000|100%| E|CS|TAMS 0x000000070ca00000, 0x000000070ca00000| Complete 
| 102|0x000000070cc00000, 0x000000070ce00000, 0x000000070ce00000|100%| E|CS|TAMS 0x000000070cc00000, 0x000000070cc00000| Complete 
| 103|0x000000070ce00000, 0x000000070d000000, 0x000000070d000000|100%| E|CS|TAMS 0x000000070ce00000, 0x000000070ce00000| Complete 
| 104|0x000000070d000000, 0x000000070d200000, 0x000000070d200000|100%| E|CS|TAMS 0x000000070d000000, 0x000000070d000000| Complete 
| 105|0x000000070d200000, 0x000000070d400000, 0x000000070d400000|100%| E|CS|TAMS 0x000000070d200000, 0x000000070d200000| Complete 
| 106|0x000000070d400000, 0x000000070d600000, 0x000000070d600000|100%| E|CS|TAMS 0x000000070d400000, 0x000000070d400000| Complete 
| 107|0x000000070d600000, 0x000000070d800000, 0x000000070d800000|100%| E|CS|TAMS 0x000000070d600000, 0x000000070d600000| Complete 
| 108|0x000000070d800000, 0x000000070da00000, 0x000000070da00000|100%| E|CS|TAMS 0x000000070d800000, 0x000000070d800000| Complete 
| 109|0x000000070da00000, 0x000000070dc00000, 0x000000070dc00000|100%| E|CS|TAMS 0x000000070da00000, 0x000000070da00000| Complete 
| 110|0x000000070dc00000, 0x000000070de00000, 0x000000070de00000|100%| E|CS|TAMS 0x000000070dc00000, 0x000000070dc00000| Complete 
| 111|0x000000070de00000, 0x000000070e000000, 0x000000070e000000|100%| E|CS|TAMS 0x000000070de00000, 0x000000070de00000| Complete 
| 112|0x000000070e000000, 0x000000070e200000, 0x000000070e200000|100%| E|CS|TAMS 0x000000070e000000, 0x000000070e000000| Complete 
| 113|0x000000070e200000, 0x000000070e400000, 0x000000070e400000|100%| E|CS|TAMS 0x000000070e200000, 0x000000070e200000| Complete 
| 114|0x000000070e400000, 0x000000070e600000, 0x000000070e600000|100%| E|CS|TAMS 0x000000070e400000, 0x000000070e400000| Complete 
| 115|0x000000070e600000, 0x000000070e800000, 0x000000070e800000|100%| E|CS|TAMS 0x000000070e600000, 0x000000070e600000| Complete 
| 116|0x000000070e800000, 0x000000070ea00000, 0x000000070ea00000|100%| E|CS|TAMS 0x000000070e800000, 0x000000070e800000| Complete 
| 117|0x000000070ea00000, 0x000000070ec00000, 0x000000070ec00000|100%| E|CS|TAMS 0x000000070ea00000, 0x000000070ea00000| Complete 
| 118|0x000000070ec00000, 0x000000070ee00000, 0x000000070ee00000|100%| E|CS|TAMS 0x000000070ec00000, 0x000000070ec00000| Complete 
| 119|0x000000070ee00000, 0x000000070f000000, 0x000000070f000000|100%| E|CS|TAMS 0x000000070ee00000, 0x000000070ee00000| Complete 
| 120|0x000000070f000000, 0x000000070f200000, 0x000000070f200000|100%| E|CS|TAMS 0x000000070f000000, 0x000000070f000000| Complete 
| 121|0x000000070f200000, 0x000000070f400000, 0x000000070f400000|100%| E|CS|TAMS 0x000000070f200000, 0x000000070f200000| Complete 
| 122|0x000000070f400000, 0x000000070f600000, 0x000000070f600000|100%| E|CS|TAMS 0x000000070f400000, 0x000000070f400000| Complete 
| 123|0x000000070f600000, 0x000000070f800000, 0x000000070f800000|100%| E|CS|TAMS 0x000000070f600000, 0x000000070f600000| Complete 
| 124|0x000000070f800000, 0x000000070fa00000, 0x000000070fa00000|100%| E|CS|TAMS 0x000000070f800000, 0x000000070f800000| Complete 
| 125|0x000000070fa00000, 0x000000070fc00000, 0x000000070fc00000|100%| E|CS|TAMS 0x000000070fa00000, 0x000000070fa00000| Complete 
| 126|0x000000070fc00000, 0x000000070fe00000, 0x000000070fe00000|100%| E|CS|TAMS 0x000000070fc00000, 0x000000070fc00000| Complete 
| 127|0x000000070fe00000, 0x0000000710000000, 0x0000000710000000|100%| E|CS|TAMS 0x000000070fe00000, 0x000000070fe00000| Complete 
|2046|0x00000007ffc00000, 0x00000007ffd76000, 0x00000007ffe00000| 73%|OA|  |TAMS 0x00000007ffc00000, 0x00000007ffc00000| Untracked 
|2047|0x00000007ffe00000, 0x00000007ffe7f000, 0x0000000800000000| 24%|CA|  |TAMS 0x00000007ffe00000, 0x00000007ffe00000| Untracked 

Card table byte_map: [0x0000000126c88000,0x0000000127488000] _byte_map_base: 0x0000000123488000

Marking Bits (Prev, Next): (CMBitMap*) 0x00007f8444808210, (CMBitMap*) 0x00007f8444808250
 Prev Bits: [0x0000000127c88000, 0x000000012bc88000)
 Next Bits: [0x000000012bc88000, 0x000000012fc88000)

Polling page: 0x000000010cd0d000

Metaspace:

Usage:
  Non-class:      4.77 MB used.
      Class:    469.97 KB used.
       Both:      5.23 MB used.

Virtual space:
  Non-class space:        8.00 MB reserved,       4.88 MB ( 61%) committed,  1 nodes.
      Class space:        1.00 GB reserved,     576.00 KB ( <1%) committed,  1 nodes.
             Both:        1.01 GB reserved,       5.44 MB ( <1%) committed. 

Chunk freelists:
   Non-Class:  272.00 KB
       Class:  3.31 MB
        Both:  3.58 MB

MaxMetaspaceSize: unlimited
CompressedClassSpaceSize: 1.00 GB
Initial GC threshold: 21.00 MB
Current GC threshold: 21.00 MB
CDS: on
MetaspaceReclaimPolicy: balanced
 - commit_granule_bytes: 65536.
 - commit_granule_words: 8192.
 - virtual_space_node_default_size: 1048576.
 - enlarge_chunks_in_place: 1.
 - new_chunks_are_fully_committed: 0.
 - uncommit_free_chunks: 1.
 - use_allocation_guard: 0.
 - handle_deallocations: 1.


Internal statistics:

num_allocs_failed_limit: 0.
num_arena_births: 124.
num_arena_deaths: 0.
num_vsnodes_births: 2.
num_vsnodes_deaths: 0.
num_space_committed: 87.
num_space_uncommitted: 0.
num_chunks_returned_to_freelist: 0.
num_chunks_taken_from_freelist: 330.
num_chunk_merges: 0.
num_chunk_splits: 215.
num_chunks_enlarged: 166.
num_purges: 0.
num_inconsistent_stats: 0.

CodeHeap 'non-profiled nmethods': size=120028Kb used=1516Kb max_used=1516Kb free=118511Kb
 bounds [0x000000011f751000, 0x000000011f9c1000, 0x0000000126c88000]
CodeHeap 'profiled nmethods': size=120028Kb used=3182Kb max_used=3182Kb free=116845Kb
 bounds [0x000000011821a000, 0x000000011853a000, 0x000000011f751000]
CodeHeap 'non-nmethods': size=5704Kb used=1218Kb max_used=1249Kb free=4485Kb
 bounds [0x0000000117c88000, 0x0000000117ef8000, 0x000000011821a000]
 total_blobs=2382 nmethods=1850 adapters=447
 compilation: enabled
              stopped_count=0, restarted_count=0
 full_count=0

Compilation events (20 events):
Event: 146.849 Thread 0x00007f844504b200 1841       4       org.littletonrobotics.junction.Logger::recordOutput (17 bytes)
Event: 146.851 Thread 0x00007f844504b200 nmethod 1841 0x000000011f8c0410 code [0x000000011f8c05a0, 0x000000011f8c0688]
Event: 149.390 Thread 0x00007f844504b200 1842   !   4       org.littletonrobotics.junction.Logger::periodicAfterUser (98 bytes)
Event: 149.447 Thread 0x00007f844504b200 nmethod 1842 0x000000011f8c0790 code [0x000000011f8c0b00, 0x000000011f8c3560]
Event: 149.447 Thread 0x00007f844504b200 1843       4       org.littletonrobotics.junction.console.SimConsoleSource::getNewData (60 bytes)
Event: 149.460 Thread 0x00007f844504b200 nmethod 1843 0x000000011f8c4c90 code [0x000000011f8c4ec0, 0x000000011f8c6398]
Event: 149.460 Thread 0x00007f844504b200 1844       4       org.littletonrobotics.junction.LogTable::clone (45 bytes)
Event: 149.463 Thread 0x00007f844504b200 nmethod 1844 0x000000011f8c6f90 code [0x000000011f8c7140, 0x000000011f8c7568]
Event: 149.464 Thread 0x00007f844504b200 1845   !   4       java.util.concurrent.ArrayBlockingQueue::offer (56 bytes)
Event: 149.474 Thread 0x00007f844504b200 nmethod 1845 0x000000011f8c7710 code [0x000000011f8c7900, 0x000000011f8c84f8]
Event: 156.772 Thread 0x00007f844504b200 1846       4       edu.wpi.first.math.Matrix::normF (8 bytes)
Event: 156.780 Thread 0x00007f844504b200 nmethod 1846 0x000000011f8c8a90 code [0x000000011f8c8c60, 0x000000011f8c8ef8]
Event: 157.749 Thread 0x00007f844504b200 1847       4       com.team4099.robot2023.commands.drivetrain.TeleopDriveCommand::execute (341 bytes)
Event: 157.763 Thread 0x00007f844504b200 nmethod 1847 0x000000011f8c9210 code [0x000000011f8c9560, 0x000000011f8ca128]
Event: 157.776 Thread 0x00007f844504b200 1848       4       edu.wpi.first.wpilibj2.command.WrapperCommand::execute (10 bytes)
Event: 157.783 Thread 0x00007f844504b200 nmethod 1848 0x000000011f8cac90 code [0x000000011f8caea0, 0x000000011f8cb198]
Event: 157.783 Thread 0x00007f844504b200 1849       4       edu.wpi.first.wpilibj2.command.FunctionalCommand::execute (10 bytes)
Event: 157.785 Thread 0x00007f844504b200 nmethod 1849 0x000000011f8cb590 code [0x000000011f8cb780, 0x000000011f8cba38]
Event: 160.273 Thread 0x00007f844504b200 1850       4       com.team4099.robot2023.config.ControlBoard$$Lambda$48/0x0000000800ca2908::getAsBoolean (4 bytes)
Event: 160.274 Thread 0x00007f844504b200 nmethod 1850 0x000000011f8cbe10 code [0x000000011f8cbfa0, 0x000000011f8cc048]

GC Heap History (10 events):
Event: 2.603 GC heap before
{Heap before GC invocations=0 (full 0):
 garbage-first heap   total 266240K, used 22484K [0x0000000700000000, 0x0000000800000000)
  region size 2048K, 11 young (22528K), 0 survivors (0K)
 Metaspace       used 4849K, committed 5056K, reserved 1056768K
  class space    used 438K, committed 512K, reserved 1048576K
}
Event: 2.628 GC heap after
{Heap after GC invocations=1 (full 0):
 garbage-first heap   total 266240K, used 4044K [0x0000000700000000, 0x0000000800000000)
  region size 2048K, 1 young (2048K), 1 survivors (2048K)
 Metaspace       used 4849K, committed 5056K, reserved 1056768K
  class space    used 438K, committed 512K, reserved 1048576K
}
Event: 17.438 GC heap before
{Heap before GC invocations=1 (full 0):
 garbage-first heap   total 266240K, used 59340K [0x0000000700000000, 0x0000000800000000)
  region size 2048K, 28 young (57344K), 1 survivors (2048K)
 Metaspace       used 5113K, committed 5312K, reserved 1056768K
  class space    used 443K, committed 576K, reserved 1048576K
}
Event: 17.454 GC heap after
{Heap after GC invocations=2 (full 0):
 garbage-first heap   total 266240K, used 4018K [0x0000000700000000, 0x0000000800000000)
  region size 2048K, 1 young (2048K), 1 survivors (2048K)
 Metaspace       used 5113K, committed 5312K, reserved 1056768K
  class space    used 443K, committed 576K, reserved 1048576K
}
Event: 57.260 GC heap before
{Heap before GC invocations=2 (full 0):
 garbage-first heap   total 266240K, used 157618K [0x0000000700000000, 0x0000000800000000)
  region size 2048K, 76 young (155648K), 1 survivors (2048K)
 Metaspace       used 5346K, committed 5568K, reserved 1056768K
  class space    used 468K, committed 576K, reserved 1048576K
}
Event: 57.279 GC heap after
{Heap after GC invocations=3 (full 0):
 garbage-first heap   total 266240K, used 4044K [0x0000000700000000, 0x0000000800000000)
  region size 2048K, 1 young (2048K), 1 survivors (2048K)
 Metaspace       used 5346K, committed 5568K, reserved 1056768K
  class space    used 468K, committed 576K, reserved 1048576K
}
Event: 96.875 GC heap before
{Heap before GC invocations=3 (full 0):
 garbage-first heap   total 266240K, used 157644K [0x0000000700000000, 0x0000000800000000)
  region size 2048K, 76 young (155648K), 1 survivors (2048K)
 Metaspace       used 5346K, committed 5568K, reserved 1056768K
  class space    used 468K, committed 576K, reserved 1048576K
}
Event: 96.884 GC heap after
{Heap after GC invocations=4 (full 0):
 garbage-first heap   total 266240K, used 4142K [0x0000000700000000, 0x0000000800000000)
  region size 2048K, 2 young (4096K), 2 survivors (4096K)
 Metaspace       used 5346K, committed 5568K, reserved 1056768K
  class space    used 468K, committed 576K, reserved 1048576K
}
Event: 135.920 GC heap before
{Heap before GC invocations=4 (full 0):
 garbage-first heap   total 266240K, used 155694K [0x0000000700000000, 0x0000000800000000)
  region size 2048K, 76 young (155648K), 2 survivors (4096K)
 Metaspace       used 5350K, committed 5568K, reserved 1056768K
  class space    used 469K, committed 576K, reserved 1048576K
}
Event: 135.943 GC heap after
{Heap after GC invocations=5 (full 0):
 garbage-first heap   total 266240K, used 4142K [0x0000000700000000, 0x0000000800000000)
  region size 2048K, 2 young (4096K), 2 survivors (4096K)
 Metaspace       used 5350K, committed 5568K, reserved 1056768K
  class space    used 469K, committed 576K, reserved 1048576K
}

Deoptimization events (20 events):
Event: 29.672 Thread 0x00007f8445116400 Uncommon trap: trap_request=0xffffff45 fr.pc=0x000000011f806c80 relative=0x0000000000000060
Event: 29.672 Thread 0x00007f8445116400 Uncommon trap: reason=unstable_if action=reinterpret pc=0x000000011f806c80 method=java.util.LinkedHashMap.keySet()Ljava/util/Set; @ 6 c2
Event: 29.672 Thread 0x00007f8445116400 DEOPT PACKING pc=0x000000011f806c80 sp=0x000000030e6244c0
Event: 29.672 Thread 0x00007f8445116400 DEOPT UNPACKING pc=0x0000000117cda093 sp=0x000000030e624470 mode 2
Event: 29.676 Thread 0x00007f84548e3400 Uncommon trap: trap_request=0xfffffff4 fr.pc=0x000000011f7efba4 relative=0x0000000000001e04
Event: 29.676 Thread 0x00007f84548e3400 Uncommon trap: reason=null_check action=make_not_entrant pc=0x000000011f7efba4 method=org.littletonrobotics.junction.LogTable$LogValue.equals(Ljava/lang/Object;)Z @ 1 c2
Event: 29.676 Thread 0x00007f84548e3400 DEOPT PACKING pc=0x000000011f7efba4 sp=0x00000003108a9a40
Event: 29.676 Thread 0x00007f84548e3400 DEOPT UNPACKING pc=0x0000000117cda093 sp=0x00000003108a99d8 mode 2
Event: 29.678 Thread 0x00007f84548e3400 Uncommon trap: trap_request=0xfffffff4 fr.pc=0x000000011f790454 relative=0x0000000000000674
Event: 29.678 Thread 0x00007f84548e3400 Uncommon trap: reason=null_check action=make_not_entrant pc=0x000000011f790454 method=org.littletonrobotics.junction.LogTable$LogValue.equals(Ljava/lang/Object;)Z @ 1 c2
Event: 29.678 Thread 0x00007f84548e3400 DEOPT PACKING pc=0x000000011f790454 sp=0x00000003108a9a00
Event: 29.678 Thread 0x00007f84548e3400 DEOPT UNPACKING pc=0x0000000117cda093 sp=0x00000003108a99c8 mode 2
Event: 29.679 Thread 0x00007f84548e3400 Uncommon trap: trap_request=0xffffff45 fr.pc=0x000000011f7c2d90 relative=0x0000000000000070
Event: 29.679 Thread 0x00007f84548e3400 Uncommon trap: reason=unstable_if action=reinterpret pc=0x000000011f7c2d90 method=java.lang.Boolean.equals(Ljava/lang/Object;)Z @ 18 c2
Event: 29.679 Thread 0x00007f84548e3400 DEOPT PACKING pc=0x000000011f7c2d90 sp=0x00000003108a99a0
Event: 29.679 Thread 0x00007f84548e3400 DEOPT UNPACKING pc=0x0000000117cda093 sp=0x00000003108a9958 mode 2
Event: 64.828 Thread 0x00007f8445116400 Uncommon trap: trap_request=0xffffff76 fr.pc=0x000000011f8668e8 relative=0x00000000000001c8
Event: 64.828 Thread 0x00007f8445116400 Uncommon trap: reason=predicate action=maybe_recompile pc=0x000000011f8668e8 method=java.util.LinkedHashMap.keysToArray([Ljava/lang/Object;)[Ljava/lang/Object; @ 12 c2
Event: 64.828 Thread 0x00007f8445116400 DEOPT PACKING pc=0x000000011f8668e8 sp=0x000000030e624660
Event: 64.828 Thread 0x00007f8445116400 DEOPT UNPACKING pc=0x0000000117cda093 sp=0x000000030e624618 mode 2

Classes unloaded (0 events):
No events

Classes redefined (0 events):
No events

Internal exceptions (20 events):
Event: 0.354 Thread 0x00007f8445116400 Exception <a 'java/lang/NoSuchMethodError'{0x000000070fa32a88}: 'java.lang.Object java.lang.invoke.DirectMethodHandle$Holder.invokeStaticInit(java.lang.Object)'> (0x000000070fa32a88) 
thrown [open/src/hotspot/share/interpreter/linkResolver.cpp, line 766]
Event: 0.418 Thread 0x00007f8445116400 Exception <a 'java/lang/NoSuchMethodError'{0x000000070fad4930}: 'void java.lang.invoke.DirectMethodHandle$Holder.invokeStaticInit(java.lang.Object)'> (0x000000070fad4930) 
thrown [open/src/hotspot/share/interpreter/linkResolver.cpp, line 766]
Event: 0.530 Thread 0x00007f8445116400 Exception <a 'java/lang/NoSuchMethodError'{0x000000070f54de58}: 'java.lang.Object java.lang.invoke.DirectMethodHandle$Holder.invokeInterface(java.lang.Object, java.lang.Object, java.lang.Object, double)'> (0x000000070f54de58) 
thrown [open/src/hotspot/share/interpreter/linkResolver.cpp, line 766]
Event: 0.613 Thread 0x00007f8445116400 Exception <a 'java/lang/NoSuchMethodError'{0x000000070f2958d0}: 'void java.lang.invoke.DirectMethodHandle$Holder.invokeStaticInit(java.lang.Object, java.lang.Object)'> (0x000000070f2958d0) 
thrown [open/src/hotspot/share/interpreter/linkResolver.cpp, line 766]
Event: 0.630 Thread 0x00007f8445116400 Exception <a 'java/lang/NoSuchMethodError'{0x000000070f2cf3c0}: 'void java.lang.invoke.DirectMethodHandle$Holder.invokeSpecial(java.lang.Object, java.lang.Object, java.lang.Object)'> (0x000000070f2cf3c0) 
thrown [open/src/hotspot/share/interpreter/linkResolver.cpp, line 766]
Event: 0.631 Thread 0x00007f8445116400 Exception <a 'java/lang/NoSuchMethodError'{0x000000070f2d5948}: 'void java.lang.invoke.DirectMethodHandle$Holder.invokeStatic(java.lang.Object, java.lang.Object, java.lang.Object)'> (0x000000070f2d5948) 
thrown [open/src/hotspot/share/interpreter/linkResolver.cpp, line 766]
Event: 0.686 Thread 0x00007f8445116400 Exception <a 'java/lang/NoSuchMethodError'{0x000000070f3fe750}: 'double java.lang.invoke.DirectMethodHandle$Holder.invokeStatic(java.lang.Object, java.lang.Object)'> (0x000000070f3fe750) 
thrown [open/src/hotspot/share/interpreter/linkResolver.cpp, line 766]
Event: 0.688 Thread 0x00007f8445116400 Exception <a 'java/lang/NoSuchMethodError'{0x000000070f009500}: 'java.lang.Object java.lang.invoke.Invokers$Holder.invokeExact_MT(java.lang.Object, java.lang.Object, java.lang.Object, java.lang.Object, java.lang.Object, java.lang.Object)'> (0x000000070f009500) 
thrown [open/src/hotspot/share/interpreter/linkResolver.cpp, line 766]
